[0.381s] Invoking command in '/home/dpma/projects/DiffDrive-ROS/ros_ws/build/ydlidar_ros2_driver': CMAKE_PREFIX_PATH=${CMAKE_PREFIX_PATH}:/home/dpma/projects/DiffDrive-ROS/ros_ws/install/my_py_pkg:/opt/ros/jazzy DEBUGINFOD_URLS=https://debuginfod.ubuntu.com /usr/bin/cmake --build /home/dpma/projects/DiffDrive-ROS/ros_ws/build/ydlidar_ros2_driver -- -j8 -l8
[0.548s] [ 50%] Built target ydlidar_ros2_driver_node
[0.682s] [100%] Built target ydlidar_ros2_driver_client
[1.693s] Invoked command in '/home/dpma/projects/DiffDrive-ROS/ros_ws/build/ydlidar_ros2_driver' returned '0': CMAKE_PREFIX_PATH=${CMAKE_PREFIX_PATH}:/home/dpma/projects/DiffDrive-ROS/ros_ws/install/my_py_pkg:/opt/ros/jazzy DEBUGINFOD_URLS=https://debuginfod.ubuntu.com /usr/bin/cmake --build /home/dpma/projects/DiffDrive-ROS/ros_ws/build/ydlidar_ros2_driver -- -j8 -l8
[1.693s] Invoking command in '/home/dpma/projects/DiffDrive-ROS/ros_ws/build/ydlidar_ros2_driver': CMAKE_PREFIX_PATH=${CMAKE_PREFIX_PATH}:/home/dpma/projects/DiffDrive-ROS/ros_ws/install/my_py_pkg:/opt/ros/jazzy DEBUGINFOD_URLS=https://debuginfod.ubuntu.com /usr/bin/cmake --install /home/dpma/projects/DiffDrive-ROS/ros_ws/build/ydlidar_ros2_driver
[1.696s] -- Install configuration: ""
[1.696s] -- Up-to-date: /home/dpma/projects/DiffDrive-ROS/ros_ws/install/ydlidar_ros2_driver/lib/ydlidar_ros2_driver/ydlidar_ros2_driver_node
[1.697s] -- Up-to-date: /home/dpma/projects/DiffDrive-ROS/ros_ws/install/ydlidar_ros2_driver/lib/ydlidar_ros2_driver/ydlidar_ros2_driver_client
[1.697s] -- Up-to-date: /home/dpma/projects/DiffDrive-ROS/ros_ws/install/ydlidar_ros2_driver/share/ydlidar_ros2_driver/launch
[1.697s] -- Up-to-date: /home/dpma/projects/DiffDrive-ROS/ros_ws/install/ydlidar_ros2_driver/share/ydlidar_ros2_driver/launch/ydlidar_launch.py
[1.697s] -- Up-to-date: /home/dpma/projects/DiffDrive-ROS/ros_ws/install/ydlidar_ros2_driver/share/ydlidar_ros2_driver/launch/ydlidar_launch_view.py
[1.697s] -- Up-to-date: /home/dpma/projects/DiffDrive-ROS/ros_ws/install/ydlidar_ros2_driver/share/ydlidar_ros2_driver/launch/ydlidar.py
[1.698s] -- Up-to-date: /home/dpma/projects/DiffDrive-ROS/ros_ws/install/ydlidar_ros2_driver/share/ydlidar_ros2_driver/params
[1.698s] -- Up-to-date: /home/dpma/projects/DiffDrive-ROS/ros_ws/install/ydlidar_ros2_driver/share/ydlidar_ros2_driver/params/TminiPro.yaml
[1.698s] -- Up-to-date: /home/dpma/projects/DiffDrive-ROS/ros_ws/install/ydlidar_ros2_driver/share/ydlidar_ros2_driver/params/TEA.yaml
[1.698s] -- Up-to-date: /home/dpma/projects/DiffDrive-ROS/ros_ws/install/ydlidar_ros2_driver/share/ydlidar_ros2_driver/params/X4.yaml
[1.698s] -- Up-to-date: /home/dpma/projects/DiffDrive-ROS/ros_ws/install/ydlidar_ros2_driver/share/ydlidar_ros2_driver/params/G1.yaml
[1.698s] -- Up-to-date: /home/dpma/projects/DiffDrive-ROS/ros_ws/install/ydlidar_ros2_driver/share/ydlidar_ros2_driver/params/X4-Pro.yaml
[1.698s] -- Up-to-date: /home/dpma/projects/DiffDrive-ROS/ros_ws/install/ydlidar_ros2_driver/share/ydlidar_ros2_driver/params/G2.yaml
[1.699s] -- Up-to-date: /home/dpma/projects/DiffDrive-ROS/ros_ws/install/ydlidar_ros2_driver/share/ydlidar_ros2_driver/params/G6.yaml
[1.699s] -- Up-to-date: /home/dpma/projects/DiffDrive-ROS/ros_ws/install/ydlidar_ros2_driver/share/ydlidar_ros2_driver/params/TG.yaml
[1.699s] -- Up-to-date: /home/dpma/projects/DiffDrive-ROS/ros_ws/install/ydlidar_ros2_driver/share/ydlidar_ros2_driver/params/GS2.yaml
[1.699s] -- Up-to-date: /home/dpma/projects/DiffDrive-ROS/ros_ws/install/ydlidar_ros2_driver/share/ydlidar_ros2_driver/params/ydlidar.yaml
[1.699s] -- Up-to-date: /home/dpma/projects/DiffDrive-ROS/ros_ws/install/ydlidar_ros2_driver/share/ydlidar_ros2_driver/params/X2.yaml
[1.699s] -- Up-to-date: /home/dpma/projects/DiffDrive-ROS/ros_ws/install/ydlidar_ros2_driver/share/ydlidar_ros2_driver/startup
[1.699s] -- Up-to-date: /home/dpma/projects/DiffDrive-ROS/ros_ws/install/ydlidar_ros2_driver/share/ydlidar_ros2_driver/startup/initenv.sh
[1.699s] -- Up-to-date: /home/dpma/projects/DiffDrive-ROS/ros_ws/install/ydlidar_ros2_driver/share/ydlidar_ros2_driver/config
[1.699s] -- Up-to-date: /home/dpma/projects/DiffDrive-ROS/ros_ws/install/ydlidar_ros2_driver/share/ydlidar_ros2_driver/config/ydlidar.rviz
[1.699s] -- Up-to-date: /home/dpma/projects/DiffDrive-ROS/ros_ws/install/ydlidar_ros2_driver/share/ament_index/resource_index/package_run_dependencies/ydlidar_ros2_driver
[1.700s] -- Up-to-date: /home/dpma/projects/DiffDrive-ROS/ros_ws/install/ydlidar_ros2_driver/share/ament_index/resource_index/parent_prefix_path/ydlidar_ros2_driver
[1.700s] -- Up-to-date: /home/dpma/projects/DiffDrive-ROS/ros_ws/install/ydlidar_ros2_driver/share/ydlidar_ros2_driver/environment/ament_prefix_path.sh
[1.700s] -- Up-to-date: /home/dpma/projects/DiffDrive-ROS/ros_ws/install/ydlidar_ros2_driver/share/ydlidar_ros2_driver/environment/ament_prefix_path.dsv
[1.700s] -- Up-to-date: /home/dpma/projects/DiffDrive-ROS/ros_ws/install/ydlidar_ros2_driver/share/ydlidar_ros2_driver/environment/path.sh
[1.700s] -- Up-to-date: /home/dpma/projects/DiffDrive-ROS/ros_ws/install/ydlidar_ros2_driver/share/ydlidar_ros2_driver/environment/path.dsv
[1.700s] -- Up-to-date: /home/dpma/projects/DiffDrive-ROS/ros_ws/install/ydlidar_ros2_driver/share/ydlidar_ros2_driver/local_setup.bash
[1.700s] -- Up-to-date: /home/dpma/projects/DiffDrive-ROS/ros_ws/install/ydlidar_ros2_driver/share/ydlidar_ros2_driver/local_setup.sh
[1.700s] -- Up-to-date: /home/dpma/projects/DiffDrive-ROS/ros_ws/install/ydlidar_ros2_driver/share/ydlidar_ros2_driver/local_setup.zsh
[1.700s] -- Up-to-date: /home/dpma/projects/DiffDrive-ROS/ros_ws/install/ydlidar_ros2_driver/share/ydlidar_ros2_driver/local_setup.dsv
[1.700s] -- Installing: /home/dpma/projects/DiffDrive-ROS/ros_ws/install/ydlidar_ros2_driver/share/ydlidar_ros2_driver/package.dsv
[1.700s] -- Up-to-date: /home/dpma/projects/DiffDrive-ROS/ros_ws/install/ydlidar_ros2_driver/share/ament_index/resource_index/packages/ydlidar_ros2_driver
[1.700s] -- Up-to-date: /home/dpma/projects/DiffDrive-ROS/ros_ws/install/ydlidar_ros2_driver/share/ydlidar_ros2_driver/cmake/ydlidar_ros2_driverConfig.cmake
[1.700s] -- Up-to-date: /home/dpma/projects/DiffDrive-ROS/ros_ws/install/ydlidar_ros2_driver/share/ydlidar_ros2_driver/cmake/ydlidar_ros2_driverConfig-version.cmake
[1.700s] -- Up-to-date: /home/dpma/projects/DiffDrive-ROS/ros_ws/install/ydlidar_ros2_driver/share/ydlidar_ros2_driver/package.xml
[1.738s] Invoked command in '/home/dpma/projects/DiffDrive-ROS/ros_ws/build/ydlidar_ros2_driver' returned '0': CMAKE_PREFIX_PATH=${CMAKE_PREFIX_PATH}:/home/dpma/projects/DiffDrive-ROS/ros_ws/install/my_py_pkg:/opt/ros/jazzy DEBUGINFOD_URLS=https://debuginfod.ubuntu.com /usr/bin/cmake --install /home/dpma/projects/DiffDrive-ROS/ros_ws/build/ydlidar_ros2_driver
