[ 50%] Built target target_handling_actionserver
[100%] Built target target_handling_actionclient
-- Install configuration: ""
-- Up-to-date: /home/dpma/projects/DiffDrive-ROS/ros_ws/install/actions_cpp/lib/actions_cpp/target_handling_actionserver
-- Up-to-date: /home/dpma/projects/DiffDrive-ROS/ros_ws/install/actions_cpp/lib/actions_cpp/target_handling_actionclient
-- Up-to-date: /home/dpma/projects/DiffDrive-ROS/ros_ws/install/actions_cpp/share/ament_index/resource_index/package_run_dependencies/actions_cpp
-- Up-to-date: /home/dpma/projects/DiffDrive-ROS/ros_ws/install/actions_cpp/share/ament_index/resource_index/parent_prefix_path/actions_cpp
-- Up-to-date: /home/dpma/projects/DiffDrive-ROS/ros_ws/install/actions_cpp/share/actions_cpp/environment/ament_prefix_path.sh
-- Up-to-date: /home/dpma/projects/DiffDrive-ROS/ros_ws/install/actions_cpp/share/actions_cpp/environment/ament_prefix_path.dsv
-- Up-to-date: /home/dpma/projects/DiffDrive-ROS/ros_ws/install/actions_cpp/share/actions_cpp/environment/path.sh
-- Up-to-date: /home/dpma/projects/DiffDrive-ROS/ros_ws/install/actions_cpp/share/actions_cpp/environment/path.dsv
-- Up-to-date: /home/dpma/projects/DiffDrive-ROS/ros_ws/install/actions_cpp/share/actions_cpp/local_setup.bash
-- Up-to-date: /home/dpma/projects/DiffDrive-ROS/ros_ws/install/actions_cpp/share/actions_cpp/local_setup.sh
-- Up-to-date: /home/dpma/projects/DiffDrive-ROS/ros_ws/install/actions_cpp/share/actions_cpp/local_setup.zsh
-- Up-to-date: /home/dpma/projects/DiffDrive-ROS/ros_ws/install/actions_cpp/share/actions_cpp/local_setup.dsv
-- Installing: /home/dpma/projects/DiffDrive-ROS/ros_ws/install/actions_cpp/share/actions_cpp/package.dsv
-- Up-to-date: /home/dpma/projects/DiffDrive-ROS/ros_ws/install/actions_cpp/share/ament_index/resource_index/packages/actions_cpp
-- Up-to-date: /home/dpma/projects/DiffDrive-ROS/ros_ws/install/actions_cpp/share/actions_cpp/cmake/actions_cppConfig.cmake
-- Up-to-date: /home/dpma/projects/DiffDrive-ROS/ros_ws/install/actions_cpp/share/actions_cpp/cmake/actions_cppConfig-version.cmake
-- Up-to-date: /home/dpma/projects/DiffDrive-ROS/ros_ws/install/actions_cpp/share/actions_cpp/package.xml
