[0.016s] Invoking command in '/home/dpma/projects/DiffDrive-ROS/ros_ws/build/my_cpp_pkg': CMAKE_PREFIX_PATH=/home/dpma/projects/DiffDrive-ROS/ros_ws/install/my_robot_interfaces:/home/dpma/projects/DiffDrive-ROS/ros_ws/install/ydlidar_sdk:/home/dpma/projects/DiffDrive-ROS/ros_ws/install/ydlidar_ros2_driver:/home/dpma/projects/DiffDrive-ROS/ros_ws/install/my_cpp_pkg:/home/dpma/projects/DiffDrive-ROS/ros_ws/install/actions_cpp:/home/dpma/projects/DiffDrive-ROS/ros_ws/install/my_robot_description:/home/dpma/projects/DiffDrive-ROS/ros_ws/install/my_robot_bringup:/opt/ros/jazzy/opt/gz_sim_vendor:/opt/ros/jazzy/opt/gz_sensors_vendor:/opt/ros/jazzy/opt/gz_physics_vendor:/opt/ros/jazzy/opt/sdformat_vendor:/opt/ros/jazzy/opt/gz_gui_vendor:/opt/ros/jazzy/opt/gz_transport_vendor:/opt/ros/jazzy/opt/gz_rendering_vendor:/opt/ros/jazzy/opt/gz_plugin_vendor:/opt/ros/jazzy/opt/gz_fuel_tools_vendor:/opt/ros/jazzy/opt/gz_msgs_vendor:/opt/ros/jazzy/opt/gz_common_vendor:/opt/ros/jazzy/opt/gz_math_vendor:/opt/ros/jazzy/opt/gz_utils_vendor:/opt/ros/jazzy/opt/gz_tools_vendor:/opt/ros/jazzy/opt/gz_ogre_next_vendor:/opt/ros/jazzy/opt/gz_dartsim_vendor:/opt/ros/jazzy/opt/gz_cmake_vendor:/home/dpma/projects/DiffDrive-ROS/ros_ws/install/my_py_pkg:/opt/ros/jazzy DEBUGINFOD_URLS=https://debuginfod.ubuntu.com PYTHONPATH=/home/dpma/projects/DiffDrive-ROS/ros_ws/install/my_robot_interfaces/lib/python3.12/site-packages:/home/dpma/projects/DiffDrive-ROS/ros_ws/install/my_py_pkg/lib/python3.12/site-packages:/opt/ros/jazzy/lib/python3.12/site-packages:/home/dpma/acados/interfaces/acados_template /usr/bin/cmake /home/dpma/projects/DiffDrive-ROS/ros_ws/src/my_cpp_pkg -DCMAKE_INSTALL_PREFIX=/home/dpma/projects/DiffDrive-ROS/ros_ws/install/my_cpp_pkg
[0.072s] -- The C compiler identification is GNU 13.3.0
[0.130s] -- The CXX compiler identification is GNU 13.3.0
[0.146s] -- Detecting C compiler ABI info
[0.236s] -- Detecting C compiler ABI info - done
[0.245s] -- Check for working C compiler: /usr/bin/cc - skipped
[0.246s] -- Detecting C compile features
[0.246s] -- Detecting C compile features - done
[0.255s] -- Detecting CXX compiler ABI info
[0.352s] -- Detecting CXX compiler ABI info - done
[0.362s] -- Check for working CXX compiler: /usr/bin/c++ - skipped
[0.362s] -- Detecting CXX compile features
[0.362s] -- Detecting CXX compile features - done
[0.367s] -- Found ament_cmake: 2.5.4 (/opt/ros/jazzy/share/ament_cmake/cmake)
[0.529s] -- Found Python3: /usr/bin/python3 (found version "3.12.3") found components: Interpreter 
[0.661s] -- Found rclcpp: 28.1.9 (/opt/ros/jazzy/share/rclcpp/cmake)
[0.724s] -- Found rosidl_generator_c: 4.6.5 (/opt/ros/jazzy/share/rosidl_generator_c/cmake)
[0.745s] -- Found rosidl_generator_cpp: 4.6.5 (/opt/ros/jazzy/share/rosidl_generator_cpp/cmake)
[0.768s] -- Using all available rosidl_typesupport_c: rosidl_typesupport_fastrtps_c;rosidl_typesupport_introspection_c
[0.794s] -- Using all available rosidl_typesupport_cpp: rosidl_typesupport_fastrtps_cpp;rosidl_typesupport_introspection_cpp
[0.900s] -- Found rmw_implementation_cmake: 7.3.2 (/opt/ros/jazzy/share/rmw_implementation_cmake/cmake)
[0.905s] -- Found rmw_fastrtps_cpp: 8.4.2 (/opt/ros/jazzy/share/rmw_fastrtps_cpp/cmake)
[1.001s] -- Found OpenSSL: /usr/lib/x86_64-linux-gnu/libcrypto.so (found version "3.0.13")  
[1.023s] -- Found FastRTPS: /opt/ros/jazzy/include (Required is at least version "2.13") 
[1.048s] -- Using RMW implementation 'rmw_fastrtps_cpp' as default
[1.142s] -- Found std_msgs: 5.3.6 (/opt/ros/jazzy/share/std_msgs/cmake)
[1.156s] -- Found my_robot_interfaces: 0.0.0 (/home/dpma/projects/DiffDrive-ROS/ros_ws/install/my_robot_interfaces/share/my_robot_interfaces/cmake)
[1.223s] -- Found nav_msgs: 5.3.6 (/opt/ros/jazzy/share/nav_msgs/cmake)
[1.274s] -- Found tf2: 0.36.10 (/opt/ros/jazzy/share/tf2/cmake)
[1.281s] -- Found tf2_ros: 0.36.10 (/opt/ros/jazzy/share/tf2_ros/cmake)
[1.490s] -- Configuring done (1.5s)
[1.523s] -- Generating done (0.0s)
[1.531s] -- Build files have been written to: /home/dpma/projects/DiffDrive-ROS/ros_ws/build/my_cpp_pkg
[1.543s] Invoked command in '/home/dpma/projects/DiffDrive-ROS/ros_ws/build/my_cpp_pkg' returned '0': CMAKE_PREFIX_PATH=/home/dpma/projects/DiffDrive-ROS/ros_ws/install/my_robot_interfaces:/home/dpma/projects/DiffDrive-ROS/ros_ws/install/ydlidar_sdk:/home/dpma/projects/DiffDrive-ROS/ros_ws/install/ydlidar_ros2_driver:/home/dpma/projects/DiffDrive-ROS/ros_ws/install/my_cpp_pkg:/home/dpma/projects/DiffDrive-ROS/ros_ws/install/actions_cpp:/home/dpma/projects/DiffDrive-ROS/ros_ws/install/my_robot_description:/home/dpma/projects/DiffDrive-ROS/ros_ws/install/my_robot_bringup:/opt/ros/jazzy/opt/gz_sim_vendor:/opt/ros/jazzy/opt/gz_sensors_vendor:/opt/ros/jazzy/opt/gz_physics_vendor:/opt/ros/jazzy/opt/sdformat_vendor:/opt/ros/jazzy/opt/gz_gui_vendor:/opt/ros/jazzy/opt/gz_transport_vendor:/opt/ros/jazzy/opt/gz_rendering_vendor:/opt/ros/jazzy/opt/gz_plugin_vendor:/opt/ros/jazzy/opt/gz_fuel_tools_vendor:/opt/ros/jazzy/opt/gz_msgs_vendor:/opt/ros/jazzy/opt/gz_common_vendor:/opt/ros/jazzy/opt/gz_math_vendor:/opt/ros/jazzy/opt/gz_utils_vendor:/opt/ros/jazzy/opt/gz_tools_vendor:/opt/ros/jazzy/opt/gz_ogre_next_vendor:/opt/ros/jazzy/opt/gz_dartsim_vendor:/opt/ros/jazzy/opt/gz_cmake_vendor:/home/dpma/projects/DiffDrive-ROS/ros_ws/install/my_py_pkg:/opt/ros/jazzy DEBUGINFOD_URLS=https://debuginfod.ubuntu.com PYTHONPATH=/home/dpma/projects/DiffDrive-ROS/ros_ws/install/my_robot_interfaces/lib/python3.12/site-packages:/home/dpma/projects/DiffDrive-ROS/ros_ws/install/my_py_pkg/lib/python3.12/site-packages:/opt/ros/jazzy/lib/python3.12/site-packages:/home/dpma/acados/interfaces/acados_template /usr/bin/cmake /home/dpma/projects/DiffDrive-ROS/ros_ws/src/my_cpp_pkg -DCMAKE_INSTALL_PREFIX=/home/dpma/projects/DiffDrive-ROS/ros_ws/install/my_cpp_pkg
[1.544s] Invoking command in '/home/dpma/projects/DiffDrive-ROS/ros_ws/build/my_cpp_pkg': CMAKE_PREFIX_PATH=/home/dpma/projects/DiffDrive-ROS/ros_ws/install/my_robot_interfaces:/home/dpma/projects/DiffDrive-ROS/ros_ws/install/ydlidar_sdk:/home/dpma/projects/DiffDrive-ROS/ros_ws/install/ydlidar_ros2_driver:/home/dpma/projects/DiffDrive-ROS/ros_ws/install/my_cpp_pkg:/home/dpma/projects/DiffDrive-ROS/ros_ws/install/actions_cpp:/home/dpma/projects/DiffDrive-ROS/ros_ws/install/my_robot_description:/home/dpma/projects/DiffDrive-ROS/ros_ws/install/my_robot_bringup:/opt/ros/jazzy/opt/gz_sim_vendor:/opt/ros/jazzy/opt/gz_sensors_vendor:/opt/ros/jazzy/opt/gz_physics_vendor:/opt/ros/jazzy/opt/sdformat_vendor:/opt/ros/jazzy/opt/gz_gui_vendor:/opt/ros/jazzy/opt/gz_transport_vendor:/opt/ros/jazzy/opt/gz_rendering_vendor:/opt/ros/jazzy/opt/gz_plugin_vendor:/opt/ros/jazzy/opt/gz_fuel_tools_vendor:/opt/ros/jazzy/opt/gz_msgs_vendor:/opt/ros/jazzy/opt/gz_common_vendor:/opt/ros/jazzy/opt/gz_math_vendor:/opt/ros/jazzy/opt/gz_utils_vendor:/opt/ros/jazzy/opt/gz_tools_vendor:/opt/ros/jazzy/opt/gz_ogre_next_vendor:/opt/ros/jazzy/opt/gz_dartsim_vendor:/opt/ros/jazzy/opt/gz_cmake_vendor:/home/dpma/projects/DiffDrive-ROS/ros_ws/install/my_py_pkg:/opt/ros/jazzy DEBUGINFOD_URLS=https://debuginfod.ubuntu.com PYTHONPATH=/home/dpma/projects/DiffDrive-ROS/ros_ws/install/my_robot_interfaces/lib/python3.12/site-packages:/home/dpma/projects/DiffDrive-ROS/ros_ws/install/my_py_pkg/lib/python3.12/site-packages:/opt/ros/jazzy/lib/python3.12/site-packages:/home/dpma/acados/interfaces/acados_template /usr/bin/cmake --build /home/dpma/projects/DiffDrive-ROS/ros_ws/build/my_cpp_pkg -- -j8 -l8
[1.598s] [  8%] [32mBuilding CXX object CMakeFiles/odometry_node.dir/src/odometry_node.cpp.o[0m
[1.601s] [ 41%] Built target serial
[1.606s] [ 58%] Built target pid_diffdrive_control
[1.626s] [ 75%] Built target serial_example
[1.632s] [ 91%] Built target arduino_bridge_node
[9.225s] [100%] [32m[1mLinking CXX executable odometry_node[0m
[9.542s] [100%] Built target odometry_node
[9.554s] Invoked command in '/home/dpma/projects/DiffDrive-ROS/ros_ws/build/my_cpp_pkg' returned '0': CMAKE_PREFIX_PATH=/home/dpma/projects/DiffDrive-ROS/ros_ws/install/my_robot_interfaces:/home/dpma/projects/DiffDrive-ROS/ros_ws/install/ydlidar_sdk:/home/dpma/projects/DiffDrive-ROS/ros_ws/install/ydlidar_ros2_driver:/home/dpma/projects/DiffDrive-ROS/ros_ws/install/my_cpp_pkg:/home/dpma/projects/DiffDrive-ROS/ros_ws/install/actions_cpp:/home/dpma/projects/DiffDrive-ROS/ros_ws/install/my_robot_description:/home/dpma/projects/DiffDrive-ROS/ros_ws/install/my_robot_bringup:/opt/ros/jazzy/opt/gz_sim_vendor:/opt/ros/jazzy/opt/gz_sensors_vendor:/opt/ros/jazzy/opt/gz_physics_vendor:/opt/ros/jazzy/opt/sdformat_vendor:/opt/ros/jazzy/opt/gz_gui_vendor:/opt/ros/jazzy/opt/gz_transport_vendor:/opt/ros/jazzy/opt/gz_rendering_vendor:/opt/ros/jazzy/opt/gz_plugin_vendor:/opt/ros/jazzy/opt/gz_fuel_tools_vendor:/opt/ros/jazzy/opt/gz_msgs_vendor:/opt/ros/jazzy/opt/gz_common_vendor:/opt/ros/jazzy/opt/gz_math_vendor:/opt/ros/jazzy/opt/gz_utils_vendor:/opt/ros/jazzy/opt/gz_tools_vendor:/opt/ros/jazzy/opt/gz_ogre_next_vendor:/opt/ros/jazzy/opt/gz_dartsim_vendor:/opt/ros/jazzy/opt/gz_cmake_vendor:/home/dpma/projects/DiffDrive-ROS/ros_ws/install/my_py_pkg:/opt/ros/jazzy DEBUGINFOD_URLS=https://debuginfod.ubuntu.com PYTHONPATH=/home/dpma/projects/DiffDrive-ROS/ros_ws/install/my_robot_interfaces/lib/python3.12/site-packages:/home/dpma/projects/DiffDrive-ROS/ros_ws/install/my_py_pkg/lib/python3.12/site-packages:/opt/ros/jazzy/lib/python3.12/site-packages:/home/dpma/acados/interfaces/acados_template /usr/bin/cmake --build /home/dpma/projects/DiffDrive-ROS/ros_ws/build/my_cpp_pkg -- -j8 -l8
[9.566s] Invoking command in '/home/dpma/projects/DiffDrive-ROS/ros_ws/build/my_cpp_pkg': CMAKE_PREFIX_PATH=/home/dpma/projects/DiffDrive-ROS/ros_ws/install/my_robot_interfaces:/home/dpma/projects/DiffDrive-ROS/ros_ws/install/ydlidar_sdk:/home/dpma/projects/DiffDrive-ROS/ros_ws/install/ydlidar_ros2_driver:/home/dpma/projects/DiffDrive-ROS/ros_ws/install/my_cpp_pkg:/home/dpma/projects/DiffDrive-ROS/ros_ws/install/actions_cpp:/home/dpma/projects/DiffDrive-ROS/ros_ws/install/my_robot_description:/home/dpma/projects/DiffDrive-ROS/ros_ws/install/my_robot_bringup:/opt/ros/jazzy/opt/gz_sim_vendor:/opt/ros/jazzy/opt/gz_sensors_vendor:/opt/ros/jazzy/opt/gz_physics_vendor:/opt/ros/jazzy/opt/sdformat_vendor:/opt/ros/jazzy/opt/gz_gui_vendor:/opt/ros/jazzy/opt/gz_transport_vendor:/opt/ros/jazzy/opt/gz_rendering_vendor:/opt/ros/jazzy/opt/gz_plugin_vendor:/opt/ros/jazzy/opt/gz_fuel_tools_vendor:/opt/ros/jazzy/opt/gz_msgs_vendor:/opt/ros/jazzy/opt/gz_common_vendor:/opt/ros/jazzy/opt/gz_math_vendor:/opt/ros/jazzy/opt/gz_utils_vendor:/opt/ros/jazzy/opt/gz_tools_vendor:/opt/ros/jazzy/opt/gz_ogre_next_vendor:/opt/ros/jazzy/opt/gz_dartsim_vendor:/opt/ros/jazzy/opt/gz_cmake_vendor:/home/dpma/projects/DiffDrive-ROS/ros_ws/install/my_py_pkg:/opt/ros/jazzy DEBUGINFOD_URLS=https://debuginfod.ubuntu.com PYTHONPATH=/home/dpma/projects/DiffDrive-ROS/ros_ws/install/my_robot_interfaces/lib/python3.12/site-packages:/home/dpma/projects/DiffDrive-ROS/ros_ws/install/my_py_pkg/lib/python3.12/site-packages:/opt/ros/jazzy/lib/python3.12/site-packages:/home/dpma/acados/interfaces/acados_template /usr/bin/cmake --install /home/dpma/projects/DiffDrive-ROS/ros_ws/build/my_cpp_pkg
[9.574s] -- Install configuration: ""
[9.574s] -- Up-to-date: /home/dpma/projects/DiffDrive-ROS/ros_ws/install/my_cpp_pkg/lib/my_cpp_pkg/arduino_bridge_node
[9.575s] -- Up-to-date: /home/dpma/projects/DiffDrive-ROS/ros_ws/install/my_cpp_pkg/lib/my_cpp_pkg/pid_diffdrive_control
[9.575s] -- Installing: /home/dpma/projects/DiffDrive-ROS/ros_ws/install/my_cpp_pkg/lib/my_cpp_pkg/odometry_node
[9.579s] -- Set non-toolchain portion of runtime path of "/home/dpma/projects/DiffDrive-ROS/ros_ws/install/my_cpp_pkg/lib/my_cpp_pkg/odometry_node" to ""
[9.579s] -- Installing: /home/dpma/projects/DiffDrive-ROS/ros_ws/install/my_cpp_pkg/share/ament_index/resource_index/package_run_dependencies/my_cpp_pkg
[9.579s] -- Up-to-date: /home/dpma/projects/DiffDrive-ROS/ros_ws/install/my_cpp_pkg/share/ament_index/resource_index/parent_prefix_path/my_cpp_pkg
[9.579s] -- Up-to-date: /home/dpma/projects/DiffDrive-ROS/ros_ws/install/my_cpp_pkg/share/my_cpp_pkg/environment/ament_prefix_path.sh
[9.579s] -- Up-to-date: /home/dpma/projects/DiffDrive-ROS/ros_ws/install/my_cpp_pkg/share/my_cpp_pkg/environment/ament_prefix_path.dsv
[9.579s] -- Up-to-date: /home/dpma/projects/DiffDrive-ROS/ros_ws/install/my_cpp_pkg/share/my_cpp_pkg/environment/path.sh
[9.579s] -- Up-to-date: /home/dpma/projects/DiffDrive-ROS/ros_ws/install/my_cpp_pkg/share/my_cpp_pkg/environment/path.dsv
[9.580s] -- Up-to-date: /home/dpma/projects/DiffDrive-ROS/ros_ws/install/my_cpp_pkg/share/my_cpp_pkg/local_setup.bash
[9.580s] -- Up-to-date: /home/dpma/projects/DiffDrive-ROS/ros_ws/install/my_cpp_pkg/share/my_cpp_pkg/local_setup.sh
[9.580s] -- Up-to-date: /home/dpma/projects/DiffDrive-ROS/ros_ws/install/my_cpp_pkg/share/my_cpp_pkg/local_setup.zsh
[9.580s] -- Up-to-date: /home/dpma/projects/DiffDrive-ROS/ros_ws/install/my_cpp_pkg/share/my_cpp_pkg/local_setup.dsv
[9.580s] -- Installing: /home/dpma/projects/DiffDrive-ROS/ros_ws/install/my_cpp_pkg/share/my_cpp_pkg/package.dsv
[9.580s] -- Up-to-date: /home/dpma/projects/DiffDrive-ROS/ros_ws/install/my_cpp_pkg/share/ament_index/resource_index/packages/my_cpp_pkg
[9.580s] -- Up-to-date: /home/dpma/projects/DiffDrive-ROS/ros_ws/install/my_cpp_pkg/share/my_cpp_pkg/cmake/my_cpp_pkgConfig.cmake
[9.580s] -- Up-to-date: /home/dpma/projects/DiffDrive-ROS/ros_ws/install/my_cpp_pkg/share/my_cpp_pkg/cmake/my_cpp_pkgConfig-version.cmake
[9.580s] -- Installing: /home/dpma/projects/DiffDrive-ROS/ros_ws/install/my_cpp_pkg/share/my_cpp_pkg/package.xml
[9.580s] -- Up-to-date: /home/dpma/projects/DiffDrive-ROS/ros_ws/install/my_cpp_pkg/lib/libserial.a
[9.580s] -- Up-to-date: /home/dpma/projects/DiffDrive-ROS/ros_ws/install/my_cpp_pkg/include/serial
[9.580s] -- Up-to-date: /home/dpma/projects/DiffDrive-ROS/ros_ws/install/my_cpp_pkg/include/serial/impl
[9.580s] -- Up-to-date: /home/dpma/projects/DiffDrive-ROS/ros_ws/install/my_cpp_pkg/include/serial/impl/win.h
[9.581s] -- Up-to-date: /home/dpma/projects/DiffDrive-ROS/ros_ws/install/my_cpp_pkg/include/serial/impl/unix.h
[9.581s] -- Up-to-date: /home/dpma/projects/DiffDrive-ROS/ros_ws/install/my_cpp_pkg/include/serial/serial.h
[9.581s] -- Up-to-date: /home/dpma/projects/DiffDrive-ROS/ros_ws/install/my_cpp_pkg/include/serial/v8stdint.h
[9.582s] Invoked command in '/home/dpma/projects/DiffDrive-ROS/ros_ws/build/my_cpp_pkg' returned '0': CMAKE_PREFIX_PATH=/home/dpma/projects/DiffDrive-ROS/ros_ws/install/my_robot_interfaces:/home/dpma/projects/DiffDrive-ROS/ros_ws/install/ydlidar_sdk:/home/dpma/projects/DiffDrive-ROS/ros_ws/install/ydlidar_ros2_driver:/home/dpma/projects/DiffDrive-ROS/ros_ws/install/my_cpp_pkg:/home/dpma/projects/DiffDrive-ROS/ros_ws/install/actions_cpp:/home/dpma/projects/DiffDrive-ROS/ros_ws/install/my_robot_description:/home/dpma/projects/DiffDrive-ROS/ros_ws/install/my_robot_bringup:/opt/ros/jazzy/opt/gz_sim_vendor:/opt/ros/jazzy/opt/gz_sensors_vendor:/opt/ros/jazzy/opt/gz_physics_vendor:/opt/ros/jazzy/opt/sdformat_vendor:/opt/ros/jazzy/opt/gz_gui_vendor:/opt/ros/jazzy/opt/gz_transport_vendor:/opt/ros/jazzy/opt/gz_rendering_vendor:/opt/ros/jazzy/opt/gz_plugin_vendor:/opt/ros/jazzy/opt/gz_fuel_tools_vendor:/opt/ros/jazzy/opt/gz_msgs_vendor:/opt/ros/jazzy/opt/gz_common_vendor:/opt/ros/jazzy/opt/gz_math_vendor:/opt/ros/jazzy/opt/gz_utils_vendor:/opt/ros/jazzy/opt/gz_tools_vendor:/opt/ros/jazzy/opt/gz_ogre_next_vendor:/opt/ros/jazzy/opt/gz_dartsim_vendor:/opt/ros/jazzy/opt/gz_cmake_vendor:/home/dpma/projects/DiffDrive-ROS/ros_ws/install/my_py_pkg:/opt/ros/jazzy DEBUGINFOD_URLS=https://debuginfod.ubuntu.com PYTHONPATH=/home/dpma/projects/DiffDrive-ROS/ros_ws/install/my_robot_interfaces/lib/python3.12/site-packages:/home/dpma/projects/DiffDrive-ROS/ros_ws/install/my_py_pkg/lib/python3.12/site-packages:/opt/ros/jazzy/lib/python3.12/site-packages:/home/dpma/acados/interfaces/acados_template /usr/bin/cmake --install /home/dpma/projects/DiffDrive-ROS/ros_ws/build/my_cpp_pkg
