[0.025s] Invoking command in '/home/dpma/projects/DiffDrive-ROS/ros_ws/build/my_robot_bringup': CMAKE_PREFIX_PATH=${CMAKE_PREFIX_PATH}:/home/dpma/projects/DiffDrive-ROS/ros_ws/install/my_py_pkg:/opt/ros/jazzy DEBUGINFOD_URLS=https://debuginfod.ubuntu.com /usr/bin/cmake /home/dpma/projects/DiffDrive-ROS/ros_ws/src/my_robot_bringup -DCMAKE_INSTALL_PREFIX=/home/dpma/projects/DiffDrive-ROS/ros_ws/install/my_robot_bringup
[0.110s] -- The C compiler identification is GNU 13.3.0
[0.181s] -- The CXX compiler identification is GNU 13.3.0
[0.205s] -- Detecting C compiler ABI info
[0.321s] -- Detecting C compiler ABI info - done
[0.332s] -- Check for working C compiler: /usr/bin/cc - skipped
[0.332s] -- Detecting C compile features
[0.332s] -- Detecting C compile features - done
[0.344s] -- Detecting CXX compiler ABI info
[0.478s] -- Detecting CXX compiler ABI info - done
[0.495s] -- Check for working CXX compiler: /usr/bin/c++ - skipped
[0.495s] -- Detecting CXX compile features
[0.496s] -- Detecting CXX compile features - done
[0.503s] -- Found ament_cmake: 2.5.4 (/opt/ros/jazzy/share/ament_cmake/cmake)
[0.741s] -- Found Python3: /usr/bin/python3 (found version "3.12.3") found components: Interpreter 
[1.064s] -- Configuring done (1.0s)
[1.067s] -- Generating done (0.0s)
[1.072s] -- Build files have been written to: /home/dpma/projects/DiffDrive-ROS/ros_ws/build/my_robot_bringup
[1.079s] Invoked command in '/home/dpma/projects/DiffDrive-ROS/ros_ws/build/my_robot_bringup' returned '0': CMAKE_PREFIX_PATH=${CMAKE_PREFIX_PATH}:/home/dpma/projects/DiffDrive-ROS/ros_ws/install/my_py_pkg:/opt/ros/jazzy DEBUGINFOD_URLS=https://debuginfod.ubuntu.com /usr/bin/cmake /home/dpma/projects/DiffDrive-ROS/ros_ws/src/my_robot_bringup -DCMAKE_INSTALL_PREFIX=/home/dpma/projects/DiffDrive-ROS/ros_ws/install/my_robot_bringup
[1.080s] Invoking command in '/home/dpma/projects/DiffDrive-ROS/ros_ws/build/my_robot_bringup': CMAKE_PREFIX_PATH=${CMAKE_PREFIX_PATH}:/home/dpma/projects/DiffDrive-ROS/ros_ws/install/my_py_pkg:/opt/ros/jazzy DEBUGINFOD_URLS=https://debuginfod.ubuntu.com /usr/bin/cmake --build /home/dpma/projects/DiffDrive-ROS/ros_ws/build/my_robot_bringup -- -j8 -l8
[1.146s] Invoked command in '/home/dpma/projects/DiffDrive-ROS/ros_ws/build/my_robot_bringup' returned '0': CMAKE_PREFIX_PATH=${CMAKE_PREFIX_PATH}:/home/dpma/projects/DiffDrive-ROS/ros_ws/install/my_py_pkg:/opt/ros/jazzy DEBUGINFOD_URLS=https://debuginfod.ubuntu.com /usr/bin/cmake --build /home/dpma/projects/DiffDrive-ROS/ros_ws/build/my_robot_bringup -- -j8 -l8
[1.148s] Invoking command in '/home/dpma/projects/DiffDrive-ROS/ros_ws/build/my_robot_bringup': CMAKE_PREFIX_PATH=${CMAKE_PREFIX_PATH}:/home/dpma/projects/DiffDrive-ROS/ros_ws/install/my_py_pkg:/opt/ros/jazzy DEBUGINFOD_URLS=https://debuginfod.ubuntu.com /usr/bin/cmake --install /home/dpma/projects/DiffDrive-ROS/ros_ws/build/my_robot_bringup
[1.160s] -- Install configuration: ""
[1.160s] -- Up-to-date: /home/dpma/projects/DiffDrive-ROS/ros_ws/install/my_robot_bringup/share/my_robot_bringup//launch
[1.160s] -- Up-to-date: /home/dpma/projects/DiffDrive-ROS/ros_ws/install/my_robot_bringup/share/my_robot_bringup//launch/diffdrive_robot.launch.xml
[1.160s] -- Up-to-date: /home/dpma/projects/DiffDrive-ROS/ros_ws/install/my_robot_bringup/share/my_robot_bringup//launch/diffdrive_slam_launch.py
[1.160s] -- Up-to-date: /home/dpma/projects/DiffDrive-ROS/ros_ws/install/my_robot_bringup/share/my_robot_bringup//config
[1.161s] -- Up-to-date: /home/dpma/projects/DiffDrive-ROS/ros_ws/install/my_robot_bringup/share/my_robot_bringup//config/my_robot.lua
[1.161s] -- Up-to-date: /home/dpma/projects/DiffDrive-ROS/ros_ws/install/my_robot_bringup/share/ament_index/resource_index/package_run_dependencies/my_robot_bringup
[1.161s] -- Up-to-date: /home/dpma/projects/DiffDrive-ROS/ros_ws/install/my_robot_bringup/share/ament_index/resource_index/parent_prefix_path/my_robot_bringup
[1.161s] -- Up-to-date: /home/dpma/projects/DiffDrive-ROS/ros_ws/install/my_robot_bringup/share/my_robot_bringup/environment/ament_prefix_path.sh
[1.161s] -- Up-to-date: /home/dpma/projects/DiffDrive-ROS/ros_ws/install/my_robot_bringup/share/my_robot_bringup/environment/ament_prefix_path.dsv
[1.162s] -- Up-to-date: /home/dpma/projects/DiffDrive-ROS/ros_ws/install/my_robot_bringup/share/my_robot_bringup/environment/path.sh
[1.162s] -- Up-to-date: /home/dpma/projects/DiffDrive-ROS/ros_ws/install/my_robot_bringup/share/my_robot_bringup/environment/path.dsv
[1.163s] -- Up-to-date: /home/dpma/projects/DiffDrive-ROS/ros_ws/install/my_robot_bringup/share/my_robot_bringup/local_setup.bash
[1.163s] -- Up-to-date: /home/dpma/projects/DiffDrive-ROS/ros_ws/install/my_robot_bringup/share/my_robot_bringup/local_setup.sh
[1.163s] -- Up-to-date: /home/dpma/projects/DiffDrive-ROS/ros_ws/install/my_robot_bringup/share/my_robot_bringup/local_setup.zsh
[1.163s] -- Up-to-date: /home/dpma/projects/DiffDrive-ROS/ros_ws/install/my_robot_bringup/share/my_robot_bringup/local_setup.dsv
[1.164s] -- Installing: /home/dpma/projects/DiffDrive-ROS/ros_ws/install/my_robot_bringup/share/my_robot_bringup/package.dsv
[1.164s] -- Up-to-date: /home/dpma/projects/DiffDrive-ROS/ros_ws/install/my_robot_bringup/share/ament_index/resource_index/packages/my_robot_bringup
[1.164s] -- Up-to-date: /home/dpma/projects/DiffDrive-ROS/ros_ws/install/my_robot_bringup/share/my_robot_bringup/cmake/my_robot_bringupConfig.cmake
[1.165s] -- Up-to-date: /home/dpma/projects/DiffDrive-ROS/ros_ws/install/my_robot_bringup/share/my_robot_bringup/cmake/my_robot_bringupConfig-version.cmake
[1.165s] -- Up-to-date: /home/dpma/projects/DiffDrive-ROS/ros_ws/install/my_robot_bringup/share/my_robot_bringup/package.xml
[1.167s] Invoked command in '/home/dpma/projects/DiffDrive-ROS/ros_ws/build/my_robot_bringup' returned '0': CMAKE_PREFIX_PATH=${CMAKE_PREFIX_PATH}:/home/dpma/projects/DiffDrive-ROS/ros_ws/install/my_py_pkg:/opt/ros/jazzy DEBUGINFOD_URLS=https://debuginfod.ubuntu.com /usr/bin/cmake --install /home/dpma/projects/DiffDrive-ROS/ros_ws/build/my_robot_bringup
