[0.022s] Invoking command in '/home/dpma/projects/DiffDrive-ROS/ros_ws/build/ydlidar_sdk': DEBUGINFOD_URLS=https://debuginfod.ubuntu.com /usr/bin/cmake /home/dpma/projects/DiffDrive-ROS/ros_ws/src/YDLidar-SDK -DCMAKE_INSTALL_PREFIX=/home/dpma/projects/DiffDrive-ROS/ros_ws/install/ydlidar_sdk
[0.031s] [0mCMake Deprecation Warning at CMakeLists.txt:1 (cmake_minimum_required):
[0.031s]   Compatibility with CMake < 3.5 will be removed from a future version of
[0.031s]   CMake.
[0.031s] 
[0.032s]   Update the VERSION argument <min> value or use a ...<max> suffix to tell
[0.032s]   CMake that the project does not need compatibility with older versions.
[0.032s] 
[0.032s] [0m
[0.108s] -- The C compiler identification is GNU 13.3.0
[0.193s] -- The CXX compiler identification is GNU 13.3.0
[0.220s] -- Detecting C compiler ABI info
[0.341s] -- Detecting C compiler ABI info - done
[0.360s] -- Check for working C compiler: /usr/bin/cc - skipped
[0.360s] -- Detecting C compile features
[0.361s] -- Detecting C compile features - done
[0.376s] -- Detecting CXX compiler ABI info
[0.506s] -- Detecting CXX compiler ABI info - done
[0.529s] -- Check for working CXX compiler: /usr/bin/c++ - skipped
[0.530s] -- Detecting CXX compile features
[0.531s] -- Detecting CXX compile features - done
[0.533s] -- Current platform: Linux
[0.534s] [0mCMake Deprecation Warning at CMakeLists.txt:58 (cmake_policy):
[0.534s]   The OLD behavior for policy CMP0053 will be removed from a future version
[0.534s]   of CMake.
[0.534s] 
[0.535s]   The cmake-policies(7) manual explains that the OLD behaviors of all
[0.535s]   policies are deprecated and that a policy should be set to OLD only under
[0.535s]   specific short-term circumstances.  Projects should be ported to the NEW
[0.535s]   behavior and not rely on setting a policy to OLD.
[0.535s] 
[0.535s] [0m
[0.535s] [0mCMake Deprecation Warning at CMakeLists.txt:61 (cmake_policy):
[0.536s]   The OLD behavior for policy CMP0037 will be removed from a future version
[0.536s]   of CMake.
[0.536s] 
[0.536s]   The cmake-policies(7) manual explains that the OLD behaviors of all
[0.536s]   policies are deprecated and that a policy should be set to OLD only under
[0.536s]   specific short-term circumstances.  Projects should be ported to the NEW
[0.537s]   behavior and not rely on setting a policy to OLD.
[0.537s] 
[0.537s] [0m
[0.537s] [0mCMake Deprecation Warning at CMakeLists.txt:64 (cmake_policy):
[0.537s]   The OLD behavior for policy CMP0043 will be removed from a future version
[0.537s]   of CMake.
[0.537s] 
[0.538s]   The cmake-policies(7) manual explains that the OLD behaviors of all
[0.538s]   policies are deprecated and that a policy should be set to OLD only under
[0.538s]   specific short-term circumstances.  Projects should be ported to the NEW
[0.538s]   behavior and not rely on setting a policy to OLD.
[0.538s] 
[0.538s] [0m
[0.539s] -- Could NOT find SWIG (missing: SWIG_EXECUTABLE SWIG_DIR) 
[0.539s] [33mCMake Warning (dev) at CMakeLists.txt:78 (find_package):
[0.541s]   Policy CMP0148 is not set: The FindPythonInterp and FindPythonLibs modules
[0.541s]   are removed.  Run "cmake --help-policy CMP0148" for policy details.  Use
[0.541s]   the cmake_policy command to set the policy and suppress this warning.
[0.541s] 
[0.541s] This warning is for project developers.  Use -Wno-dev to suppress it.
[0.541s] [0m
[0.577s] -- Found PythonInterp: /usr/bin/python3 (found version "3.12.3") 
[0.577s] [33mCMake Warning (dev) at CMakeLists.txt:79 (find_package):
[0.577s]   Policy CMP0148 is not set: The FindPythonInterp and FindPythonLibs modules
[0.578s]   are removed.  Run "cmake --help-policy CMP0148" for policy details.  Use
[0.578s]   the cmake_policy command to set the policy and suppress this warning.
[0.578s] 
[0.578s] This warning is for project developers.  Use -Wno-dev to suppress it.
[0.578s] [0m
[0.593s] -- Found PythonLibs: /usr/lib/x86_64-linux-gnu/libpython3.12.so (found version "3.12.3") 
[0.718s] -- Found GTest: /usr/lib/x86_64-linux-gnu/cmake/GTest/GTestConfig.cmake (found version "1.14.0")  
[0.719s] [0mCMake Deprecation Warning at core/CMakeLists.txt:1 (cmake_minimum_required):
[0.719s]   Compatibility with CMake < 3.5 will be removed from a future version of
[0.719s]   CMake.
[0.719s] 
[0.719s]   Update the VERSION argument <min> value or use a ...<max> suffix to tell
[0.719s]   CMake that the project does not need compatibility with older versions.
[0.719s] 
[0.720s] [0m
[0.725s] [0mCMake Deprecation Warning at examples/CMakeLists.txt:2 (cmake_minimum_required):
[0.725s]   Compatibility with CMake < 3.5 will be removed from a future version of
[0.725s]   CMake.
[0.725s] 
[0.725s]   Update the VERSION argument <min> value or use a ...<max> suffix to tell
[0.725s]   CMake that the project does not need compatibility with older versions.
[0.725s] 
[0.725s] [0m
[0.730s] [0mCMake Deprecation Warning at cmake/install_package.cmake:101 (cmake_policy):
[0.730s]   The OLD behavior for policy CMP0026 will be removed from a future version
[0.730s]   of CMake.
[0.730s] 
[0.730s]   The cmake-policies(7) manual explains that the OLD behaviors of all
[0.730s]   policies are deprecated and that a policy should be set to OLD only under
[0.731s]   specific short-term circumstances.  Projects should be ported to the NEW
[0.731s]   behavior and not rely on setting a policy to OLD.
[0.731s] Call Stack (most recent call first):
[0.731s]   CMakeLists.txt:176 (install_package)
[0.731s] 
[0.731s] [0m
[0.733s] [33mCMake Warning (dev) at cmake/install_package.cmake:191 (install):
[0.733s]   Policy CMP0062 is not set: Disallow install() of export() result.  Run
[0.733s]   "cmake --help-policy CMP0062" for policy details.  Use the cmake_policy
[0.733s]   command to set the policy and suppress this warning.
[0.733s] 
[0.733s]   The file
[0.734s] 
[0.734s]     /home/dpma/projects/DiffDrive-ROS/ros_ws/build/ydlidar_sdk/ydlidar_sdkTargets.cmake
[0.734s] 
[0.734s]   was generated by the export() command.  It should not be installed with the
[0.734s]   install() command.  Use the install(EXPORT) mechanism instead.  See the
[0.734s]   cmake-packages(7) manual for more.
[0.734s] 
[0.734s] Call Stack (most recent call first):
[0.735s]   CMakeLists.txt:176 (install_package)
[0.735s] This warning is for project developers.  Use -Wno-dev to suppress it.
[0.735s] [0m
[0.744s] -- 
[0.744s] -- +===========================================================================+
[0.744s] -- |         Resulting configuration for                             |
[0.745s] -- +===========================================================================+
[0.745s] --  _________________________ PLATFORM _____________________________
[0.745s] --  Host                        : Linux6.11.0-25-genericx86_64
[0.745s] --  Is the system big endian?   :  No 
[0.745s] --  Word size (32/64 bit)       : 64
[0.745s] --  CMake version               : 3.28.3
[0.745s] --  CMake generator             : Unix Makefiles
[0.745s] --  CMake build tool            : /usr/bin/gmake
[0.746s] --  Compiler                    : GNU
[0.746s] --  Configuration               : 
[0.746s] -- 
[0.746s] --  __________________________ OPTIONS _____________________________
[0.746s] --  Build YDLidar-SDK as a shared library?　　 :  No 
[0.746s] --  Build Examples?　　　　　　　　　　　　　　 : Yes 
[0.746s] --  Build C Sharp API?　　　　　　　　　　　　 :  No 
[0.746s] --  Build TEST?  			　　　 :  No 
[0.747s] -- 
[0.747s] --  _________________________ INSTALL _____________________
[0.747s] --  Install prefix                    : /home/dpma/projects/DiffDrive-ROS/ros_ws/install/ydlidar_sdk
[0.747s] -- 
[0.747s] --  _______________________ WRAPPERS/BINDINGS ______________________
[0.747s] --  Python bindings (pyydlidar)   :  No 
[0.747s] --   - dep: Swig found?       :  No [Version: ]
[0.747s] --   - dep: PythonLibs found?  : Yes [Version: 3.12.3]
[0.748s] -- 
[0.748s] -- Configuring done (0.7s)
[0.786s] -- Generating done (0.0s)
[0.796s] -- Build files have been written to: /home/dpma/projects/DiffDrive-ROS/ros_ws/build/ydlidar_sdk
[0.804s] Invoked command in '/home/dpma/projects/DiffDrive-ROS/ros_ws/build/ydlidar_sdk' returned '0': DEBUGINFOD_URLS=https://debuginfod.ubuntu.com /usr/bin/cmake /home/dpma/projects/DiffDrive-ROS/ros_ws/src/YDLidar-SDK -DCMAKE_INSTALL_PREFIX=/home/dpma/projects/DiffDrive-ROS/ros_ws/install/ydlidar_sdk
[0.805s] Invoking command in '/home/dpma/projects/DiffDrive-ROS/ros_ws/build/ydlidar_sdk': DEBUGINFOD_URLS=https://debuginfod.ubuntu.com /usr/bin/cmake --build /home/dpma/projects/DiffDrive-ROS/ros_ws/build/ydlidar_sdk -- -j8 -l8
[0.887s] [ 41%] Built target ydlidar_sdk
[0.943s] [ 45%] Built target gs_test2
[0.943s] [ 49%] Built target gs_test
[0.948s] [ 52%] Built target et_test
[0.949s] [ 56%] Built target scl_test
[0.951s] [ 60%] Built target sdm18_test
[0.952s] [ 64%] Built target gs_ota
[0.956s] [ 68%] Built target tea_test
[0.960s] [ 72%] Built target sdm_test
[0.990s] [ 76%] Built target tmini_test
[1.003s] [ 80%] Built target tia_test
[1.006s] [ 84%] Built target lidar_c_api_test
[1.006s] [ 88%] Built target tof_test
[1.011s] [ 92%] Built target tri_and_gs_test
[1.018s] [ 96%] Built target tri_restart
[1.019s] [100%] Built target tri_test
[1.038s] Invoked command in '/home/dpma/projects/DiffDrive-ROS/ros_ws/build/ydlidar_sdk' returned '0': DEBUGINFOD_URLS=https://debuginfod.ubuntu.com /usr/bin/cmake --build /home/dpma/projects/DiffDrive-ROS/ros_ws/build/ydlidar_sdk -- -j8 -l8
[1.039s] Invoking command in '/home/dpma/projects/DiffDrive-ROS/ros_ws/build/ydlidar_sdk': DEBUGINFOD_URLS=https://debuginfod.ubuntu.com /usr/bin/cmake --install /home/dpma/projects/DiffDrive-ROS/ros_ws/build/ydlidar_sdk
[1.052s] -- Install configuration: ""
[1.052s] -- Up-to-date: /home/dpma/projects/DiffDrive-ROS/ros_ws/install/ydlidar_sdk/include/core/base/datatype.h
[1.052s] -- Up-to-date: /home/dpma/projects/DiffDrive-ROS/ros_ws/install/ydlidar_sdk/include/core/base/locker.h
[1.052s] -- Up-to-date: /home/dpma/projects/DiffDrive-ROS/ros_ws/install/ydlidar_sdk/include/core/base/thread.h
[1.052s] -- Up-to-date: /home/dpma/projects/DiffDrive-ROS/ros_ws/install/ydlidar_sdk/include/core/base/timer.h
[1.052s] -- Up-to-date: /home/dpma/projects/DiffDrive-ROS/ros_ws/install/ydlidar_sdk/include/core/base/typedef.h
[1.053s] -- Up-to-date: /home/dpma/projects/DiffDrive-ROS/ros_ws/install/ydlidar_sdk/include/core/base/utils.h
[1.053s] -- Up-to-date: /home/dpma/projects/DiffDrive-ROS/ros_ws/install/ydlidar_sdk/include/core/base/v8stdint.h
[1.053s] -- Up-to-date: /home/dpma/projects/DiffDrive-ROS/ros_ws/install/ydlidar_sdk/include/core/base/ydlidar.h
[1.053s] -- Up-to-date: /home/dpma/projects/DiffDrive-ROS/ros_ws/install/ydlidar_sdk/include/core/common/ChannelDevice.h
[1.053s] -- Up-to-date: /home/dpma/projects/DiffDrive-ROS/ros_ws/install/ydlidar_sdk/include/core/common/DriverInterface.h
[1.053s] -- Up-to-date: /home/dpma/projects/DiffDrive-ROS/ros_ws/install/ydlidar_sdk/include/core/common/ydlidar_datatype.h
[1.054s] -- Up-to-date: /home/dpma/projects/DiffDrive-ROS/ros_ws/install/ydlidar_sdk/include/core/common/ydlidar_def.h
[1.054s] -- Up-to-date: /home/dpma/projects/DiffDrive-ROS/ros_ws/install/ydlidar_sdk/include/core/common/ydlidar_help.h
[1.055s] -- Up-to-date: /home/dpma/projects/DiffDrive-ROS/ros_ws/install/ydlidar_sdk/include/core/common/ydlidar_protocol.h
[1.055s] -- Up-to-date: /home/dpma/projects/DiffDrive-ROS/ros_ws/install/ydlidar_sdk/include/core/json/cJSON.h
[1.055s] -- Up-to-date: /home/dpma/projects/DiffDrive-ROS/ros_ws/install/ydlidar_sdk/include/core/math/angles.h
[1.055s] -- Up-to-date: /home/dpma/projects/DiffDrive-ROS/ros_ws/install/ydlidar_sdk/include/core/network/ActiveSocket.h
[1.055s] -- Up-to-date: /home/dpma/projects/DiffDrive-ROS/ros_ws/install/ydlidar_sdk/include/core/network/PassiveSocket.h
[1.055s] -- Up-to-date: /home/dpma/projects/DiffDrive-ROS/ros_ws/install/ydlidar_sdk/include/core/network/SimpleSocket.h
[1.056s] -- Up-to-date: /home/dpma/projects/DiffDrive-ROS/ros_ws/install/ydlidar_sdk/include/core/network/StatTimer.h
[1.056s] -- Up-to-date: /home/dpma/projects/DiffDrive-ROS/ros_ws/install/ydlidar_sdk/include/core/serial/common.h
[1.056s] -- Up-to-date: /home/dpma/projects/DiffDrive-ROS/ros_ws/install/ydlidar_sdk/include/core/serial/serial.h
[1.056s] -- Up-to-date: /home/dpma/projects/DiffDrive-ROS/ros_ws/install/ydlidar_sdk/include/core/serial/impl/unix/lock.h
[1.056s] -- Up-to-date: /home/dpma/projects/DiffDrive-ROS/ros_ws/install/ydlidar_sdk/include/core/serial/impl/unix/unix.h
[1.056s] -- Up-to-date: /home/dpma/projects/DiffDrive-ROS/ros_ws/install/ydlidar_sdk/include/core/serial/impl/unix/unix_serial.h
[1.057s] -- Up-to-date: /home/dpma/projects/DiffDrive-ROS/ros_ws/install/ydlidar_sdk/include/src/CYdLidar.h
[1.057s] -- Up-to-date: /home/dpma/projects/DiffDrive-ROS/ros_ws/install/ydlidar_sdk/include/src/DTSLidarDriver.h
[1.057s] -- Up-to-date: /home/dpma/projects/DiffDrive-ROS/ros_ws/install/ydlidar_sdk/include/src/ETLidarDriver.h
[1.057s] -- Up-to-date: /home/dpma/projects/DiffDrive-ROS/ros_ws/install/ydlidar_sdk/include/src/GSLidarDriver.h
[1.057s] -- Up-to-date: /home/dpma/projects/DiffDrive-ROS/ros_ws/install/ydlidar_sdk/include/src/SDMLidarDriver.h
[1.057s] -- Up-to-date: /home/dpma/projects/DiffDrive-ROS/ros_ws/install/ydlidar_sdk/include/src/TiaLidarDriver.h
[1.057s] -- Up-to-date: /home/dpma/projects/DiffDrive-ROS/ros_ws/install/ydlidar_sdk/include/src/YDlidarDriver.h
[1.058s] -- Up-to-date: /home/dpma/projects/DiffDrive-ROS/ros_ws/install/ydlidar_sdk/include/src/ydlidar_sdk.h
[1.058s] -- Up-to-date: /home/dpma/projects/DiffDrive-ROS/ros_ws/install/ydlidar_sdk/include/src/filters/FilterInterface.h
[1.058s] -- Up-to-date: /home/dpma/projects/DiffDrive-ROS/ros_ws/install/ydlidar_sdk/include/src/filters/NoiseFilter.h
[1.058s] -- Up-to-date: /home/dpma/projects/DiffDrive-ROS/ros_ws/install/ydlidar_sdk/include/src/filters/StrongLightFilter.h
[1.058s] -- Up-to-date: /home/dpma/projects/DiffDrive-ROS/ros_ws/install/ydlidar_sdk/include/ydlidar_config.h
[1.058s] -- Up-to-date: /home/dpma/projects/DiffDrive-ROS/ros_ws/install/ydlidar_sdk/lib/libydlidar_sdk.a
[1.058s] -- Up-to-date: /home/dpma/projects/DiffDrive-ROS/ros_ws/install/ydlidar_sdk/lib/pkgconfig/YDLIDAR_SDK.pc
[1.059s] -- Up-to-date: /home/dpma/projects/DiffDrive-ROS/ros_ws/install/ydlidar_sdk/lib/cmake/ydlidar_sdk/ydlidar_sdkConfig.cmake
[1.059s] -- Installing: /home/dpma/projects/DiffDrive-ROS/ros_ws/install/ydlidar_sdk/lib/cmake/ydlidar_sdk/ydlidar_sdkTargets.cmake
[1.059s] -- Up-to-date: /home/dpma/projects/DiffDrive-ROS/ros_ws/install/ydlidar_sdk/lib/cmake/ydlidar_sdk/ydlidar_sdkConfigVersion.cmake
[1.059s] -- Up-to-date: /home/dpma/projects/DiffDrive-ROS/ros_ws/install/ydlidar_sdk/share/YDLIDAR_SDK/FindYDLIDAR_SDK.cmake
[1.059s] -- Up-to-date: /home/dpma/projects/DiffDrive-ROS/ros_ws/install/ydlidar_sdk/share/YDLIDAR_SDK
[1.059s] -- Up-to-date: /home/dpma/projects/DiffDrive-ROS/ros_ws/install/ydlidar_sdk/share/YDLIDAR_SDK/PkgConfig.pc.in
[1.059s] -- Up-to-date: /home/dpma/projects/DiffDrive-ROS/ros_ws/install/ydlidar_sdk/share/YDLIDAR_SDK/script_show_final_summary.cmake
[1.060s] -- Up-to-date: /home/dpma/projects/DiffDrive-ROS/ros_ws/install/ydlidar_sdk/share/YDLIDAR_SDK/PackageConfigVersion.cmake.in
[1.060s] -- Up-to-date: /home/dpma/projects/DiffDrive-ROS/ros_ws/install/ydlidar_sdk/share/YDLIDAR_SDK/cmake_uninstall.cmake.in
[1.060s] -- Up-to-date: /home/dpma/projects/DiffDrive-ROS/ros_ws/install/ydlidar_sdk/share/YDLIDAR_SDK/install_package.cmake
[1.060s] -- Up-to-date: /home/dpma/projects/DiffDrive-ROS/ros_ws/install/ydlidar_sdk/share/YDLIDAR_SDK/PackageConfig.cmake.in
[1.060s] -- Up-to-date: /home/dpma/projects/DiffDrive-ROS/ros_ws/install/ydlidar_sdk/share/YDLIDAR_SDK/FindPackage.cmake.in
[1.060s] -- Up-to-date: /home/dpma/projects/DiffDrive-ROS/ros_ws/install/ydlidar_sdk/share/YDLIDAR_SDK/common
[1.060s] -- Up-to-date: /home/dpma/projects/DiffDrive-ROS/ros_ws/install/ydlidar_sdk/share/YDLIDAR_SDK/common/ydlidar_parse.cmake
[1.060s] -- Up-to-date: /home/dpma/projects/DiffDrive-ROS/ros_ws/install/ydlidar_sdk/share/YDLIDAR_SDK/common/ydlidar_base.cmake
[1.061s] -- Up-to-date: /home/dpma/projects/DiffDrive-ROS/ros_ws/install/ydlidar_sdk/share/YDLIDAR_SDK/LICENSE.txt
[1.061s] -- Up-to-date: /home/dpma/projects/DiffDrive-ROS/ros_ws/install/ydlidar_sdk/share/YDLIDAR_SDK/README.md
[1.061s] -- Up-to-date: /home/dpma/projects/DiffDrive-ROS/ros_ws/install/ydlidar_sdk/share/YDLIDAR_SDK/doc
[1.061s] -- Up-to-date: /home/dpma/projects/DiffDrive-ROS/ros_ws/install/ydlidar_sdk/share/YDLIDAR_SDK/doc/YDLidar-SDK-Communication-Protocol.md
[1.061s] -- Up-to-date: /home/dpma/projects/DiffDrive-ROS/ros_ws/install/ydlidar_sdk/share/YDLIDAR_SDK/doc/tutorials
[1.062s] -- Up-to-date: /home/dpma/projects/DiffDrive-ROS/ros_ws/install/ydlidar_sdk/share/YDLIDAR_SDK/doc/tutorials/writing_lidar_tutorial_c.md
[1.062s] -- Up-to-date: /home/dpma/projects/DiffDrive-ROS/ros_ws/install/ydlidar_sdk/share/YDLIDAR_SDK/doc/tutorials/writing_lidar_tutorial_c++.md
[1.062s] -- Up-to-date: /home/dpma/projects/DiffDrive-ROS/ros_ws/install/ydlidar_sdk/share/YDLIDAR_SDK/doc/tutorials/writing_lidar_network_adapter_tutorial_c++.md
[1.062s] -- Up-to-date: /home/dpma/projects/DiffDrive-ROS/ros_ws/install/ydlidar_sdk/share/YDLIDAR_SDK/doc/tutorials/examine_the_simple_lidar_tutorial.md
[1.062s] -- Up-to-date: /home/dpma/projects/DiffDrive-ROS/ros_ws/install/ydlidar_sdk/share/YDLIDAR_SDK/doc/tutorials/writing_lidar_tutorial_python.md
[1.062s] -- Up-to-date: /home/dpma/projects/DiffDrive-ROS/ros_ws/install/ydlidar_sdk/share/YDLIDAR_SDK/doc/SDK.pdf
[1.062s] -- Up-to-date: /home/dpma/projects/DiffDrive-ROS/ros_ws/install/ydlidar_sdk/share/YDLIDAR_SDK/doc/Diagram.md
[1.063s] -- Up-to-date: /home/dpma/projects/DiffDrive-ROS/ros_ws/install/ydlidar_sdk/share/YDLIDAR_SDK/doc/FAQs
[1.063s] -- Up-to-date: /home/dpma/projects/DiffDrive-ROS/ros_ws/install/ydlidar_sdk/share/YDLIDAR_SDK/doc/FAQs/General_FAQs.md
[1.063s] -- Up-to-date: /home/dpma/projects/DiffDrive-ROS/ros_ws/install/ydlidar_sdk/share/YDLIDAR_SDK/doc/FAQs/Hardware_FAQs.md
[1.063s] -- Up-to-date: /home/dpma/projects/DiffDrive-ROS/ros_ws/install/ydlidar_sdk/share/YDLIDAR_SDK/doc/FAQs/Software_FAQs.md
[1.063s] -- Up-to-date: /home/dpma/projects/DiffDrive-ROS/ros_ws/install/ydlidar_sdk/share/YDLIDAR_SDK/doc/FAQs/General_FAQs_cn.md
[1.064s] -- Up-to-date: /home/dpma/projects/DiffDrive-ROS/ros_ws/install/ydlidar_sdk/share/YDLIDAR_SDK/doc/FAQs/Software_FAQs_cn.md
[1.064s] -- Up-to-date: /home/dpma/projects/DiffDrive-ROS/ros_ws/install/ydlidar_sdk/share/YDLIDAR_SDK/doc/FAQs/README.md
[1.065s] -- Up-to-date: /home/dpma/projects/DiffDrive-ROS/ros_ws/install/ydlidar_sdk/share/YDLIDAR_SDK/doc/FAQs/Hardware_FAQs_cn.md
[1.065s] -- Up-to-date: /home/dpma/projects/DiffDrive-ROS/ros_ws/install/ydlidar_sdk/share/YDLIDAR_SDK/doc/Dataset.md
[1.065s] -- Up-to-date: /home/dpma/projects/DiffDrive-ROS/ros_ws/install/ydlidar_sdk/share/YDLIDAR_SDK/doc/YDLidar_SDK_Communication_Protocol.pdf
[1.065s] -- Up-to-date: /home/dpma/projects/DiffDrive-ROS/ros_ws/install/ydlidar_sdk/share/YDLIDAR_SDK/doc/Tutorials.md
[1.065s] -- Up-to-date: /home/dpma/projects/DiffDrive-ROS/ros_ws/install/ydlidar_sdk/share/YDLIDAR_SDK/doc/images
[1.065s] -- Up-to-date: /home/dpma/projects/DiffDrive-ROS/ros_ws/install/ydlidar_sdk/share/YDLIDAR_SDK/doc/images/angle_q2.png
[1.065s] -- Up-to-date: /home/dpma/projects/DiffDrive-ROS/ros_ws/install/ydlidar_sdk/share/YDLIDAR_SDK/doc/images/communication_mechanism.png
[1.066s] -- Up-to-date: /home/dpma/projects/DiffDrive-ROS/ros_ws/install/ydlidar_sdk/share/YDLIDAR_SDK/doc/images/sdk_scanning.png
[1.066s] -- Up-to-date: /home/dpma/projects/DiffDrive-ROS/ros_ws/install/ydlidar_sdk/share/YDLIDAR_SDK/doc/images/frame_intensity.png
[1.067s] -- Up-to-date: /home/dpma/projects/DiffDrive-ROS/ros_ws/install/ydlidar_sdk/share/YDLIDAR_SDK/doc/images/sdk_init.png
[1.067s] -- Up-to-date: /home/dpma/projects/DiffDrive-ROS/ros_ws/install/ydlidar_sdk/share/YDLIDAR_SDK/doc/images/system_workflow.png
[1.067s] -- Up-to-date: /home/dpma/projects/DiffDrive-ROS/ros_ws/install/ydlidar_sdk/share/YDLIDAR_SDK/doc/images/FlowChart.png
[1.067s] -- Up-to-date: /home/dpma/projects/DiffDrive-ROS/ros_ws/install/ydlidar_sdk/share/YDLIDAR_SDK/doc/images/YDLidar.jpg
[1.067s] -- Up-to-date: /home/dpma/projects/DiffDrive-ROS/ros_ws/install/ydlidar_sdk/share/YDLIDAR_SDK/doc/images/sequence.png
[1.067s] -- Up-to-date: /home/dpma/projects/DiffDrive-ROS/ros_ws/install/ydlidar_sdk/share/YDLIDAR_SDK/doc/images/sdk_architecture.png
[1.067s] -- Up-to-date: /home/dpma/projects/DiffDrive-ROS/ros_ws/install/ydlidar_sdk/share/YDLIDAR_SDK/doc/images/YDLidar.png
[1.067s] -- Up-to-date: /home/dpma/projects/DiffDrive-ROS/ros_ws/install/ydlidar_sdk/share/YDLIDAR_SDK/doc/images/EAI.png
[1.068s] -- Up-to-date: /home/dpma/projects/DiffDrive-ROS/ros_ws/install/ydlidar_sdk/share/YDLIDAR_SDK/doc/images/frame.png
[1.068s] -- Up-to-date: /home/dpma/projects/DiffDrive-ROS/ros_ws/install/ydlidar_sdk/share/YDLIDAR_SDK/doc/YDLidar-SDK-Communication-Protocol.html
[1.068s] -- Up-to-date: /home/dpma/projects/DiffDrive-ROS/ros_ws/install/ydlidar_sdk/share/YDLIDAR_SDK/doc/YDLIDAR_SDK_API_for_Developers.md
[1.068s] -- Up-to-date: /home/dpma/projects/DiffDrive-ROS/ros_ws/install/ydlidar_sdk/share/YDLIDAR_SDK/doc/howto
[1.068s] -- Up-to-date: /home/dpma/projects/DiffDrive-ROS/ros_ws/install/ydlidar_sdk/share/YDLIDAR_SDK/doc/howto/how_to_create_a_udev_rules.md
[1.068s] -- Up-to-date: /home/dpma/projects/DiffDrive-ROS/ros_ws/install/ydlidar_sdk/share/YDLIDAR_SDK/doc/howto/how_to_build_and_install.md
[1.069s] -- Up-to-date: /home/dpma/projects/DiffDrive-ROS/ros_ws/install/ydlidar_sdk/share/YDLIDAR_SDK/doc/howto/how_to_create_a_csharp_project.md
[1.070s] -- Up-to-date: /home/dpma/projects/DiffDrive-ROS/ros_ws/install/ydlidar_sdk/share/YDLIDAR_SDK/doc/howto/how_to_build_and_debug_using_vscode.md
[1.070s] -- Up-to-date: /home/dpma/projects/DiffDrive-ROS/ros_ws/install/ydlidar_sdk/share/YDLIDAR_SDK/doc/howto/how_to_gerenrate_vs_project_by_cmake.md
[1.070s] -- Up-to-date: /home/dpma/projects/DiffDrive-ROS/ros_ws/install/ydlidar_sdk/share/YDLIDAR_SDK/doc/howto/how_to_create_a_pull.md
[1.070s] -- Up-to-date: /home/dpma/projects/DiffDrive-ROS/ros_ws/install/ydlidar_sdk/share/YDLIDAR_SDK/doc/howto/images
[1.070s] -- Up-to-date: /home/dpma/projects/DiffDrive-ROS/ros_ws/install/ydlidar_sdk/share/YDLIDAR_SDK/doc/howto/images/csharp_library.png
[1.072s] -- Up-to-date: /home/dpma/projects/DiffDrive-ROS/ros_ws/install/ydlidar_sdk/share/YDLIDAR_SDK/doc/howto/images/sdk_scanning.png
[1.072s] -- Up-to-date: /home/dpma/projects/DiffDrive-ROS/ros_ws/install/ydlidar_sdk/share/YDLIDAR_SDK/doc/howto/images/ttyUSB0.png
[1.072s] -- Up-to-date: /home/dpma/projects/DiffDrive-ROS/ros_ws/install/ydlidar_sdk/share/YDLIDAR_SDK/doc/howto/images/vscode
[1.072s] -- Up-to-date: /home/dpma/projects/DiffDrive-ROS/ros_ws/install/ydlidar_sdk/share/YDLIDAR_SDK/doc/howto/images/vscode/tasks.png
[1.072s] -- Up-to-date: /home/dpma/projects/DiffDrive-ROS/ros_ws/install/ydlidar_sdk/share/YDLIDAR_SDK/doc/howto/images/vscode/run_tasks.jpg
[1.073s] -- Up-to-date: /home/dpma/projects/DiffDrive-ROS/ros_ws/install/ydlidar_sdk/share/YDLIDAR_SDK/doc/howto/images/csharp_project.png
[1.073s] -- Up-to-date: /home/dpma/projects/DiffDrive-ROS/ros_ws/install/ydlidar_sdk/share/YDLIDAR_SDK/doc/howto/images/sdk_init.png
[1.073s] -- Up-to-date: /home/dpma/projects/DiffDrive-ROS/ros_ws/install/ydlidar_sdk/share/YDLIDAR_SDK/doc/howto/images/sequence.png
[1.073s] -- Up-to-date: /home/dpma/projects/DiffDrive-ROS/ros_ws/install/ydlidar_sdk/share/YDLIDAR_SDK/doc/howto/images/ydlidar_lidar_monitor.png
[1.073s] -- Up-to-date: /home/dpma/projects/DiffDrive-ROS/ros_ws/install/ydlidar_sdk/share/YDLIDAR_SDK/doc/howto/images/csharp_build.png
[1.073s] -- Up-to-date: /home/dpma/projects/DiffDrive-ROS/ros_ws/install/ydlidar_sdk/share/YDLIDAR_SDK/doc/howto/images/csharp_exception.png
[1.073s] -- Up-to-date: /home/dpma/projects/DiffDrive-ROS/ros_ws/install/ydlidar_sdk/share/YDLIDAR_SDK/doc/howto/images/cpack.png
[1.074s] -- Up-to-date: /home/dpma/projects/DiffDrive-ROS/ros_ws/install/ydlidar_sdk/share/YDLIDAR_SDK/doc/howto/images/csharp_running.png
[1.074s] -- Up-to-date: /home/dpma/projects/DiffDrive-ROS/ros_ws/install/ydlidar_sdk/share/YDLIDAR_SDK/doc/howto/images/ttyUSB1.png
[1.075s] -- Up-to-date: /home/dpma/projects/DiffDrive-ROS/ros_ws/install/ydlidar_sdk/share/YDLIDAR_SDK/doc/howto/how_to_solve_slow_pull_from_cn.md
[1.075s] -- Up-to-date: /home/dpma/projects/DiffDrive-ROS/ros_ws/install/ydlidar_sdk/share/YDLIDAR_SDK/doc/howto/README.md
[1.075s] -- Up-to-date: /home/dpma/projects/DiffDrive-ROS/ros_ws/install/ydlidar_sdk/share/YDLIDAR_SDK/doc/README.md
[1.075s] -- Up-to-date: /home/dpma/projects/DiffDrive-ROS/ros_ws/install/ydlidar_sdk/share/YDLIDAR_SDK/doc/quickstart
[1.075s] -- Up-to-date: /home/dpma/projects/DiffDrive-ROS/ros_ws/install/ydlidar_sdk/share/YDLIDAR_SDK/doc/quickstart/ydlidar_sdk_software_installation_guide.md
[1.076s] -- Up-to-date: /home/dpma/projects/DiffDrive-ROS/ros_ws/install/ydlidar_sdk/share/YDLIDAR_SDK/doc/quickstart/README.md
[1.076s] -- Up-to-date: /home/dpma/projects/DiffDrive-ROS/ros_ws/install/ydlidar_sdk/share/YDLIDAR_SDK/doc/YDLidar-SDK-Communication-Protocol.pdf
[1.076s] -- Up-to-date: /home/dpma/projects/DiffDrive-ROS/ros_ws/install/ydlidar_sdk/startup/initenv.sh
[1.076s] -- Up-to-date: /home/dpma/projects/DiffDrive-ROS/ros_ws/install/ydlidar_sdk/bin/et_test
[1.076s] -- Up-to-date: /home/dpma/projects/DiffDrive-ROS/ros_ws/install/ydlidar_sdk/bin/gs_ota
[1.076s] -- Up-to-date: /home/dpma/projects/DiffDrive-ROS/ros_ws/install/ydlidar_sdk/bin/gs_test
[1.076s] -- Up-to-date: /home/dpma/projects/DiffDrive-ROS/ros_ws/install/ydlidar_sdk/bin/gs_test2
[1.076s] -- Up-to-date: /home/dpma/projects/DiffDrive-ROS/ros_ws/install/ydlidar_sdk/bin/scl_test
[1.077s] -- Up-to-date: /home/dpma/projects/DiffDrive-ROS/ros_ws/install/ydlidar_sdk/bin/sdm18_test
[1.077s] -- Up-to-date: /home/dpma/projects/DiffDrive-ROS/ros_ws/install/ydlidar_sdk/bin/sdm_test
[1.077s] -- Up-to-date: /home/dpma/projects/DiffDrive-ROS/ros_ws/install/ydlidar_sdk/bin/tea_test
[1.077s] -- Up-to-date: /home/dpma/projects/DiffDrive-ROS/ros_ws/install/ydlidar_sdk/bin/tia_test
[1.077s] -- Up-to-date: /home/dpma/projects/DiffDrive-ROS/ros_ws/install/ydlidar_sdk/bin/tmini_test
[1.077s] -- Up-to-date: /home/dpma/projects/DiffDrive-ROS/ros_ws/install/ydlidar_sdk/bin/tof_test
[1.078s] -- Up-to-date: /home/dpma/projects/DiffDrive-ROS/ros_ws/install/ydlidar_sdk/bin/tri_and_gs_test
[1.078s] -- Up-to-date: /home/dpma/projects/DiffDrive-ROS/ros_ws/install/ydlidar_sdk/bin/tri_restart
[1.079s] -- Up-to-date: /home/dpma/projects/DiffDrive-ROS/ros_ws/install/ydlidar_sdk/bin/tri_test
[1.080s] -- Up-to-date: /home/dpma/projects/DiffDrive-ROS/ros_ws/install/ydlidar_sdk/bin/lidar_c_api_test
[1.080s] Invoked command in '/home/dpma/projects/DiffDrive-ROS/ros_ws/build/ydlidar_sdk' returned '0': DEBUGINFOD_URLS=https://debuginfod.ubuntu.com /usr/bin/cmake --install /home/dpma/projects/DiffDrive-ROS/ros_ws/build/ydlidar_sdk
