[0.025s] Invoking command in '/home/dpma/projects/DiffDrive-ROS/ros_ws/build/my_robot_bringup': CMAKE_PREFIX_PATH=${CMAKE_PREFIX_PATH}:/home/dpma/projects/DiffDrive-ROS/ros_ws/install/my_py_pkg:/opt/ros/jazzy DEBUGINFOD_URLS=https://debuginfod.ubuntu.com /usr/bin/cmake /home/dpma/projects/DiffDrive-ROS/ros_ws/src/my_robot_bringup -DCMAKE_INSTALL_PREFIX=/home/dpma/projects/DiffDrive-ROS/ros_ws/install/my_robot_bringup
[0.102s] -- The C compiler identification is GNU 13.3.0
[0.178s] -- The CXX compiler identification is GNU 13.3.0
[0.200s] -- Detecting C compiler ABI info
[0.319s] -- Detecting C compiler ABI info - done
[0.337s] -- Check for working C compiler: /usr/bin/cc - skipped
[0.337s] -- Detecting C compile features
[0.338s] -- Detecting C compile features - done
[0.347s] -- Detecting CXX compiler ABI info
[0.480s] -- Detecting CXX compiler ABI info - done
[0.502s] -- Check for working CXX compiler: /usr/bin/c++ - skipped
[0.504s] -- Detecting CXX compile features
[0.504s] -- Detecting CXX compile features - done
[0.509s] -- Found ament_cmake: 2.5.4 (/opt/ros/jazzy/share/ament_cmake/cmake)
[0.739s] -- Found Python3: /usr/bin/python3 (found version "3.12.3") found components: Interpreter 
[1.166s] -- Configuring done (1.1s)
[1.166s] -- Generating done (0.0s)
[1.169s] -- Build files have been written to: /home/dpma/projects/DiffDrive-ROS/ros_ws/build/my_robot_bringup
[1.175s] Invoked command in '/home/dpma/projects/DiffDrive-ROS/ros_ws/build/my_robot_bringup' returned '0': CMAKE_PREFIX_PATH=${CMAKE_PREFIX_PATH}:/home/dpma/projects/DiffDrive-ROS/ros_ws/install/my_py_pkg:/opt/ros/jazzy DEBUGINFOD_URLS=https://debuginfod.ubuntu.com /usr/bin/cmake /home/dpma/projects/DiffDrive-ROS/ros_ws/src/my_robot_bringup -DCMAKE_INSTALL_PREFIX=/home/dpma/projects/DiffDrive-ROS/ros_ws/install/my_robot_bringup
[1.176s] Invoking command in '/home/dpma/projects/DiffDrive-ROS/ros_ws/build/my_robot_bringup': CMAKE_PREFIX_PATH=${CMAKE_PREFIX_PATH}:/home/dpma/projects/DiffDrive-ROS/ros_ws/install/my_py_pkg:/opt/ros/jazzy DEBUGINFOD_URLS=https://debuginfod.ubuntu.com /usr/bin/cmake --build /home/dpma/projects/DiffDrive-ROS/ros_ws/build/my_robot_bringup -- -j8 -l8
[1.226s] Invoked command in '/home/dpma/projects/DiffDrive-ROS/ros_ws/build/my_robot_bringup' returned '0': CMAKE_PREFIX_PATH=${CMAKE_PREFIX_PATH}:/home/dpma/projects/DiffDrive-ROS/ros_ws/install/my_py_pkg:/opt/ros/jazzy DEBUGINFOD_URLS=https://debuginfod.ubuntu.com /usr/bin/cmake --build /home/dpma/projects/DiffDrive-ROS/ros_ws/build/my_robot_bringup -- -j8 -l8
[1.227s] Invoking command in '/home/dpma/projects/DiffDrive-ROS/ros_ws/build/my_robot_bringup': CMAKE_PREFIX_PATH=${CMAKE_PREFIX_PATH}:/home/dpma/projects/DiffDrive-ROS/ros_ws/install/my_py_pkg:/opt/ros/jazzy DEBUGINFOD_URLS=https://debuginfod.ubuntu.com /usr/bin/cmake --install /home/dpma/projects/DiffDrive-ROS/ros_ws/build/my_robot_bringup
[1.236s] -- Install configuration: ""
[1.236s] -- Up-to-date: /home/dpma/projects/DiffDrive-ROS/ros_ws/install/my_robot_bringup/share/my_robot_bringup//launch
[1.237s] -- Up-to-date: /home/dpma/projects/DiffDrive-ROS/ros_ws/install/my_robot_bringup/share/my_robot_bringup//launch/diffdrive_robot.launch.xml
[1.237s] -- Installing: /home/dpma/projects/DiffDrive-ROS/ros_ws/install/my_robot_bringup/share/my_robot_bringup//launch/diffdrive_slam_launch.py
[1.237s] -- Up-to-date: /home/dpma/projects/DiffDrive-ROS/ros_ws/install/my_robot_bringup/share/my_robot_bringup//config
[1.237s] -- Up-to-date: /home/dpma/projects/DiffDrive-ROS/ros_ws/install/my_robot_bringup/share/my_robot_bringup//config/my_robot.lua
[1.238s] -- Up-to-date: /home/dpma/projects/DiffDrive-ROS/ros_ws/install/my_robot_bringup/share/ament_index/resource_index/package_run_dependencies/my_robot_bringup
[1.238s] -- Up-to-date: /home/dpma/projects/DiffDrive-ROS/ros_ws/install/my_robot_bringup/share/ament_index/resource_index/parent_prefix_path/my_robot_bringup
[1.238s] -- Up-to-date: /home/dpma/projects/DiffDrive-ROS/ros_ws/install/my_robot_bringup/share/my_robot_bringup/environment/ament_prefix_path.sh
[1.238s] -- Up-to-date: /home/dpma/projects/DiffDrive-ROS/ros_ws/install/my_robot_bringup/share/my_robot_bringup/environment/ament_prefix_path.dsv
[1.238s] -- Up-to-date: /home/dpma/projects/DiffDrive-ROS/ros_ws/install/my_robot_bringup/share/my_robot_bringup/environment/path.sh
[1.238s] -- Up-to-date: /home/dpma/projects/DiffDrive-ROS/ros_ws/install/my_robot_bringup/share/my_robot_bringup/environment/path.dsv
[1.239s] -- Up-to-date: /home/dpma/projects/DiffDrive-ROS/ros_ws/install/my_robot_bringup/share/my_robot_bringup/local_setup.bash
[1.239s] -- Up-to-date: /home/dpma/projects/DiffDrive-ROS/ros_ws/install/my_robot_bringup/share/my_robot_bringup/local_setup.sh
[1.239s] -- Up-to-date: /home/dpma/projects/DiffDrive-ROS/ros_ws/install/my_robot_bringup/share/my_robot_bringup/local_setup.zsh
[1.239s] -- Up-to-date: /home/dpma/projects/DiffDrive-ROS/ros_ws/install/my_robot_bringup/share/my_robot_bringup/local_setup.dsv
[1.239s] -- Installing: /home/dpma/projects/DiffDrive-ROS/ros_ws/install/my_robot_bringup/share/my_robot_bringup/package.dsv
[1.239s] -- Up-to-date: /home/dpma/projects/DiffDrive-ROS/ros_ws/install/my_robot_bringup/share/ament_index/resource_index/packages/my_robot_bringup
[1.240s] -- Up-to-date: /home/dpma/projects/DiffDrive-ROS/ros_ws/install/my_robot_bringup/share/my_robot_bringup/cmake/my_robot_bringupConfig.cmake
[1.240s] -- Up-to-date: /home/dpma/projects/DiffDrive-ROS/ros_ws/install/my_robot_bringup/share/my_robot_bringup/cmake/my_robot_bringupConfig-version.cmake
[1.240s] -- Up-to-date: /home/dpma/projects/DiffDrive-ROS/ros_ws/install/my_robot_bringup/share/my_robot_bringup/package.xml
[1.241s] Invoked command in '/home/dpma/projects/DiffDrive-ROS/ros_ws/build/my_robot_bringup' returned '0': CMAKE_PREFIX_PATH=${CMAKE_PREFIX_PATH}:/home/dpma/projects/DiffDrive-ROS/ros_ws/install/my_py_pkg:/opt/ros/jazzy DEBUGINFOD_URLS=https://debuginfod.ubuntu.com /usr/bin/cmake --install /home/dpma/projects/DiffDrive-ROS/ros_ws/build/my_robot_bringup
