[0.040s] Invoking command in '/home/dpma/projects/DiffDrive-ROS/ros_ws/build/my_robot_interfaces': CMAKE_PREFIX_PATH=${CMAKE_PREFIX_PATH}:/home/dpma/projects/DiffDrive-ROS/ros_ws/install/my_py_pkg:/opt/ros/jazzy DEBUGINFOD_URLS=https://debuginfod.ubuntu.com /usr/bin/cmake /home/dpma/projects/DiffDrive-ROS/ros_ws/src/my_robot_interfaces -DCMAKE_INSTALL_PREFIX=/home/dpma/projects/DiffDrive-ROS/ros_ws/install/my_robot_interfaces
[0.143s] -- The C compiler identification is GNU 13.3.0
[0.272s] -- The CXX compiler identification is GNU 13.3.0
[0.327s] -- Detecting C compiler ABI info
[0.515s] -- Detecting C compiler ABI info - done
[0.539s] -- Check for working C compiler: /usr/bin/cc - skipped
[0.540s] -- Detecting C compile features
[0.541s] -- Detecting C compile features - done
[0.561s] -- Detecting CXX compiler ABI info
[0.741s] -- Detecting CXX compiler ABI info - done
[0.757s] -- Check for working CXX compiler: /usr/bin/c++ - skipped
[0.757s] -- Detecting CXX compile features
[0.758s] -- Detecting CXX compile features - done
[0.766s] -- Found ament_cmake: 2.5.4 (/opt/ros/jazzy/share/ament_cmake/cmake)
[1.108s] -- Found Python3: /usr/bin/python3 (found version "3.12.3") found components: Interpreter 
[1.338s] -- Found rosidl_default_generators: 1.6.0 (/opt/ros/jazzy/share/rosidl_default_generators/cmake)
[1.361s] -- Using all available rosidl_typesupport_c: rosidl_typesupport_fastrtps_c;rosidl_typesupport_introspection_c
[1.510s] -- Using all available rosidl_typesupport_cpp: rosidl_typesupport_fastrtps_cpp;rosidl_typesupport_introspection_cpp
[1.604s] -- Found rosidl_adapter: 4.6.5 (/opt/ros/jazzy/share/rosidl_adapter/cmake)
[2.517s] -- Found ament_cmake_ros: 0.12.0 (/opt/ros/jazzy/share/ament_cmake_ros/cmake)
[3.021s] -- Using all available rosidl_typesupport_c: rosidl_typesupport_fastrtps_c;rosidl_typesupport_introspection_c
[3.703s] -- Using all available rosidl_typesupport_cpp: rosidl_typesupport_fastrtps_cpp;rosidl_typesupport_introspection_cpp
[3.708s] -- Found python_cmake_module: 0.11.1 (/opt/ros/jazzy/share/python_cmake_module/cmake)
[3.895s] -- Found PythonExtra: /usr/bin/python3  
[4.425s] -- Found Python3: /usr/bin/python3 (found version "3.12.3") found components: Interpreter Development NumPy Development.Module Development.Embed 
[4.472s] -- Configuring done (4.4s)
[4.523s] -- Generating done (0.0s)
[4.538s] -- Build files have been written to: /home/dpma/projects/DiffDrive-ROS/ros_ws/build/my_robot_interfaces
[4.548s] Invoked command in '/home/dpma/projects/DiffDrive-ROS/ros_ws/build/my_robot_interfaces' returned '0': CMAKE_PREFIX_PATH=${CMAKE_PREFIX_PATH}:/home/dpma/projects/DiffDrive-ROS/ros_ws/install/my_py_pkg:/opt/ros/jazzy DEBUGINFOD_URLS=https://debuginfod.ubuntu.com /usr/bin/cmake /home/dpma/projects/DiffDrive-ROS/ros_ws/src/my_robot_interfaces -DCMAKE_INSTALL_PREFIX=/home/dpma/projects/DiffDrive-ROS/ros_ws/install/my_robot_interfaces
[4.549s] Invoking command in '/home/dpma/projects/DiffDrive-ROS/ros_ws/build/my_robot_interfaces': CMAKE_PREFIX_PATH=${CMAKE_PREFIX_PATH}:/home/dpma/projects/DiffDrive-ROS/ros_ws/install/my_py_pkg:/opt/ros/jazzy DEBUGINFOD_URLS=https://debuginfod.ubuntu.com /usr/bin/cmake --build /home/dpma/projects/DiffDrive-ROS/ros_ws/build/my_robot_interfaces -- -j8 -l8
[4.608s] [  1%] Built target my_robot_interfaces__rosidl_generator_type_description
[4.622s] [  1%] Built target ament_cmake_python_copy_my_robot_interfaces
[4.634s] [  3%] Built target my_robot_interfaces__cpp
[4.641s] [ 25%] Built target my_robot_interfaces__rosidl_generator_c
[4.689s] [ 37%] Built target my_robot_interfaces__rosidl_typesupport_c
[4.689s] [ 43%] Built target my_robot_interfaces__rosidl_typesupport_fastrtps_cpp
[4.690s] [ 53%] Built target my_robot_interfaces__rosidl_typesupport_introspection_c
[4.690s] [ 62%] Built target my_robot_interfaces__rosidl_typesupport_introspection_cpp
[4.694s] [ 71%] Built target my_robot_interfaces__rosidl_typesupport_cpp
[4.704s] [ 81%] Built target my_robot_interfaces__rosidl_typesupport_fastrtps_c
[4.728s] [ 81%] Built target my_robot_interfaces
[4.754s] [ 82%] Built target my_robot_interfaces__py
[4.785s] [ 90%] Built target my_robot_interfaces__rosidl_generator_py
[4.813s] [100%] Built target my_robot_interfaces_s__rosidl_typesupport_c
[4.813s] [100%] Built target my_robot_interfaces_s__rosidl_typesupport_introspection_c
[4.813s] [100%] Built target my_robot_interfaces_s__rosidl_typesupport_fastrtps_c
[4.910s] running egg_info
[4.939s] writing my_robot_interfaces.egg-info/PKG-INFO
[4.939s] writing dependency_links to my_robot_interfaces.egg-info/dependency_links.txt
[4.939s] writing top-level names to my_robot_interfaces.egg-info/top_level.txt
[5.021s] reading manifest file 'my_robot_interfaces.egg-info/SOURCES.txt'
[5.021s] writing manifest file 'my_robot_interfaces.egg-info/SOURCES.txt'
[5.061s] [100%] Built target ament_cmake_python_build_my_robot_interfaces_egg
[5.076s] Invoked command in '/home/dpma/projects/DiffDrive-ROS/ros_ws/build/my_robot_interfaces' returned '0': CMAKE_PREFIX_PATH=${CMAKE_PREFIX_PATH}:/home/dpma/projects/DiffDrive-ROS/ros_ws/install/my_py_pkg:/opt/ros/jazzy DEBUGINFOD_URLS=https://debuginfod.ubuntu.com /usr/bin/cmake --build /home/dpma/projects/DiffDrive-ROS/ros_ws/build/my_robot_interfaces -- -j8 -l8
[5.077s] Invoking command in '/home/dpma/projects/DiffDrive-ROS/ros_ws/build/my_robot_interfaces': CMAKE_PREFIX_PATH=${CMAKE_PREFIX_PATH}:/home/dpma/projects/DiffDrive-ROS/ros_ws/install/my_py_pkg:/opt/ros/jazzy DEBUGINFOD_URLS=https://debuginfod.ubuntu.com /usr/bin/cmake --install /home/dpma/projects/DiffDrive-ROS/ros_ws/build/my_robot_interfaces
[5.088s] -- Install configuration: ""
[5.088s] -- Up-to-date: /home/dpma/projects/DiffDrive-ROS/ros_ws/install/my_robot_interfaces/share/ament_index/resource_index/rosidl_interfaces/my_robot_interfaces
[5.088s] -- Up-to-date: /home/dpma/projects/DiffDrive-ROS/ros_ws/install/my_robot_interfaces/share/my_robot_interfaces/msg/CmdDriveVel.json
[5.088s] -- Up-to-date: /home/dpma/projects/DiffDrive-ROS/ros_ws/install/my_robot_interfaces/share/my_robot_interfaces/msg/MotorInfo.json
[5.088s] -- Up-to-date: /home/dpma/projects/DiffDrive-ROS/ros_ws/install/my_robot_interfaces/share/my_robot_interfaces/msg/MotorOdomInfo.json
[5.088s] -- Up-to-date: /home/dpma/projects/DiffDrive-ROS/ros_ws/install/my_robot_interfaces/share/my_robot_interfaces/action/MoveTo.json
[5.088s] -- Up-to-date: /home/dpma/projects/DiffDrive-ROS/ros_ws/install/my_robot_interfaces/include/my_robot_interfaces/my_robot_interfaces
[5.089s] -- Up-to-date: /home/dpma/projects/DiffDrive-ROS/ros_ws/install/my_robot_interfaces/include/my_robot_interfaces/my_robot_interfaces/msg
[5.089s] -- Up-to-date: /home/dpma/projects/DiffDrive-ROS/ros_ws/install/my_robot_interfaces/include/my_robot_interfaces/my_robot_interfaces/msg/motor_info.h
[5.089s] -- Up-to-date: /home/dpma/projects/DiffDrive-ROS/ros_ws/install/my_robot_interfaces/include/my_robot_interfaces/my_robot_interfaces/msg/motor_odom_info.h
[5.089s] -- Up-to-date: /home/dpma/projects/DiffDrive-ROS/ros_ws/install/my_robot_interfaces/include/my_robot_interfaces/my_robot_interfaces/msg/cmd_drive_vel.h
[5.089s] -- Up-to-date: /home/dpma/projects/DiffDrive-ROS/ros_ws/install/my_robot_interfaces/include/my_robot_interfaces/my_robot_interfaces/msg/rosidl_generator_c__visibility_control.h
[5.089s] -- Up-to-date: /home/dpma/projects/DiffDrive-ROS/ros_ws/install/my_robot_interfaces/include/my_robot_interfaces/my_robot_interfaces/msg/detail
[5.089s] -- Up-to-date: /home/dpma/projects/DiffDrive-ROS/ros_ws/install/my_robot_interfaces/include/my_robot_interfaces/my_robot_interfaces/msg/detail/motor_odom_info__functions.h
[5.090s] -- Up-to-date: /home/dpma/projects/DiffDrive-ROS/ros_ws/install/my_robot_interfaces/include/my_robot_interfaces/my_robot_interfaces/msg/detail/motor_info__struct.h
[5.090s] -- Installing: /home/dpma/projects/DiffDrive-ROS/ros_ws/install/my_robot_interfaces/include/my_robot_interfaces/my_robot_interfaces/msg/detail/motor_info__type_support.c
[5.090s] -- Up-to-date: /home/dpma/projects/DiffDrive-ROS/ros_ws/install/my_robot_interfaces/include/my_robot_interfaces/my_robot_interfaces/msg/detail/motor_odom_info__type_support.h
[5.090s] -- Up-to-date: /home/dpma/projects/DiffDrive-ROS/ros_ws/install/my_robot_interfaces/include/my_robot_interfaces/my_robot_interfaces/msg/detail/cmd_drive_vel__type_support.h
[5.090s] -- Installing: /home/dpma/projects/DiffDrive-ROS/ros_ws/install/my_robot_interfaces/include/my_robot_interfaces/my_robot_interfaces/msg/detail/motor_odom_info__type_support.c
[5.090s] -- Up-to-date: /home/dpma/projects/DiffDrive-ROS/ros_ws/install/my_robot_interfaces/include/my_robot_interfaces/my_robot_interfaces/msg/detail/motor_info__description.c
[5.090s] -- Installing: /home/dpma/projects/DiffDrive-ROS/ros_ws/install/my_robot_interfaces/include/my_robot_interfaces/my_robot_interfaces/msg/detail/cmd_drive_vel__type_support.c
[5.091s] -- Up-to-date: /home/dpma/projects/DiffDrive-ROS/ros_ws/install/my_robot_interfaces/include/my_robot_interfaces/my_robot_interfaces/msg/detail/cmd_drive_vel__functions.c
[5.091s] -- Up-to-date: /home/dpma/projects/DiffDrive-ROS/ros_ws/install/my_robot_interfaces/include/my_robot_interfaces/my_robot_interfaces/msg/detail/motor_info__functions.c
[5.091s] -- Up-to-date: /home/dpma/projects/DiffDrive-ROS/ros_ws/install/my_robot_interfaces/include/my_robot_interfaces/my_robot_interfaces/msg/detail/motor_odom_info__description.c
[5.091s] -- Up-to-date: /home/dpma/projects/DiffDrive-ROS/ros_ws/install/my_robot_interfaces/include/my_robot_interfaces/my_robot_interfaces/msg/detail/motor_odom_info__functions.c
[5.091s] -- Up-to-date: /home/dpma/projects/DiffDrive-ROS/ros_ws/install/my_robot_interfaces/include/my_robot_interfaces/my_robot_interfaces/msg/detail/motor_info__functions.h
[5.091s] -- Up-to-date: /home/dpma/projects/DiffDrive-ROS/ros_ws/install/my_robot_interfaces/include/my_robot_interfaces/my_robot_interfaces/msg/detail/cmd_drive_vel__description.c
[5.091s] -- Up-to-date: /home/dpma/projects/DiffDrive-ROS/ros_ws/install/my_robot_interfaces/include/my_robot_interfaces/my_robot_interfaces/msg/detail/cmd_drive_vel__functions.h
[5.091s] -- Up-to-date: /home/dpma/projects/DiffDrive-ROS/ros_ws/install/my_robot_interfaces/include/my_robot_interfaces/my_robot_interfaces/msg/detail/motor_odom_info__struct.h
[5.092s] -- Up-to-date: /home/dpma/projects/DiffDrive-ROS/ros_ws/install/my_robot_interfaces/include/my_robot_interfaces/my_robot_interfaces/msg/detail/cmd_drive_vel__struct.h
[5.092s] -- Up-to-date: /home/dpma/projects/DiffDrive-ROS/ros_ws/install/my_robot_interfaces/include/my_robot_interfaces/my_robot_interfaces/msg/detail/motor_info__type_support.h
[5.092s] -- Up-to-date: /home/dpma/projects/DiffDrive-ROS/ros_ws/install/my_robot_interfaces/include/my_robot_interfaces/my_robot_interfaces/action
[5.092s] -- Up-to-date: /home/dpma/projects/DiffDrive-ROS/ros_ws/install/my_robot_interfaces/include/my_robot_interfaces/my_robot_interfaces/action/move_to.h
[5.092s] -- Up-to-date: /home/dpma/projects/DiffDrive-ROS/ros_ws/install/my_robot_interfaces/include/my_robot_interfaces/my_robot_interfaces/action/detail
[5.092s] -- Up-to-date: /home/dpma/projects/DiffDrive-ROS/ros_ws/install/my_robot_interfaces/include/my_robot_interfaces/my_robot_interfaces/action/detail/move_to__functions.h
[5.092s] -- Up-to-date: /home/dpma/projects/DiffDrive-ROS/ros_ws/install/my_robot_interfaces/include/my_robot_interfaces/my_robot_interfaces/action/detail/move_to__struct.h
[5.092s] -- Installing: /home/dpma/projects/DiffDrive-ROS/ros_ws/install/my_robot_interfaces/include/my_robot_interfaces/my_robot_interfaces/action/detail/move_to__type_support.c
[5.093s] -- Up-to-date: /home/dpma/projects/DiffDrive-ROS/ros_ws/install/my_robot_interfaces/include/my_robot_interfaces/my_robot_interfaces/action/detail/move_to__type_support.h
[5.093s] -- Up-to-date: /home/dpma/projects/DiffDrive-ROS/ros_ws/install/my_robot_interfaces/include/my_robot_interfaces/my_robot_interfaces/action/detail/move_to__functions.c
[5.093s] -- Up-to-date: /home/dpma/projects/DiffDrive-ROS/ros_ws/install/my_robot_interfaces/include/my_robot_interfaces/my_robot_interfaces/action/detail/move_to__description.c
[5.093s] -- Up-to-date: /home/dpma/projects/DiffDrive-ROS/ros_ws/install/my_robot_interfaces/share/my_robot_interfaces/environment/library_path.sh
[5.093s] -- Up-to-date: /home/dpma/projects/DiffDrive-ROS/ros_ws/install/my_robot_interfaces/share/my_robot_interfaces/environment/library_path.dsv
[5.093s] -- Up-to-date: /home/dpma/projects/DiffDrive-ROS/ros_ws/install/my_robot_interfaces/lib/libmy_robot_interfaces__rosidl_generator_c.so
[5.093s] -- Up-to-date: /home/dpma/projects/DiffDrive-ROS/ros_ws/install/my_robot_interfaces/include/my_robot_interfaces/my_robot_interfaces
[5.093s] -- Up-to-date: /home/dpma/projects/DiffDrive-ROS/ros_ws/install/my_robot_interfaces/include/my_robot_interfaces/my_robot_interfaces/msg
[5.093s] -- Up-to-date: /home/dpma/projects/DiffDrive-ROS/ros_ws/install/my_robot_interfaces/include/my_robot_interfaces/my_robot_interfaces/msg/rosidl_typesupport_fastrtps_c__visibility_control.h
[5.093s] -- Up-to-date: /home/dpma/projects/DiffDrive-ROS/ros_ws/install/my_robot_interfaces/include/my_robot_interfaces/my_robot_interfaces/msg/detail
[5.093s] -- Up-to-date: /home/dpma/projects/DiffDrive-ROS/ros_ws/install/my_robot_interfaces/include/my_robot_interfaces/my_robot_interfaces/msg/detail/motor_odom_info__rosidl_typesupport_fastrtps_c.h
[5.093s] -- Up-to-date: /home/dpma/projects/DiffDrive-ROS/ros_ws/install/my_robot_interfaces/include/my_robot_interfaces/my_robot_interfaces/msg/detail/cmd_drive_vel__rosidl_typesupport_fastrtps_c.h
[5.094s] -- Up-to-date: /home/dpma/projects/DiffDrive-ROS/ros_ws/install/my_robot_interfaces/include/my_robot_interfaces/my_robot_interfaces/msg/detail/motor_info__rosidl_typesupport_fastrtps_c.h
[5.094s] -- Up-to-date: /home/dpma/projects/DiffDrive-ROS/ros_ws/install/my_robot_interfaces/include/my_robot_interfaces/my_robot_interfaces/action
[5.094s] -- Up-to-date: /home/dpma/projects/DiffDrive-ROS/ros_ws/install/my_robot_interfaces/include/my_robot_interfaces/my_robot_interfaces/action/detail
[5.094s] -- Up-to-date: /home/dpma/projects/DiffDrive-ROS/ros_ws/install/my_robot_interfaces/include/my_robot_interfaces/my_robot_interfaces/action/detail/move_to__rosidl_typesupport_fastrtps_c.h
[5.094s] -- Up-to-date: /home/dpma/projects/DiffDrive-ROS/ros_ws/install/my_robot_interfaces/lib/libmy_robot_interfaces__rosidl_typesupport_fastrtps_c.so
[5.094s] -- Up-to-date: /home/dpma/projects/DiffDrive-ROS/ros_ws/install/my_robot_interfaces/include/my_robot_interfaces/my_robot_interfaces
[5.094s] -- Up-to-date: /home/dpma/projects/DiffDrive-ROS/ros_ws/install/my_robot_interfaces/include/my_robot_interfaces/my_robot_interfaces/msg
[5.094s] -- Up-to-date: /home/dpma/projects/DiffDrive-ROS/ros_ws/install/my_robot_interfaces/include/my_robot_interfaces/my_robot_interfaces/msg/rosidl_typesupport_introspection_c__visibility_control.h
[5.094s] -- Up-to-date: /home/dpma/projects/DiffDrive-ROS/ros_ws/install/my_robot_interfaces/include/my_robot_interfaces/my_robot_interfaces/msg/detail
[5.094s] -- Installing: /home/dpma/projects/DiffDrive-ROS/ros_ws/install/my_robot_interfaces/include/my_robot_interfaces/my_robot_interfaces/msg/detail/motor_info__type_support.c
[5.094s] -- Up-to-date: /home/dpma/projects/DiffDrive-ROS/ros_ws/install/my_robot_interfaces/include/my_robot_interfaces/my_robot_interfaces/msg/detail/cmd_drive_vel__rosidl_typesupport_introspection_c.h
[5.094s] -- Installing: /home/dpma/projects/DiffDrive-ROS/ros_ws/install/my_robot_interfaces/include/my_robot_interfaces/my_robot_interfaces/msg/detail/motor_odom_info__type_support.c
[5.094s] -- Installing: /home/dpma/projects/DiffDrive-ROS/ros_ws/install/my_robot_interfaces/include/my_robot_interfaces/my_robot_interfaces/msg/detail/cmd_drive_vel__type_support.c
[5.095s] -- Up-to-date: /home/dpma/projects/DiffDrive-ROS/ros_ws/install/my_robot_interfaces/include/my_robot_interfaces/my_robot_interfaces/msg/detail/motor_info__rosidl_typesupport_introspection_c.h
[5.095s] -- Up-to-date: /home/dpma/projects/DiffDrive-ROS/ros_ws/install/my_robot_interfaces/include/my_robot_interfaces/my_robot_interfaces/msg/detail/motor_odom_info__rosidl_typesupport_introspection_c.h
[5.095s] -- Up-to-date: /home/dpma/projects/DiffDrive-ROS/ros_ws/install/my_robot_interfaces/include/my_robot_interfaces/my_robot_interfaces/action
[5.095s] -- Up-to-date: /home/dpma/projects/DiffDrive-ROS/ros_ws/install/my_robot_interfaces/include/my_robot_interfaces/my_robot_interfaces/action/detail
[5.095s] -- Installing: /home/dpma/projects/DiffDrive-ROS/ros_ws/install/my_robot_interfaces/include/my_robot_interfaces/my_robot_interfaces/action/detail/move_to__type_support.c
[5.095s] -- Up-to-date: /home/dpma/projects/DiffDrive-ROS/ros_ws/install/my_robot_interfaces/include/my_robot_interfaces/my_robot_interfaces/action/detail/move_to__rosidl_typesupport_introspection_c.h
[5.095s] -- Up-to-date: /home/dpma/projects/DiffDrive-ROS/ros_ws/install/my_robot_interfaces/lib/libmy_robot_interfaces__rosidl_typesupport_introspection_c.so
[5.095s] -- Up-to-date: /home/dpma/projects/DiffDrive-ROS/ros_ws/install/my_robot_interfaces/lib/libmy_robot_interfaces__rosidl_typesupport_c.so
[5.095s] -- Up-to-date: /home/dpma/projects/DiffDrive-ROS/ros_ws/install/my_robot_interfaces/include/my_robot_interfaces/my_robot_interfaces
[5.095s] -- Up-to-date: /home/dpma/projects/DiffDrive-ROS/ros_ws/install/my_robot_interfaces/include/my_robot_interfaces/my_robot_interfaces/msg
[5.095s] -- Up-to-date: /home/dpma/projects/DiffDrive-ROS/ros_ws/install/my_robot_interfaces/include/my_robot_interfaces/my_robot_interfaces/msg/motor_info.hpp
[5.096s] -- Up-to-date: /home/dpma/projects/DiffDrive-ROS/ros_ws/install/my_robot_interfaces/include/my_robot_interfaces/my_robot_interfaces/msg/motor_odom_info.hpp
[5.096s] -- Up-to-date: /home/dpma/projects/DiffDrive-ROS/ros_ws/install/my_robot_interfaces/include/my_robot_interfaces/my_robot_interfaces/msg/cmd_drive_vel.hpp
[5.096s] -- Up-to-date: /home/dpma/projects/DiffDrive-ROS/ros_ws/install/my_robot_interfaces/include/my_robot_interfaces/my_robot_interfaces/msg/detail
[5.096s] -- Up-to-date: /home/dpma/projects/DiffDrive-ROS/ros_ws/install/my_robot_interfaces/include/my_robot_interfaces/my_robot_interfaces/msg/detail/motor_odom_info__struct.hpp
[5.096s] -- Up-to-date: /home/dpma/projects/DiffDrive-ROS/ros_ws/install/my_robot_interfaces/include/my_robot_interfaces/my_robot_interfaces/msg/detail/motor_info__struct.hpp
[5.096s] -- Up-to-date: /home/dpma/projects/DiffDrive-ROS/ros_ws/install/my_robot_interfaces/include/my_robot_interfaces/my_robot_interfaces/msg/detail/cmd_drive_vel__builder.hpp
[5.096s] -- Up-to-date: /home/dpma/projects/DiffDrive-ROS/ros_ws/install/my_robot_interfaces/include/my_robot_interfaces/my_robot_interfaces/msg/detail/cmd_drive_vel__struct.hpp
[5.096s] -- Up-to-date: /home/dpma/projects/DiffDrive-ROS/ros_ws/install/my_robot_interfaces/include/my_robot_interfaces/my_robot_interfaces/msg/detail/motor_odom_info__type_support.hpp
[5.096s] -- Up-to-date: /home/dpma/projects/DiffDrive-ROS/ros_ws/install/my_robot_interfaces/include/my_robot_interfaces/my_robot_interfaces/msg/detail/motor_info__type_support.hpp
[5.097s] -- Up-to-date: /home/dpma/projects/DiffDrive-ROS/ros_ws/install/my_robot_interfaces/include/my_robot_interfaces/my_robot_interfaces/msg/detail/motor_info__builder.hpp
[5.097s] -- Up-to-date: /home/dpma/projects/DiffDrive-ROS/ros_ws/install/my_robot_interfaces/include/my_robot_interfaces/my_robot_interfaces/msg/detail/motor_odom_info__traits.hpp
[5.097s] -- Up-to-date: /home/dpma/projects/DiffDrive-ROS/ros_ws/install/my_robot_interfaces/include/my_robot_interfaces/my_robot_interfaces/msg/detail/motor_odom_info__builder.hpp
[5.097s] -- Up-to-date: /home/dpma/projects/DiffDrive-ROS/ros_ws/install/my_robot_interfaces/include/my_robot_interfaces/my_robot_interfaces/msg/detail/cmd_drive_vel__type_support.hpp
[5.097s] -- Up-to-date: /home/dpma/projects/DiffDrive-ROS/ros_ws/install/my_robot_interfaces/include/my_robot_interfaces/my_robot_interfaces/msg/detail/motor_info__traits.hpp
[5.097s] -- Up-to-date: /home/dpma/projects/DiffDrive-ROS/ros_ws/install/my_robot_interfaces/include/my_robot_interfaces/my_robot_interfaces/msg/detail/cmd_drive_vel__traits.hpp
[5.097s] -- Up-to-date: /home/dpma/projects/DiffDrive-ROS/ros_ws/install/my_robot_interfaces/include/my_robot_interfaces/my_robot_interfaces/msg/rosidl_generator_cpp__visibility_control.hpp
[5.097s] -- Up-to-date: /home/dpma/projects/DiffDrive-ROS/ros_ws/install/my_robot_interfaces/include/my_robot_interfaces/my_robot_interfaces/action
[5.097s] -- Up-to-date: /home/dpma/projects/DiffDrive-ROS/ros_ws/install/my_robot_interfaces/include/my_robot_interfaces/my_robot_interfaces/action/detail
[5.098s] -- Up-to-date: /home/dpma/projects/DiffDrive-ROS/ros_ws/install/my_robot_interfaces/include/my_robot_interfaces/my_robot_interfaces/action/detail/move_to__struct.hpp
[5.098s] -- Up-to-date: /home/dpma/projects/DiffDrive-ROS/ros_ws/install/my_robot_interfaces/include/my_robot_interfaces/my_robot_interfaces/action/detail/move_to__type_support.hpp
[5.098s] -- Up-to-date: /home/dpma/projects/DiffDrive-ROS/ros_ws/install/my_robot_interfaces/include/my_robot_interfaces/my_robot_interfaces/action/detail/move_to__builder.hpp
[5.098s] -- Up-to-date: /home/dpma/projects/DiffDrive-ROS/ros_ws/install/my_robot_interfaces/include/my_robot_interfaces/my_robot_interfaces/action/detail/move_to__traits.hpp
[5.098s] -- Up-to-date: /home/dpma/projects/DiffDrive-ROS/ros_ws/install/my_robot_interfaces/include/my_robot_interfaces/my_robot_interfaces/action/move_to.hpp
[5.098s] -- Up-to-date: /home/dpma/projects/DiffDrive-ROS/ros_ws/install/my_robot_interfaces/include/my_robot_interfaces/my_robot_interfaces
[5.098s] -- Up-to-date: /home/dpma/projects/DiffDrive-ROS/ros_ws/install/my_robot_interfaces/include/my_robot_interfaces/my_robot_interfaces/msg
[5.099s] -- Up-to-date: /home/dpma/projects/DiffDrive-ROS/ros_ws/install/my_robot_interfaces/include/my_robot_interfaces/my_robot_interfaces/msg/detail
[5.099s] -- Up-to-date: /home/dpma/projects/DiffDrive-ROS/ros_ws/install/my_robot_interfaces/include/my_robot_interfaces/my_robot_interfaces/msg/detail/dds_fastrtps
[5.099s] -- Up-to-date: /home/dpma/projects/DiffDrive-ROS/ros_ws/install/my_robot_interfaces/include/my_robot_interfaces/my_robot_interfaces/msg/detail/motor_info__rosidl_typesupport_fastrtps_cpp.hpp
[5.099s] -- Up-to-date: /home/dpma/projects/DiffDrive-ROS/ros_ws/install/my_robot_interfaces/include/my_robot_interfaces/my_robot_interfaces/msg/detail/cmd_drive_vel__rosidl_typesupport_fastrtps_cpp.hpp
[5.099s] -- Up-to-date: /home/dpma/projects/DiffDrive-ROS/ros_ws/install/my_robot_interfaces/include/my_robot_interfaces/my_robot_interfaces/msg/detail/motor_odom_info__rosidl_typesupport_fastrtps_cpp.hpp
[5.099s] -- Up-to-date: /home/dpma/projects/DiffDrive-ROS/ros_ws/install/my_robot_interfaces/include/my_robot_interfaces/my_robot_interfaces/msg/rosidl_typesupport_fastrtps_cpp__visibility_control.h
[5.099s] -- Up-to-date: /home/dpma/projects/DiffDrive-ROS/ros_ws/install/my_robot_interfaces/include/my_robot_interfaces/my_robot_interfaces/action
[5.099s] -- Up-to-date: /home/dpma/projects/DiffDrive-ROS/ros_ws/install/my_robot_interfaces/include/my_robot_interfaces/my_robot_interfaces/action/detail
[5.100s] -- Up-to-date: /home/dpma/projects/DiffDrive-ROS/ros_ws/install/my_robot_interfaces/include/my_robot_interfaces/my_robot_interfaces/action/detail/dds_fastrtps
[5.100s] -- Up-to-date: /home/dpma/projects/DiffDrive-ROS/ros_ws/install/my_robot_interfaces/include/my_robot_interfaces/my_robot_interfaces/action/detail/move_to__rosidl_typesupport_fastrtps_cpp.hpp
[5.100s] -- Up-to-date: /home/dpma/projects/DiffDrive-ROS/ros_ws/install/my_robot_interfaces/lib/libmy_robot_interfaces__rosidl_typesupport_fastrtps_cpp.so
[5.100s] -- Up-to-date: /home/dpma/projects/DiffDrive-ROS/ros_ws/install/my_robot_interfaces/include/my_robot_interfaces/my_robot_interfaces
[5.100s] -- Up-to-date: /home/dpma/projects/DiffDrive-ROS/ros_ws/install/my_robot_interfaces/include/my_robot_interfaces/my_robot_interfaces/msg
[5.100s] -- Up-to-date: /home/dpma/projects/DiffDrive-ROS/ros_ws/install/my_robot_interfaces/include/my_robot_interfaces/my_robot_interfaces/msg/detail
[5.100s] -- Up-to-date: /home/dpma/projects/DiffDrive-ROS/ros_ws/install/my_robot_interfaces/include/my_robot_interfaces/my_robot_interfaces/msg/detail/motor_odom_info__type_support.cpp
[5.100s] -- Up-to-date: /home/dpma/projects/DiffDrive-ROS/ros_ws/install/my_robot_interfaces/include/my_robot_interfaces/my_robot_interfaces/msg/detail/motor_info__type_support.cpp
[5.100s] -- Up-to-date: /home/dpma/projects/DiffDrive-ROS/ros_ws/install/my_robot_interfaces/include/my_robot_interfaces/my_robot_interfaces/msg/detail/cmd_drive_vel__type_support.cpp
[5.100s] -- Up-to-date: /home/dpma/projects/DiffDrive-ROS/ros_ws/install/my_robot_interfaces/include/my_robot_interfaces/my_robot_interfaces/msg/detail/cmd_drive_vel__rosidl_typesupport_introspection_cpp.hpp
[5.100s] -- Up-to-date: /home/dpma/projects/DiffDrive-ROS/ros_ws/install/my_robot_interfaces/include/my_robot_interfaces/my_robot_interfaces/msg/detail/motor_odom_info__rosidl_typesupport_introspection_cpp.hpp
[5.100s] -- Up-to-date: /home/dpma/projects/DiffDrive-ROS/ros_ws/install/my_robot_interfaces/include/my_robot_interfaces/my_robot_interfaces/msg/detail/motor_info__rosidl_typesupport_introspection_cpp.hpp
[5.100s] -- Up-to-date: /home/dpma/projects/DiffDrive-ROS/ros_ws/install/my_robot_interfaces/include/my_robot_interfaces/my_robot_interfaces/action
[5.101s] -- Up-to-date: /home/dpma/projects/DiffDrive-ROS/ros_ws/install/my_robot_interfaces/include/my_robot_interfaces/my_robot_interfaces/action/detail
[5.101s] -- Up-to-date: /home/dpma/projects/DiffDrive-ROS/ros_ws/install/my_robot_interfaces/include/my_robot_interfaces/my_robot_interfaces/action/detail/move_to__rosidl_typesupport_introspection_cpp.hpp
[5.101s] -- Up-to-date: /home/dpma/projects/DiffDrive-ROS/ros_ws/install/my_robot_interfaces/include/my_robot_interfaces/my_robot_interfaces/action/detail/move_to__type_support.cpp
[5.101s] -- Up-to-date: /home/dpma/projects/DiffDrive-ROS/ros_ws/install/my_robot_interfaces/lib/libmy_robot_interfaces__rosidl_typesupport_introspection_cpp.so
[5.101s] -- Up-to-date: /home/dpma/projects/DiffDrive-ROS/ros_ws/install/my_robot_interfaces/lib/libmy_robot_interfaces__rosidl_typesupport_cpp.so
[5.101s] -- Up-to-date: /home/dpma/projects/DiffDrive-ROS/ros_ws/install/my_robot_interfaces/share/my_robot_interfaces/environment/pythonpath.sh
[5.101s] -- Up-to-date: /home/dpma/projects/DiffDrive-ROS/ros_ws/install/my_robot_interfaces/share/my_robot_interfaces/environment/pythonpath.dsv
[5.101s] -- Up-to-date: /home/dpma/projects/DiffDrive-ROS/ros_ws/install/my_robot_interfaces/lib/python3.12/site-packages/my_robot_interfaces-0.0.0-py3.12.egg-info
[5.101s] -- Installing: /home/dpma/projects/DiffDrive-ROS/ros_ws/install/my_robot_interfaces/lib/python3.12/site-packages/my_robot_interfaces-0.0.0-py3.12.egg-info/top_level.txt
[5.101s] -- Installing: /home/dpma/projects/DiffDrive-ROS/ros_ws/install/my_robot_interfaces/lib/python3.12/site-packages/my_robot_interfaces-0.0.0-py3.12.egg-info/PKG-INFO
[5.101s] -- Installing: /home/dpma/projects/DiffDrive-ROS/ros_ws/install/my_robot_interfaces/lib/python3.12/site-packages/my_robot_interfaces-0.0.0-py3.12.egg-info/SOURCES.txt
[5.101s] -- Installing: /home/dpma/projects/DiffDrive-ROS/ros_ws/install/my_robot_interfaces/lib/python3.12/site-packages/my_robot_interfaces-0.0.0-py3.12.egg-info/dependency_links.txt
[5.101s] -- Up-to-date: /home/dpma/projects/DiffDrive-ROS/ros_ws/install/my_robot_interfaces/lib/python3.12/site-packages/my_robot_interfaces
[5.102s] -- Up-to-date: /home/dpma/projects/DiffDrive-ROS/ros_ws/install/my_robot_interfaces/lib/python3.12/site-packages/my_robot_interfaces/msg
[5.102s] -- Up-to-date: /home/dpma/projects/DiffDrive-ROS/ros_ws/install/my_robot_interfaces/lib/python3.12/site-packages/my_robot_interfaces/msg/_motor_info.py
[5.102s] -- Up-to-date: /home/dpma/projects/DiffDrive-ROS/ros_ws/install/my_robot_interfaces/lib/python3.12/site-packages/my_robot_interfaces/msg/_cmd_drive_vel_s.c
[5.102s] -- Up-to-date: /home/dpma/projects/DiffDrive-ROS/ros_ws/install/my_robot_interfaces/lib/python3.12/site-packages/my_robot_interfaces/msg/_motor_odom_info_s.c
[5.102s] -- Up-to-date: /home/dpma/projects/DiffDrive-ROS/ros_ws/install/my_robot_interfaces/lib/python3.12/site-packages/my_robot_interfaces/msg/_cmd_drive_vel.py
[5.102s] -- Up-to-date: /home/dpma/projects/DiffDrive-ROS/ros_ws/install/my_robot_interfaces/lib/python3.12/site-packages/my_robot_interfaces/msg/_motor_odom_info.py
[5.102s] -- Up-to-date: /home/dpma/projects/DiffDrive-ROS/ros_ws/install/my_robot_interfaces/lib/python3.12/site-packages/my_robot_interfaces/msg/__init__.py
[5.102s] -- Up-to-date: /home/dpma/projects/DiffDrive-ROS/ros_ws/install/my_robot_interfaces/lib/python3.12/site-packages/my_robot_interfaces/msg/_motor_info_s.c
[5.102s] -- Up-to-date: /home/dpma/projects/DiffDrive-ROS/ros_ws/install/my_robot_interfaces/lib/python3.12/site-packages/my_robot_interfaces/my_robot_interfaces_s__rosidl_typesupport_c.so
[5.103s] -- Up-to-date: /home/dpma/projects/DiffDrive-ROS/ros_ws/install/my_robot_interfaces/lib/python3.12/site-packages/my_robot_interfaces/_my_robot_interfaces_s.ep.rosidl_typesupport_c.c
[5.103s] -- Up-to-date: /home/dpma/projects/DiffDrive-ROS/ros_ws/install/my_robot_interfaces/lib/python3.12/site-packages/my_robot_interfaces/_my_robot_interfaces_s.ep.rosidl_typesupport_introspection_c.c
[5.103s] -- Up-to-date: /home/dpma/projects/DiffDrive-ROS/ros_ws/install/my_robot_interfaces/lib/python3.12/site-packages/my_robot_interfaces/_my_robot_interfaces_s.ep.rosidl_typesupport_fastrtps_c.c
[5.103s] -- Installing: /home/dpma/projects/DiffDrive-ROS/ros_ws/install/my_robot_interfaces/lib/python3.12/site-packages/my_robot_interfaces/__init__.py
[5.103s] -- Up-to-date: /home/dpma/projects/DiffDrive-ROS/ros_ws/install/my_robot_interfaces/lib/python3.12/site-packages/my_robot_interfaces/my_robot_interfaces_s__rosidl_typesupport_introspection_c.so
[5.103s] -- Up-to-date: /home/dpma/projects/DiffDrive-ROS/ros_ws/install/my_robot_interfaces/lib/python3.12/site-packages/my_robot_interfaces/action
[5.103s] -- Up-to-date: /home/dpma/projects/DiffDrive-ROS/ros_ws/install/my_robot_interfaces/lib/python3.12/site-packages/my_robot_interfaces/action/_move_to.py
[5.103s] -- Up-to-date: /home/dpma/projects/DiffDrive-ROS/ros_ws/install/my_robot_interfaces/lib/python3.12/site-packages/my_robot_interfaces/action/_move_to_s.c
[5.103s] -- Up-to-date: /home/dpma/projects/DiffDrive-ROS/ros_ws/install/my_robot_interfaces/lib/python3.12/site-packages/my_robot_interfaces/action/__init__.py
[5.103s] -- Up-to-date: /home/dpma/projects/DiffDrive-ROS/ros_ws/install/my_robot_interfaces/lib/python3.12/site-packages/my_robot_interfaces/my_robot_interfaces_s__rosidl_typesupport_fastrtps_c.so
[5.139s] Listing '/home/dpma/projects/DiffDrive-ROS/ros_ws/install/my_robot_interfaces/lib/python3.12/site-packages/my_robot_interfaces'...
[5.139s] Compiling '/home/dpma/projects/DiffDrive-ROS/ros_ws/install/my_robot_interfaces/lib/python3.12/site-packages/my_robot_interfaces/__init__.py'...
[5.139s] Listing '/home/dpma/projects/DiffDrive-ROS/ros_ws/install/my_robot_interfaces/lib/python3.12/site-packages/my_robot_interfaces/action'...
[5.139s] Listing '/home/dpma/projects/DiffDrive-ROS/ros_ws/install/my_robot_interfaces/lib/python3.12/site-packages/my_robot_interfaces/msg'...
[5.144s] -- Up-to-date: /home/dpma/projects/DiffDrive-ROS/ros_ws/install/my_robot_interfaces/lib/python3.12/site-packages/my_robot_interfaces/my_robot_interfaces_s__rosidl_typesupport_fastrtps_c.so
[5.145s] -- Up-to-date: /home/dpma/projects/DiffDrive-ROS/ros_ws/install/my_robot_interfaces/lib/python3.12/site-packages/my_robot_interfaces/my_robot_interfaces_s__rosidl_typesupport_introspection_c.so
[5.145s] -- Up-to-date: /home/dpma/projects/DiffDrive-ROS/ros_ws/install/my_robot_interfaces/lib/python3.12/site-packages/my_robot_interfaces/my_robot_interfaces_s__rosidl_typesupport_c.so
[5.146s] -- Up-to-date: /home/dpma/projects/DiffDrive-ROS/ros_ws/install/my_robot_interfaces/lib/libmy_robot_interfaces__rosidl_generator_py.so
[5.146s] -- Up-to-date: /home/dpma/projects/DiffDrive-ROS/ros_ws/install/my_robot_interfaces/share/my_robot_interfaces/msg/CmdDriveVel.idl
[5.146s] -- Up-to-date: /home/dpma/projects/DiffDrive-ROS/ros_ws/install/my_robot_interfaces/share/my_robot_interfaces/msg/MotorInfo.idl
[5.146s] -- Up-to-date: /home/dpma/projects/DiffDrive-ROS/ros_ws/install/my_robot_interfaces/share/my_robot_interfaces/msg/MotorOdomInfo.idl
[5.146s] -- Up-to-date: /home/dpma/projects/DiffDrive-ROS/ros_ws/install/my_robot_interfaces/share/my_robot_interfaces/action/MoveTo.idl
[5.147s] -- Up-to-date: /home/dpma/projects/DiffDrive-ROS/ros_ws/install/my_robot_interfaces/share/my_robot_interfaces/msg/CmdDriveVel.msg
[5.147s] -- Up-to-date: /home/dpma/projects/DiffDrive-ROS/ros_ws/install/my_robot_interfaces/share/my_robot_interfaces/msg/MotorInfo.msg
[5.147s] -- Up-to-date: /home/dpma/projects/DiffDrive-ROS/ros_ws/install/my_robot_interfaces/share/my_robot_interfaces/msg/MotorOdomInfo.msg
[5.147s] -- Up-to-date: /home/dpma/projects/DiffDrive-ROS/ros_ws/install/my_robot_interfaces/share/my_robot_interfaces/action/MoveTo.action
[5.147s] -- Up-to-date: /home/dpma/projects/DiffDrive-ROS/ros_ws/install/my_robot_interfaces/share/ament_index/resource_index/package_run_dependencies/my_robot_interfaces
[5.147s] -- Up-to-date: /home/dpma/projects/DiffDrive-ROS/ros_ws/install/my_robot_interfaces/share/ament_index/resource_index/parent_prefix_path/my_robot_interfaces
[5.147s] -- Up-to-date: /home/dpma/projects/DiffDrive-ROS/ros_ws/install/my_robot_interfaces/share/my_robot_interfaces/environment/ament_prefix_path.sh
[5.147s] -- Up-to-date: /home/dpma/projects/DiffDrive-ROS/ros_ws/install/my_robot_interfaces/share/my_robot_interfaces/environment/ament_prefix_path.dsv
[5.147s] -- Up-to-date: /home/dpma/projects/DiffDrive-ROS/ros_ws/install/my_robot_interfaces/share/my_robot_interfaces/environment/path.sh
[5.148s] -- Up-to-date: /home/dpma/projects/DiffDrive-ROS/ros_ws/install/my_robot_interfaces/share/my_robot_interfaces/environment/path.dsv
[5.148s] -- Up-to-date: /home/dpma/projects/DiffDrive-ROS/ros_ws/install/my_robot_interfaces/share/my_robot_interfaces/local_setup.bash
[5.148s] -- Up-to-date: /home/dpma/projects/DiffDrive-ROS/ros_ws/install/my_robot_interfaces/share/my_robot_interfaces/local_setup.sh
[5.148s] -- Up-to-date: /home/dpma/projects/DiffDrive-ROS/ros_ws/install/my_robot_interfaces/share/my_robot_interfaces/local_setup.zsh
[5.148s] -- Up-to-date: /home/dpma/projects/DiffDrive-ROS/ros_ws/install/my_robot_interfaces/share/my_robot_interfaces/local_setup.dsv
[5.148s] -- Installing: /home/dpma/projects/DiffDrive-ROS/ros_ws/install/my_robot_interfaces/share/my_robot_interfaces/package.dsv
[5.148s] -- Up-to-date: /home/dpma/projects/DiffDrive-ROS/ros_ws/install/my_robot_interfaces/share/ament_index/resource_index/packages/my_robot_interfaces
[5.148s] -- Up-to-date: /home/dpma/projects/DiffDrive-ROS/ros_ws/install/my_robot_interfaces/share/my_robot_interfaces/cmake/export_my_robot_interfaces__rosidl_generator_cExport.cmake
[5.149s] -- Up-to-date: /home/dpma/projects/DiffDrive-ROS/ros_ws/install/my_robot_interfaces/share/my_robot_interfaces/cmake/export_my_robot_interfaces__rosidl_generator_cExport-noconfig.cmake
[5.149s] -- Up-to-date: /home/dpma/projects/DiffDrive-ROS/ros_ws/install/my_robot_interfaces/share/my_robot_interfaces/cmake/export_my_robot_interfaces__rosidl_typesupport_fastrtps_cExport.cmake
[5.149s] -- Up-to-date: /home/dpma/projects/DiffDrive-ROS/ros_ws/install/my_robot_interfaces/share/my_robot_interfaces/cmake/export_my_robot_interfaces__rosidl_typesupport_fastrtps_cExport-noconfig.cmake
[5.149s] -- Up-to-date: /home/dpma/projects/DiffDrive-ROS/ros_ws/install/my_robot_interfaces/share/my_robot_interfaces/cmake/my_robot_interfaces__rosidl_typesupport_introspection_cExport.cmake
[5.149s] -- Up-to-date: /home/dpma/projects/DiffDrive-ROS/ros_ws/install/my_robot_interfaces/share/my_robot_interfaces/cmake/my_robot_interfaces__rosidl_typesupport_introspection_cExport-noconfig.cmake
[5.149s] -- Up-to-date: /home/dpma/projects/DiffDrive-ROS/ros_ws/install/my_robot_interfaces/share/my_robot_interfaces/cmake/my_robot_interfaces__rosidl_typesupport_cExport.cmake
[5.149s] -- Up-to-date: /home/dpma/projects/DiffDrive-ROS/ros_ws/install/my_robot_interfaces/share/my_robot_interfaces/cmake/my_robot_interfaces__rosidl_typesupport_cExport-noconfig.cmake
[5.149s] -- Up-to-date: /home/dpma/projects/DiffDrive-ROS/ros_ws/install/my_robot_interfaces/share/my_robot_interfaces/cmake/export_my_robot_interfaces__rosidl_generator_cppExport.cmake
[5.149s] -- Up-to-date: /home/dpma/projects/DiffDrive-ROS/ros_ws/install/my_robot_interfaces/share/my_robot_interfaces/cmake/export_my_robot_interfaces__rosidl_typesupport_fastrtps_cppExport.cmake
[5.150s] -- Up-to-date: /home/dpma/projects/DiffDrive-ROS/ros_ws/install/my_robot_interfaces/share/my_robot_interfaces/cmake/export_my_robot_interfaces__rosidl_typesupport_fastrtps_cppExport-noconfig.cmake
[5.150s] -- Up-to-date: /home/dpma/projects/DiffDrive-ROS/ros_ws/install/my_robot_interfaces/share/my_robot_interfaces/cmake/my_robot_interfaces__rosidl_typesupport_introspection_cppExport.cmake
[5.150s] -- Up-to-date: /home/dpma/projects/DiffDrive-ROS/ros_ws/install/my_robot_interfaces/share/my_robot_interfaces/cmake/my_robot_interfaces__rosidl_typesupport_introspection_cppExport-noconfig.cmake
[5.150s] -- Up-to-date: /home/dpma/projects/DiffDrive-ROS/ros_ws/install/my_robot_interfaces/share/my_robot_interfaces/cmake/my_robot_interfaces__rosidl_typesupport_cppExport.cmake
[5.150s] -- Up-to-date: /home/dpma/projects/DiffDrive-ROS/ros_ws/install/my_robot_interfaces/share/my_robot_interfaces/cmake/my_robot_interfaces__rosidl_typesupport_cppExport-noconfig.cmake
[5.150s] -- Up-to-date: /home/dpma/projects/DiffDrive-ROS/ros_ws/install/my_robot_interfaces/share/my_robot_interfaces/cmake/export_my_robot_interfaces__rosidl_generator_pyExport.cmake
[5.150s] -- Up-to-date: /home/dpma/projects/DiffDrive-ROS/ros_ws/install/my_robot_interfaces/share/my_robot_interfaces/cmake/export_my_robot_interfaces__rosidl_generator_pyExport-noconfig.cmake
[5.150s] -- Up-to-date: /home/dpma/projects/DiffDrive-ROS/ros_ws/install/my_robot_interfaces/share/my_robot_interfaces/cmake/rosidl_cmake-extras.cmake
[5.150s] -- Up-to-date: /home/dpma/projects/DiffDrive-ROS/ros_ws/install/my_robot_interfaces/share/my_robot_interfaces/cmake/ament_cmake_export_dependencies-extras.cmake
[5.151s] -- Up-to-date: /home/dpma/projects/DiffDrive-ROS/ros_ws/install/my_robot_interfaces/share/my_robot_interfaces/cmake/ament_cmake_export_include_directories-extras.cmake
[5.151s] -- Up-to-date: /home/dpma/projects/DiffDrive-ROS/ros_ws/install/my_robot_interfaces/share/my_robot_interfaces/cmake/ament_cmake_export_libraries-extras.cmake
[5.151s] -- Up-to-date: /home/dpma/projects/DiffDrive-ROS/ros_ws/install/my_robot_interfaces/share/my_robot_interfaces/cmake/ament_cmake_export_targets-extras.cmake
[5.151s] -- Up-to-date: /home/dpma/projects/DiffDrive-ROS/ros_ws/install/my_robot_interfaces/share/my_robot_interfaces/cmake/rosidl_cmake_export_typesupport_targets-extras.cmake
[5.151s] -- Up-to-date: /home/dpma/projects/DiffDrive-ROS/ros_ws/install/my_robot_interfaces/share/my_robot_interfaces/cmake/rosidl_cmake_export_typesupport_libraries-extras.cmake
[5.151s] -- Up-to-date: /home/dpma/projects/DiffDrive-ROS/ros_ws/install/my_robot_interfaces/share/my_robot_interfaces/cmake/my_robot_interfacesConfig.cmake
[5.151s] -- Up-to-date: /home/dpma/projects/DiffDrive-ROS/ros_ws/install/my_robot_interfaces/share/my_robot_interfaces/cmake/my_robot_interfacesConfig-version.cmake
[5.151s] -- Up-to-date: /home/dpma/projects/DiffDrive-ROS/ros_ws/install/my_robot_interfaces/share/my_robot_interfaces/package.xml
[5.154s] Invoked command in '/home/dpma/projects/DiffDrive-ROS/ros_ws/build/my_robot_interfaces' returned '0': CMAKE_PREFIX_PATH=${CMAKE_PREFIX_PATH}:/home/dpma/projects/DiffDrive-ROS/ros_ws/install/my_py_pkg:/opt/ros/jazzy DEBUGINFOD_URLS=https://debuginfod.ubuntu.com /usr/bin/cmake --install /home/dpma/projects/DiffDrive-ROS/ros_ws/build/my_robot_interfaces
