[0.028s] Invoking command in '/home/dpma/projects/DiffDrive-ROS/ros_ws/build/serial': DEBUGINFOD_URLS=https://debuginfod.ubuntu.com /usr/bin/cmake /home/dpma/projects/DiffDrive-ROS/ros_ws/src/serial -DCATKIN_INSTALL_INTO_PREFIX_ROOT=0 -DCMAKE_INSTALL_PREFIX=/home/dpma/projects/DiffDrive-ROS/ros_ws/install/serial
[0.117s] -- The C compiler identification is GNU 13.3.0
[0.182s] -- The CXX compiler identification is GNU 13.3.0
[0.204s] -- Detecting C compiler ABI info
[0.315s] -- Detecting C compiler ABI info - done
[0.326s] -- Check for working C compiler: /usr/bin/cc - skipped
[0.326s] -- Detecting C compile features
[0.327s] -- Detecting C compile features - done
[0.339s] -- Detecting CXX compiler ABI info
[0.469s] -- Detecting CXX compiler ABI info - done
[0.480s] -- Check for working CXX compiler: /usr/bin/c++ - skipped
[0.480s] -- Detecting CXX compile features
[0.480s] -- Detecting CXX compile features - done
[0.481s] -- Configuring done (0.4s)
[0.486s] -- Generating done (0.0s)
[0.487s] [33mCMake Warning:
[0.487s]   Manually-specified variables were not used by the project:
[0.488s] 
[0.488s]     CATKIN_INSTALL_INTO_PREFIX_ROOT
[0.488s] 
[0.488s] [0m
[0.488s] -- Build files have been written to: /home/dpma/projects/DiffDrive-ROS/ros_ws/build/serial
[0.493s] Invoked command in '/home/dpma/projects/DiffDrive-ROS/ros_ws/build/serial' returned '0': DEBUGINFOD_URLS=https://debuginfod.ubuntu.com /usr/bin/cmake /home/dpma/projects/DiffDrive-ROS/ros_ws/src/serial -DCATKIN_INSTALL_INTO_PREFIX_ROOT=0 -DCMAKE_INSTALL_PREFIX=/home/dpma/projects/DiffDrive-ROS/ros_ws/install/serial
[0.495s] Invoking command in '/home/dpma/projects/DiffDrive-ROS/ros_ws/build/serial': DEBUGINFOD_URLS=https://debuginfod.ubuntu.com /usr/bin/cmake --build /home/dpma/projects/DiffDrive-ROS/ros_ws/build/serial -- -j8 -l8
[0.560s] [ 66%] Built target serial
[0.591s] [100%] Built target serial_example
[0.608s] Invoked command in '/home/dpma/projects/DiffDrive-ROS/ros_ws/build/serial' returned '0': DEBUGINFOD_URLS=https://debuginfod.ubuntu.com /usr/bin/cmake --build /home/dpma/projects/DiffDrive-ROS/ros_ws/build/serial -- -j8 -l8
[0.623s] Invoking command in '/home/dpma/projects/DiffDrive-ROS/ros_ws/build/serial': DEBUGINFOD_URLS=https://debuginfod.ubuntu.com /usr/bin/cmake --install /home/dpma/projects/DiffDrive-ROS/ros_ws/build/serial
[0.636s] -- Install configuration: ""
[0.636s] -- Up-to-date: /home/dpma/projects/DiffDrive-ROS/ros_ws/install/serial/lib/libserial.a
[0.636s] -- Up-to-date: /home/dpma/projects/DiffDrive-ROS/ros_ws/install/serial/include/serial
[0.636s] -- Up-to-date: /home/dpma/projects/DiffDrive-ROS/ros_ws/install/serial/include/serial/impl
[0.636s] -- Up-to-date: /home/dpma/projects/DiffDrive-ROS/ros_ws/install/serial/include/serial/impl/win.h
[0.637s] -- Up-to-date: /home/dpma/projects/DiffDrive-ROS/ros_ws/install/serial/include/serial/impl/unix.h
[0.637s] -- Up-to-date: /home/dpma/projects/DiffDrive-ROS/ros_ws/install/serial/include/serial/serial.h
[0.637s] -- Up-to-date: /home/dpma/projects/DiffDrive-ROS/ros_ws/install/serial/include/serial/v8stdint.h
[0.638s] Invoked command in '/home/dpma/projects/DiffDrive-ROS/ros_ws/build/serial' returned '0': DEBUGINFOD_URLS=https://debuginfod.ubuntu.com /usr/bin/cmake --install /home/dpma/projects/DiffDrive-ROS/ros_ws/build/serial
