[0.031s] Invoking command in '/home/dpma/projects/DiffDrive-ROS/ros_ws/build/serial': DEBUGINFOD_URLS=https://debuginfod.ubuntu.com /usr/bin/cmake /home/dpma/projects/DiffDrive-ROS/ros_ws/src/serial -DCATKIN_INSTALL_INTO_PREFIX_ROOT=0 -DCMAKE_INSTALL_PREFIX=/home/dpma/projects/DiffDrive-ROS/ros_ws/install/serial
[0.117s] -- The C compiler identification is GNU 13.3.0
[0.210s] -- The CXX compiler identification is GNU 13.3.0
[0.235s] -- Detecting C compiler ABI info
[0.351s] -- Detecting C compiler ABI info - done
[0.364s] -- Check for working C compiler: /usr/bin/cc - skipped
[0.364s] -- Detecting C compile features
[0.365s] -- Detecting C compile features - done
[0.376s] -- Detecting CXX compiler ABI info
[0.504s] -- Detecting CXX compiler ABI info - done
[0.517s] -- Check for working CXX compiler: /usr/bin/c++ - skipped
[0.517s] -- Detecting CXX compile features
[0.518s] -- Detecting CXX compile features - done
[0.519s] -- Configuring done (0.5s)
[0.525s] -- Generating done (0.0s)
[0.526s] [33mCMake Warning:
[0.526s]   Manually-specified variables were not used by the project:
[0.526s] 
[0.526s]     CATKIN_INSTALL_INTO_PREFIX_ROOT
[0.526s] 
[0.527s] [0m
[0.527s] -- Build files have been written to: /home/dpma/projects/DiffDrive-ROS/ros_ws/build/serial
[0.532s] Invoked command in '/home/dpma/projects/DiffDrive-ROS/ros_ws/build/serial' returned '0': DEBUGINFOD_URLS=https://debuginfod.ubuntu.com /usr/bin/cmake /home/dpma/projects/DiffDrive-ROS/ros_ws/src/serial -DCATKIN_INSTALL_INTO_PREFIX_ROOT=0 -DCMAKE_INSTALL_PREFIX=/home/dpma/projects/DiffDrive-ROS/ros_ws/install/serial
[0.533s] Invoking command in '/home/dpma/projects/DiffDrive-ROS/ros_ws/build/serial': DEBUGINFOD_URLS=https://debuginfod.ubuntu.com /usr/bin/cmake --build /home/dpma/projects/DiffDrive-ROS/ros_ws/build/serial -- -j8 -l8
[0.626s] [ 66%] Built target serial
[0.654s] [100%] Built target serial_example
[0.671s] Invoked command in '/home/dpma/projects/DiffDrive-ROS/ros_ws/build/serial' returned '0': DEBUGINFOD_URLS=https://debuginfod.ubuntu.com /usr/bin/cmake --build /home/dpma/projects/DiffDrive-ROS/ros_ws/build/serial -- -j8 -l8
[0.682s] Invoking command in '/home/dpma/projects/DiffDrive-ROS/ros_ws/build/serial': DEBUGINFOD_URLS=https://debuginfod.ubuntu.com /usr/bin/cmake --install /home/dpma/projects/DiffDrive-ROS/ros_ws/build/serial
[0.694s] -- Install configuration: ""
[0.694s] -- Up-to-date: /home/dpma/projects/DiffDrive-ROS/ros_ws/install/serial/lib/libserial.a
[0.694s] -- Up-to-date: /home/dpma/projects/DiffDrive-ROS/ros_ws/install/serial/include/serial
[0.694s] -- Up-to-date: /home/dpma/projects/DiffDrive-ROS/ros_ws/install/serial/include/serial/impl
[0.695s] -- Up-to-date: /home/dpma/projects/DiffDrive-ROS/ros_ws/install/serial/include/serial/impl/win.h
[0.695s] -- Up-to-date: /home/dpma/projects/DiffDrive-ROS/ros_ws/install/serial/include/serial/impl/unix.h
[0.695s] -- Up-to-date: /home/dpma/projects/DiffDrive-ROS/ros_ws/install/serial/include/serial/serial.h
[0.695s] -- Up-to-date: /home/dpma/projects/DiffDrive-ROS/ros_ws/install/serial/include/serial/v8stdint.h
[0.699s] Invoked command in '/home/dpma/projects/DiffDrive-ROS/ros_ws/build/serial' returned '0': DEBUGINFOD_URLS=https://debuginfod.ubuntu.com /usr/bin/cmake --install /home/dpma/projects/DiffDrive-ROS/ros_ws/build/serial
