[0.023s] Invoking command in '/home/dpma/projects/DiffDrive-ROS/ros_ws/build/my_robot_description': CMAKE_PREFIX_PATH=${CMAKE_PREFIX_PATH}:/home/dpma/projects/DiffDrive-ROS/ros_ws/install/my_py_pkg:/opt/ros/jazzy DEBUGINFOD_URLS=https://debuginfod.ubuntu.com /usr/bin/cmake /home/dpma/projects/DiffDrive-ROS/ros_ws/src/my_robot_description -DCMAKE_INSTALL_PREFIX=/home/dpma/projects/DiffDrive-ROS/ros_ws/install/my_robot_description
[0.103s] -- The C compiler identification is GNU 13.3.0
[0.191s] -- The CXX compiler identification is GNU 13.3.0
[0.212s] -- Detecting C compiler ABI info
[0.336s] -- Detecting C compiler ABI info - done
[0.355s] -- Check for working C compiler: /usr/bin/cc - skipped
[0.355s] -- Detecting C compile features
[0.356s] -- Detecting C compile features - done
[0.370s] -- Detecting CXX compiler ABI info
[0.511s] -- Detecting CXX compiler ABI info - done
[0.533s] -- Check for working CXX compiler: /usr/bin/c++ - skipped
[0.533s] -- Detecting CXX compile features
[0.534s] -- Detecting CXX compile features - done
[0.545s] -- Found ament_cmake: 2.5.4 (/opt/ros/jazzy/share/ament_cmake/cmake)
[0.767s] -- Found Python3: /usr/bin/python3 (found version "3.12.3") found components: Interpreter 
[1.207s] -- Configuring done (1.2s)
[1.210s] -- Generating done (0.0s)
[1.213s] -- Build files have been written to: /home/dpma/projects/DiffDrive-ROS/ros_ws/build/my_robot_description
[1.219s] Invoked command in '/home/dpma/projects/DiffDrive-ROS/ros_ws/build/my_robot_description' returned '0': CMAKE_PREFIX_PATH=${CMAKE_PREFIX_PATH}:/home/dpma/projects/DiffDrive-ROS/ros_ws/install/my_py_pkg:/opt/ros/jazzy DEBUGINFOD_URLS=https://debuginfod.ubuntu.com /usr/bin/cmake /home/dpma/projects/DiffDrive-ROS/ros_ws/src/my_robot_description -DCMAKE_INSTALL_PREFIX=/home/dpma/projects/DiffDrive-ROS/ros_ws/install/my_robot_description
[1.220s] Invoking command in '/home/dpma/projects/DiffDrive-ROS/ros_ws/build/my_robot_description': CMAKE_PREFIX_PATH=${CMAKE_PREFIX_PATH}:/home/dpma/projects/DiffDrive-ROS/ros_ws/install/my_py_pkg:/opt/ros/jazzy DEBUGINFOD_URLS=https://debuginfod.ubuntu.com /usr/bin/cmake --build /home/dpma/projects/DiffDrive-ROS/ros_ws/build/my_robot_description -- -j8 -l8
[1.269s] Invoked command in '/home/dpma/projects/DiffDrive-ROS/ros_ws/build/my_robot_description' returned '0': CMAKE_PREFIX_PATH=${CMAKE_PREFIX_PATH}:/home/dpma/projects/DiffDrive-ROS/ros_ws/install/my_py_pkg:/opt/ros/jazzy DEBUGINFOD_URLS=https://debuginfod.ubuntu.com /usr/bin/cmake --build /home/dpma/projects/DiffDrive-ROS/ros_ws/build/my_robot_description -- -j8 -l8
[1.271s] Invoking command in '/home/dpma/projects/DiffDrive-ROS/ros_ws/build/my_robot_description': CMAKE_PREFIX_PATH=${CMAKE_PREFIX_PATH}:/home/dpma/projects/DiffDrive-ROS/ros_ws/install/my_py_pkg:/opt/ros/jazzy DEBUGINFOD_URLS=https://debuginfod.ubuntu.com /usr/bin/cmake --install /home/dpma/projects/DiffDrive-ROS/ros_ws/build/my_robot_description
[1.279s] -- Install configuration: ""
[1.279s] -- Up-to-date: /home/dpma/projects/DiffDrive-ROS/ros_ws/install/my_robot_description/share/my_robot_description//urdf
[1.280s] -- Up-to-date: /home/dpma/projects/DiffDrive-ROS/ros_ws/install/my_robot_description/share/my_robot_description//urdf/mobile_base.xacro
[1.280s] -- Up-to-date: /home/dpma/projects/DiffDrive-ROS/ros_ws/install/my_robot_description/share/my_robot_description//urdf/common_properties.xacro
[1.280s] -- Up-to-date: /home/dpma/projects/DiffDrive-ROS/ros_ws/install/my_robot_description/share/my_robot_description//urdf/my_robot.urdf.xacro
[1.280s] -- Up-to-date: /home/dpma/projects/DiffDrive-ROS/ros_ws/install/my_robot_description/share/my_robot_description//urdf/lidar.xacro
[1.280s] -- Up-to-date: /home/dpma/projects/DiffDrive-ROS/ros_ws/install/my_robot_description/share/my_robot_description//launch
[1.280s] -- Up-to-date: /home/dpma/projects/DiffDrive-ROS/ros_ws/install/my_robot_description/share/my_robot_description//launch/display.launch.xml
[1.281s] -- Up-to-date: /home/dpma/projects/DiffDrive-ROS/ros_ws/install/my_robot_description/share/my_robot_description//rviz
[1.281s] -- Up-to-date: /home/dpma/projects/DiffDrive-ROS/ros_ws/install/my_robot_description/share/my_robot_description//rviz/urdf_config.rviz
[1.281s] -- Up-to-date: /home/dpma/projects/DiffDrive-ROS/ros_ws/install/my_robot_description/share/my_robot_description//rviz/urdf_config_.rviz
[1.281s] -- Up-to-date: /home/dpma/projects/DiffDrive-ROS/ros_ws/install/my_robot_description/share/ament_index/resource_index/package_run_dependencies/my_robot_description
[1.281s] -- Up-to-date: /home/dpma/projects/DiffDrive-ROS/ros_ws/install/my_robot_description/share/ament_index/resource_index/parent_prefix_path/my_robot_description
[1.281s] -- Up-to-date: /home/dpma/projects/DiffDrive-ROS/ros_ws/install/my_robot_description/share/my_robot_description/environment/ament_prefix_path.sh
[1.281s] -- Up-to-date: /home/dpma/projects/DiffDrive-ROS/ros_ws/install/my_robot_description/share/my_robot_description/environment/ament_prefix_path.dsv
[1.282s] -- Up-to-date: /home/dpma/projects/DiffDrive-ROS/ros_ws/install/my_robot_description/share/my_robot_description/environment/path.sh
[1.282s] -- Up-to-date: /home/dpma/projects/DiffDrive-ROS/ros_ws/install/my_robot_description/share/my_robot_description/environment/path.dsv
[1.282s] -- Up-to-date: /home/dpma/projects/DiffDrive-ROS/ros_ws/install/my_robot_description/share/my_robot_description/local_setup.bash
[1.282s] -- Up-to-date: /home/dpma/projects/DiffDrive-ROS/ros_ws/install/my_robot_description/share/my_robot_description/local_setup.sh
[1.282s] -- Up-to-date: /home/dpma/projects/DiffDrive-ROS/ros_ws/install/my_robot_description/share/my_robot_description/local_setup.zsh
[1.282s] -- Up-to-date: /home/dpma/projects/DiffDrive-ROS/ros_ws/install/my_robot_description/share/my_robot_description/local_setup.dsv
[1.282s] -- Installing: /home/dpma/projects/DiffDrive-ROS/ros_ws/install/my_robot_description/share/my_robot_description/package.dsv
[1.282s] -- Up-to-date: /home/dpma/projects/DiffDrive-ROS/ros_ws/install/my_robot_description/share/ament_index/resource_index/packages/my_robot_description
[1.282s] -- Up-to-date: /home/dpma/projects/DiffDrive-ROS/ros_ws/install/my_robot_description/share/my_robot_description/cmake/my_robot_descriptionConfig.cmake
[1.283s] -- Up-to-date: /home/dpma/projects/DiffDrive-ROS/ros_ws/install/my_robot_description/share/my_robot_description/cmake/my_robot_descriptionConfig-version.cmake
[1.283s] -- Up-to-date: /home/dpma/projects/DiffDrive-ROS/ros_ws/install/my_robot_description/share/my_robot_description/package.xml
[1.283s] Invoked command in '/home/dpma/projects/DiffDrive-ROS/ros_ws/build/my_robot_description' returned '0': CMAKE_PREFIX_PATH=${CMAKE_PREFIX_PATH}:/home/dpma/projects/DiffDrive-ROS/ros_ws/install/my_py_pkg:/opt/ros/jazzy DEBUGINFOD_URLS=https://debuginfod.ubuntu.com /usr/bin/cmake --install /home/dpma/projects/DiffDrive-ROS/ros_ws/build/my_robot_description
