-- The C compiler identification is GNU 13.3.0
-- The CXX compiler identification is GNU 13.3.0
-- Detecting C compiler ABI info
-- Detecting C compiler ABI info - done
-- Check for working C compiler: /usr/bin/cc - skipped
-- Detecting C compile features
-- Detecting C compile features - done
-- Detecting CXX compiler ABI info
-- Detecting CXX compiler ABI info - done
-- Check for working CXX compiler: /usr/bin/c++ - skipped
-- Detecting CXX compile features
-- Detecting CXX compile features - done
-- Configuring done (20.1s)
-- Generating done (0.0s)
[33mCMake Warning:
  Manually-specified variables were not used by the project:

    CATKIN_INSTALL_INTO_PREFIX_ROOT

[0m
-- Build files have been written to: /home/dpma/projects/DiffDrive-ROS/ros_ws/build/serial
[ 16%] [32mBuilding CXX object CMakeFiles/serial.dir/src/serial.cc.o[0m
[ 33%] [32mBuilding CXX object CMakeFiles/serial.dir/src/impl/list_ports/list_ports_linux.cc.o[0m
[ 50%] [32mBuilding CXX object CMakeFiles/serial.dir/src/impl/unix.cc.o[0m
[ 66%] [32m[1mLinking CXX static library libserial.a[0m
[ 66%] Built target serial
[ 83%] [32mBuilding CXX object CMakeFiles/serial_example.dir/examples/serial_example.cc.o[0m
[100%] [32m[1mLinking CXX executable serial_example[0m
[100%] Built target serial_example
-- Install configuration: ""
-- Installing: /home/dpma/projects/DiffDrive-ROS/ros_ws/install/serial/lib/libserial.a
-- Installing: /home/dpma/projects/DiffDrive-ROS/ros_ws/install/serial/include/serial
-- Installing: /home/dpma/projects/DiffDrive-ROS/ros_ws/install/serial/include/serial/impl
-- Installing: /home/dpma/projects/DiffDrive-ROS/ros_ws/install/serial/include/serial/impl/win.h
-- Installing: /home/dpma/projects/DiffDrive-ROS/ros_ws/install/serial/include/serial/impl/unix.h
-- Installing: /home/dpma/projects/DiffDrive-ROS/ros_ws/install/serial/include/serial/serial.h
-- Installing: /home/dpma/projects/DiffDrive-ROS/ros_ws/install/serial/include/serial/v8stdint.h
