[0.032s] Invoking command in '/home/dpma/projects/DiffDrive-ROS/ros_ws/build/serial': DEBUGINFOD_URLS=https://debuginfod.ubuntu.com /usr/bin/cmake /home/dpma/projects/DiffDrive-ROS/ros_ws/src/serial -DCATKIN_INSTALL_INTO_PREFIX_ROOT=0 -DCMAKE_INSTALL_PREFIX=/home/dpma/projects/DiffDrive-ROS/ros_ws/install/serial
[8.086s] -- The C compiler identification is GNU 13.3.0
[15.725s] -- The CXX compiler identification is GNU 13.3.0
[16.953s] -- Detecting C compiler ABI info
[18.916s] -- Detecting C compiler ABI info - done
[18.929s] -- Check for working C compiler: /usr/bin/cc - skipped
[18.930s] -- Detecting C compile features
[19.005s] -- Detecting C compile features - done
[19.428s] -- Detecting CXX compiler ABI info
[20.099s] -- Detecting CXX compiler ABI info - done
[20.116s] -- Check for working CXX compiler: /usr/bin/c++ - skipped
[20.116s] -- Detecting CXX compile features
[20.117s] -- Detecting CXX compile features - done
[20.119s] -- Configuring done (20.1s)
[20.169s] -- Generating done (0.0s)
[20.172s] [33mCMake Warning:
[20.172s]   Manually-specified variables were not used by the project:
[20.173s] 
[20.173s]     CATKIN_INSTALL_INTO_PREFIX_ROOT
[20.173s] 
[20.174s] [0m
[20.322s] -- Build files have been written to: /home/dpma/projects/DiffDrive-ROS/ros_ws/build/serial
[20.336s] Invoked command in '/home/dpma/projects/DiffDrive-ROS/ros_ws/build/serial' returned '0': DEBUGINFOD_URLS=https://debuginfod.ubuntu.com /usr/bin/cmake /home/dpma/projects/DiffDrive-ROS/ros_ws/src/serial -DCATKIN_INSTALL_INTO_PREFIX_ROOT=0 -DCMAKE_INSTALL_PREFIX=/home/dpma/projects/DiffDrive-ROS/ros_ws/install/serial
[20.341s] Invoking command in '/home/dpma/projects/DiffDrive-ROS/ros_ws/build/serial': DEBUGINFOD_URLS=https://debuginfod.ubuntu.com /usr/bin/cmake --build /home/dpma/projects/DiffDrive-ROS/ros_ws/build/serial -- -j8 -l8
[20.561s] [ 16%] [32mBuilding CXX object CMakeFiles/serial.dir/src/serial.cc.o[0m
[41.161s] [ 33%] [32mBuilding CXX object CMakeFiles/serial.dir/src/impl/list_ports/list_ports_linux.cc.o[0m
[43.936s] [ 50%] [32mBuilding CXX object CMakeFiles/serial.dir/src/impl/unix.cc.o[0m
[47.293s] [ 66%] [32m[1mLinking CXX static library libserial.a[0m
[48.153s] [ 66%] Built target serial
[48.178s] [ 83%] [32mBuilding CXX object CMakeFiles/serial_example.dir/examples/serial_example.cc.o[0m
[48.902s] [100%] [32m[1mLinking CXX executable serial_example[0m
[49.378s] [100%] Built target serial_example
[49.431s] Invoked command in '/home/dpma/projects/DiffDrive-ROS/ros_ws/build/serial' returned '0': DEBUGINFOD_URLS=https://debuginfod.ubuntu.com /usr/bin/cmake --build /home/dpma/projects/DiffDrive-ROS/ros_ws/build/serial -- -j8 -l8
[49.436s] Invoking command in '/home/dpma/projects/DiffDrive-ROS/ros_ws/build/serial': DEBUGINFOD_URLS=https://debuginfod.ubuntu.com /usr/bin/cmake --install /home/dpma/projects/DiffDrive-ROS/ros_ws/build/serial
[49.469s] -- Install configuration: ""
[49.470s] -- Installing: /home/dpma/projects/DiffDrive-ROS/ros_ws/install/serial/lib/libserial.a
[49.471s] -- Installing: /home/dpma/projects/DiffDrive-ROS/ros_ws/install/serial/include/serial
[49.472s] -- Installing: /home/dpma/projects/DiffDrive-ROS/ros_ws/install/serial/include/serial/impl
[49.472s] -- Installing: /home/dpma/projects/DiffDrive-ROS/ros_ws/install/serial/include/serial/impl/win.h
[49.545s] -- Installing: /home/dpma/projects/DiffDrive-ROS/ros_ws/install/serial/include/serial/impl/unix.h
[49.546s] -- Installing: /home/dpma/projects/DiffDrive-ROS/ros_ws/install/serial/include/serial/serial.h
[49.547s] -- Installing: /home/dpma/projects/DiffDrive-ROS/ros_ws/install/serial/include/serial/v8stdint.h
[49.553s] Invoked command in '/home/dpma/projects/DiffDrive-ROS/ros_ws/build/serial' returned '0': DEBUGINFOD_URLS=https://debuginfod.ubuntu.com /usr/bin/cmake --install /home/dpma/projects/DiffDrive-ROS/ros_ws/build/serial
