-- The C compiler identification is GNU 13.3.0
-- The CXX compiler identification is GNU 13.3.0
-- Detecting C compiler ABI info
-- Detecting C compiler ABI info - done
-- Check for working C compiler: /usr/bin/cc - skipped
-- Detecting C compile features
-- Detecting C compile features - done
-- Detecting CXX compiler ABI info
-- Detecting CXX compiler ABI info - done
-- Check for working CXX compiler: /usr/bin/c++ - skipped
-- Detecting CXX compile features
-- Detecting CXX compile features - done
-- Found ament_cmake: 2.5.4 (/opt/ros/jazzy/share/ament_cmake/cmake)
-- Found Python3: /usr/bin/python3 (found version "3.12.3") found components: Interpreter 
-- Found rclcpp: 28.1.9 (/opt/ros/jazzy/share/rclcpp/cmake)
-- Found rosidl_generator_c: 4.6.5 (/opt/ros/jazzy/share/rosidl_generator_c/cmake)
-- Found rosidl_generator_cpp: 4.6.5 (/opt/ros/jazzy/share/rosidl_generator_cpp/cmake)
-- Using all available rosidl_typesupport_c: rosidl_typesupport_fastrtps_c;rosidl_typesupport_introspection_c
-- Using all available rosidl_typesupport_cpp: rosidl_typesupport_fastrtps_cpp;rosidl_typesupport_introspection_cpp
-- Found rmw_implementation_cmake: 7.3.2 (/opt/ros/jazzy/share/rmw_implementation_cmake/cmake)
-- Found rmw_fastrtps_cpp: 8.4.2 (/opt/ros/jazzy/share/rmw_fastrtps_cpp/cmake)
-- Found OpenSSL: /usr/lib/x86_64-linux-gnu/libcrypto.so (found version "3.0.13")  
-- Found FastRTPS: /opt/ros/jazzy/include (Required is at least version "2.13") 
-- Using RMW implementation 'rmw_fastrtps_cpp' as default
-- Found std_msgs: 5.3.6 (/opt/ros/jazzy/share/std_msgs/cmake)
-- Found my_robot_interfaces: 0.0.0 (/home/dpma/projects/DiffDrive-ROS/ros_ws/install/my_robot_interfaces/share/my_robot_interfaces/cmake)
-- Found nav_msgs: 5.3.6 (/opt/ros/jazzy/share/nav_msgs/cmake)
-- Configuring done (5.3s)
-- Generating done (0.0s)
-- Build files have been written to: /home/dpma/projects/DiffDrive-ROS/ros_ws/build/my_cpp_pkg
[ 10%] [32mBuilding CXX object CMakeFiles/pid_diffdrive_control.dir/src/pid_diffdrive_control.cpp.o[0m
[ 20%] [32m[1mLinking CXX executable pid_diffdrive_control[0m
[ 20%] Built target pid_diffdrive_control
[ 30%] [32mBuilding CXX object serial_build/CMakeFiles/serial.dir/src/serial.cc.o[0m
[ 40%] [32mBuilding CXX object serial_build/CMakeFiles/serial.dir/src/impl/list_ports/list_ports_linux.cc.o[0m
[ 50%] [32mBuilding CXX object serial_build/CMakeFiles/serial.dir/src/impl/unix.cc.o[0m
[ 60%] [32m[1mLinking CXX static library libserial.a[0m
[ 60%] Built target serial
[ 70%] [32mBuilding CXX object CMakeFiles/arduino_bridge_node.dir/src/arduino_bridge_node.cpp.o[0m
[ 80%] [32m[1mLinking CXX executable arduino_bridge_node[0m
[ 80%] Built target arduino_bridge_node
[ 90%] [32mBuilding CXX object serial_build/CMakeFiles/serial_example.dir/examples/serial_example.cc.o[0m
[100%] [32m[1mLinking CXX executable serial_example[0m
[100%] Built target serial_example
-- Install configuration: ""
-- Installing: /home/dpma/projects/DiffDrive-ROS/ros_ws/install/my_cpp_pkg/lib/my_cpp_pkg/arduino_bridge_node
-- Set non-toolchain portion of runtime path of "/home/dpma/projects/DiffDrive-ROS/ros_ws/install/my_cpp_pkg/lib/my_cpp_pkg/arduino_bridge_node" to ""
-- Installing: /home/dpma/projects/DiffDrive-ROS/ros_ws/install/my_cpp_pkg/lib/my_cpp_pkg/pid_diffdrive_control
-- Set non-toolchain portion of runtime path of "/home/dpma/projects/DiffDrive-ROS/ros_ws/install/my_cpp_pkg/lib/my_cpp_pkg/pid_diffdrive_control" to ""
-- Installing: /home/dpma/projects/DiffDrive-ROS/ros_ws/install/my_cpp_pkg/share/ament_index/resource_index/package_run_dependencies/my_cpp_pkg
-- Installing: /home/dpma/projects/DiffDrive-ROS/ros_ws/install/my_cpp_pkg/share/ament_index/resource_index/parent_prefix_path/my_cpp_pkg
-- Installing: /home/dpma/projects/DiffDrive-ROS/ros_ws/install/my_cpp_pkg/share/my_cpp_pkg/environment/ament_prefix_path.sh
-- Installing: /home/dpma/projects/DiffDrive-ROS/ros_ws/install/my_cpp_pkg/share/my_cpp_pkg/environment/ament_prefix_path.dsv
-- Installing: /home/dpma/projects/DiffDrive-ROS/ros_ws/install/my_cpp_pkg/share/my_cpp_pkg/environment/path.sh
-- Installing: /home/dpma/projects/DiffDrive-ROS/ros_ws/install/my_cpp_pkg/share/my_cpp_pkg/environment/path.dsv
-- Installing: /home/dpma/projects/DiffDrive-ROS/ros_ws/install/my_cpp_pkg/share/my_cpp_pkg/local_setup.bash
-- Installing: /home/dpma/projects/DiffDrive-ROS/ros_ws/install/my_cpp_pkg/share/my_cpp_pkg/local_setup.sh
-- Installing: /home/dpma/projects/DiffDrive-ROS/ros_ws/install/my_cpp_pkg/share/my_cpp_pkg/local_setup.zsh
-- Installing: /home/dpma/projects/DiffDrive-ROS/ros_ws/install/my_cpp_pkg/share/my_cpp_pkg/local_setup.dsv
-- Installing: /home/dpma/projects/DiffDrive-ROS/ros_ws/install/my_cpp_pkg/share/my_cpp_pkg/package.dsv
-- Installing: /home/dpma/projects/DiffDrive-ROS/ros_ws/install/my_cpp_pkg/share/ament_index/resource_index/packages/my_cpp_pkg
-- Installing: /home/dpma/projects/DiffDrive-ROS/ros_ws/install/my_cpp_pkg/share/my_cpp_pkg/cmake/my_cpp_pkgConfig.cmake
-- Installing: /home/dpma/projects/DiffDrive-ROS/ros_ws/install/my_cpp_pkg/share/my_cpp_pkg/cmake/my_cpp_pkgConfig-version.cmake
-- Installing: /home/dpma/projects/DiffDrive-ROS/ros_ws/install/my_cpp_pkg/share/my_cpp_pkg/package.xml
-- Installing: /home/dpma/projects/DiffDrive-ROS/ros_ws/install/my_cpp_pkg/lib/libserial.a
-- Installing: /home/dpma/projects/DiffDrive-ROS/ros_ws/install/my_cpp_pkg/include/serial
-- Installing: /home/dpma/projects/DiffDrive-ROS/ros_ws/install/my_cpp_pkg/include/serial/impl
-- Installing: /home/dpma/projects/DiffDrive-ROS/ros_ws/install/my_cpp_pkg/include/serial/impl/win.h
-- Installing: /home/dpma/projects/DiffDrive-ROS/ros_ws/install/my_cpp_pkg/include/serial/impl/unix.h
-- Installing: /home/dpma/projects/DiffDrive-ROS/ros_ws/install/my_cpp_pkg/include/serial/serial.h
-- Installing: /home/dpma/projects/DiffDrive-ROS/ros_ws/install/my_cpp_pkg/include/serial/v8stdint.h
