[0.020s] Invoking command in '/home/dpma/projects/DiffDrive-ROS/ros_ws/build/my_cpp_pkg': CMAKE_PREFIX_PATH=/home/dpma/projects/DiffDrive-ROS/ros_ws/install/my_robot_interfaces:/home/dpma/projects/DiffDrive-ROS/ros_ws/install/ydlidar_sdk:/home/dpma/projects/DiffDrive-ROS/ros_ws/install/ydlidar_ros2_driver:/home/dpma/projects/DiffDrive-ROS/ros_ws/install/my_cpp_pkg:/home/dpma/projects/DiffDrive-ROS/ros_ws/install/actions_cpp:/home/dpma/projects/DiffDrive-ROS/ros_ws/install/my_robot_description:/home/dpma/projects/DiffDrive-ROS/ros_ws/install/my_robot_bringup:/opt/ros/jazzy/opt/gz_sim_vendor:/opt/ros/jazzy/opt/gz_sensors_vendor:/opt/ros/jazzy/opt/gz_physics_vendor:/opt/ros/jazzy/opt/sdformat_vendor:/opt/ros/jazzy/opt/gz_gui_vendor:/opt/ros/jazzy/opt/gz_transport_vendor:/opt/ros/jazzy/opt/gz_rendering_vendor:/opt/ros/jazzy/opt/gz_plugin_vendor:/opt/ros/jazzy/opt/gz_fuel_tools_vendor:/opt/ros/jazzy/opt/gz_msgs_vendor:/opt/ros/jazzy/opt/gz_common_vendor:/opt/ros/jazzy/opt/gz_math_vendor:/opt/ros/jazzy/opt/gz_utils_vendor:/opt/ros/jazzy/opt/gz_tools_vendor:/opt/ros/jazzy/opt/gz_ogre_next_vendor:/opt/ros/jazzy/opt/gz_dartsim_vendor:/opt/ros/jazzy/opt/gz_cmake_vendor:/home/dpma/projects/DiffDrive-ROS/ros_ws/install/my_py_pkg:/opt/ros/jazzy DEBUGINFOD_URLS=https://debuginfod.ubuntu.com PYTHONPATH=/home/dpma/projects/DiffDrive-ROS/ros_ws/install/my_robot_interfaces/lib/python3.12/site-packages:/home/dpma/projects/DiffDrive-ROS/ros_ws/install/my_py_pkg/lib/python3.12/site-packages:/opt/ros/jazzy/lib/python3.12/site-packages:/home/dpma/acados/interfaces/acados_template /usr/bin/cmake /home/dpma/projects/DiffDrive-ROS/ros_ws/src/my_cpp_pkg -DCMAKE_INSTALL_PREFIX=/home/dpma/projects/DiffDrive-ROS/ros_ws/install/my_cpp_pkg
[0.466s] -- The C compiler identification is GNU 13.3.0
[0.660s] -- The CXX compiler identification is GNU 13.3.0
[0.679s] -- Detecting C compiler ABI info
[0.922s] -- Detecting C compiler ABI info - done
[0.934s] -- Check for working C compiler: /usr/bin/cc - skipped
[0.934s] -- Detecting C compile features
[0.935s] -- Detecting C compile features - done
[0.946s] -- Detecting CXX compiler ABI info
[1.555s] -- Detecting CXX compiler ABI info - done
[1.576s] -- Check for working CXX compiler: /usr/bin/c++ - skipped
[1.577s] -- Detecting CXX compile features
[1.577s] -- Detecting CXX compile features - done
[1.584s] -- Found ament_cmake: 2.5.4 (/opt/ros/jazzy/share/ament_cmake/cmake)
[1.819s] -- Found Python3: /usr/bin/python3 (found version "3.12.3") found components: Interpreter 
[2.012s] -- Found rclcpp: 28.1.9 (/opt/ros/jazzy/share/rclcpp/cmake)
[2.096s] -- Found rosidl_generator_c: 4.6.5 (/opt/ros/jazzy/share/rosidl_generator_c/cmake)
[2.125s] -- Found rosidl_generator_cpp: 4.6.5 (/opt/ros/jazzy/share/rosidl_generator_cpp/cmake)
[2.154s] -- Using all available rosidl_typesupport_c: rosidl_typesupport_fastrtps_c;rosidl_typesupport_introspection_c
[2.191s] -- Using all available rosidl_typesupport_cpp: rosidl_typesupport_fastrtps_cpp;rosidl_typesupport_introspection_cpp
[2.329s] -- Found rmw_implementation_cmake: 7.3.2 (/opt/ros/jazzy/share/rmw_implementation_cmake/cmake)
[2.335s] -- Found rmw_fastrtps_cpp: 8.4.2 (/opt/ros/jazzy/share/rmw_fastrtps_cpp/cmake)
[2.455s] -- Found OpenSSL: /usr/lib/x86_64-linux-gnu/libcrypto.so (found version "3.0.13")  
[2.482s] -- Found FastRTPS: /opt/ros/jazzy/include (Required is at least version "2.13") 
[2.511s] -- Using RMW implementation 'rmw_fastrtps_cpp' as default
[2.629s] -- Found std_msgs: 5.3.6 (/opt/ros/jazzy/share/std_msgs/cmake)
[2.644s] -- Found my_robot_interfaces: 0.0.0 (/home/dpma/projects/DiffDrive-ROS/ros_ws/install/my_robot_interfaces/share/my_robot_interfaces/cmake)
[3.010s] -- Found nav_msgs: 5.3.6 (/opt/ros/jazzy/share/nav_msgs/cmake)
[5.305s] -- Configuring done (5.3s)
[5.331s] -- Generating done (0.0s)
[5.583s] -- Build files have been written to: /home/dpma/projects/DiffDrive-ROS/ros_ws/build/my_cpp_pkg
[5.623s] Invoked command in '/home/dpma/projects/DiffDrive-ROS/ros_ws/build/my_cpp_pkg' returned '0': CMAKE_PREFIX_PATH=/home/dpma/projects/DiffDrive-ROS/ros_ws/install/my_robot_interfaces:/home/dpma/projects/DiffDrive-ROS/ros_ws/install/ydlidar_sdk:/home/dpma/projects/DiffDrive-ROS/ros_ws/install/ydlidar_ros2_driver:/home/dpma/projects/DiffDrive-ROS/ros_ws/install/my_cpp_pkg:/home/dpma/projects/DiffDrive-ROS/ros_ws/install/actions_cpp:/home/dpma/projects/DiffDrive-ROS/ros_ws/install/my_robot_description:/home/dpma/projects/DiffDrive-ROS/ros_ws/install/my_robot_bringup:/opt/ros/jazzy/opt/gz_sim_vendor:/opt/ros/jazzy/opt/gz_sensors_vendor:/opt/ros/jazzy/opt/gz_physics_vendor:/opt/ros/jazzy/opt/sdformat_vendor:/opt/ros/jazzy/opt/gz_gui_vendor:/opt/ros/jazzy/opt/gz_transport_vendor:/opt/ros/jazzy/opt/gz_rendering_vendor:/opt/ros/jazzy/opt/gz_plugin_vendor:/opt/ros/jazzy/opt/gz_fuel_tools_vendor:/opt/ros/jazzy/opt/gz_msgs_vendor:/opt/ros/jazzy/opt/gz_common_vendor:/opt/ros/jazzy/opt/gz_math_vendor:/opt/ros/jazzy/opt/gz_utils_vendor:/opt/ros/jazzy/opt/gz_tools_vendor:/opt/ros/jazzy/opt/gz_ogre_next_vendor:/opt/ros/jazzy/opt/gz_dartsim_vendor:/opt/ros/jazzy/opt/gz_cmake_vendor:/home/dpma/projects/DiffDrive-ROS/ros_ws/install/my_py_pkg:/opt/ros/jazzy DEBUGINFOD_URLS=https://debuginfod.ubuntu.com PYTHONPATH=/home/dpma/projects/DiffDrive-ROS/ros_ws/install/my_robot_interfaces/lib/python3.12/site-packages:/home/dpma/projects/DiffDrive-ROS/ros_ws/install/my_py_pkg/lib/python3.12/site-packages:/opt/ros/jazzy/lib/python3.12/site-packages:/home/dpma/acados/interfaces/acados_template /usr/bin/cmake /home/dpma/projects/DiffDrive-ROS/ros_ws/src/my_cpp_pkg -DCMAKE_INSTALL_PREFIX=/home/dpma/projects/DiffDrive-ROS/ros_ws/install/my_cpp_pkg
[5.626s] Invoking command in '/home/dpma/projects/DiffDrive-ROS/ros_ws/build/my_cpp_pkg': CMAKE_PREFIX_PATH=/home/dpma/projects/DiffDrive-ROS/ros_ws/install/my_robot_interfaces:/home/dpma/projects/DiffDrive-ROS/ros_ws/install/ydlidar_sdk:/home/dpma/projects/DiffDrive-ROS/ros_ws/install/ydlidar_ros2_driver:/home/dpma/projects/DiffDrive-ROS/ros_ws/install/my_cpp_pkg:/home/dpma/projects/DiffDrive-ROS/ros_ws/install/actions_cpp:/home/dpma/projects/DiffDrive-ROS/ros_ws/install/my_robot_description:/home/dpma/projects/DiffDrive-ROS/ros_ws/install/my_robot_bringup:/opt/ros/jazzy/opt/gz_sim_vendor:/opt/ros/jazzy/opt/gz_sensors_vendor:/opt/ros/jazzy/opt/gz_physics_vendor:/opt/ros/jazzy/opt/sdformat_vendor:/opt/ros/jazzy/opt/gz_gui_vendor:/opt/ros/jazzy/opt/gz_transport_vendor:/opt/ros/jazzy/opt/gz_rendering_vendor:/opt/ros/jazzy/opt/gz_plugin_vendor:/opt/ros/jazzy/opt/gz_fuel_tools_vendor:/opt/ros/jazzy/opt/gz_msgs_vendor:/opt/ros/jazzy/opt/gz_common_vendor:/opt/ros/jazzy/opt/gz_math_vendor:/opt/ros/jazzy/opt/gz_utils_vendor:/opt/ros/jazzy/opt/gz_tools_vendor:/opt/ros/jazzy/opt/gz_ogre_next_vendor:/opt/ros/jazzy/opt/gz_dartsim_vendor:/opt/ros/jazzy/opt/gz_cmake_vendor:/home/dpma/projects/DiffDrive-ROS/ros_ws/install/my_py_pkg:/opt/ros/jazzy DEBUGINFOD_URLS=https://debuginfod.ubuntu.com PYTHONPATH=/home/dpma/projects/DiffDrive-ROS/ros_ws/install/my_robot_interfaces/lib/python3.12/site-packages:/home/dpma/projects/DiffDrive-ROS/ros_ws/install/my_py_pkg/lib/python3.12/site-packages:/opt/ros/jazzy/lib/python3.12/site-packages:/home/dpma/acados/interfaces/acados_template /usr/bin/cmake --build /home/dpma/projects/DiffDrive-ROS/ros_ws/build/my_cpp_pkg -- -j8 -l8
[5.713s] [ 10%] [32mBuilding CXX object CMakeFiles/pid_diffdrive_control.dir/src/pid_diffdrive_control.cpp.o[0m
[34.283s] [ 20%] [32m[1mLinking CXX executable pid_diffdrive_control[0m
[34.878s] [ 20%] Built target pid_diffdrive_control
[34.903s] [ 30%] [32mBuilding CXX object serial_build/CMakeFiles/serial.dir/src/serial.cc.o[0m
[35.552s] [ 40%] [32mBuilding CXX object serial_build/CMakeFiles/serial.dir/src/impl/list_ports/list_ports_linux.cc.o[0m
[36.117s] [ 50%] [32mBuilding CXX object serial_build/CMakeFiles/serial.dir/src/impl/unix.cc.o[0m
[36.588s] [ 60%] [32m[1mLinking CXX static library libserial.a[0m
[37.313s] [ 60%] Built target serial
[37.391s] [ 70%] [32mBuilding CXX object CMakeFiles/arduino_bridge_node.dir/src/arduino_bridge_node.cpp.o[0m
[51.936s] [ 80%] [32m[1mLinking CXX executable arduino_bridge_node[0m
[52.400s] [ 80%] Built target arduino_bridge_node
[52.456s] [ 90%] [32mBuilding CXX object serial_build/CMakeFiles/serial_example.dir/examples/serial_example.cc.o[0m
[52.926s] [100%] [32m[1mLinking CXX executable serial_example[0m
[53.046s] [100%] Built target serial_example
[53.075s] Invoked command in '/home/dpma/projects/DiffDrive-ROS/ros_ws/build/my_cpp_pkg' returned '0': CMAKE_PREFIX_PATH=/home/dpma/projects/DiffDrive-ROS/ros_ws/install/my_robot_interfaces:/home/dpma/projects/DiffDrive-ROS/ros_ws/install/ydlidar_sdk:/home/dpma/projects/DiffDrive-ROS/ros_ws/install/ydlidar_ros2_driver:/home/dpma/projects/DiffDrive-ROS/ros_ws/install/my_cpp_pkg:/home/dpma/projects/DiffDrive-ROS/ros_ws/install/actions_cpp:/home/dpma/projects/DiffDrive-ROS/ros_ws/install/my_robot_description:/home/dpma/projects/DiffDrive-ROS/ros_ws/install/my_robot_bringup:/opt/ros/jazzy/opt/gz_sim_vendor:/opt/ros/jazzy/opt/gz_sensors_vendor:/opt/ros/jazzy/opt/gz_physics_vendor:/opt/ros/jazzy/opt/sdformat_vendor:/opt/ros/jazzy/opt/gz_gui_vendor:/opt/ros/jazzy/opt/gz_transport_vendor:/opt/ros/jazzy/opt/gz_rendering_vendor:/opt/ros/jazzy/opt/gz_plugin_vendor:/opt/ros/jazzy/opt/gz_fuel_tools_vendor:/opt/ros/jazzy/opt/gz_msgs_vendor:/opt/ros/jazzy/opt/gz_common_vendor:/opt/ros/jazzy/opt/gz_math_vendor:/opt/ros/jazzy/opt/gz_utils_vendor:/opt/ros/jazzy/opt/gz_tools_vendor:/opt/ros/jazzy/opt/gz_ogre_next_vendor:/opt/ros/jazzy/opt/gz_dartsim_vendor:/opt/ros/jazzy/opt/gz_cmake_vendor:/home/dpma/projects/DiffDrive-ROS/ros_ws/install/my_py_pkg:/opt/ros/jazzy DEBUGINFOD_URLS=https://debuginfod.ubuntu.com PYTHONPATH=/home/dpma/projects/DiffDrive-ROS/ros_ws/install/my_robot_interfaces/lib/python3.12/site-packages:/home/dpma/projects/DiffDrive-ROS/ros_ws/install/my_py_pkg/lib/python3.12/site-packages:/opt/ros/jazzy/lib/python3.12/site-packages:/home/dpma/acados/interfaces/acados_template /usr/bin/cmake --build /home/dpma/projects/DiffDrive-ROS/ros_ws/build/my_cpp_pkg -- -j8 -l8
[53.076s] Invoking command in '/home/dpma/projects/DiffDrive-ROS/ros_ws/build/my_cpp_pkg': CMAKE_PREFIX_PATH=/home/dpma/projects/DiffDrive-ROS/ros_ws/install/my_robot_interfaces:/home/dpma/projects/DiffDrive-ROS/ros_ws/install/ydlidar_sdk:/home/dpma/projects/DiffDrive-ROS/ros_ws/install/ydlidar_ros2_driver:/home/dpma/projects/DiffDrive-ROS/ros_ws/install/my_cpp_pkg:/home/dpma/projects/DiffDrive-ROS/ros_ws/install/actions_cpp:/home/dpma/projects/DiffDrive-ROS/ros_ws/install/my_robot_description:/home/dpma/projects/DiffDrive-ROS/ros_ws/install/my_robot_bringup:/opt/ros/jazzy/opt/gz_sim_vendor:/opt/ros/jazzy/opt/gz_sensors_vendor:/opt/ros/jazzy/opt/gz_physics_vendor:/opt/ros/jazzy/opt/sdformat_vendor:/opt/ros/jazzy/opt/gz_gui_vendor:/opt/ros/jazzy/opt/gz_transport_vendor:/opt/ros/jazzy/opt/gz_rendering_vendor:/opt/ros/jazzy/opt/gz_plugin_vendor:/opt/ros/jazzy/opt/gz_fuel_tools_vendor:/opt/ros/jazzy/opt/gz_msgs_vendor:/opt/ros/jazzy/opt/gz_common_vendor:/opt/ros/jazzy/opt/gz_math_vendor:/opt/ros/jazzy/opt/gz_utils_vendor:/opt/ros/jazzy/opt/gz_tools_vendor:/opt/ros/jazzy/opt/gz_ogre_next_vendor:/opt/ros/jazzy/opt/gz_dartsim_vendor:/opt/ros/jazzy/opt/gz_cmake_vendor:/home/dpma/projects/DiffDrive-ROS/ros_ws/install/my_py_pkg:/opt/ros/jazzy DEBUGINFOD_URLS=https://debuginfod.ubuntu.com PYTHONPATH=/home/dpma/projects/DiffDrive-ROS/ros_ws/install/my_robot_interfaces/lib/python3.12/site-packages:/home/dpma/projects/DiffDrive-ROS/ros_ws/install/my_py_pkg/lib/python3.12/site-packages:/opt/ros/jazzy/lib/python3.12/site-packages:/home/dpma/acados/interfaces/acados_template /usr/bin/cmake --install /home/dpma/projects/DiffDrive-ROS/ros_ws/build/my_cpp_pkg
[53.090s] -- Install configuration: ""
[53.090s] -- Installing: /home/dpma/projects/DiffDrive-ROS/ros_ws/install/my_cpp_pkg/lib/my_cpp_pkg/arduino_bridge_node
[53.095s] -- Set non-toolchain portion of runtime path of "/home/dpma/projects/DiffDrive-ROS/ros_ws/install/my_cpp_pkg/lib/my_cpp_pkg/arduino_bridge_node" to ""
[53.095s] -- Installing: /home/dpma/projects/DiffDrive-ROS/ros_ws/install/my_cpp_pkg/lib/my_cpp_pkg/pid_diffdrive_control
[53.102s] -- Set non-toolchain portion of runtime path of "/home/dpma/projects/DiffDrive-ROS/ros_ws/install/my_cpp_pkg/lib/my_cpp_pkg/pid_diffdrive_control" to ""
[53.102s] -- Installing: /home/dpma/projects/DiffDrive-ROS/ros_ws/install/my_cpp_pkg/share/ament_index/resource_index/package_run_dependencies/my_cpp_pkg
[53.102s] -- Installing: /home/dpma/projects/DiffDrive-ROS/ros_ws/install/my_cpp_pkg/share/ament_index/resource_index/parent_prefix_path/my_cpp_pkg
[53.102s] -- Installing: /home/dpma/projects/DiffDrive-ROS/ros_ws/install/my_cpp_pkg/share/my_cpp_pkg/environment/ament_prefix_path.sh
[53.102s] -- Installing: /home/dpma/projects/DiffDrive-ROS/ros_ws/install/my_cpp_pkg/share/my_cpp_pkg/environment/ament_prefix_path.dsv
[53.102s] -- Installing: /home/dpma/projects/DiffDrive-ROS/ros_ws/install/my_cpp_pkg/share/my_cpp_pkg/environment/path.sh
[53.103s] -- Installing: /home/dpma/projects/DiffDrive-ROS/ros_ws/install/my_cpp_pkg/share/my_cpp_pkg/environment/path.dsv
[53.103s] -- Installing: /home/dpma/projects/DiffDrive-ROS/ros_ws/install/my_cpp_pkg/share/my_cpp_pkg/local_setup.bash
[53.103s] -- Installing: /home/dpma/projects/DiffDrive-ROS/ros_ws/install/my_cpp_pkg/share/my_cpp_pkg/local_setup.sh
[53.103s] -- Installing: /home/dpma/projects/DiffDrive-ROS/ros_ws/install/my_cpp_pkg/share/my_cpp_pkg/local_setup.zsh
[53.103s] -- Installing: /home/dpma/projects/DiffDrive-ROS/ros_ws/install/my_cpp_pkg/share/my_cpp_pkg/local_setup.dsv
[53.103s] -- Installing: /home/dpma/projects/DiffDrive-ROS/ros_ws/install/my_cpp_pkg/share/my_cpp_pkg/package.dsv
[53.104s] -- Installing: /home/dpma/projects/DiffDrive-ROS/ros_ws/install/my_cpp_pkg/share/ament_index/resource_index/packages/my_cpp_pkg
[53.104s] -- Installing: /home/dpma/projects/DiffDrive-ROS/ros_ws/install/my_cpp_pkg/share/my_cpp_pkg/cmake/my_cpp_pkgConfig.cmake
[53.104s] -- Installing: /home/dpma/projects/DiffDrive-ROS/ros_ws/install/my_cpp_pkg/share/my_cpp_pkg/cmake/my_cpp_pkgConfig-version.cmake
[53.104s] -- Installing: /home/dpma/projects/DiffDrive-ROS/ros_ws/install/my_cpp_pkg/share/my_cpp_pkg/package.xml
[53.104s] -- Installing: /home/dpma/projects/DiffDrive-ROS/ros_ws/install/my_cpp_pkg/lib/libserial.a
[53.105s] -- Installing: /home/dpma/projects/DiffDrive-ROS/ros_ws/install/my_cpp_pkg/include/serial
[53.105s] -- Installing: /home/dpma/projects/DiffDrive-ROS/ros_ws/install/my_cpp_pkg/include/serial/impl
[53.105s] -- Installing: /home/dpma/projects/DiffDrive-ROS/ros_ws/install/my_cpp_pkg/include/serial/impl/win.h
[53.105s] -- Installing: /home/dpma/projects/DiffDrive-ROS/ros_ws/install/my_cpp_pkg/include/serial/impl/unix.h
[53.105s] -- Installing: /home/dpma/projects/DiffDrive-ROS/ros_ws/install/my_cpp_pkg/include/serial/serial.h
[53.105s] -- Installing: /home/dpma/projects/DiffDrive-ROS/ros_ws/install/my_cpp_pkg/include/serial/v8stdint.h
[53.107s] Invoked command in '/home/dpma/projects/DiffDrive-ROS/ros_ws/build/my_cpp_pkg' returned '0': CMAKE_PREFIX_PATH=/home/dpma/projects/DiffDrive-ROS/ros_ws/install/my_robot_interfaces:/home/dpma/projects/DiffDrive-ROS/ros_ws/install/ydlidar_sdk:/home/dpma/projects/DiffDrive-ROS/ros_ws/install/ydlidar_ros2_driver:/home/dpma/projects/DiffDrive-ROS/ros_ws/install/my_cpp_pkg:/home/dpma/projects/DiffDrive-ROS/ros_ws/install/actions_cpp:/home/dpma/projects/DiffDrive-ROS/ros_ws/install/my_robot_description:/home/dpma/projects/DiffDrive-ROS/ros_ws/install/my_robot_bringup:/opt/ros/jazzy/opt/gz_sim_vendor:/opt/ros/jazzy/opt/gz_sensors_vendor:/opt/ros/jazzy/opt/gz_physics_vendor:/opt/ros/jazzy/opt/sdformat_vendor:/opt/ros/jazzy/opt/gz_gui_vendor:/opt/ros/jazzy/opt/gz_transport_vendor:/opt/ros/jazzy/opt/gz_rendering_vendor:/opt/ros/jazzy/opt/gz_plugin_vendor:/opt/ros/jazzy/opt/gz_fuel_tools_vendor:/opt/ros/jazzy/opt/gz_msgs_vendor:/opt/ros/jazzy/opt/gz_common_vendor:/opt/ros/jazzy/opt/gz_math_vendor:/opt/ros/jazzy/opt/gz_utils_vendor:/opt/ros/jazzy/opt/gz_tools_vendor:/opt/ros/jazzy/opt/gz_ogre_next_vendor:/opt/ros/jazzy/opt/gz_dartsim_vendor:/opt/ros/jazzy/opt/gz_cmake_vendor:/home/dpma/projects/DiffDrive-ROS/ros_ws/install/my_py_pkg:/opt/ros/jazzy DEBUGINFOD_URLS=https://debuginfod.ubuntu.com PYTHONPATH=/home/dpma/projects/DiffDrive-ROS/ros_ws/install/my_robot_interfaces/lib/python3.12/site-packages:/home/dpma/projects/DiffDrive-ROS/ros_ws/install/my_py_pkg/lib/python3.12/site-packages:/opt/ros/jazzy/lib/python3.12/site-packages:/home/dpma/acados/interfaces/acados_template /usr/bin/cmake --install /home/dpma/projects/DiffDrive-ROS/ros_ws/build/my_cpp_pkg
