[0.025s] Invoking command in '/home/dpma/projects/DiffDrive-ROS/ros_ws/build/ydlidar_sdk': DEBUGINFOD_URLS=https://debuginfod.ubuntu.com /usr/bin/cmake /home/dpma/projects/DiffDrive-ROS/ros_ws/src/YDLidar-SDK -DCMAKE_INSTALL_PREFIX=/home/dpma/projects/DiffDrive-ROS/ros_ws/install/ydlidar_sdk
[0.035s] [0mCMake Deprecation Warning at CMakeLists.txt:1 (cmake_minimum_required):
[0.035s]   Compatibility with CMake < 3.5 will be removed from a future version of
[0.035s]   CMake.
[0.036s] 
[0.036s]   Update the VERSION argument <min> value or use a ...<max> suffix to tell
[0.036s]   CMake that the project does not need compatibility with older versions.
[0.036s] 
[0.036s] [0m
[0.118s] -- The C compiler identification is GNU 13.3.0
[0.215s] -- The CXX compiler identification is GNU 13.3.0
[0.240s] -- Detecting C compiler ABI info
[0.358s] -- Detecting C compiler ABI info - done
[0.373s] -- Check for working C compiler: /usr/bin/cc - skipped
[0.373s] -- Detecting C compile features
[0.374s] -- Detecting C compile features - done
[0.388s] -- Detecting CXX compiler ABI info
[0.539s] -- Detecting CXX compiler ABI info - done
[0.563s] -- Check for working CXX compiler: /usr/bin/c++ - skipped
[0.563s] -- Detecting CXX compile features
[0.564s] -- Detecting CXX compile features - done
[0.564s] -- Current platform: Linux
[0.565s] [0mCMake Deprecation Warning at CMakeLists.txt:58 (cmake_policy):
[0.565s]   The OLD behavior for policy CMP0053 will be removed from a future version
[0.566s]   of CMake.
[0.566s] 
[0.566s]   The cmake-policies(7) manual explains that the OLD behaviors of all
[0.566s]   policies are deprecated and that a policy should be set to OLD only under
[0.566s]   specific short-term circumstances.  Projects should be ported to the NEW
[0.566s]   behavior and not rely on setting a policy to OLD.
[0.566s] 
[0.567s] [0m
[0.567s] [0mCMake Deprecation Warning at CMakeLists.txt:61 (cmake_policy):
[0.567s]   The OLD behavior for policy CMP0037 will be removed from a future version
[0.567s]   of CMake.
[0.567s] 
[0.567s]   The cmake-policies(7) manual explains that the OLD behaviors of all
[0.567s]   policies are deprecated and that a policy should be set to OLD only under
[0.568s]   specific short-term circumstances.  Projects should be ported to the NEW
[0.568s]   behavior and not rely on setting a policy to OLD.
[0.568s] 
[0.568s] [0m
[0.568s] [0mCMake Deprecation Warning at CMakeLists.txt:64 (cmake_policy):
[0.568s]   The OLD behavior for policy CMP0043 will be removed from a future version
[0.568s]   of CMake.
[0.568s] 
[0.569s]   The cmake-policies(7) manual explains that the OLD behaviors of all
[0.569s]   policies are deprecated and that a policy should be set to OLD only under
[0.569s]   specific short-term circumstances.  Projects should be ported to the NEW
[0.569s]   behavior and not rely on setting a policy to OLD.
[0.569s] 
[0.569s] [0m
[0.570s] [33mCMake Warning (dev) at CMakeLists.txt:78 (find_package):
[0.570s]   Policy CMP0148 is not set: The FindPythonInterp and FindPythonLibs modules
[0.570s]   are removed.  Run "cmake --help-policy CMP0148" for policy details.  Use
[0.570s]   the cmake_policy command to set the policy and suppress this warning.
[0.570s] 
[0.570s] This warning is for project developers.  Use -Wno-dev to suppress it.
[0.570s] [0m
[0.570s] -- Could NOT find SWIG (missing: SWIG_EXECUTABLE SWIG_DIR) 
[0.604s] -- Found PythonInterp: /usr/bin/python3 (found version "3.12.3") 
[0.604s] [33mCMake Warning (dev) at CMakeLists.txt:79 (find_package):
[0.604s]   Policy CMP0148 is not set: The FindPythonInterp and FindPythonLibs modules
[0.604s]   are removed.  Run "cmake --help-policy CMP0148" for policy details.  Use
[0.604s]   the cmake_policy command to set the policy and suppress this warning.
[0.605s] 
[0.605s] This warning is for project developers.  Use -Wno-dev to suppress it.
[0.605s] [0m
[0.622s] -- Found PythonLibs: /usr/lib/x86_64-linux-gnu/libpython3.12.so (found version "3.12.3") 
[0.747s] -- Found GTest: /usr/lib/x86_64-linux-gnu/cmake/GTest/GTestConfig.cmake (found version "1.14.0")  
[0.748s] [0mCMake Deprecation Warning at core/CMakeLists.txt:1 (cmake_minimum_required):
[0.748s]   Compatibility with CMake < 3.5 will be removed from a future version of
[0.748s]   CMake.
[0.748s] 
[0.749s]   Update the VERSION argument <min> value or use a ...<max> suffix to tell
[0.749s]   CMake that the project does not need compatibility with older versions.
[0.749s] 
[0.749s] [0m
[0.756s] [0mCMake Deprecation Warning at examples/CMakeLists.txt:2 (cmake_minimum_required):
[0.756s]   Compatibility with CMake < 3.5 will be removed from a future version of
[0.756s]   CMake.
[0.756s] 
[0.756s]   Update the VERSION argument <min> value or use a ...<max> suffix to tell
[0.756s]   CMake that the project does not need compatibility with older versions.
[0.756s] 
[0.756s] [0m
[0.759s] [0mCMake Deprecation Warning at cmake/install_package.cmake:101 (cmake_policy):
[0.760s]   The OLD behavior for policy CMP0026 will be removed from a future version
[0.760s]   of CMake.
[0.760s] 
[0.760s]   The cmake-policies(7) manual explains that the OLD behaviors of all
[0.760s]   policies are deprecated and that a policy should be set to OLD only under
[0.760s]   specific short-term circumstances.  Projects should be ported to the NEW
[0.760s]   behavior and not rely on setting a policy to OLD.
[0.760s] Call Stack (most recent call first):
[0.760s]   CMakeLists.txt:176 (install_package)
[0.760s] 
[0.760s] [0m
[0.762s] [33mCMake Warning (dev) at cmake/install_package.cmake:191 (install):
[0.762s]   Policy CMP0062 is not set: Disallow install() of export() result.  Run
[0.762s]   "cmake --help-policy CMP0062" for policy details.  Use the cmake_policy
[0.762s]   command to set the policy and suppress this warning.
[0.762s] 
[0.762s]   The file
[0.762s] 
[0.762s]     /home/dpma/projects/DiffDrive-ROS/ros_ws/build/ydlidar_sdk/ydlidar_sdkTargets.cmake
[0.762s] 
[0.762s]   was generated by the export() command.  It should not be installed with the
[0.762s]   install() command.  Use the install(EXPORT) mechanism instead.  See the
[0.762s]   cmake-packages(7) manual for more.
[0.763s] 
[0.763s] Call Stack (most recent call first):
[0.763s]   CMakeLists.txt:176 (install_package)
[0.763s] This warning is for project developers.  Use -Wno-dev to suppress it.
[0.763s] [0m
[0.771s] -- 
[0.771s] -- +===========================================================================+
[0.771s] -- |         Resulting configuration for                             |
[0.771s] -- +===========================================================================+
[0.772s] --  _________________________ PLATFORM _____________________________
[0.772s] --  Host                        : Linux6.11.0-25-genericx86_64
[0.772s] --  Is the system big endian?   :  No 
[0.772s] --  Word size (32/64 bit)       : 64
[0.772s] --  CMake version               : 3.28.3
[0.772s] --  CMake generator             : Unix Makefiles
[0.772s] --  CMake build tool            : /usr/bin/gmake
[0.772s] --  Compiler                    : GNU
[0.773s] --  Configuration               : 
[0.773s] -- 
[0.773s] --  __________________________ OPTIONS _____________________________
[0.773s] --  Build YDLidar-SDK as a shared library?　　 :  No 
[0.773s] --  Build Examples?　　　　　　　　　　　　　　 : Yes 
[0.773s] --  Build C Sharp API?　　　　　　　　　　　　 :  No 
[0.773s] --  Build TEST?  			　　　 :  No 
[0.774s] -- 
[0.774s] --  _________________________ INSTALL _____________________
[0.774s] --  Install prefix                    : /home/dpma/projects/DiffDrive-ROS/ros_ws/install/ydlidar_sdk
[0.774s] -- 
[0.774s] --  _______________________ WRAPPERS/BINDINGS ______________________
[0.774s] --  Python bindings (pyydlidar)   :  No 
[0.774s] --   - dep: Swig found?       :  No [Version: ]
[0.775s] --   - dep: PythonLibs found?  : Yes [Version: 3.12.3]
[0.775s] -- 
[0.775s] -- Configuring done (0.7s)
[0.814s] -- Generating done (0.0s)
[0.826s] -- Build files have been written to: /home/dpma/projects/DiffDrive-ROS/ros_ws/build/ydlidar_sdk
[0.834s] Invoked command in '/home/dpma/projects/DiffDrive-ROS/ros_ws/build/ydlidar_sdk' returned '0': DEBUGINFOD_URLS=https://debuginfod.ubuntu.com /usr/bin/cmake /home/dpma/projects/DiffDrive-ROS/ros_ws/src/YDLidar-SDK -DCMAKE_INSTALL_PREFIX=/home/dpma/projects/DiffDrive-ROS/ros_ws/install/ydlidar_sdk
[0.836s] Invoking command in '/home/dpma/projects/DiffDrive-ROS/ros_ws/build/ydlidar_sdk': DEBUGINFOD_URLS=https://debuginfod.ubuntu.com /usr/bin/cmake --build /home/dpma/projects/DiffDrive-ROS/ros_ws/build/ydlidar_sdk -- -j8 -l8
[0.922s] [ 41%] Built target ydlidar_sdk
[0.980s] [ 49%] Built target gs_test
[0.981s] [ 49%] Built target et_test
[0.987s] [ 52%] Built target gs_test2
[1.002s] [ 60%] Built target scl_test
[1.002s] [ 60%] Built target gs_ota
[1.011s] [ 68%] Built target sdm_test
[1.011s] [ 68%] Built target sdm18_test
[1.018s] [ 72%] Built target tea_test
[1.039s] [ 76%] Built target tia_test
[1.057s] [ 80%] Built target tmini_test
[1.060s] [ 84%] Built target tri_restart
[1.069s] [ 88%] Built target tri_and_gs_test
[1.069s] [ 92%] Built target tof_test
[1.070s] [ 96%] Built target lidar_c_api_test
[1.071s] [100%] Built target tri_test
[1.088s] Invoked command in '/home/dpma/projects/DiffDrive-ROS/ros_ws/build/ydlidar_sdk' returned '0': DEBUGINFOD_URLS=https://debuginfod.ubuntu.com /usr/bin/cmake --build /home/dpma/projects/DiffDrive-ROS/ros_ws/build/ydlidar_sdk -- -j8 -l8
[1.089s] Invoking command in '/home/dpma/projects/DiffDrive-ROS/ros_ws/build/ydlidar_sdk': DEBUGINFOD_URLS=https://debuginfod.ubuntu.com /usr/bin/cmake --install /home/dpma/projects/DiffDrive-ROS/ros_ws/build/ydlidar_sdk
[1.099s] -- Install configuration: ""
[1.099s] -- Up-to-date: /home/dpma/projects/DiffDrive-ROS/ros_ws/install/ydlidar_sdk/include/core/base/datatype.h
[1.100s] -- Up-to-date: /home/dpma/projects/DiffDrive-ROS/ros_ws/install/ydlidar_sdk/include/core/base/locker.h
[1.100s] -- Up-to-date: /home/dpma/projects/DiffDrive-ROS/ros_ws/install/ydlidar_sdk/include/core/base/thread.h
[1.100s] -- Up-to-date: /home/dpma/projects/DiffDrive-ROS/ros_ws/install/ydlidar_sdk/include/core/base/timer.h
[1.100s] -- Up-to-date: /home/dpma/projects/DiffDrive-ROS/ros_ws/install/ydlidar_sdk/include/core/base/typedef.h
[1.100s] -- Up-to-date: /home/dpma/projects/DiffDrive-ROS/ros_ws/install/ydlidar_sdk/include/core/base/utils.h
[1.100s] -- Up-to-date: /home/dpma/projects/DiffDrive-ROS/ros_ws/install/ydlidar_sdk/include/core/base/v8stdint.h
[1.100s] -- Up-to-date: /home/dpma/projects/DiffDrive-ROS/ros_ws/install/ydlidar_sdk/include/core/base/ydlidar.h
[1.101s] -- Up-to-date: /home/dpma/projects/DiffDrive-ROS/ros_ws/install/ydlidar_sdk/include/core/common/ChannelDevice.h
[1.101s] -- Up-to-date: /home/dpma/projects/DiffDrive-ROS/ros_ws/install/ydlidar_sdk/include/core/common/DriverInterface.h
[1.101s] -- Up-to-date: /home/dpma/projects/DiffDrive-ROS/ros_ws/install/ydlidar_sdk/include/core/common/ydlidar_datatype.h
[1.102s] -- Up-to-date: /home/dpma/projects/DiffDrive-ROS/ros_ws/install/ydlidar_sdk/include/core/common/ydlidar_def.h
[1.102s] -- Up-to-date: /home/dpma/projects/DiffDrive-ROS/ros_ws/install/ydlidar_sdk/include/core/common/ydlidar_help.h
[1.102s] -- Up-to-date: /home/dpma/projects/DiffDrive-ROS/ros_ws/install/ydlidar_sdk/include/core/common/ydlidar_protocol.h
[1.102s] -- Up-to-date: /home/dpma/projects/DiffDrive-ROS/ros_ws/install/ydlidar_sdk/include/core/json/cJSON.h
[1.102s] -- Up-to-date: /home/dpma/projects/DiffDrive-ROS/ros_ws/install/ydlidar_sdk/include/core/math/angles.h
[1.103s] -- Up-to-date: /home/dpma/projects/DiffDrive-ROS/ros_ws/install/ydlidar_sdk/include/core/network/ActiveSocket.h
[1.103s] -- Up-to-date: /home/dpma/projects/DiffDrive-ROS/ros_ws/install/ydlidar_sdk/include/core/network/PassiveSocket.h
[1.103s] -- Up-to-date: /home/dpma/projects/DiffDrive-ROS/ros_ws/install/ydlidar_sdk/include/core/network/SimpleSocket.h
[1.103s] -- Up-to-date: /home/dpma/projects/DiffDrive-ROS/ros_ws/install/ydlidar_sdk/include/core/network/StatTimer.h
[1.103s] -- Up-to-date: /home/dpma/projects/DiffDrive-ROS/ros_ws/install/ydlidar_sdk/include/core/serial/common.h
[1.103s] -- Up-to-date: /home/dpma/projects/DiffDrive-ROS/ros_ws/install/ydlidar_sdk/include/core/serial/serial.h
[1.103s] -- Up-to-date: /home/dpma/projects/DiffDrive-ROS/ros_ws/install/ydlidar_sdk/include/core/serial/impl/unix/lock.h
[1.104s] -- Up-to-date: /home/dpma/projects/DiffDrive-ROS/ros_ws/install/ydlidar_sdk/include/core/serial/impl/unix/unix.h
[1.104s] -- Up-to-date: /home/dpma/projects/DiffDrive-ROS/ros_ws/install/ydlidar_sdk/include/core/serial/impl/unix/unix_serial.h
[1.104s] -- Up-to-date: /home/dpma/projects/DiffDrive-ROS/ros_ws/install/ydlidar_sdk/include/src/CYdLidar.h
[1.104s] -- Up-to-date: /home/dpma/projects/DiffDrive-ROS/ros_ws/install/ydlidar_sdk/include/src/DTSLidarDriver.h
[1.105s] -- Up-to-date: /home/dpma/projects/DiffDrive-ROS/ros_ws/install/ydlidar_sdk/include/src/ETLidarDriver.h
[1.105s] -- Up-to-date: /home/dpma/projects/DiffDrive-ROS/ros_ws/install/ydlidar_sdk/include/src/GSLidarDriver.h
[1.105s] -- Up-to-date: /home/dpma/projects/DiffDrive-ROS/ros_ws/install/ydlidar_sdk/include/src/SDMLidarDriver.h
[1.105s] -- Up-to-date: /home/dpma/projects/DiffDrive-ROS/ros_ws/install/ydlidar_sdk/include/src/TiaLidarDriver.h
[1.105s] -- Up-to-date: /home/dpma/projects/DiffDrive-ROS/ros_ws/install/ydlidar_sdk/include/src/YDlidarDriver.h
[1.105s] -- Up-to-date: /home/dpma/projects/DiffDrive-ROS/ros_ws/install/ydlidar_sdk/include/src/ydlidar_sdk.h
[1.106s] -- Up-to-date: /home/dpma/projects/DiffDrive-ROS/ros_ws/install/ydlidar_sdk/include/src/filters/FilterInterface.h
[1.106s] -- Up-to-date: /home/dpma/projects/DiffDrive-ROS/ros_ws/install/ydlidar_sdk/include/src/filters/NoiseFilter.h
[1.106s] -- Up-to-date: /home/dpma/projects/DiffDrive-ROS/ros_ws/install/ydlidar_sdk/include/src/filters/StrongLightFilter.h
[1.106s] -- Up-to-date: /home/dpma/projects/DiffDrive-ROS/ros_ws/install/ydlidar_sdk/include/ydlidar_config.h
[1.106s] -- Up-to-date: /home/dpma/projects/DiffDrive-ROS/ros_ws/install/ydlidar_sdk/lib/libydlidar_sdk.a
[1.106s] -- Up-to-date: /home/dpma/projects/DiffDrive-ROS/ros_ws/install/ydlidar_sdk/lib/pkgconfig/YDLIDAR_SDK.pc
[1.107s] -- Up-to-date: /home/dpma/projects/DiffDrive-ROS/ros_ws/install/ydlidar_sdk/lib/cmake/ydlidar_sdk/ydlidar_sdkConfig.cmake
[1.107s] -- Installing: /home/dpma/projects/DiffDrive-ROS/ros_ws/install/ydlidar_sdk/lib/cmake/ydlidar_sdk/ydlidar_sdkTargets.cmake
[1.107s] -- Up-to-date: /home/dpma/projects/DiffDrive-ROS/ros_ws/install/ydlidar_sdk/lib/cmake/ydlidar_sdk/ydlidar_sdkConfigVersion.cmake
[1.107s] -- Up-to-date: /home/dpma/projects/DiffDrive-ROS/ros_ws/install/ydlidar_sdk/share/YDLIDAR_SDK/FindYDLIDAR_SDK.cmake
[1.107s] -- Up-to-date: /home/dpma/projects/DiffDrive-ROS/ros_ws/install/ydlidar_sdk/share/YDLIDAR_SDK
[1.107s] -- Up-to-date: /home/dpma/projects/DiffDrive-ROS/ros_ws/install/ydlidar_sdk/share/YDLIDAR_SDK/PkgConfig.pc.in
[1.107s] -- Up-to-date: /home/dpma/projects/DiffDrive-ROS/ros_ws/install/ydlidar_sdk/share/YDLIDAR_SDK/script_show_final_summary.cmake
[1.108s] -- Up-to-date: /home/dpma/projects/DiffDrive-ROS/ros_ws/install/ydlidar_sdk/share/YDLIDAR_SDK/PackageConfigVersion.cmake.in
[1.108s] -- Up-to-date: /home/dpma/projects/DiffDrive-ROS/ros_ws/install/ydlidar_sdk/share/YDLIDAR_SDK/cmake_uninstall.cmake.in
[1.108s] -- Up-to-date: /home/dpma/projects/DiffDrive-ROS/ros_ws/install/ydlidar_sdk/share/YDLIDAR_SDK/install_package.cmake
[1.108s] -- Up-to-date: /home/dpma/projects/DiffDrive-ROS/ros_ws/install/ydlidar_sdk/share/YDLIDAR_SDK/PackageConfig.cmake.in
[1.108s] -- Up-to-date: /home/dpma/projects/DiffDrive-ROS/ros_ws/install/ydlidar_sdk/share/YDLIDAR_SDK/FindPackage.cmake.in
[1.108s] -- Up-to-date: /home/dpma/projects/DiffDrive-ROS/ros_ws/install/ydlidar_sdk/share/YDLIDAR_SDK/common
[1.109s] -- Up-to-date: /home/dpma/projects/DiffDrive-ROS/ros_ws/install/ydlidar_sdk/share/YDLIDAR_SDK/common/ydlidar_parse.cmake
[1.109s] -- Up-to-date: /home/dpma/projects/DiffDrive-ROS/ros_ws/install/ydlidar_sdk/share/YDLIDAR_SDK/common/ydlidar_base.cmake
[1.109s] -- Up-to-date: /home/dpma/projects/DiffDrive-ROS/ros_ws/install/ydlidar_sdk/share/YDLIDAR_SDK/LICENSE.txt
[1.109s] -- Up-to-date: /home/dpma/projects/DiffDrive-ROS/ros_ws/install/ydlidar_sdk/share/YDLIDAR_SDK/README.md
[1.109s] -- Up-to-date: /home/dpma/projects/DiffDrive-ROS/ros_ws/install/ydlidar_sdk/share/YDLIDAR_SDK/doc
[1.110s] -- Up-to-date: /home/dpma/projects/DiffDrive-ROS/ros_ws/install/ydlidar_sdk/share/YDLIDAR_SDK/doc/YDLidar-SDK-Communication-Protocol.md
[1.110s] -- Up-to-date: /home/dpma/projects/DiffDrive-ROS/ros_ws/install/ydlidar_sdk/share/YDLIDAR_SDK/doc/tutorials
[1.110s] -- Up-to-date: /home/dpma/projects/DiffDrive-ROS/ros_ws/install/ydlidar_sdk/share/YDLIDAR_SDK/doc/tutorials/writing_lidar_tutorial_c.md
[1.110s] -- Up-to-date: /home/dpma/projects/DiffDrive-ROS/ros_ws/install/ydlidar_sdk/share/YDLIDAR_SDK/doc/tutorials/writing_lidar_tutorial_c++.md
[1.111s] -- Up-to-date: /home/dpma/projects/DiffDrive-ROS/ros_ws/install/ydlidar_sdk/share/YDLIDAR_SDK/doc/tutorials/writing_lidar_network_adapter_tutorial_c++.md
[1.111s] -- Up-to-date: /home/dpma/projects/DiffDrive-ROS/ros_ws/install/ydlidar_sdk/share/YDLIDAR_SDK/doc/tutorials/examine_the_simple_lidar_tutorial.md
[1.111s] -- Up-to-date: /home/dpma/projects/DiffDrive-ROS/ros_ws/install/ydlidar_sdk/share/YDLIDAR_SDK/doc/tutorials/writing_lidar_tutorial_python.md
[1.111s] -- Up-to-date: /home/dpma/projects/DiffDrive-ROS/ros_ws/install/ydlidar_sdk/share/YDLIDAR_SDK/doc/SDK.pdf
[1.111s] -- Up-to-date: /home/dpma/projects/DiffDrive-ROS/ros_ws/install/ydlidar_sdk/share/YDLIDAR_SDK/doc/Diagram.md
[1.111s] -- Up-to-date: /home/dpma/projects/DiffDrive-ROS/ros_ws/install/ydlidar_sdk/share/YDLIDAR_SDK/doc/FAQs
[1.111s] -- Up-to-date: /home/dpma/projects/DiffDrive-ROS/ros_ws/install/ydlidar_sdk/share/YDLIDAR_SDK/doc/FAQs/General_FAQs.md
[1.112s] -- Up-to-date: /home/dpma/projects/DiffDrive-ROS/ros_ws/install/ydlidar_sdk/share/YDLIDAR_SDK/doc/FAQs/Hardware_FAQs.md
[1.112s] -- Up-to-date: /home/dpma/projects/DiffDrive-ROS/ros_ws/install/ydlidar_sdk/share/YDLIDAR_SDK/doc/FAQs/Software_FAQs.md
[1.112s] -- Up-to-date: /home/dpma/projects/DiffDrive-ROS/ros_ws/install/ydlidar_sdk/share/YDLIDAR_SDK/doc/FAQs/General_FAQs_cn.md
[1.112s] -- Up-to-date: /home/dpma/projects/DiffDrive-ROS/ros_ws/install/ydlidar_sdk/share/YDLIDAR_SDK/doc/FAQs/Software_FAQs_cn.md
[1.112s] -- Up-to-date: /home/dpma/projects/DiffDrive-ROS/ros_ws/install/ydlidar_sdk/share/YDLIDAR_SDK/doc/FAQs/README.md
[1.112s] -- Up-to-date: /home/dpma/projects/DiffDrive-ROS/ros_ws/install/ydlidar_sdk/share/YDLIDAR_SDK/doc/FAQs/Hardware_FAQs_cn.md
[1.112s] -- Up-to-date: /home/dpma/projects/DiffDrive-ROS/ros_ws/install/ydlidar_sdk/share/YDLIDAR_SDK/doc/Dataset.md
[1.112s] -- Up-to-date: /home/dpma/projects/DiffDrive-ROS/ros_ws/install/ydlidar_sdk/share/YDLIDAR_SDK/doc/YDLidar_SDK_Communication_Protocol.pdf
[1.113s] -- Up-to-date: /home/dpma/projects/DiffDrive-ROS/ros_ws/install/ydlidar_sdk/share/YDLIDAR_SDK/doc/Tutorials.md
[1.113s] -- Up-to-date: /home/dpma/projects/DiffDrive-ROS/ros_ws/install/ydlidar_sdk/share/YDLIDAR_SDK/doc/images
[1.113s] -- Up-to-date: /home/dpma/projects/DiffDrive-ROS/ros_ws/install/ydlidar_sdk/share/YDLIDAR_SDK/doc/images/angle_q2.png
[1.113s] -- Up-to-date: /home/dpma/projects/DiffDrive-ROS/ros_ws/install/ydlidar_sdk/share/YDLIDAR_SDK/doc/images/communication_mechanism.png
[1.113s] -- Up-to-date: /home/dpma/projects/DiffDrive-ROS/ros_ws/install/ydlidar_sdk/share/YDLIDAR_SDK/doc/images/sdk_scanning.png
[1.113s] -- Up-to-date: /home/dpma/projects/DiffDrive-ROS/ros_ws/install/ydlidar_sdk/share/YDLIDAR_SDK/doc/images/frame_intensity.png
[1.113s] -- Up-to-date: /home/dpma/projects/DiffDrive-ROS/ros_ws/install/ydlidar_sdk/share/YDLIDAR_SDK/doc/images/sdk_init.png
[1.114s] -- Up-to-date: /home/dpma/projects/DiffDrive-ROS/ros_ws/install/ydlidar_sdk/share/YDLIDAR_SDK/doc/images/system_workflow.png
[1.114s] -- Up-to-date: /home/dpma/projects/DiffDrive-ROS/ros_ws/install/ydlidar_sdk/share/YDLIDAR_SDK/doc/images/FlowChart.png
[1.114s] -- Up-to-date: /home/dpma/projects/DiffDrive-ROS/ros_ws/install/ydlidar_sdk/share/YDLIDAR_SDK/doc/images/YDLidar.jpg
[1.114s] -- Up-to-date: /home/dpma/projects/DiffDrive-ROS/ros_ws/install/ydlidar_sdk/share/YDLIDAR_SDK/doc/images/sequence.png
[1.114s] -- Up-to-date: /home/dpma/projects/DiffDrive-ROS/ros_ws/install/ydlidar_sdk/share/YDLIDAR_SDK/doc/images/sdk_architecture.png
[1.114s] -- Up-to-date: /home/dpma/projects/DiffDrive-ROS/ros_ws/install/ydlidar_sdk/share/YDLIDAR_SDK/doc/images/YDLidar.png
[1.114s] -- Up-to-date: /home/dpma/projects/DiffDrive-ROS/ros_ws/install/ydlidar_sdk/share/YDLIDAR_SDK/doc/images/EAI.png
[1.115s] -- Up-to-date: /home/dpma/projects/DiffDrive-ROS/ros_ws/install/ydlidar_sdk/share/YDLIDAR_SDK/doc/images/frame.png
[1.115s] -- Up-to-date: /home/dpma/projects/DiffDrive-ROS/ros_ws/install/ydlidar_sdk/share/YDLIDAR_SDK/doc/YDLidar-SDK-Communication-Protocol.html
[1.115s] -- Up-to-date: /home/dpma/projects/DiffDrive-ROS/ros_ws/install/ydlidar_sdk/share/YDLIDAR_SDK/doc/YDLIDAR_SDK_API_for_Developers.md
[1.115s] -- Up-to-date: /home/dpma/projects/DiffDrive-ROS/ros_ws/install/ydlidar_sdk/share/YDLIDAR_SDK/doc/howto
[1.115s] -- Up-to-date: /home/dpma/projects/DiffDrive-ROS/ros_ws/install/ydlidar_sdk/share/YDLIDAR_SDK/doc/howto/how_to_create_a_udev_rules.md
[1.115s] -- Up-to-date: /home/dpma/projects/DiffDrive-ROS/ros_ws/install/ydlidar_sdk/share/YDLIDAR_SDK/doc/howto/how_to_build_and_install.md
[1.116s] -- Up-to-date: /home/dpma/projects/DiffDrive-ROS/ros_ws/install/ydlidar_sdk/share/YDLIDAR_SDK/doc/howto/how_to_create_a_csharp_project.md
[1.116s] -- Up-to-date: /home/dpma/projects/DiffDrive-ROS/ros_ws/install/ydlidar_sdk/share/YDLIDAR_SDK/doc/howto/how_to_build_and_debug_using_vscode.md
[1.116s] -- Up-to-date: /home/dpma/projects/DiffDrive-ROS/ros_ws/install/ydlidar_sdk/share/YDLIDAR_SDK/doc/howto/how_to_gerenrate_vs_project_by_cmake.md
[1.116s] -- Up-to-date: /home/dpma/projects/DiffDrive-ROS/ros_ws/install/ydlidar_sdk/share/YDLIDAR_SDK/doc/howto/how_to_create_a_pull.md
[1.116s] -- Up-to-date: /home/dpma/projects/DiffDrive-ROS/ros_ws/install/ydlidar_sdk/share/YDLIDAR_SDK/doc/howto/images
[1.116s] -- Up-to-date: /home/dpma/projects/DiffDrive-ROS/ros_ws/install/ydlidar_sdk/share/YDLIDAR_SDK/doc/howto/images/csharp_library.png
[1.116s] -- Up-to-date: /home/dpma/projects/DiffDrive-ROS/ros_ws/install/ydlidar_sdk/share/YDLIDAR_SDK/doc/howto/images/sdk_scanning.png
[1.117s] -- Up-to-date: /home/dpma/projects/DiffDrive-ROS/ros_ws/install/ydlidar_sdk/share/YDLIDAR_SDK/doc/howto/images/ttyUSB0.png
[1.117s] -- Up-to-date: /home/dpma/projects/DiffDrive-ROS/ros_ws/install/ydlidar_sdk/share/YDLIDAR_SDK/doc/howto/images/vscode
[1.117s] -- Up-to-date: /home/dpma/projects/DiffDrive-ROS/ros_ws/install/ydlidar_sdk/share/YDLIDAR_SDK/doc/howto/images/vscode/tasks.png
[1.118s] -- Up-to-date: /home/dpma/projects/DiffDrive-ROS/ros_ws/install/ydlidar_sdk/share/YDLIDAR_SDK/doc/howto/images/vscode/run_tasks.jpg
[1.118s] -- Up-to-date: /home/dpma/projects/DiffDrive-ROS/ros_ws/install/ydlidar_sdk/share/YDLIDAR_SDK/doc/howto/images/csharp_project.png
[1.118s] -- Up-to-date: /home/dpma/projects/DiffDrive-ROS/ros_ws/install/ydlidar_sdk/share/YDLIDAR_SDK/doc/howto/images/sdk_init.png
[1.118s] -- Up-to-date: /home/dpma/projects/DiffDrive-ROS/ros_ws/install/ydlidar_sdk/share/YDLIDAR_SDK/doc/howto/images/sequence.png
[1.118s] -- Up-to-date: /home/dpma/projects/DiffDrive-ROS/ros_ws/install/ydlidar_sdk/share/YDLIDAR_SDK/doc/howto/images/ydlidar_lidar_monitor.png
[1.118s] -- Up-to-date: /home/dpma/projects/DiffDrive-ROS/ros_ws/install/ydlidar_sdk/share/YDLIDAR_SDK/doc/howto/images/csharp_build.png
[1.118s] -- Up-to-date: /home/dpma/projects/DiffDrive-ROS/ros_ws/install/ydlidar_sdk/share/YDLIDAR_SDK/doc/howto/images/csharp_exception.png
[1.119s] -- Up-to-date: /home/dpma/projects/DiffDrive-ROS/ros_ws/install/ydlidar_sdk/share/YDLIDAR_SDK/doc/howto/images/cpack.png
[1.119s] -- Up-to-date: /home/dpma/projects/DiffDrive-ROS/ros_ws/install/ydlidar_sdk/share/YDLIDAR_SDK/doc/howto/images/csharp_running.png
[1.119s] -- Up-to-date: /home/dpma/projects/DiffDrive-ROS/ros_ws/install/ydlidar_sdk/share/YDLIDAR_SDK/doc/howto/images/ttyUSB1.png
[1.119s] -- Up-to-date: /home/dpma/projects/DiffDrive-ROS/ros_ws/install/ydlidar_sdk/share/YDLIDAR_SDK/doc/howto/how_to_solve_slow_pull_from_cn.md
[1.120s] -- Up-to-date: /home/dpma/projects/DiffDrive-ROS/ros_ws/install/ydlidar_sdk/share/YDLIDAR_SDK/doc/howto/README.md
[1.120s] -- Up-to-date: /home/dpma/projects/DiffDrive-ROS/ros_ws/install/ydlidar_sdk/share/YDLIDAR_SDK/doc/README.md
[1.120s] -- Up-to-date: /home/dpma/projects/DiffDrive-ROS/ros_ws/install/ydlidar_sdk/share/YDLIDAR_SDK/doc/quickstart
[1.120s] -- Up-to-date: /home/dpma/projects/DiffDrive-ROS/ros_ws/install/ydlidar_sdk/share/YDLIDAR_SDK/doc/quickstart/ydlidar_sdk_software_installation_guide.md
[1.120s] -- Up-to-date: /home/dpma/projects/DiffDrive-ROS/ros_ws/install/ydlidar_sdk/share/YDLIDAR_SDK/doc/quickstart/README.md
[1.120s] -- Up-to-date: /home/dpma/projects/DiffDrive-ROS/ros_ws/install/ydlidar_sdk/share/YDLIDAR_SDK/doc/YDLidar-SDK-Communication-Protocol.pdf
[1.120s] -- Up-to-date: /home/dpma/projects/DiffDrive-ROS/ros_ws/install/ydlidar_sdk/startup/initenv.sh
[1.120s] -- Up-to-date: /home/dpma/projects/DiffDrive-ROS/ros_ws/install/ydlidar_sdk/bin/et_test
[1.120s] -- Up-to-date: /home/dpma/projects/DiffDrive-ROS/ros_ws/install/ydlidar_sdk/bin/gs_ota
[1.120s] -- Up-to-date: /home/dpma/projects/DiffDrive-ROS/ros_ws/install/ydlidar_sdk/bin/gs_test
[1.120s] -- Up-to-date: /home/dpma/projects/DiffDrive-ROS/ros_ws/install/ydlidar_sdk/bin/gs_test2
[1.120s] -- Up-to-date: /home/dpma/projects/DiffDrive-ROS/ros_ws/install/ydlidar_sdk/bin/scl_test
[1.120s] -- Up-to-date: /home/dpma/projects/DiffDrive-ROS/ros_ws/install/ydlidar_sdk/bin/sdm18_test
[1.121s] -- Up-to-date: /home/dpma/projects/DiffDrive-ROS/ros_ws/install/ydlidar_sdk/bin/sdm_test
[1.121s] -- Up-to-date: /home/dpma/projects/DiffDrive-ROS/ros_ws/install/ydlidar_sdk/bin/tea_test
[1.121s] -- Up-to-date: /home/dpma/projects/DiffDrive-ROS/ros_ws/install/ydlidar_sdk/bin/tia_test
[1.121s] -- Up-to-date: /home/dpma/projects/DiffDrive-ROS/ros_ws/install/ydlidar_sdk/bin/tmini_test
[1.121s] -- Up-to-date: /home/dpma/projects/DiffDrive-ROS/ros_ws/install/ydlidar_sdk/bin/tof_test
[1.121s] -- Up-to-date: /home/dpma/projects/DiffDrive-ROS/ros_ws/install/ydlidar_sdk/bin/tri_and_gs_test
[1.121s] -- Up-to-date: /home/dpma/projects/DiffDrive-ROS/ros_ws/install/ydlidar_sdk/bin/tri_restart
[1.121s] -- Up-to-date: /home/dpma/projects/DiffDrive-ROS/ros_ws/install/ydlidar_sdk/bin/tri_test
[1.121s] -- Up-to-date: /home/dpma/projects/DiffDrive-ROS/ros_ws/install/ydlidar_sdk/bin/lidar_c_api_test
[1.121s] Invoked command in '/home/dpma/projects/DiffDrive-ROS/ros_ws/build/ydlidar_sdk' returned '0': DEBUGINFOD_URLS=https://debuginfod.ubuntu.com /usr/bin/cmake --install /home/dpma/projects/DiffDrive-ROS/ros_ws/build/ydlidar_sdk
