[0.022s] Invoking command in '/home/dpma/projects/DiffDrive-ROS/ros_ws/build/ydlidar_sdk': DEBUGINFOD_URLS=https://debuginfod.ubuntu.com /usr/bin/cmake /home/dpma/projects/DiffDrive-ROS/ros_ws/src/YDLidar-SDK -DCMAKE_INSTALL_PREFIX=/home/dpma/projects/DiffDrive-ROS/ros_ws/install/ydlidar_sdk
[0.032s] [0mCMake Deprecation Warning at CMakeLists.txt:1 (cmake_minimum_required):
[0.032s]   Compatibility with CMake < 3.5 will be removed from a future version of
[0.033s]   CMake.
[0.033s] 
[0.033s]   Update the VERSION argument <min> value or use a ...<max> suffix to tell
[0.033s]   CMake that the project does not need compatibility with older versions.
[0.033s] 
[0.033s] [0m
[0.113s] -- The C compiler identification is GNU 13.3.0
[0.209s] -- The CXX compiler identification is GNU 13.3.0
[0.234s] -- Detecting C compiler ABI info
[0.356s] -- Detecting C compiler ABI info - done
[0.374s] -- Check for working C compiler: /usr/bin/cc - skipped
[0.375s] -- Detecting C compile features
[0.376s] -- Detecting C compile features - done
[0.392s] -- Detecting CXX compiler ABI info
[0.539s] -- Detecting CXX compiler ABI info - done
[0.560s] -- Check for working CXX compiler: /usr/bin/c++ - skipped
[0.561s] -- Detecting CXX compile features
[0.561s] -- Detecting CXX compile features - done
[0.562s] -- Current platform: Linux
[0.564s] [0mCMake Deprecation Warning at CMakeLists.txt:58 (cmake_policy):
[0.564s]   The OLD behavior for policy CMP0053 will be removed from a future version
[0.564s]   of CMake.
[0.564s] 
[0.564s]   The cmake-policies(7) manual explains that the OLD behaviors of all
[0.564s]   policies are deprecated and that a policy should be set to OLD only under
[0.564s]   specific short-term circumstances.  Projects should be ported to the NEW
[0.564s]   behavior and not rely on setting a policy to OLD.
[0.565s] 
[0.565s] [0m
[0.565s] [0mCMake Deprecation Warning at CMakeLists.txt:61 (cmake_policy):
[0.565s]   The OLD behavior for policy CMP0037 will be removed from a future version
[0.565s]   of CMake.
[0.565s] 
[0.565s]   The cmake-policies(7) manual explains that the OLD behaviors of all
[0.565s]   policies are deprecated and that a policy should be set to OLD only under
[0.566s]   specific short-term circumstances.  Projects should be ported to the NEW
[0.566s]   behavior and not rely on setting a policy to OLD.
[0.566s] 
[0.566s] [0m
[0.566s] [0mCMake Deprecation Warning at CMakeLists.txt:64 (cmake_policy):
[0.566s]   The OLD behavior for policy CMP0043 will be removed from a future version
[0.566s]   of CMake.
[0.566s] 
[0.567s]   The cmake-policies(7) manual explains that the OLD behaviors of all
[0.567s]   policies are deprecated and that a policy should be set to OLD only under
[0.567s]   specific short-term circumstances.  Projects should be ported to the NEW
[0.567s]   behavior and not rely on setting a policy to OLD.
[0.567s] 
[0.567s] [0m
[0.568s] -- Could NOT find SWIG (missing: SWIG_EXECUTABLE SWIG_DIR) 
[0.568s] [33mCMake Warning (dev) at CMakeLists.txt:78 (find_package):
[0.569s]   Policy CMP0148 is not set: The FindPythonInterp and FindPythonLibs modules
[0.569s]   are removed.  Run "cmake --help-policy CMP0148" for policy details.  Use
[0.569s]   the cmake_policy command to set the policy and suppress this warning.
[0.569s] 
[0.569s] This warning is for project developers.  Use -Wno-dev to suppress it.
[0.569s] [0m
[0.607s] -- Found PythonInterp: /usr/bin/python3 (found version "3.12.3") 
[0.607s] [33mCMake Warning (dev) at CMakeLists.txt:79 (find_package):
[0.607s]   Policy CMP0148 is not set: The FindPythonInterp and FindPythonLibs modules
[0.607s]   are removed.  Run "cmake --help-policy CMP0148" for policy details.  Use
[0.607s]   the cmake_policy command to set the policy and suppress this warning.
[0.608s] 
[0.608s] This warning is for project developers.  Use -Wno-dev to suppress it.
[0.608s] [0m
[0.628s] -- Found PythonLibs: /usr/lib/x86_64-linux-gnu/libpython3.12.so (found version "3.12.3") 
[0.763s] -- Found GTest: /usr/lib/x86_64-linux-gnu/cmake/GTest/GTestConfig.cmake (found version "1.14.0")  
[0.763s] [0mCMake Deprecation Warning at core/CMakeLists.txt:1 (cmake_minimum_required):
[0.763s]   Compatibility with CMake < 3.5 will be removed from a future version of
[0.764s]   CMake.
[0.764s] 
[0.764s]   Update the VERSION argument <min> value or use a ...<max> suffix to tell
[0.764s]   CMake that the project does not need compatibility with older versions.
[0.764s] 
[0.764s] [0m
[0.772s] [0mCMake Deprecation Warning at examples/CMakeLists.txt:2 (cmake_minimum_required):
[0.773s]   Compatibility with CMake < 3.5 will be removed from a future version of
[0.773s]   CMake.
[0.773s] 
[0.773s]   Update the VERSION argument <min> value or use a ...<max> suffix to tell
[0.773s]   CMake that the project does not need compatibility with older versions.
[0.773s] 
[0.773s] [0m
[0.779s] [0mCMake Deprecation Warning at cmake/install_package.cmake:101 (cmake_policy):
[0.780s]   The OLD behavior for policy CMP0026 will be removed from a future version
[0.780s]   of CMake.
[0.780s] 
[0.780s]   The cmake-policies(7) manual explains that the OLD behaviors of all
[0.780s]   policies are deprecated and that a policy should be set to OLD only under
[0.780s]   specific short-term circumstances.  Projects should be ported to the NEW
[0.780s]   behavior and not rely on setting a policy to OLD.
[0.780s] Call Stack (most recent call first):
[0.780s]   CMakeLists.txt:176 (install_package)
[0.781s] 
[0.781s] [0m
[0.784s] [33mCMake Warning (dev) at cmake/install_package.cmake:191 (install):
[0.784s]   Policy CMP0062 is not set: Disallow install() of export() result.  Run
[0.784s]   "cmake --help-policy CMP0062" for policy details.  Use the cmake_policy
[0.784s]   command to set the policy and suppress this warning.
[0.784s] 
[0.784s]   The file
[0.785s] 
[0.785s]     /home/dpma/projects/DiffDrive-ROS/ros_ws/build/ydlidar_sdk/ydlidar_sdkTargets.cmake
[0.785s] 
[0.785s]   was generated by the export() command.  It should not be installed with the
[0.785s]   install() command.  Use the install(EXPORT) mechanism instead.  See the
[0.785s]   cmake-packages(7) manual for more.
[0.785s] 
[0.785s] Call Stack (most recent call first):
[0.786s]   CMakeLists.txt:176 (install_package)
[0.786s] This warning is for project developers.  Use -Wno-dev to suppress it.
[0.786s] [0m
[0.799s] -- 
[0.799s] -- +===========================================================================+
[0.799s] -- |         Resulting configuration for                             |
[0.799s] -- +===========================================================================+
[0.799s] --  _________________________ PLATFORM _____________________________
[0.800s] --  Host                        : Linux6.11.0-25-genericx86_64
[0.800s] --  Is the system big endian?   :  No 
[0.800s] --  Word size (32/64 bit)       : 64
[0.800s] --  CMake version               : 3.28.3
[0.800s] --  CMake generator             : Unix Makefiles
[0.800s] --  CMake build tool            : /usr/bin/gmake
[0.800s] --  Compiler                    : GNU
[0.800s] --  Configuration               : 
[0.800s] -- 
[0.801s] --  __________________________ OPTIONS _____________________________
[0.801s] --  Build YDLidar-SDK as a shared library?　　 :  No 
[0.801s] --  Build Examples?　　　　　　　　　　　　　　 : Yes 
[0.801s] --  Build C Sharp API?　　　　　　　　　　　　 :  No 
[0.801s] --  Build TEST?  			　　　 :  No 
[0.801s] -- 
[0.801s] --  _________________________ INSTALL _____________________
[0.801s] --  Install prefix                    : /home/dpma/projects/DiffDrive-ROS/ros_ws/install/ydlidar_sdk
[0.802s] -- 
[0.802s] --  _______________________ WRAPPERS/BINDINGS ______________________
[0.802s] --  Python bindings (pyydlidar)   :  No 
[0.802s] --   - dep: Swig found?       :  No [Version: ]
[0.802s] --   - dep: PythonLibs found?  : Yes [Version: 3.12.3]
[0.802s] -- 
[0.802s] -- Configuring done (0.8s)
[0.852s] -- Generating done (0.0s)
[0.862s] -- Build files have been written to: /home/dpma/projects/DiffDrive-ROS/ros_ws/build/ydlidar_sdk
[0.869s] Invoked command in '/home/dpma/projects/DiffDrive-ROS/ros_ws/build/ydlidar_sdk' returned '0': DEBUGINFOD_URLS=https://debuginfod.ubuntu.com /usr/bin/cmake /home/dpma/projects/DiffDrive-ROS/ros_ws/src/YDLidar-SDK -DCMAKE_INSTALL_PREFIX=/home/dpma/projects/DiffDrive-ROS/ros_ws/install/ydlidar_sdk
[0.871s] Invoking command in '/home/dpma/projects/DiffDrive-ROS/ros_ws/build/ydlidar_sdk': DEBUGINFOD_URLS=https://debuginfod.ubuntu.com /usr/bin/cmake --build /home/dpma/projects/DiffDrive-ROS/ros_ws/build/ydlidar_sdk -- -j8 -l8
[0.985s] [ 41%] Built target ydlidar_sdk
[1.026s] [ 45%] Built target scl_test
[1.031s] [ 49%] Built target et_test
[1.046s] [ 56%] Built target sdm_test
[1.047s] [ 56%] Built target gs_test2
[1.053s] [ 60%] Built target gs_test
[1.056s] [ 64%] Built target sdm18_test
[1.057s] [ 68%] Built target tea_test
[1.058s] [ 72%] Built target gs_ota
[1.087s] [ 76%] Built target tmini_test
[1.088s] [ 80%] Built target tia_test
[1.100s] [ 84%] Built target tri_restart
[1.101s] [ 88%] Built target tof_test
[1.104s] [ 92%] Built target tri_and_gs_test
[1.107s] [ 96%] Built target tri_test
[1.112s] [100%] Built target lidar_c_api_test
[1.125s] Invoked command in '/home/dpma/projects/DiffDrive-ROS/ros_ws/build/ydlidar_sdk' returned '0': DEBUGINFOD_URLS=https://debuginfod.ubuntu.com /usr/bin/cmake --build /home/dpma/projects/DiffDrive-ROS/ros_ws/build/ydlidar_sdk -- -j8 -l8
[1.127s] Invoking command in '/home/dpma/projects/DiffDrive-ROS/ros_ws/build/ydlidar_sdk': DEBUGINFOD_URLS=https://debuginfod.ubuntu.com /usr/bin/cmake --install /home/dpma/projects/DiffDrive-ROS/ros_ws/build/ydlidar_sdk
[1.137s] -- Install configuration: ""
[1.138s] -- Up-to-date: /home/dpma/projects/DiffDrive-ROS/ros_ws/install/ydlidar_sdk/include/core/base/datatype.h
[1.138s] -- Up-to-date: /home/dpma/projects/DiffDrive-ROS/ros_ws/install/ydlidar_sdk/include/core/base/locker.h
[1.138s] -- Up-to-date: /home/dpma/projects/DiffDrive-ROS/ros_ws/install/ydlidar_sdk/include/core/base/thread.h
[1.138s] -- Up-to-date: /home/dpma/projects/DiffDrive-ROS/ros_ws/install/ydlidar_sdk/include/core/base/timer.h
[1.138s] -- Up-to-date: /home/dpma/projects/DiffDrive-ROS/ros_ws/install/ydlidar_sdk/include/core/base/typedef.h
[1.138s] -- Up-to-date: /home/dpma/projects/DiffDrive-ROS/ros_ws/install/ydlidar_sdk/include/core/base/utils.h
[1.138s] -- Up-to-date: /home/dpma/projects/DiffDrive-ROS/ros_ws/install/ydlidar_sdk/include/core/base/v8stdint.h
[1.138s] -- Up-to-date: /home/dpma/projects/DiffDrive-ROS/ros_ws/install/ydlidar_sdk/include/core/base/ydlidar.h
[1.139s] -- Up-to-date: /home/dpma/projects/DiffDrive-ROS/ros_ws/install/ydlidar_sdk/include/core/common/ChannelDevice.h
[1.140s] -- Up-to-date: /home/dpma/projects/DiffDrive-ROS/ros_ws/install/ydlidar_sdk/include/core/common/DriverInterface.h
[1.141s] -- Up-to-date: /home/dpma/projects/DiffDrive-ROS/ros_ws/install/ydlidar_sdk/include/core/common/ydlidar_datatype.h
[1.141s] -- Up-to-date: /home/dpma/projects/DiffDrive-ROS/ros_ws/install/ydlidar_sdk/include/core/common/ydlidar_def.h
[1.141s] -- Up-to-date: /home/dpma/projects/DiffDrive-ROS/ros_ws/install/ydlidar_sdk/include/core/common/ydlidar_help.h
[1.141s] -- Up-to-date: /home/dpma/projects/DiffDrive-ROS/ros_ws/install/ydlidar_sdk/include/core/common/ydlidar_protocol.h
[1.141s] -- Up-to-date: /home/dpma/projects/DiffDrive-ROS/ros_ws/install/ydlidar_sdk/include/core/json/cJSON.h
[1.142s] -- Up-to-date: /home/dpma/projects/DiffDrive-ROS/ros_ws/install/ydlidar_sdk/include/core/math/angles.h
[1.142s] -- Up-to-date: /home/dpma/projects/DiffDrive-ROS/ros_ws/install/ydlidar_sdk/include/core/network/ActiveSocket.h
[1.142s] -- Up-to-date: /home/dpma/projects/DiffDrive-ROS/ros_ws/install/ydlidar_sdk/include/core/network/PassiveSocket.h
[1.142s] -- Up-to-date: /home/dpma/projects/DiffDrive-ROS/ros_ws/install/ydlidar_sdk/include/core/network/SimpleSocket.h
[1.142s] -- Up-to-date: /home/dpma/projects/DiffDrive-ROS/ros_ws/install/ydlidar_sdk/include/core/network/StatTimer.h
[1.142s] -- Up-to-date: /home/dpma/projects/DiffDrive-ROS/ros_ws/install/ydlidar_sdk/include/core/serial/common.h
[1.143s] -- Up-to-date: /home/dpma/projects/DiffDrive-ROS/ros_ws/install/ydlidar_sdk/include/core/serial/serial.h
[1.143s] -- Up-to-date: /home/dpma/projects/DiffDrive-ROS/ros_ws/install/ydlidar_sdk/include/core/serial/impl/unix/lock.h
[1.143s] -- Up-to-date: /home/dpma/projects/DiffDrive-ROS/ros_ws/install/ydlidar_sdk/include/core/serial/impl/unix/unix.h
[1.143s] -- Up-to-date: /home/dpma/projects/DiffDrive-ROS/ros_ws/install/ydlidar_sdk/include/core/serial/impl/unix/unix_serial.h
[1.143s] -- Up-to-date: /home/dpma/projects/DiffDrive-ROS/ros_ws/install/ydlidar_sdk/include/src/CYdLidar.h
[1.143s] -- Up-to-date: /home/dpma/projects/DiffDrive-ROS/ros_ws/install/ydlidar_sdk/include/src/DTSLidarDriver.h
[1.143s] -- Up-to-date: /home/dpma/projects/DiffDrive-ROS/ros_ws/install/ydlidar_sdk/include/src/ETLidarDriver.h
[1.144s] -- Up-to-date: /home/dpma/projects/DiffDrive-ROS/ros_ws/install/ydlidar_sdk/include/src/GSLidarDriver.h
[1.144s] -- Up-to-date: /home/dpma/projects/DiffDrive-ROS/ros_ws/install/ydlidar_sdk/include/src/SDMLidarDriver.h
[1.144s] -- Up-to-date: /home/dpma/projects/DiffDrive-ROS/ros_ws/install/ydlidar_sdk/include/src/TiaLidarDriver.h
[1.144s] -- Up-to-date: /home/dpma/projects/DiffDrive-ROS/ros_ws/install/ydlidar_sdk/include/src/YDlidarDriver.h
[1.144s] -- Up-to-date: /home/dpma/projects/DiffDrive-ROS/ros_ws/install/ydlidar_sdk/include/src/ydlidar_sdk.h
[1.144s] -- Up-to-date: /home/dpma/projects/DiffDrive-ROS/ros_ws/install/ydlidar_sdk/include/src/filters/FilterInterface.h
[1.144s] -- Up-to-date: /home/dpma/projects/DiffDrive-ROS/ros_ws/install/ydlidar_sdk/include/src/filters/NoiseFilter.h
[1.145s] -- Up-to-date: /home/dpma/projects/DiffDrive-ROS/ros_ws/install/ydlidar_sdk/include/src/filters/StrongLightFilter.h
[1.145s] -- Up-to-date: /home/dpma/projects/DiffDrive-ROS/ros_ws/install/ydlidar_sdk/include/ydlidar_config.h
[1.145s] -- Up-to-date: /home/dpma/projects/DiffDrive-ROS/ros_ws/install/ydlidar_sdk/lib/libydlidar_sdk.a
[1.145s] -- Up-to-date: /home/dpma/projects/DiffDrive-ROS/ros_ws/install/ydlidar_sdk/lib/pkgconfig/YDLIDAR_SDK.pc
[1.145s] -- Up-to-date: /home/dpma/projects/DiffDrive-ROS/ros_ws/install/ydlidar_sdk/lib/cmake/ydlidar_sdk/ydlidar_sdkConfig.cmake
[1.145s] -- Installing: /home/dpma/projects/DiffDrive-ROS/ros_ws/install/ydlidar_sdk/lib/cmake/ydlidar_sdk/ydlidar_sdkTargets.cmake
[1.145s] -- Up-to-date: /home/dpma/projects/DiffDrive-ROS/ros_ws/install/ydlidar_sdk/lib/cmake/ydlidar_sdk/ydlidar_sdkConfigVersion.cmake
[1.145s] -- Up-to-date: /home/dpma/projects/DiffDrive-ROS/ros_ws/install/ydlidar_sdk/share/YDLIDAR_SDK/FindYDLIDAR_SDK.cmake
[1.145s] -- Up-to-date: /home/dpma/projects/DiffDrive-ROS/ros_ws/install/ydlidar_sdk/share/YDLIDAR_SDK
[1.145s] -- Up-to-date: /home/dpma/projects/DiffDrive-ROS/ros_ws/install/ydlidar_sdk/share/YDLIDAR_SDK/PkgConfig.pc.in
[1.146s] -- Up-to-date: /home/dpma/projects/DiffDrive-ROS/ros_ws/install/ydlidar_sdk/share/YDLIDAR_SDK/script_show_final_summary.cmake
[1.146s] -- Up-to-date: /home/dpma/projects/DiffDrive-ROS/ros_ws/install/ydlidar_sdk/share/YDLIDAR_SDK/PackageConfigVersion.cmake.in
[1.146s] -- Up-to-date: /home/dpma/projects/DiffDrive-ROS/ros_ws/install/ydlidar_sdk/share/YDLIDAR_SDK/cmake_uninstall.cmake.in
[1.146s] -- Up-to-date: /home/dpma/projects/DiffDrive-ROS/ros_ws/install/ydlidar_sdk/share/YDLIDAR_SDK/install_package.cmake
[1.146s] -- Up-to-date: /home/dpma/projects/DiffDrive-ROS/ros_ws/install/ydlidar_sdk/share/YDLIDAR_SDK/PackageConfig.cmake.in
[1.146s] -- Up-to-date: /home/dpma/projects/DiffDrive-ROS/ros_ws/install/ydlidar_sdk/share/YDLIDAR_SDK/FindPackage.cmake.in
[1.146s] -- Up-to-date: /home/dpma/projects/DiffDrive-ROS/ros_ws/install/ydlidar_sdk/share/YDLIDAR_SDK/common
[1.146s] -- Up-to-date: /home/dpma/projects/DiffDrive-ROS/ros_ws/install/ydlidar_sdk/share/YDLIDAR_SDK/common/ydlidar_parse.cmake
[1.146s] -- Up-to-date: /home/dpma/projects/DiffDrive-ROS/ros_ws/install/ydlidar_sdk/share/YDLIDAR_SDK/common/ydlidar_base.cmake
[1.147s] -- Up-to-date: /home/dpma/projects/DiffDrive-ROS/ros_ws/install/ydlidar_sdk/share/YDLIDAR_SDK/LICENSE.txt
[1.147s] -- Up-to-date: /home/dpma/projects/DiffDrive-ROS/ros_ws/install/ydlidar_sdk/share/YDLIDAR_SDK/README.md
[1.147s] -- Up-to-date: /home/dpma/projects/DiffDrive-ROS/ros_ws/install/ydlidar_sdk/share/YDLIDAR_SDK/doc
[1.147s] -- Up-to-date: /home/dpma/projects/DiffDrive-ROS/ros_ws/install/ydlidar_sdk/share/YDLIDAR_SDK/doc/YDLidar-SDK-Communication-Protocol.md
[1.147s] -- Up-to-date: /home/dpma/projects/DiffDrive-ROS/ros_ws/install/ydlidar_sdk/share/YDLIDAR_SDK/doc/tutorials
[1.147s] -- Up-to-date: /home/dpma/projects/DiffDrive-ROS/ros_ws/install/ydlidar_sdk/share/YDLIDAR_SDK/doc/tutorials/writing_lidar_tutorial_c.md
[1.147s] -- Up-to-date: /home/dpma/projects/DiffDrive-ROS/ros_ws/install/ydlidar_sdk/share/YDLIDAR_SDK/doc/tutorials/writing_lidar_tutorial_c++.md
[1.147s] -- Up-to-date: /home/dpma/projects/DiffDrive-ROS/ros_ws/install/ydlidar_sdk/share/YDLIDAR_SDK/doc/tutorials/writing_lidar_network_adapter_tutorial_c++.md
[1.147s] -- Up-to-date: /home/dpma/projects/DiffDrive-ROS/ros_ws/install/ydlidar_sdk/share/YDLIDAR_SDK/doc/tutorials/examine_the_simple_lidar_tutorial.md
[1.147s] -- Up-to-date: /home/dpma/projects/DiffDrive-ROS/ros_ws/install/ydlidar_sdk/share/YDLIDAR_SDK/doc/tutorials/writing_lidar_tutorial_python.md
[1.147s] -- Up-to-date: /home/dpma/projects/DiffDrive-ROS/ros_ws/install/ydlidar_sdk/share/YDLIDAR_SDK/doc/SDK.pdf
[1.147s] -- Up-to-date: /home/dpma/projects/DiffDrive-ROS/ros_ws/install/ydlidar_sdk/share/YDLIDAR_SDK/doc/Diagram.md
[1.148s] -- Up-to-date: /home/dpma/projects/DiffDrive-ROS/ros_ws/install/ydlidar_sdk/share/YDLIDAR_SDK/doc/FAQs
[1.148s] -- Up-to-date: /home/dpma/projects/DiffDrive-ROS/ros_ws/install/ydlidar_sdk/share/YDLIDAR_SDK/doc/FAQs/General_FAQs.md
[1.148s] -- Up-to-date: /home/dpma/projects/DiffDrive-ROS/ros_ws/install/ydlidar_sdk/share/YDLIDAR_SDK/doc/FAQs/Hardware_FAQs.md
[1.148s] -- Up-to-date: /home/dpma/projects/DiffDrive-ROS/ros_ws/install/ydlidar_sdk/share/YDLIDAR_SDK/doc/FAQs/Software_FAQs.md
[1.148s] -- Up-to-date: /home/dpma/projects/DiffDrive-ROS/ros_ws/install/ydlidar_sdk/share/YDLIDAR_SDK/doc/FAQs/General_FAQs_cn.md
[1.148s] -- Up-to-date: /home/dpma/projects/DiffDrive-ROS/ros_ws/install/ydlidar_sdk/share/YDLIDAR_SDK/doc/FAQs/Software_FAQs_cn.md
[1.148s] -- Up-to-date: /home/dpma/projects/DiffDrive-ROS/ros_ws/install/ydlidar_sdk/share/YDLIDAR_SDK/doc/FAQs/README.md
[1.148s] -- Up-to-date: /home/dpma/projects/DiffDrive-ROS/ros_ws/install/ydlidar_sdk/share/YDLIDAR_SDK/doc/FAQs/Hardware_FAQs_cn.md
[1.148s] -- Up-to-date: /home/dpma/projects/DiffDrive-ROS/ros_ws/install/ydlidar_sdk/share/YDLIDAR_SDK/doc/Dataset.md
[1.148s] -- Up-to-date: /home/dpma/projects/DiffDrive-ROS/ros_ws/install/ydlidar_sdk/share/YDLIDAR_SDK/doc/YDLidar_SDK_Communication_Protocol.pdf
[1.148s] -- Up-to-date: /home/dpma/projects/DiffDrive-ROS/ros_ws/install/ydlidar_sdk/share/YDLIDAR_SDK/doc/Tutorials.md
[1.148s] -- Up-to-date: /home/dpma/projects/DiffDrive-ROS/ros_ws/install/ydlidar_sdk/share/YDLIDAR_SDK/doc/images
[1.148s] -- Up-to-date: /home/dpma/projects/DiffDrive-ROS/ros_ws/install/ydlidar_sdk/share/YDLIDAR_SDK/doc/images/angle_q2.png
[1.148s] -- Up-to-date: /home/dpma/projects/DiffDrive-ROS/ros_ws/install/ydlidar_sdk/share/YDLIDAR_SDK/doc/images/communication_mechanism.png
[1.148s] -- Up-to-date: /home/dpma/projects/DiffDrive-ROS/ros_ws/install/ydlidar_sdk/share/YDLIDAR_SDK/doc/images/sdk_scanning.png
[1.149s] -- Up-to-date: /home/dpma/projects/DiffDrive-ROS/ros_ws/install/ydlidar_sdk/share/YDLIDAR_SDK/doc/images/frame_intensity.png
[1.149s] -- Up-to-date: /home/dpma/projects/DiffDrive-ROS/ros_ws/install/ydlidar_sdk/share/YDLIDAR_SDK/doc/images/sdk_init.png
[1.149s] -- Up-to-date: /home/dpma/projects/DiffDrive-ROS/ros_ws/install/ydlidar_sdk/share/YDLIDAR_SDK/doc/images/system_workflow.png
[1.149s] -- Up-to-date: /home/dpma/projects/DiffDrive-ROS/ros_ws/install/ydlidar_sdk/share/YDLIDAR_SDK/doc/images/FlowChart.png
[1.149s] -- Up-to-date: /home/dpma/projects/DiffDrive-ROS/ros_ws/install/ydlidar_sdk/share/YDLIDAR_SDK/doc/images/YDLidar.jpg
[1.149s] -- Up-to-date: /home/dpma/projects/DiffDrive-ROS/ros_ws/install/ydlidar_sdk/share/YDLIDAR_SDK/doc/images/sequence.png
[1.149s] -- Up-to-date: /home/dpma/projects/DiffDrive-ROS/ros_ws/install/ydlidar_sdk/share/YDLIDAR_SDK/doc/images/sdk_architecture.png
[1.149s] -- Up-to-date: /home/dpma/projects/DiffDrive-ROS/ros_ws/install/ydlidar_sdk/share/YDLIDAR_SDK/doc/images/YDLidar.png
[1.149s] -- Up-to-date: /home/dpma/projects/DiffDrive-ROS/ros_ws/install/ydlidar_sdk/share/YDLIDAR_SDK/doc/images/EAI.png
[1.149s] -- Up-to-date: /home/dpma/projects/DiffDrive-ROS/ros_ws/install/ydlidar_sdk/share/YDLIDAR_SDK/doc/images/frame.png
[1.149s] -- Up-to-date: /home/dpma/projects/DiffDrive-ROS/ros_ws/install/ydlidar_sdk/share/YDLIDAR_SDK/doc/YDLidar-SDK-Communication-Protocol.html
[1.149s] -- Up-to-date: /home/dpma/projects/DiffDrive-ROS/ros_ws/install/ydlidar_sdk/share/YDLIDAR_SDK/doc/YDLIDAR_SDK_API_for_Developers.md
[1.149s] -- Up-to-date: /home/dpma/projects/DiffDrive-ROS/ros_ws/install/ydlidar_sdk/share/YDLIDAR_SDK/doc/howto
[1.149s] -- Up-to-date: /home/dpma/projects/DiffDrive-ROS/ros_ws/install/ydlidar_sdk/share/YDLIDAR_SDK/doc/howto/how_to_create_a_udev_rules.md
[1.150s] -- Up-to-date: /home/dpma/projects/DiffDrive-ROS/ros_ws/install/ydlidar_sdk/share/YDLIDAR_SDK/doc/howto/how_to_build_and_install.md
[1.150s] -- Up-to-date: /home/dpma/projects/DiffDrive-ROS/ros_ws/install/ydlidar_sdk/share/YDLIDAR_SDK/doc/howto/how_to_create_a_csharp_project.md
[1.150s] -- Up-to-date: /home/dpma/projects/DiffDrive-ROS/ros_ws/install/ydlidar_sdk/share/YDLIDAR_SDK/doc/howto/how_to_build_and_debug_using_vscode.md
[1.150s] -- Up-to-date: /home/dpma/projects/DiffDrive-ROS/ros_ws/install/ydlidar_sdk/share/YDLIDAR_SDK/doc/howto/how_to_gerenrate_vs_project_by_cmake.md
[1.150s] -- Up-to-date: /home/dpma/projects/DiffDrive-ROS/ros_ws/install/ydlidar_sdk/share/YDLIDAR_SDK/doc/howto/how_to_create_a_pull.md
[1.150s] -- Up-to-date: /home/dpma/projects/DiffDrive-ROS/ros_ws/install/ydlidar_sdk/share/YDLIDAR_SDK/doc/howto/images
[1.150s] -- Up-to-date: /home/dpma/projects/DiffDrive-ROS/ros_ws/install/ydlidar_sdk/share/YDLIDAR_SDK/doc/howto/images/csharp_library.png
[1.150s] -- Up-to-date: /home/dpma/projects/DiffDrive-ROS/ros_ws/install/ydlidar_sdk/share/YDLIDAR_SDK/doc/howto/images/sdk_scanning.png
[1.150s] -- Up-to-date: /home/dpma/projects/DiffDrive-ROS/ros_ws/install/ydlidar_sdk/share/YDLIDAR_SDK/doc/howto/images/ttyUSB0.png
[1.150s] -- Up-to-date: /home/dpma/projects/DiffDrive-ROS/ros_ws/install/ydlidar_sdk/share/YDLIDAR_SDK/doc/howto/images/vscode
[1.150s] -- Up-to-date: /home/dpma/projects/DiffDrive-ROS/ros_ws/install/ydlidar_sdk/share/YDLIDAR_SDK/doc/howto/images/vscode/tasks.png
[1.150s] -- Up-to-date: /home/dpma/projects/DiffDrive-ROS/ros_ws/install/ydlidar_sdk/share/YDLIDAR_SDK/doc/howto/images/vscode/run_tasks.jpg
[1.150s] -- Up-to-date: /home/dpma/projects/DiffDrive-ROS/ros_ws/install/ydlidar_sdk/share/YDLIDAR_SDK/doc/howto/images/csharp_project.png
[1.150s] -- Up-to-date: /home/dpma/projects/DiffDrive-ROS/ros_ws/install/ydlidar_sdk/share/YDLIDAR_SDK/doc/howto/images/sdk_init.png
[1.151s] -- Up-to-date: /home/dpma/projects/DiffDrive-ROS/ros_ws/install/ydlidar_sdk/share/YDLIDAR_SDK/doc/howto/images/sequence.png
[1.151s] -- Up-to-date: /home/dpma/projects/DiffDrive-ROS/ros_ws/install/ydlidar_sdk/share/YDLIDAR_SDK/doc/howto/images/ydlidar_lidar_monitor.png
[1.151s] -- Up-to-date: /home/dpma/projects/DiffDrive-ROS/ros_ws/install/ydlidar_sdk/share/YDLIDAR_SDK/doc/howto/images/csharp_build.png
[1.151s] -- Up-to-date: /home/dpma/projects/DiffDrive-ROS/ros_ws/install/ydlidar_sdk/share/YDLIDAR_SDK/doc/howto/images/csharp_exception.png
[1.151s] -- Up-to-date: /home/dpma/projects/DiffDrive-ROS/ros_ws/install/ydlidar_sdk/share/YDLIDAR_SDK/doc/howto/images/cpack.png
[1.151s] -- Up-to-date: /home/dpma/projects/DiffDrive-ROS/ros_ws/install/ydlidar_sdk/share/YDLIDAR_SDK/doc/howto/images/csharp_running.png
[1.151s] -- Up-to-date: /home/dpma/projects/DiffDrive-ROS/ros_ws/install/ydlidar_sdk/share/YDLIDAR_SDK/doc/howto/images/ttyUSB1.png
[1.151s] -- Up-to-date: /home/dpma/projects/DiffDrive-ROS/ros_ws/install/ydlidar_sdk/share/YDLIDAR_SDK/doc/howto/how_to_solve_slow_pull_from_cn.md
[1.151s] -- Up-to-date: /home/dpma/projects/DiffDrive-ROS/ros_ws/install/ydlidar_sdk/share/YDLIDAR_SDK/doc/howto/README.md
[1.151s] -- Up-to-date: /home/dpma/projects/DiffDrive-ROS/ros_ws/install/ydlidar_sdk/share/YDLIDAR_SDK/doc/README.md
[1.151s] -- Up-to-date: /home/dpma/projects/DiffDrive-ROS/ros_ws/install/ydlidar_sdk/share/YDLIDAR_SDK/doc/quickstart
[1.151s] -- Up-to-date: /home/dpma/projects/DiffDrive-ROS/ros_ws/install/ydlidar_sdk/share/YDLIDAR_SDK/doc/quickstart/ydlidar_sdk_software_installation_guide.md
[1.151s] -- Up-to-date: /home/dpma/projects/DiffDrive-ROS/ros_ws/install/ydlidar_sdk/share/YDLIDAR_SDK/doc/quickstart/README.md
[1.151s] -- Up-to-date: /home/dpma/projects/DiffDrive-ROS/ros_ws/install/ydlidar_sdk/share/YDLIDAR_SDK/doc/YDLidar-SDK-Communication-Protocol.pdf
[1.151s] -- Up-to-date: /home/dpma/projects/DiffDrive-ROS/ros_ws/install/ydlidar_sdk/startup/initenv.sh
[1.152s] -- Up-to-date: /home/dpma/projects/DiffDrive-ROS/ros_ws/install/ydlidar_sdk/bin/et_test
[1.152s] -- Up-to-date: /home/dpma/projects/DiffDrive-ROS/ros_ws/install/ydlidar_sdk/bin/gs_ota
[1.152s] -- Up-to-date: /home/dpma/projects/DiffDrive-ROS/ros_ws/install/ydlidar_sdk/bin/gs_test
[1.152s] -- Up-to-date: /home/dpma/projects/DiffDrive-ROS/ros_ws/install/ydlidar_sdk/bin/gs_test2
[1.152s] -- Up-to-date: /home/dpma/projects/DiffDrive-ROS/ros_ws/install/ydlidar_sdk/bin/scl_test
[1.152s] -- Up-to-date: /home/dpma/projects/DiffDrive-ROS/ros_ws/install/ydlidar_sdk/bin/sdm18_test
[1.152s] -- Up-to-date: /home/dpma/projects/DiffDrive-ROS/ros_ws/install/ydlidar_sdk/bin/sdm_test
[1.152s] -- Up-to-date: /home/dpma/projects/DiffDrive-ROS/ros_ws/install/ydlidar_sdk/bin/tea_test
[1.152s] -- Up-to-date: /home/dpma/projects/DiffDrive-ROS/ros_ws/install/ydlidar_sdk/bin/tia_test
[1.152s] -- Up-to-date: /home/dpma/projects/DiffDrive-ROS/ros_ws/install/ydlidar_sdk/bin/tmini_test
[1.152s] -- Up-to-date: /home/dpma/projects/DiffDrive-ROS/ros_ws/install/ydlidar_sdk/bin/tof_test
[1.152s] -- Up-to-date: /home/dpma/projects/DiffDrive-ROS/ros_ws/install/ydlidar_sdk/bin/tri_and_gs_test
[1.152s] -- Up-to-date: /home/dpma/projects/DiffDrive-ROS/ros_ws/install/ydlidar_sdk/bin/tri_restart
[1.152s] -- Up-to-date: /home/dpma/projects/DiffDrive-ROS/ros_ws/install/ydlidar_sdk/bin/tri_test
[1.153s] -- Up-to-date: /home/dpma/projects/DiffDrive-ROS/ros_ws/install/ydlidar_sdk/bin/lidar_c_api_test
[1.177s] Invoked command in '/home/dpma/projects/DiffDrive-ROS/ros_ws/build/ydlidar_sdk' returned '0': DEBUGINFOD_URLS=https://debuginfod.ubuntu.com /usr/bin/cmake --install /home/dpma/projects/DiffDrive-ROS/ros_ws/build/ydlidar_sdk
