[0.023s] Invoking command in '/home/dpma/projects/DiffDrive-ROS/ros_ws/build/actions_cpp': CMAKE_PREFIX_PATH=/home/dpma/projects/DiffDrive-ROS/ros_ws/install/my_robot_interfaces:/home/dpma/projects/DiffDrive-ROS/ros_ws/install/ydlidar_sdk:/home/dpma/projects/DiffDrive-ROS/ros_ws/install/ydlidar_ros2_driver:/home/dpma/projects/DiffDrive-ROS/ros_ws/install/my_cpp_pkg:/home/dpma/projects/DiffDrive-ROS/ros_ws/install/actions_cpp:/home/dpma/projects/DiffDrive-ROS/ros_ws/install/my_robot_description:/home/dpma/projects/DiffDrive-ROS/ros_ws/install/my_robot_bringup:/opt/ros/jazzy/opt/gz_sim_vendor:/opt/ros/jazzy/opt/gz_sensors_vendor:/opt/ros/jazzy/opt/gz_physics_vendor:/opt/ros/jazzy/opt/sdformat_vendor:/opt/ros/jazzy/opt/gz_gui_vendor:/opt/ros/jazzy/opt/gz_transport_vendor:/opt/ros/jazzy/opt/gz_rendering_vendor:/opt/ros/jazzy/opt/gz_plugin_vendor:/opt/ros/jazzy/opt/gz_fuel_tools_vendor:/opt/ros/jazzy/opt/gz_msgs_vendor:/opt/ros/jazzy/opt/gz_common_vendor:/opt/ros/jazzy/opt/gz_math_vendor:/opt/ros/jazzy/opt/gz_utils_vendor:/opt/ros/jazzy/opt/gz_tools_vendor:/opt/ros/jazzy/opt/gz_ogre_next_vendor:/opt/ros/jazzy/opt/gz_dartsim_vendor:/opt/ros/jazzy/opt/gz_cmake_vendor:/home/dpma/projects/DiffDrive-ROS/ros_ws/install/my_py_pkg:/opt/ros/jazzy DEBUGINFOD_URLS=https://debuginfod.ubuntu.com PYTHONPATH=/home/dpma/projects/DiffDrive-ROS/ros_ws/install/my_robot_interfaces/lib/python3.12/site-packages:/home/dpma/projects/DiffDrive-ROS/ros_ws/install/my_py_pkg/lib/python3.12/site-packages:/opt/ros/jazzy/lib/python3.12/site-packages:/home/dpma/acados/interfaces/acados_template /usr/bin/cmake /home/dpma/projects/DiffDrive-ROS/ros_ws/src/actions_cpp -DCMAKE_INSTALL_PREFIX=/home/dpma/projects/DiffDrive-ROS/ros_ws/install/actions_cpp
[0.399s] -- The C compiler identification is GNU 13.3.0
[0.609s] -- The CXX compiler identification is GNU 13.3.0
[0.627s] -- Detecting C compiler ABI info
[0.829s] -- Detecting C compiler ABI info - done
[0.849s] -- Check for working C compiler: /usr/bin/cc - skipped
[0.849s] -- Detecting C compile features
[0.849s] -- Detecting C compile features - done
[0.862s] -- Detecting CXX compiler ABI info
[1.029s] -- Detecting CXX compiler ABI info - done
[1.050s] -- Check for working CXX compiler: /usr/bin/c++ - skipped
[1.050s] -- Detecting CXX compile features
[1.051s] -- Detecting CXX compile features - done
[1.057s] -- Found ament_cmake: 2.5.4 (/opt/ros/jazzy/share/ament_cmake/cmake)
[1.473s] -- Found Python3: /usr/bin/python3 (found version "3.12.3") found components: Interpreter 
[1.702s] -- Found rclcpp: 28.1.9 (/opt/ros/jazzy/share/rclcpp/cmake)
[1.809s] -- Found rosidl_generator_c: 4.6.5 (/opt/ros/jazzy/share/rosidl_generator_c/cmake)
[1.847s] -- Found rosidl_generator_cpp: 4.6.5 (/opt/ros/jazzy/share/rosidl_generator_cpp/cmake)
[1.887s] -- Using all available rosidl_typesupport_c: rosidl_typesupport_fastrtps_c;rosidl_typesupport_introspection_c
[1.935s] -- Using all available rosidl_typesupport_cpp: rosidl_typesupport_fastrtps_cpp;rosidl_typesupport_introspection_cpp
[2.127s] -- Found rmw_implementation_cmake: 7.3.2 (/opt/ros/jazzy/share/rmw_implementation_cmake/cmake)
[2.135s] -- Found rmw_fastrtps_cpp: 8.4.2 (/opt/ros/jazzy/share/rmw_fastrtps_cpp/cmake)
[2.276s] -- Found OpenSSL: /usr/lib/x86_64-linux-gnu/libcrypto.so (found version "3.0.13")  
[2.304s] -- Found FastRTPS: /opt/ros/jazzy/include (Required is at least version "2.13") 
[2.337s] -- Using RMW implementation 'rmw_fastrtps_cpp' as default
[2.573s] -- Found rclcpp_action: 28.1.9 (/opt/ros/jazzy/share/rclcpp_action/cmake)
[4.086s] -- Found my_robot_interfaces: 0.0.0 (/home/dpma/projects/DiffDrive-ROS/ros_ws/install/my_robot_interfaces/share/my_robot_interfaces/cmake)
[4.161s] -- Found nav_msgs: 5.3.6 (/opt/ros/jazzy/share/nav_msgs/cmake)
[5.328s] -- Configuring done (5.3s)
[5.350s] -- Generating done (0.0s)
[5.618s] -- Build files have been written to: /home/dpma/projects/DiffDrive-ROS/ros_ws/build/actions_cpp
[5.653s] Invoked command in '/home/dpma/projects/DiffDrive-ROS/ros_ws/build/actions_cpp' returned '0': CMAKE_PREFIX_PATH=/home/dpma/projects/DiffDrive-ROS/ros_ws/install/my_robot_interfaces:/home/dpma/projects/DiffDrive-ROS/ros_ws/install/ydlidar_sdk:/home/dpma/projects/DiffDrive-ROS/ros_ws/install/ydlidar_ros2_driver:/home/dpma/projects/DiffDrive-ROS/ros_ws/install/my_cpp_pkg:/home/dpma/projects/DiffDrive-ROS/ros_ws/install/actions_cpp:/home/dpma/projects/DiffDrive-ROS/ros_ws/install/my_robot_description:/home/dpma/projects/DiffDrive-ROS/ros_ws/install/my_robot_bringup:/opt/ros/jazzy/opt/gz_sim_vendor:/opt/ros/jazzy/opt/gz_sensors_vendor:/opt/ros/jazzy/opt/gz_physics_vendor:/opt/ros/jazzy/opt/sdformat_vendor:/opt/ros/jazzy/opt/gz_gui_vendor:/opt/ros/jazzy/opt/gz_transport_vendor:/opt/ros/jazzy/opt/gz_rendering_vendor:/opt/ros/jazzy/opt/gz_plugin_vendor:/opt/ros/jazzy/opt/gz_fuel_tools_vendor:/opt/ros/jazzy/opt/gz_msgs_vendor:/opt/ros/jazzy/opt/gz_common_vendor:/opt/ros/jazzy/opt/gz_math_vendor:/opt/ros/jazzy/opt/gz_utils_vendor:/opt/ros/jazzy/opt/gz_tools_vendor:/opt/ros/jazzy/opt/gz_ogre_next_vendor:/opt/ros/jazzy/opt/gz_dartsim_vendor:/opt/ros/jazzy/opt/gz_cmake_vendor:/home/dpma/projects/DiffDrive-ROS/ros_ws/install/my_py_pkg:/opt/ros/jazzy DEBUGINFOD_URLS=https://debuginfod.ubuntu.com PYTHONPATH=/home/dpma/projects/DiffDrive-ROS/ros_ws/install/my_robot_interfaces/lib/python3.12/site-packages:/home/dpma/projects/DiffDrive-ROS/ros_ws/install/my_py_pkg/lib/python3.12/site-packages:/opt/ros/jazzy/lib/python3.12/site-packages:/home/dpma/acados/interfaces/acados_template /usr/bin/cmake /home/dpma/projects/DiffDrive-ROS/ros_ws/src/actions_cpp -DCMAKE_INSTALL_PREFIX=/home/dpma/projects/DiffDrive-ROS/ros_ws/install/actions_cpp
[5.656s] Invoking command in '/home/dpma/projects/DiffDrive-ROS/ros_ws/build/actions_cpp': CMAKE_PREFIX_PATH=/home/dpma/projects/DiffDrive-ROS/ros_ws/install/my_robot_interfaces:/home/dpma/projects/DiffDrive-ROS/ros_ws/install/ydlidar_sdk:/home/dpma/projects/DiffDrive-ROS/ros_ws/install/ydlidar_ros2_driver:/home/dpma/projects/DiffDrive-ROS/ros_ws/install/my_cpp_pkg:/home/dpma/projects/DiffDrive-ROS/ros_ws/install/actions_cpp:/home/dpma/projects/DiffDrive-ROS/ros_ws/install/my_robot_description:/home/dpma/projects/DiffDrive-ROS/ros_ws/install/my_robot_bringup:/opt/ros/jazzy/opt/gz_sim_vendor:/opt/ros/jazzy/opt/gz_sensors_vendor:/opt/ros/jazzy/opt/gz_physics_vendor:/opt/ros/jazzy/opt/sdformat_vendor:/opt/ros/jazzy/opt/gz_gui_vendor:/opt/ros/jazzy/opt/gz_transport_vendor:/opt/ros/jazzy/opt/gz_rendering_vendor:/opt/ros/jazzy/opt/gz_plugin_vendor:/opt/ros/jazzy/opt/gz_fuel_tools_vendor:/opt/ros/jazzy/opt/gz_msgs_vendor:/opt/ros/jazzy/opt/gz_common_vendor:/opt/ros/jazzy/opt/gz_math_vendor:/opt/ros/jazzy/opt/gz_utils_vendor:/opt/ros/jazzy/opt/gz_tools_vendor:/opt/ros/jazzy/opt/gz_ogre_next_vendor:/opt/ros/jazzy/opt/gz_dartsim_vendor:/opt/ros/jazzy/opt/gz_cmake_vendor:/home/dpma/projects/DiffDrive-ROS/ros_ws/install/my_py_pkg:/opt/ros/jazzy DEBUGINFOD_URLS=https://debuginfod.ubuntu.com PYTHONPATH=/home/dpma/projects/DiffDrive-ROS/ros_ws/install/my_robot_interfaces/lib/python3.12/site-packages:/home/dpma/projects/DiffDrive-ROS/ros_ws/install/my_py_pkg/lib/python3.12/site-packages:/opt/ros/jazzy/lib/python3.12/site-packages:/home/dpma/acados/interfaces/acados_template /usr/bin/cmake --build /home/dpma/projects/DiffDrive-ROS/ros_ws/build/actions_cpp -- -j8 -l8
[5.735s] [ 25%] [32mBuilding CXX object CMakeFiles/target_handling_actionserver.dir/src/target_handling_actionserver.cpp.o[0m
[11.588s] [01m[K/home/dpma/projects/DiffDrive-ROS/ros_ws/src/actions_cpp/src/target_handling_actionserver.cpp:[m[K In member function ‘[01m[Krclcpp_action::GoalResponse TargetHandlingServer::[01;32m[Kgoal_callback[m[K(const rclcpp_action::GoalUUID&, std::shared_ptr<const my_robot_interfaces::action::MoveTo_Goal_<std::allocator<void> > >)[m[K’:
[11.588s] [01m[K/home/dpma/projects/DiffDrive-ROS/ros_ws/src/actions_cpp/src/target_handling_actionserver.cpp:46:78:[m[K [01;35m[Kwarning: [m[Kunused parameter ‘[01m[Kuuid[m[K’ [[01;35m[K]8;;https://gcc.gnu.org/onlinedocs/gcc/Warning-Options.html#index-Wunused-parameter-Wunused-parameter]8;;[m[K]
[11.588s]    46 | ::GoalResponse goal_callback([01;35m[Kconst rclcpp_action::GoalUUID &uuid[m[K, std::shared_ptr<const MoveTo::Goal> goal)
[11.588s]       |                              [01;35m[K~~~~~~~~~~~~~~~~~~~~~~~~~~~~~~~^~~~[m[K
[11.588s] 
[11.588s] [01m[K/home/dpma/projects/DiffDrive-ROS/ros_ws/src/actions_cpp/src/target_handling_actionserver.cpp:46:120:[m[K [01;35m[Kwarning: [m[Kunused parameter ‘[01m[Kgoal[m[K’ [[01;35m[K]8;;https://gcc.gnu.org/onlinedocs/gcc/Warning-Options.html#index-Wunused-parameter-Wunused-parameter]8;;[m[K]
[11.589s]    46 | clcpp_action::GoalUUID &uuid, [01;35m[Kstd::shared_ptr<const MoveTo::Goal> goal[m[K)
[11.589s]       |                               [01;35m[K~~~~~~~~~~~~~~~~~~~~~~~~~~~~~~~~~~~~^~~~[m[K
[11.589s] 
[30.117s] [ 50%] [32m[1mLinking CXX executable target_handling_actionserver[0m
[32.275s] [ 50%] Built target target_handling_actionserver
[32.333s] [ 75%] [32mBuilding CXX object CMakeFiles/target_handling_actionclient.dir/src/target_handling_actionclient.cpp.o[0m
[38.110s] [100%] [32m[1mLinking CXX executable target_handling_actionclient[0m
[38.328s] [100%] Built target target_handling_actionclient
[38.349s] Invoked command in '/home/dpma/projects/DiffDrive-ROS/ros_ws/build/actions_cpp' returned '0': CMAKE_PREFIX_PATH=/home/dpma/projects/DiffDrive-ROS/ros_ws/install/my_robot_interfaces:/home/dpma/projects/DiffDrive-ROS/ros_ws/install/ydlidar_sdk:/home/dpma/projects/DiffDrive-ROS/ros_ws/install/ydlidar_ros2_driver:/home/dpma/projects/DiffDrive-ROS/ros_ws/install/my_cpp_pkg:/home/dpma/projects/DiffDrive-ROS/ros_ws/install/actions_cpp:/home/dpma/projects/DiffDrive-ROS/ros_ws/install/my_robot_description:/home/dpma/projects/DiffDrive-ROS/ros_ws/install/my_robot_bringup:/opt/ros/jazzy/opt/gz_sim_vendor:/opt/ros/jazzy/opt/gz_sensors_vendor:/opt/ros/jazzy/opt/gz_physics_vendor:/opt/ros/jazzy/opt/sdformat_vendor:/opt/ros/jazzy/opt/gz_gui_vendor:/opt/ros/jazzy/opt/gz_transport_vendor:/opt/ros/jazzy/opt/gz_rendering_vendor:/opt/ros/jazzy/opt/gz_plugin_vendor:/opt/ros/jazzy/opt/gz_fuel_tools_vendor:/opt/ros/jazzy/opt/gz_msgs_vendor:/opt/ros/jazzy/opt/gz_common_vendor:/opt/ros/jazzy/opt/gz_math_vendor:/opt/ros/jazzy/opt/gz_utils_vendor:/opt/ros/jazzy/opt/gz_tools_vendor:/opt/ros/jazzy/opt/gz_ogre_next_vendor:/opt/ros/jazzy/opt/gz_dartsim_vendor:/opt/ros/jazzy/opt/gz_cmake_vendor:/home/dpma/projects/DiffDrive-ROS/ros_ws/install/my_py_pkg:/opt/ros/jazzy DEBUGINFOD_URLS=https://debuginfod.ubuntu.com PYTHONPATH=/home/dpma/projects/DiffDrive-ROS/ros_ws/install/my_robot_interfaces/lib/python3.12/site-packages:/home/dpma/projects/DiffDrive-ROS/ros_ws/install/my_py_pkg/lib/python3.12/site-packages:/opt/ros/jazzy/lib/python3.12/site-packages:/home/dpma/acados/interfaces/acados_template /usr/bin/cmake --build /home/dpma/projects/DiffDrive-ROS/ros_ws/build/actions_cpp -- -j8 -l8
[38.350s] Invoking command in '/home/dpma/projects/DiffDrive-ROS/ros_ws/build/actions_cpp': CMAKE_PREFIX_PATH=/home/dpma/projects/DiffDrive-ROS/ros_ws/install/my_robot_interfaces:/home/dpma/projects/DiffDrive-ROS/ros_ws/install/ydlidar_sdk:/home/dpma/projects/DiffDrive-ROS/ros_ws/install/ydlidar_ros2_driver:/home/dpma/projects/DiffDrive-ROS/ros_ws/install/my_cpp_pkg:/home/dpma/projects/DiffDrive-ROS/ros_ws/install/actions_cpp:/home/dpma/projects/DiffDrive-ROS/ros_ws/install/my_robot_description:/home/dpma/projects/DiffDrive-ROS/ros_ws/install/my_robot_bringup:/opt/ros/jazzy/opt/gz_sim_vendor:/opt/ros/jazzy/opt/gz_sensors_vendor:/opt/ros/jazzy/opt/gz_physics_vendor:/opt/ros/jazzy/opt/sdformat_vendor:/opt/ros/jazzy/opt/gz_gui_vendor:/opt/ros/jazzy/opt/gz_transport_vendor:/opt/ros/jazzy/opt/gz_rendering_vendor:/opt/ros/jazzy/opt/gz_plugin_vendor:/opt/ros/jazzy/opt/gz_fuel_tools_vendor:/opt/ros/jazzy/opt/gz_msgs_vendor:/opt/ros/jazzy/opt/gz_common_vendor:/opt/ros/jazzy/opt/gz_math_vendor:/opt/ros/jazzy/opt/gz_utils_vendor:/opt/ros/jazzy/opt/gz_tools_vendor:/opt/ros/jazzy/opt/gz_ogre_next_vendor:/opt/ros/jazzy/opt/gz_dartsim_vendor:/opt/ros/jazzy/opt/gz_cmake_vendor:/home/dpma/projects/DiffDrive-ROS/ros_ws/install/my_py_pkg:/opt/ros/jazzy DEBUGINFOD_URLS=https://debuginfod.ubuntu.com PYTHONPATH=/home/dpma/projects/DiffDrive-ROS/ros_ws/install/my_robot_interfaces/lib/python3.12/site-packages:/home/dpma/projects/DiffDrive-ROS/ros_ws/install/my_py_pkg/lib/python3.12/site-packages:/opt/ros/jazzy/lib/python3.12/site-packages:/home/dpma/acados/interfaces/acados_template /usr/bin/cmake --install /home/dpma/projects/DiffDrive-ROS/ros_ws/build/actions_cpp
[38.360s] -- Install configuration: ""
[38.360s] -- Installing: /home/dpma/projects/DiffDrive-ROS/ros_ws/install/actions_cpp/lib/actions_cpp/target_handling_actionserver
[38.365s] -- Set non-toolchain portion of runtime path of "/home/dpma/projects/DiffDrive-ROS/ros_ws/install/actions_cpp/lib/actions_cpp/target_handling_actionserver" to ""
[38.368s] -- Installing: /home/dpma/projects/DiffDrive-ROS/ros_ws/install/actions_cpp/lib/actions_cpp/target_handling_actionclient
[38.368s] -- Set non-toolchain portion of runtime path of "/home/dpma/projects/DiffDrive-ROS/ros_ws/install/actions_cpp/lib/actions_cpp/target_handling_actionclient" to ""
[38.368s] -- Installing: /home/dpma/projects/DiffDrive-ROS/ros_ws/install/actions_cpp/share/ament_index/resource_index/package_run_dependencies/actions_cpp
[38.368s] -- Installing: /home/dpma/projects/DiffDrive-ROS/ros_ws/install/actions_cpp/share/ament_index/resource_index/parent_prefix_path/actions_cpp
[38.369s] -- Installing: /home/dpma/projects/DiffDrive-ROS/ros_ws/install/actions_cpp/share/actions_cpp/environment/ament_prefix_path.sh
[38.369s] -- Installing: /home/dpma/projects/DiffDrive-ROS/ros_ws/install/actions_cpp/share/actions_cpp/environment/ament_prefix_path.dsv
[38.369s] -- Installing: /home/dpma/projects/DiffDrive-ROS/ros_ws/install/actions_cpp/share/actions_cpp/environment/path.sh
[38.369s] -- Installing: /home/dpma/projects/DiffDrive-ROS/ros_ws/install/actions_cpp/share/actions_cpp/environment/path.dsv
[38.369s] -- Installing: /home/dpma/projects/DiffDrive-ROS/ros_ws/install/actions_cpp/share/actions_cpp/local_setup.bash
[38.369s] -- Installing: /home/dpma/projects/DiffDrive-ROS/ros_ws/install/actions_cpp/share/actions_cpp/local_setup.sh
[38.370s] -- Installing: /home/dpma/projects/DiffDrive-ROS/ros_ws/install/actions_cpp/share/actions_cpp/local_setup.zsh
[38.370s] -- Installing: /home/dpma/projects/DiffDrive-ROS/ros_ws/install/actions_cpp/share/actions_cpp/local_setup.dsv
[38.370s] -- Installing: /home/dpma/projects/DiffDrive-ROS/ros_ws/install/actions_cpp/share/actions_cpp/package.dsv
[38.370s] -- Installing: /home/dpma/projects/DiffDrive-ROS/ros_ws/install/actions_cpp/share/ament_index/resource_index/packages/actions_cpp
[38.370s] -- Installing: /home/dpma/projects/DiffDrive-ROS/ros_ws/install/actions_cpp/share/actions_cpp/cmake/actions_cppConfig.cmake
[38.370s] -- Installing: /home/dpma/projects/DiffDrive-ROS/ros_ws/install/actions_cpp/share/actions_cpp/cmake/actions_cppConfig-version.cmake
[38.370s] -- Installing: /home/dpma/projects/DiffDrive-ROS/ros_ws/install/actions_cpp/share/actions_cpp/package.xml
[38.371s] Invoked command in '/home/dpma/projects/DiffDrive-ROS/ros_ws/build/actions_cpp' returned '0': CMAKE_PREFIX_PATH=/home/dpma/projects/DiffDrive-ROS/ros_ws/install/my_robot_interfaces:/home/dpma/projects/DiffDrive-ROS/ros_ws/install/ydlidar_sdk:/home/dpma/projects/DiffDrive-ROS/ros_ws/install/ydlidar_ros2_driver:/home/dpma/projects/DiffDrive-ROS/ros_ws/install/my_cpp_pkg:/home/dpma/projects/DiffDrive-ROS/ros_ws/install/actions_cpp:/home/dpma/projects/DiffDrive-ROS/ros_ws/install/my_robot_description:/home/dpma/projects/DiffDrive-ROS/ros_ws/install/my_robot_bringup:/opt/ros/jazzy/opt/gz_sim_vendor:/opt/ros/jazzy/opt/gz_sensors_vendor:/opt/ros/jazzy/opt/gz_physics_vendor:/opt/ros/jazzy/opt/sdformat_vendor:/opt/ros/jazzy/opt/gz_gui_vendor:/opt/ros/jazzy/opt/gz_transport_vendor:/opt/ros/jazzy/opt/gz_rendering_vendor:/opt/ros/jazzy/opt/gz_plugin_vendor:/opt/ros/jazzy/opt/gz_fuel_tools_vendor:/opt/ros/jazzy/opt/gz_msgs_vendor:/opt/ros/jazzy/opt/gz_common_vendor:/opt/ros/jazzy/opt/gz_math_vendor:/opt/ros/jazzy/opt/gz_utils_vendor:/opt/ros/jazzy/opt/gz_tools_vendor:/opt/ros/jazzy/opt/gz_ogre_next_vendor:/opt/ros/jazzy/opt/gz_dartsim_vendor:/opt/ros/jazzy/opt/gz_cmake_vendor:/home/dpma/projects/DiffDrive-ROS/ros_ws/install/my_py_pkg:/opt/ros/jazzy DEBUGINFOD_URLS=https://debuginfod.ubuntu.com PYTHONPATH=/home/dpma/projects/DiffDrive-ROS/ros_ws/install/my_robot_interfaces/lib/python3.12/site-packages:/home/dpma/projects/DiffDrive-ROS/ros_ws/install/my_py_pkg/lib/python3.12/site-packages:/opt/ros/jazzy/lib/python3.12/site-packages:/home/dpma/acados/interfaces/acados_template /usr/bin/cmake --install /home/dpma/projects/DiffDrive-ROS/ros_ws/build/actions_cpp
