[0.021s] Invoking command in '/home/dpma/projects/DiffDrive-ROS/ros_ws/build/ydlidar_ros2_driver': CMAKE_PREFIX_PATH=${CMAKE_PREFIX_PATH}:/home/dpma/projects/DiffDrive-ROS/ros_ws/install/my_py_pkg:/opt/ros/jazzy DEBUGINFOD_URLS=https://debuginfod.ubuntu.com /usr/bin/cmake /home/dpma/projects/DiffDrive-ROS/ros_ws/src/ydlidar_ros2_driver -DCMAKE_INSTALL_PREFIX=/home/dpma/projects/DiffDrive-ROS/ros_ws/install/ydlidar_ros2_driver
[0.101s] -- The C compiler identification is GNU 13.3.0
[0.186s] -- The CXX compiler identification is GNU 13.3.0
[0.207s] -- Detecting C compiler ABI info
[0.326s] -- Detecting C compiler ABI info - done
[0.343s] -- Check for working C compiler: /usr/bin/cc - skipped
[0.344s] -- Detecting C compile features
[0.345s] -- Detecting C compile features - done
[0.357s] -- Detecting CXX compiler ABI info
[0.499s] -- Detecting CXX compiler ABI info - done
[0.512s] -- Check for working CXX compiler: /usr/bin/c++ - skipped
[0.512s] -- Detecting CXX compile features
[0.513s] -- Detecting CXX compile features - done
[0.518s] -- Found ament_cmake: 2.5.4 (/opt/ros/jazzy/share/ament_cmake/cmake)
[0.755s] -- Found Python3: /usr/bin/python3 (found version "3.12.3") found components: Interpreter 
[0.934s] -- Found rclcpp: 28.1.9 (/opt/ros/jazzy/share/rclcpp/cmake)
[1.044s] -- Found rosidl_generator_c: 4.6.5 (/opt/ros/jazzy/share/rosidl_generator_c/cmake)
[1.093s] -- Found rosidl_generator_cpp: 4.6.5 (/opt/ros/jazzy/share/rosidl_generator_cpp/cmake)
[1.117s] -- Using all available rosidl_typesupport_c: rosidl_typesupport_fastrtps_c;rosidl_typesupport_introspection_c
[1.152s] -- Using all available rosidl_typesupport_cpp: rosidl_typesupport_fastrtps_cpp;rosidl_typesupport_introspection_cpp
[1.275s] -- Found rmw_implementation_cmake: 7.3.2 (/opt/ros/jazzy/share/rmw_implementation_cmake/cmake)
[1.281s] -- Found rmw_fastrtps_cpp: 8.4.2 (/opt/ros/jazzy/share/rmw_fastrtps_cpp/cmake)
[1.387s] -- Found OpenSSL: /usr/lib/x86_64-linux-gnu/libcrypto.so (found version "3.0.13")  
[1.408s] -- Found FastRTPS: /opt/ros/jazzy/include (Required is at least version "2.13") 
[1.433s] -- Using RMW implementation 'rmw_fastrtps_cpp' as default
[1.529s] -- Found sensor_msgs: 5.3.6 (/opt/ros/jazzy/share/sensor_msgs/cmake)
[1.601s] -- Found visualization_msgs: 5.3.6 (/opt/ros/jazzy/share/visualization_msgs/cmake)
[1.636s] -- Found std_srvs: 5.3.6 (/opt/ros/jazzy/share/std_srvs/cmake)
[1.663s] -- Found ament_lint_auto: 0.17.2 (/opt/ros/jazzy/share/ament_lint_auto/cmake)
[1.795s] -- Added test 'copyright' to check source files copyright and LICENSE
[1.800s] -- Added test 'cppcheck' to perform static code analysis on C / C++ code
[1.801s] -- Configured cppcheck include dirs: /home/dpma/projects/DiffDrive-ROS/ros_ws/src/ydlidar_ros2_driver/src
[1.801s] -- Configured cppcheck exclude dirs and/or files: 
[1.805s] -- Added test 'cpplint' to check C / C++ code against the Google style
[1.806s] -- Configured cpplint exclude dirs and/or files: 
[1.807s] -- Added test 'flake8' to check Python code syntax and style conventions
[1.807s] -- Configured 'flake8' exclude dirs and/or files: 
[1.809s] -- Added test 'lint_cmake' to check CMake code style
[1.810s] -- Added test 'pep257' to check Python code against some of the docstring style conventions in PEP 257
[1.815s] -- Added test 'uncrustify' to check C / C++ code style
[1.816s] -- Configured uncrustify additional arguments: 
[1.817s] -- Added test 'xmllint' to check XML markup files
[1.819s] -- Configuring done (1.8s)
[1.836s] -- Generating done (0.0s)
[1.841s] -- Build files have been written to: /home/dpma/projects/DiffDrive-ROS/ros_ws/build/ydlidar_ros2_driver
[1.851s] Invoked command in '/home/dpma/projects/DiffDrive-ROS/ros_ws/build/ydlidar_ros2_driver' returned '0': CMAKE_PREFIX_PATH=${CMAKE_PREFIX_PATH}:/home/dpma/projects/DiffDrive-ROS/ros_ws/install/my_py_pkg:/opt/ros/jazzy DEBUGINFOD_URLS=https://debuginfod.ubuntu.com /usr/bin/cmake /home/dpma/projects/DiffDrive-ROS/ros_ws/src/ydlidar_ros2_driver -DCMAKE_INSTALL_PREFIX=/home/dpma/projects/DiffDrive-ROS/ros_ws/install/ydlidar_ros2_driver
[1.852s] Invoking command in '/home/dpma/projects/DiffDrive-ROS/ros_ws/build/ydlidar_ros2_driver': CMAKE_PREFIX_PATH=${CMAKE_PREFIX_PATH}:/home/dpma/projects/DiffDrive-ROS/ros_ws/install/my_py_pkg:/opt/ros/jazzy DEBUGINFOD_URLS=https://debuginfod.ubuntu.com /usr/bin/cmake --build /home/dpma/projects/DiffDrive-ROS/ros_ws/build/ydlidar_ros2_driver -- -j8 -l8
[1.915s] [ 50%] Built target ydlidar_ros2_driver_client
[1.915s] [100%] Built target ydlidar_ros2_driver_node
[1.927s] Invoked command in '/home/dpma/projects/DiffDrive-ROS/ros_ws/build/ydlidar_ros2_driver' returned '0': CMAKE_PREFIX_PATH=${CMAKE_PREFIX_PATH}:/home/dpma/projects/DiffDrive-ROS/ros_ws/install/my_py_pkg:/opt/ros/jazzy DEBUGINFOD_URLS=https://debuginfod.ubuntu.com /usr/bin/cmake --build /home/dpma/projects/DiffDrive-ROS/ros_ws/build/ydlidar_ros2_driver -- -j8 -l8
[1.928s] Invoking command in '/home/dpma/projects/DiffDrive-ROS/ros_ws/build/ydlidar_ros2_driver': CMAKE_PREFIX_PATH=${CMAKE_PREFIX_PATH}:/home/dpma/projects/DiffDrive-ROS/ros_ws/install/my_py_pkg:/opt/ros/jazzy DEBUGINFOD_URLS=https://debuginfod.ubuntu.com /usr/bin/cmake --install /home/dpma/projects/DiffDrive-ROS/ros_ws/build/ydlidar_ros2_driver
[1.936s] -- Install configuration: ""
[1.936s] -- Up-to-date: /home/dpma/projects/DiffDrive-ROS/ros_ws/install/ydlidar_ros2_driver/lib/ydlidar_ros2_driver/ydlidar_ros2_driver_node
[1.936s] -- Up-to-date: /home/dpma/projects/DiffDrive-ROS/ros_ws/install/ydlidar_ros2_driver/lib/ydlidar_ros2_driver/ydlidar_ros2_driver_client
[1.937s] -- Up-to-date: /home/dpma/projects/DiffDrive-ROS/ros_ws/install/ydlidar_ros2_driver/share/ydlidar_ros2_driver/launch
[1.937s] -- Up-to-date: /home/dpma/projects/DiffDrive-ROS/ros_ws/install/ydlidar_ros2_driver/share/ydlidar_ros2_driver/launch/ydlidar_launch.py
[1.937s] -- Up-to-date: /home/dpma/projects/DiffDrive-ROS/ros_ws/install/ydlidar_ros2_driver/share/ydlidar_ros2_driver/launch/ydlidar_launch_view.py
[1.937s] -- Up-to-date: /home/dpma/projects/DiffDrive-ROS/ros_ws/install/ydlidar_ros2_driver/share/ydlidar_ros2_driver/launch/ydlidar.py
[1.937s] -- Up-to-date: /home/dpma/projects/DiffDrive-ROS/ros_ws/install/ydlidar_ros2_driver/share/ydlidar_ros2_driver/params
[1.937s] -- Up-to-date: /home/dpma/projects/DiffDrive-ROS/ros_ws/install/ydlidar_ros2_driver/share/ydlidar_ros2_driver/params/TminiPro.yaml
[1.937s] -- Up-to-date: /home/dpma/projects/DiffDrive-ROS/ros_ws/install/ydlidar_ros2_driver/share/ydlidar_ros2_driver/params/TEA.yaml
[1.937s] -- Up-to-date: /home/dpma/projects/DiffDrive-ROS/ros_ws/install/ydlidar_ros2_driver/share/ydlidar_ros2_driver/params/X4.yaml
[1.937s] -- Up-to-date: /home/dpma/projects/DiffDrive-ROS/ros_ws/install/ydlidar_ros2_driver/share/ydlidar_ros2_driver/params/G1.yaml
[1.937s] -- Up-to-date: /home/dpma/projects/DiffDrive-ROS/ros_ws/install/ydlidar_ros2_driver/share/ydlidar_ros2_driver/params/X4-Pro.yaml
[1.938s] -- Up-to-date: /home/dpma/projects/DiffDrive-ROS/ros_ws/install/ydlidar_ros2_driver/share/ydlidar_ros2_driver/params/G2.yaml
[1.938s] -- Up-to-date: /home/dpma/projects/DiffDrive-ROS/ros_ws/install/ydlidar_ros2_driver/share/ydlidar_ros2_driver/params/G6.yaml
[1.938s] -- Up-to-date: /home/dpma/projects/DiffDrive-ROS/ros_ws/install/ydlidar_ros2_driver/share/ydlidar_ros2_driver/params/TG.yaml
[1.938s] -- Up-to-date: /home/dpma/projects/DiffDrive-ROS/ros_ws/install/ydlidar_ros2_driver/share/ydlidar_ros2_driver/params/GS2.yaml
[1.938s] -- Up-to-date: /home/dpma/projects/DiffDrive-ROS/ros_ws/install/ydlidar_ros2_driver/share/ydlidar_ros2_driver/params/ydlidar.yaml
[1.938s] -- Up-to-date: /home/dpma/projects/DiffDrive-ROS/ros_ws/install/ydlidar_ros2_driver/share/ydlidar_ros2_driver/params/X2.yaml
[1.938s] -- Up-to-date: /home/dpma/projects/DiffDrive-ROS/ros_ws/install/ydlidar_ros2_driver/share/ydlidar_ros2_driver/startup
[1.938s] -- Up-to-date: /home/dpma/projects/DiffDrive-ROS/ros_ws/install/ydlidar_ros2_driver/share/ydlidar_ros2_driver/startup/initenv.sh
[1.938s] -- Up-to-date: /home/dpma/projects/DiffDrive-ROS/ros_ws/install/ydlidar_ros2_driver/share/ydlidar_ros2_driver/config
[1.938s] -- Up-to-date: /home/dpma/projects/DiffDrive-ROS/ros_ws/install/ydlidar_ros2_driver/share/ydlidar_ros2_driver/config/ydlidar.rviz
[1.938s] -- Up-to-date: /home/dpma/projects/DiffDrive-ROS/ros_ws/install/ydlidar_ros2_driver/share/ament_index/resource_index/package_run_dependencies/ydlidar_ros2_driver
[1.938s] -- Up-to-date: /home/dpma/projects/DiffDrive-ROS/ros_ws/install/ydlidar_ros2_driver/share/ament_index/resource_index/parent_prefix_path/ydlidar_ros2_driver
[1.938s] -- Up-to-date: /home/dpma/projects/DiffDrive-ROS/ros_ws/install/ydlidar_ros2_driver/share/ydlidar_ros2_driver/environment/ament_prefix_path.sh
[1.938s] -- Up-to-date: /home/dpma/projects/DiffDrive-ROS/ros_ws/install/ydlidar_ros2_driver/share/ydlidar_ros2_driver/environment/ament_prefix_path.dsv
[1.938s] -- Up-to-date: /home/dpma/projects/DiffDrive-ROS/ros_ws/install/ydlidar_ros2_driver/share/ydlidar_ros2_driver/environment/path.sh
[1.939s] -- Up-to-date: /home/dpma/projects/DiffDrive-ROS/ros_ws/install/ydlidar_ros2_driver/share/ydlidar_ros2_driver/environment/path.dsv
[1.939s] -- Up-to-date: /home/dpma/projects/DiffDrive-ROS/ros_ws/install/ydlidar_ros2_driver/share/ydlidar_ros2_driver/local_setup.bash
[1.939s] -- Up-to-date: /home/dpma/projects/DiffDrive-ROS/ros_ws/install/ydlidar_ros2_driver/share/ydlidar_ros2_driver/local_setup.sh
[1.939s] -- Up-to-date: /home/dpma/projects/DiffDrive-ROS/ros_ws/install/ydlidar_ros2_driver/share/ydlidar_ros2_driver/local_setup.zsh
[1.939s] -- Up-to-date: /home/dpma/projects/DiffDrive-ROS/ros_ws/install/ydlidar_ros2_driver/share/ydlidar_ros2_driver/local_setup.dsv
[1.939s] -- Installing: /home/dpma/projects/DiffDrive-ROS/ros_ws/install/ydlidar_ros2_driver/share/ydlidar_ros2_driver/package.dsv
[1.939s] -- Up-to-date: /home/dpma/projects/DiffDrive-ROS/ros_ws/install/ydlidar_ros2_driver/share/ament_index/resource_index/packages/ydlidar_ros2_driver
[1.939s] -- Up-to-date: /home/dpma/projects/DiffDrive-ROS/ros_ws/install/ydlidar_ros2_driver/share/ydlidar_ros2_driver/cmake/ydlidar_ros2_driverConfig.cmake
[1.939s] -- Up-to-date: /home/dpma/projects/DiffDrive-ROS/ros_ws/install/ydlidar_ros2_driver/share/ydlidar_ros2_driver/cmake/ydlidar_ros2_driverConfig-version.cmake
[1.939s] -- Up-to-date: /home/dpma/projects/DiffDrive-ROS/ros_ws/install/ydlidar_ros2_driver/share/ydlidar_ros2_driver/package.xml
[1.940s] Invoked command in '/home/dpma/projects/DiffDrive-ROS/ros_ws/build/ydlidar_ros2_driver' returned '0': CMAKE_PREFIX_PATH=${CMAKE_PREFIX_PATH}:/home/dpma/projects/DiffDrive-ROS/ros_ws/install/my_py_pkg:/opt/ros/jazzy DEBUGINFOD_URLS=https://debuginfod.ubuntu.com /usr/bin/cmake --install /home/dpma/projects/DiffDrive-ROS/ros_ws/build/ydlidar_ros2_driver
