[1.179s] Invoking command in '/home/dpma/projects/DiffDrive-ROS/ros_ws/src/my_py_pkg': CMAKE_PREFIX_PATH=/home/dpma/projects/DiffDrive-ROS/ros_ws/install/my_robot_interfaces:/home/dpma/projects/DiffDrive-ROS/ros_ws/install/ydlidar_sdk:/home/dpma/projects/DiffDrive-ROS/ros_ws/install/ydlidar_ros2_driver:/home/dpma/projects/DiffDrive-ROS/ros_ws/install/my_cpp_pkg:/home/dpma/projects/DiffDrive-ROS/ros_ws/install/actions_cpp:/home/dpma/projects/DiffDrive-ROS/ros_ws/install/my_robot_description:/home/dpma/projects/DiffDrive-ROS/ros_ws/install/my_robot_bringup:/opt/ros/jazzy/opt/gz_sim_vendor:/opt/ros/jazzy/opt/gz_sensors_vendor:/opt/ros/jazzy/opt/gz_physics_vendor:/opt/ros/jazzy/opt/sdformat_vendor:/opt/ros/jazzy/opt/gz_gui_vendor:/opt/ros/jazzy/opt/gz_transport_vendor:/opt/ros/jazzy/opt/gz_rendering_vendor:/opt/ros/jazzy/opt/gz_plugin_vendor:/opt/ros/jazzy/opt/gz_fuel_tools_vendor:/opt/ros/jazzy/opt/gz_msgs_vendor:/opt/ros/jazzy/opt/gz_common_vendor:/opt/ros/jazzy/opt/gz_math_vendor:/opt/ros/jazzy/opt/gz_utils_vendor:/opt/ros/jazzy/opt/gz_tools_vendor:/opt/ros/jazzy/opt/gz_ogre_next_vendor:/opt/ros/jazzy/opt/gz_dartsim_vendor:/opt/ros/jazzy/opt/gz_cmake_vendor DEBUGINFOD_URLS=https://debuginfod.ubuntu.com PYTHONPATH=/home/dpma/projects/DiffDrive-ROS/ros_ws/build/my_py_pkg/prefix_override:/usr/lib/python3/dist-packages/colcon_core/task/python/colcon_distutils_commands:/home/dpma/projects/DiffDrive-ROS/ros_ws/install/my_py_pkg/lib/python3.12/site-packages:/home/dpma/projects/DiffDrive-ROS/ros_ws/install/my_robot_interfaces/lib/python3.12/site-packages:/home/dpma/projects/DiffDrive-ROS/ros_ws/install/my_py_pkg/lib/python3.12/site-packages:/opt/ros/jazzy/lib/python3.12/site-packages:/home/dpma/acados/interfaces/acados_template /usr/bin/python3 -W ignore:setup.py install is deprecated -W ignore:easy_install command is deprecated setup.py egg_info --egg-base ../../build/my_py_pkg build --build-base /home/dpma/projects/DiffDrive-ROS/ros_ws/build/my_py_pkg/build install --record /home/dpma/projects/DiffDrive-ROS/ros_ws/build/my_py_pkg/install.log --single-version-externally-managed install_data
[1.531s] running egg_info
[1.531s] creating ../../build/my_py_pkg/my_py_pkg.egg-info
[1.558s] writing ../../build/my_py_pkg/my_py_pkg.egg-info/PKG-INFO
[1.558s] writing dependency_links to ../../build/my_py_pkg/my_py_pkg.egg-info/dependency_links.txt
[1.559s] writing entry points to ../../build/my_py_pkg/my_py_pkg.egg-info/entry_points.txt
[1.559s] writing requirements to ../../build/my_py_pkg/my_py_pkg.egg-info/requires.txt
[1.559s] writing top-level names to ../../build/my_py_pkg/my_py_pkg.egg-info/top_level.txt
[1.559s] writing manifest file '../../build/my_py_pkg/my_py_pkg.egg-info/SOURCES.txt'
[1.615s] reading manifest file '../../build/my_py_pkg/my_py_pkg.egg-info/SOURCES.txt'
[1.617s] writing manifest file '../../build/my_py_pkg/my_py_pkg.egg-info/SOURCES.txt'
[1.686s] running build
[1.686s] running build_py
[1.686s] creating /home/dpma/projects/DiffDrive-ROS/ros_ws/build/my_py_pkg/build
[1.686s] creating /home/dpma/projects/DiffDrive-ROS/ros_ws/build/my_py_pkg/build/lib
[1.686s] creating /home/dpma/projects/DiffDrive-ROS/ros_ws/build/my_py_pkg/build/lib/my_py_pkg
[1.686s] copying my_py_pkg/diffdrive_aug_model.py -> /home/dpma/projects/DiffDrive-ROS/ros_ws/build/my_py_pkg/build/lib/my_py_pkg
[1.687s] copying my_py_pkg/track.py -> /home/dpma/projects/DiffDrive-ROS/ros_ws/build/my_py_pkg/build/lib/my_py_pkg
[1.687s] copying my_py_pkg/mpc_diffdrive_control.py -> /home/dpma/projects/DiffDrive-ROS/ros_ws/build/my_py_pkg/build/lib/my_py_pkg
[1.687s] copying my_py_pkg/diffdrivemodel.py -> /home/dpma/projects/DiffDrive-ROS/ros_ws/build/my_py_pkg/build/lib/my_py_pkg
[1.687s] copying my_py_pkg/__init__.py -> /home/dpma/projects/DiffDrive-ROS/ros_ws/build/my_py_pkg/build/lib/my_py_pkg
[1.687s] copying my_py_pkg/mpcc_diffdrive_control.py -> /home/dpma/projects/DiffDrive-ROS/ros_ws/build/my_py_pkg/build/lib/my_py_pkg
[1.691s] running install
[1.703s] running install_lib
[1.752s] creating /home/dpma/projects/DiffDrive-ROS/ros_ws/install/my_py_pkg/lib/python3.12/site-packages/my_py_pkg
[1.752s] copying /home/dpma/projects/DiffDrive-ROS/ros_ws/build/my_py_pkg/build/lib/my_py_pkg/diffdrive_aug_model.py -> /home/dpma/projects/DiffDrive-ROS/ros_ws/install/my_py_pkg/lib/python3.12/site-packages/my_py_pkg
[1.752s] copying /home/dpma/projects/DiffDrive-ROS/ros_ws/build/my_py_pkg/build/lib/my_py_pkg/track.py -> /home/dpma/projects/DiffDrive-ROS/ros_ws/install/my_py_pkg/lib/python3.12/site-packages/my_py_pkg
[1.752s] copying /home/dpma/projects/DiffDrive-ROS/ros_ws/build/my_py_pkg/build/lib/my_py_pkg/mpc_diffdrive_control.py -> /home/dpma/projects/DiffDrive-ROS/ros_ws/install/my_py_pkg/lib/python3.12/site-packages/my_py_pkg
[1.753s] copying /home/dpma/projects/DiffDrive-ROS/ros_ws/build/my_py_pkg/build/lib/my_py_pkg/diffdrivemodel.py -> /home/dpma/projects/DiffDrive-ROS/ros_ws/install/my_py_pkg/lib/python3.12/site-packages/my_py_pkg
[1.753s] copying /home/dpma/projects/DiffDrive-ROS/ros_ws/build/my_py_pkg/build/lib/my_py_pkg/__init__.py -> /home/dpma/projects/DiffDrive-ROS/ros_ws/install/my_py_pkg/lib/python3.12/site-packages/my_py_pkg
[1.753s] copying /home/dpma/projects/DiffDrive-ROS/ros_ws/build/my_py_pkg/build/lib/my_py_pkg/mpcc_diffdrive_control.py -> /home/dpma/projects/DiffDrive-ROS/ros_ws/install/my_py_pkg/lib/python3.12/site-packages/my_py_pkg
[1.754s] byte-compiling /home/dpma/projects/DiffDrive-ROS/ros_ws/install/my_py_pkg/lib/python3.12/site-packages/my_py_pkg/diffdrive_aug_model.py to diffdrive_aug_model.cpython-312.pyc
[1.755s] byte-compiling /home/dpma/projects/DiffDrive-ROS/ros_ws/install/my_py_pkg/lib/python3.12/site-packages/my_py_pkg/track.py to track.cpython-312.pyc
[1.757s] byte-compiling /home/dpma/projects/DiffDrive-ROS/ros_ws/install/my_py_pkg/lib/python3.12/site-packages/my_py_pkg/mpc_diffdrive_control.py to mpc_diffdrive_control.cpython-312.pyc
[1.763s] byte-compiling /home/dpma/projects/DiffDrive-ROS/ros_ws/install/my_py_pkg/lib/python3.12/site-packages/my_py_pkg/diffdrivemodel.py to diffdrivemodel.cpython-312.pyc
[1.763s] byte-compiling /home/dpma/projects/DiffDrive-ROS/ros_ws/install/my_py_pkg/lib/python3.12/site-packages/my_py_pkg/__init__.py to __init__.cpython-312.pyc
[1.764s] byte-compiling /home/dpma/projects/DiffDrive-ROS/ros_ws/install/my_py_pkg/lib/python3.12/site-packages/my_py_pkg/mpcc_diffdrive_control.py to mpcc_diffdrive_control.cpython-312.pyc
[1.769s] running install_data
[1.769s] creating /home/dpma/projects/DiffDrive-ROS/ros_ws/install/my_py_pkg/share/ament_index
[1.769s] creating /home/dpma/projects/DiffDrive-ROS/ros_ws/install/my_py_pkg/share/ament_index/resource_index
[1.769s] creating /home/dpma/projects/DiffDrive-ROS/ros_ws/install/my_py_pkg/share/ament_index/resource_index/packages
[1.770s] copying resource/my_py_pkg -> /home/dpma/projects/DiffDrive-ROS/ros_ws/install/my_py_pkg/share/ament_index/resource_index/packages
[1.770s] copying package.xml -> /home/dpma/projects/DiffDrive-ROS/ros_ws/install/my_py_pkg/share/my_py_pkg
[1.770s] running install_egg_info
[1.820s] Copying ../../build/my_py_pkg/my_py_pkg.egg-info to /home/dpma/projects/DiffDrive-ROS/ros_ws/install/my_py_pkg/lib/python3.12/site-packages/my_py_pkg-0.0.0-py3.12.egg-info
[1.822s] running install_scripts
[2.112s] Installing mpc_diffdrive_controller_node script to /home/dpma/projects/DiffDrive-ROS/ros_ws/install/my_py_pkg/lib/my_py_pkg
[2.112s] Installing mpcc_diffdrive_controller_node script to /home/dpma/projects/DiffDrive-ROS/ros_ws/install/my_py_pkg/lib/my_py_pkg
[2.112s] writing list of installed files to '/home/dpma/projects/DiffDrive-ROS/ros_ws/build/my_py_pkg/install.log'
[2.165s] Invoked command in '/home/dpma/projects/DiffDrive-ROS/ros_ws/src/my_py_pkg' returned '0': CMAKE_PREFIX_PATH=/home/dpma/projects/DiffDrive-ROS/ros_ws/install/my_robot_interfaces:/home/dpma/projects/DiffDrive-ROS/ros_ws/install/ydlidar_sdk:/home/dpma/projects/DiffDrive-ROS/ros_ws/install/ydlidar_ros2_driver:/home/dpma/projects/DiffDrive-ROS/ros_ws/install/my_cpp_pkg:/home/dpma/projects/DiffDrive-ROS/ros_ws/install/actions_cpp:/home/dpma/projects/DiffDrive-ROS/ros_ws/install/my_robot_description:/home/dpma/projects/DiffDrive-ROS/ros_ws/install/my_robot_bringup:/opt/ros/jazzy/opt/gz_sim_vendor:/opt/ros/jazzy/opt/gz_sensors_vendor:/opt/ros/jazzy/opt/gz_physics_vendor:/opt/ros/jazzy/opt/sdformat_vendor:/opt/ros/jazzy/opt/gz_gui_vendor:/opt/ros/jazzy/opt/gz_transport_vendor:/opt/ros/jazzy/opt/gz_rendering_vendor:/opt/ros/jazzy/opt/gz_plugin_vendor:/opt/ros/jazzy/opt/gz_fuel_tools_vendor:/opt/ros/jazzy/opt/gz_msgs_vendor:/opt/ros/jazzy/opt/gz_common_vendor:/opt/ros/jazzy/opt/gz_math_vendor:/opt/ros/jazzy/opt/gz_utils_vendor:/opt/ros/jazzy/opt/gz_tools_vendor:/opt/ros/jazzy/opt/gz_ogre_next_vendor:/opt/ros/jazzy/opt/gz_dartsim_vendor:/opt/ros/jazzy/opt/gz_cmake_vendor DEBUGINFOD_URLS=https://debuginfod.ubuntu.com PYTHONPATH=/home/dpma/projects/DiffDrive-ROS/ros_ws/build/my_py_pkg/prefix_override:/usr/lib/python3/dist-packages/colcon_core/task/python/colcon_distutils_commands:/home/dpma/projects/DiffDrive-ROS/ros_ws/install/my_py_pkg/lib/python3.12/site-packages:/home/dpma/projects/DiffDrive-ROS/ros_ws/install/my_robot_interfaces/lib/python3.12/site-packages:/home/dpma/projects/DiffDrive-ROS/ros_ws/install/my_py_pkg/lib/python3.12/site-packages:/opt/ros/jazzy/lib/python3.12/site-packages:/home/dpma/acados/interfaces/acados_template /usr/bin/python3 -W ignore:setup.py install is deprecated -W ignore:easy_install command is deprecated setup.py egg_info --egg-base ../../build/my_py_pkg build --build-base /home/dpma/projects/DiffDrive-ROS/ros_ws/build/my_py_pkg/build install --record /home/dpma/projects/DiffDrive-ROS/ros_ws/build/my_py_pkg/install.log --single-version-externally-managed install_data
