[0.023s] Invoking command in '/home/dpma/projects/DiffDrive-ROS/ros_ws/build/my_robot_description': CMAKE_PREFIX_PATH=${CMAKE_PREFIX_PATH}:/home/dpma/projects/DiffDrive-ROS/ros_ws/install/my_py_pkg:/opt/ros/jazzy DEBUGINFOD_URLS=https://debuginfod.ubuntu.com /usr/bin/cmake /home/dpma/projects/DiffDrive-ROS/ros_ws/src/my_robot_description -DCMAKE_INSTALL_PREFIX=/home/dpma/projects/DiffDrive-ROS/ros_ws/install/my_robot_description
[0.103s] -- The C compiler identification is GNU 13.3.0
[0.191s] -- The CXX compiler identification is GNU 13.3.0
[0.212s] -- Detecting C compiler ABI info
[0.330s] -- Detecting C compiler ABI info - done
[0.348s] -- Check for working C compiler: /usr/bin/cc - skipped
[0.348s] -- Detecting C compile features
[0.349s] -- Detecting C compile features - done
[0.361s] -- Detecting CXX compiler ABI info
[0.501s] -- Detecting CXX compiler ABI info - done
[0.519s] -- Check for working CXX compiler: /usr/bin/c++ - skipped
[0.521s] -- Detecting CXX compile features
[0.521s] -- Detecting CXX compile features - done
[0.529s] -- Found ament_cmake: 2.5.4 (/opt/ros/jazzy/share/ament_cmake/cmake)
[0.768s] -- Found Python3: /usr/bin/python3 (found version "3.12.3") found components: Interpreter 
[1.112s] -- Configuring done (1.1s)
[1.116s] -- Generating done (0.0s)
[1.119s] -- Build files have been written to: /home/dpma/projects/DiffDrive-ROS/ros_ws/build/my_robot_description
[1.127s] Invoked command in '/home/dpma/projects/DiffDrive-ROS/ros_ws/build/my_robot_description' returned '0': CMAKE_PREFIX_PATH=${CMAKE_PREFIX_PATH}:/home/dpma/projects/DiffDrive-ROS/ros_ws/install/my_py_pkg:/opt/ros/jazzy DEBUGINFOD_URLS=https://debuginfod.ubuntu.com /usr/bin/cmake /home/dpma/projects/DiffDrive-ROS/ros_ws/src/my_robot_description -DCMAKE_INSTALL_PREFIX=/home/dpma/projects/DiffDrive-ROS/ros_ws/install/my_robot_description
[1.128s] Invoking command in '/home/dpma/projects/DiffDrive-ROS/ros_ws/build/my_robot_description': CMAKE_PREFIX_PATH=${CMAKE_PREFIX_PATH}:/home/dpma/projects/DiffDrive-ROS/ros_ws/install/my_py_pkg:/opt/ros/jazzy DEBUGINFOD_URLS=https://debuginfod.ubuntu.com /usr/bin/cmake --build /home/dpma/projects/DiffDrive-ROS/ros_ws/build/my_robot_description -- -j8 -l8
[1.168s] Invoked command in '/home/dpma/projects/DiffDrive-ROS/ros_ws/build/my_robot_description' returned '0': CMAKE_PREFIX_PATH=${CMAKE_PREFIX_PATH}:/home/dpma/projects/DiffDrive-ROS/ros_ws/install/my_py_pkg:/opt/ros/jazzy DEBUGINFOD_URLS=https://debuginfod.ubuntu.com /usr/bin/cmake --build /home/dpma/projects/DiffDrive-ROS/ros_ws/build/my_robot_description -- -j8 -l8
[1.169s] Invoking command in '/home/dpma/projects/DiffDrive-ROS/ros_ws/build/my_robot_description': CMAKE_PREFIX_PATH=${CMAKE_PREFIX_PATH}:/home/dpma/projects/DiffDrive-ROS/ros_ws/install/my_py_pkg:/opt/ros/jazzy DEBUGINFOD_URLS=https://debuginfod.ubuntu.com /usr/bin/cmake --install /home/dpma/projects/DiffDrive-ROS/ros_ws/build/my_robot_description
[1.179s] -- Install configuration: ""
[1.179s] -- Up-to-date: /home/dpma/projects/DiffDrive-ROS/ros_ws/install/my_robot_description/share/my_robot_description//urdf
[1.179s] -- Up-to-date: /home/dpma/projects/DiffDrive-ROS/ros_ws/install/my_robot_description/share/my_robot_description//urdf/mobile_base.xacro
[1.179s] -- Up-to-date: /home/dpma/projects/DiffDrive-ROS/ros_ws/install/my_robot_description/share/my_robot_description//urdf/common_properties.xacro
[1.180s] -- Up-to-date: /home/dpma/projects/DiffDrive-ROS/ros_ws/install/my_robot_description/share/my_robot_description//urdf/my_robot.urdf.xacro
[1.180s] -- Up-to-date: /home/dpma/projects/DiffDrive-ROS/ros_ws/install/my_robot_description/share/my_robot_description//urdf/lidar.xacro
[1.180s] -- Up-to-date: /home/dpma/projects/DiffDrive-ROS/ros_ws/install/my_robot_description/share/my_robot_description//launch
[1.180s] -- Up-to-date: /home/dpma/projects/DiffDrive-ROS/ros_ws/install/my_robot_description/share/my_robot_description//launch/display.launch.xml
[1.180s] -- Up-to-date: /home/dpma/projects/DiffDrive-ROS/ros_ws/install/my_robot_description/share/my_robot_description//rviz
[1.180s] -- Up-to-date: /home/dpma/projects/DiffDrive-ROS/ros_ws/install/my_robot_description/share/my_robot_description//rviz/urdf_config.rviz
[1.181s] -- Up-to-date: /home/dpma/projects/DiffDrive-ROS/ros_ws/install/my_robot_description/share/my_robot_description//rviz/urdf_config_.rviz
[1.181s] -- Up-to-date: /home/dpma/projects/DiffDrive-ROS/ros_ws/install/my_robot_description/share/ament_index/resource_index/package_run_dependencies/my_robot_description
[1.181s] -- Up-to-date: /home/dpma/projects/DiffDrive-ROS/ros_ws/install/my_robot_description/share/ament_index/resource_index/parent_prefix_path/my_robot_description
[1.181s] -- Up-to-date: /home/dpma/projects/DiffDrive-ROS/ros_ws/install/my_robot_description/share/my_robot_description/environment/ament_prefix_path.sh
[1.181s] -- Up-to-date: /home/dpma/projects/DiffDrive-ROS/ros_ws/install/my_robot_description/share/my_robot_description/environment/ament_prefix_path.dsv
[1.181s] -- Up-to-date: /home/dpma/projects/DiffDrive-ROS/ros_ws/install/my_robot_description/share/my_robot_description/environment/path.sh
[1.182s] -- Up-to-date: /home/dpma/projects/DiffDrive-ROS/ros_ws/install/my_robot_description/share/my_robot_description/environment/path.dsv
[1.182s] -- Up-to-date: /home/dpma/projects/DiffDrive-ROS/ros_ws/install/my_robot_description/share/my_robot_description/local_setup.bash
[1.182s] -- Up-to-date: /home/dpma/projects/DiffDrive-ROS/ros_ws/install/my_robot_description/share/my_robot_description/local_setup.sh
[1.182s] -- Up-to-date: /home/dpma/projects/DiffDrive-ROS/ros_ws/install/my_robot_description/share/my_robot_description/local_setup.zsh
[1.182s] -- Up-to-date: /home/dpma/projects/DiffDrive-ROS/ros_ws/install/my_robot_description/share/my_robot_description/local_setup.dsv
[1.183s] -- Installing: /home/dpma/projects/DiffDrive-ROS/ros_ws/install/my_robot_description/share/my_robot_description/package.dsv
[1.183s] -- Up-to-date: /home/dpma/projects/DiffDrive-ROS/ros_ws/install/my_robot_description/share/ament_index/resource_index/packages/my_robot_description
[1.183s] -- Up-to-date: /home/dpma/projects/DiffDrive-ROS/ros_ws/install/my_robot_description/share/my_robot_description/cmake/my_robot_descriptionConfig.cmake
[1.183s] -- Up-to-date: /home/dpma/projects/DiffDrive-ROS/ros_ws/install/my_robot_description/share/my_robot_description/cmake/my_robot_descriptionConfig-version.cmake
[1.184s] -- Up-to-date: /home/dpma/projects/DiffDrive-ROS/ros_ws/install/my_robot_description/share/my_robot_description/package.xml
[1.185s] Invoked command in '/home/dpma/projects/DiffDrive-ROS/ros_ws/build/my_robot_description' returned '0': CMAKE_PREFIX_PATH=${CMAKE_PREFIX_PATH}:/home/dpma/projects/DiffDrive-ROS/ros_ws/install/my_py_pkg:/opt/ros/jazzy DEBUGINFOD_URLS=https://debuginfod.ubuntu.com /usr/bin/cmake --install /home/dpma/projects/DiffDrive-ROS/ros_ws/build/my_robot_description
