[0.037s] Invoking command in '/home/dpma/projects/DiffDrive-ROS/ros_ws/build/my_robot_interfaces': CMAKE_PREFIX_PATH=${CMAKE_PREFIX_PATH}:/home/dpma/projects/DiffDrive-ROS/ros_ws/install/my_py_pkg:/opt/ros/jazzy DEBUGINFOD_URLS=https://debuginfod.ubuntu.com /usr/bin/cmake /home/dpma/projects/DiffDrive-ROS/ros_ws/src/my_robot_interfaces -DCMAKE_INSTALL_PREFIX=/home/dpma/projects/DiffDrive-ROS/ros_ws/install/my_robot_interfaces
[8.086s] -- The C compiler identification is GNU 13.3.0
[15.731s] -- The CXX compiler identification is GNU 13.3.0
[16.960s] -- Detecting C compiler ABI info
[18.822s] -- Detecting C compiler ABI info - done
[18.838s] -- Check for working C compiler: /usr/bin/cc - skipped
[18.925s] -- Detecting C compile features
[19.010s] -- Detecting C compile features - done
[19.436s] -- Detecting CXX compiler ABI info
[20.100s] -- Detecting CXX compiler ABI info - done
[20.119s] -- Check for working CXX compiler: /usr/bin/c++ - skipped
[20.119s] -- Detecting CXX compile features
[20.120s] -- Detecting CXX compile features - done
[21.784s] -- Found ament_cmake: 2.5.4 (/opt/ros/jazzy/share/ament_cmake/cmake)
[24.829s] -- Found Python3: /usr/bin/python3 (found version "3.12.3") found components: Interpreter 
[31.876s] -- Found rosidl_default_generators: 1.6.0 (/opt/ros/jazzy/share/rosidl_default_generators/cmake)
[32.855s] -- Using all available rosidl_typesupport_c: rosidl_typesupport_fastrtps_c;rosidl_typesupport_introspection_c
[39.422s] -- Using all available rosidl_typesupport_cpp: rosidl_typesupport_fastrtps_cpp;rosidl_typesupport_introspection_cpp
[41.501s] -- Found rosidl_adapter: 4.6.5 (/opt/ros/jazzy/share/rosidl_adapter/cmake)
[52.268s] -- Found ament_cmake_ros: 0.12.0 (/opt/ros/jazzy/share/ament_cmake_ros/cmake)
[54.192s] -- Using all available rosidl_typesupport_c: rosidl_typesupport_fastrtps_c;rosidl_typesupport_introspection_c
[55.223s] -- Using all available rosidl_typesupport_cpp: rosidl_typesupport_fastrtps_cpp;rosidl_typesupport_introspection_cpp
[55.559s] -- Found python_cmake_module: 0.11.1 (/opt/ros/jazzy/share/python_cmake_module/cmake)
[55.839s] -- Found PythonExtra: /usr/bin/python3  
[56.393s] -- Found Python3: /usr/bin/python3 (found version "3.12.3") found components: Interpreter Development NumPy Development.Module Development.Embed 
[57.338s] -- Configuring done (57.3s)
[57.412s] -- Generating done (0.1s)
[57.444s] -- Build files have been written to: /home/dpma/projects/DiffDrive-ROS/ros_ws/build/my_robot_interfaces
[57.457s] Invoked command in '/home/dpma/projects/DiffDrive-ROS/ros_ws/build/my_robot_interfaces' returned '0': CMAKE_PREFIX_PATH=${CMAKE_PREFIX_PATH}:/home/dpma/projects/DiffDrive-ROS/ros_ws/install/my_py_pkg:/opt/ros/jazzy DEBUGINFOD_URLS=https://debuginfod.ubuntu.com /usr/bin/cmake /home/dpma/projects/DiffDrive-ROS/ros_ws/src/my_robot_interfaces -DCMAKE_INSTALL_PREFIX=/home/dpma/projects/DiffDrive-ROS/ros_ws/install/my_robot_interfaces
[57.458s] Invoking command in '/home/dpma/projects/DiffDrive-ROS/ros_ws/build/my_robot_interfaces': CMAKE_PREFIX_PATH=${CMAKE_PREFIX_PATH}:/home/dpma/projects/DiffDrive-ROS/ros_ws/install/my_py_pkg:/opt/ros/jazzy DEBUGINFOD_URLS=https://debuginfod.ubuntu.com /usr/bin/cmake --build /home/dpma/projects/DiffDrive-ROS/ros_ws/build/my_robot_interfaces -- -j8 -l8
[57.522s] [  1%] [34m[1mGenerating type hashes for ROS interfaces[0m
[58.587s] [  1%] Built target my_robot_interfaces__rosidl_generator_type_description
[58.619s] [  1%] Built target ament_cmake_python_copy_my_robot_interfaces
[58.632s] [  3%] [34m[1mGenerating C code for ROS interfaces[0m
[60.570s] [  4%] [32mBuilding C object CMakeFiles/my_robot_interfaces__rosidl_generator_c.dir/rosidl_generator_c/my_robot_interfaces/msg/detail/cmd_drive_vel__description.c.o[0m
[61.576s] [  6%] [32mBuilding C object CMakeFiles/my_robot_interfaces__rosidl_generator_c.dir/rosidl_generator_c/my_robot_interfaces/msg/detail/motor_info__type_support.c.o[0m
[61.630s] [  7%] [32mBuilding C object CMakeFiles/my_robot_interfaces__rosidl_generator_c.dir/rosidl_generator_c/my_robot_interfaces/msg/detail/motor_odom_info__description.c.o[0m
[61.692s] [  9%] [32mBuilding C object CMakeFiles/my_robot_interfaces__rosidl_generator_c.dir/rosidl_generator_c/my_robot_interfaces/msg/detail/motor_odom_info__functions.c.o[0m
[61.905s] [ 10%] [32mBuilding C object CMakeFiles/my_robot_interfaces__rosidl_generator_c.dir/rosidl_generator_c/my_robot_interfaces/msg/detail/motor_odom_info__type_support.c.o[0m
[61.983s] [ 12%] [32mBuilding C object CMakeFiles/my_robot_interfaces__rosidl_generator_c.dir/rosidl_generator_c/my_robot_interfaces/action/detail/move_to__description.c.o[0m
[62.902s] [ 14%] [32mBuilding C object CMakeFiles/my_robot_interfaces__rosidl_generator_c.dir/rosidl_generator_c/my_robot_interfaces/action/detail/move_to__functions.c.o[0m
[63.366s] [ 15%] [32mBuilding C object CMakeFiles/my_robot_interfaces__rosidl_generator_c.dir/rosidl_generator_c/my_robot_interfaces/action/detail/move_to__type_support.c.o[0m
[63.458s] [ 17%] [32mBuilding C object CMakeFiles/my_robot_interfaces__rosidl_generator_c.dir/rosidl_generator_c/my_robot_interfaces/msg/detail/motor_info__functions.c.o[0m
[63.553s] [ 18%] [32mBuilding C object CMakeFiles/my_robot_interfaces__rosidl_generator_c.dir/rosidl_generator_c/my_robot_interfaces/msg/detail/motor_info__description.c.o[0m
[63.636s] [ 20%] [32mBuilding C object CMakeFiles/my_robot_interfaces__rosidl_generator_c.dir/rosidl_generator_c/my_robot_interfaces/msg/detail/cmd_drive_vel__type_support.c.o[0m
[63.723s] [ 21%] [32mBuilding C object CMakeFiles/my_robot_interfaces__rosidl_generator_c.dir/rosidl_generator_c/my_robot_interfaces/msg/detail/cmd_drive_vel__functions.c.o[0m
[63.792s] [ 23%] [32m[1mLinking C shared library libmy_robot_interfaces__rosidl_generator_c.so[0m
[63.969s] [ 23%] Built target my_robot_interfaces__rosidl_generator_c
[64.254s] running egg_info
[64.255s] creating my_robot_interfaces.egg-info
[64.278s] writing my_robot_interfaces.egg-info/PKG-INFO
[64.278s] writing dependency_links to my_robot_interfaces.egg-info/dependency_links.txt
[64.279s] writing top-level names to my_robot_interfaces.egg-info/top_level.txt
[64.279s] writing manifest file 'my_robot_interfaces.egg-info/SOURCES.txt'
[64.372s] reading manifest file 'my_robot_interfaces.egg-info/SOURCES.txt'
[64.373s] writing manifest file 'my_robot_interfaces.egg-info/SOURCES.txt'
[64.421s] [ 23%] Built target ament_cmake_python_build_my_robot_interfaces_egg
[64.434s] [ 25%] [34m[1mGenerating C type support dispatch for ROS interfaces[0m
[65.209s] [ 26%] [32mBuilding CXX object CMakeFiles/my_robot_interfaces__rosidl_typesupport_c.dir/rosidl_typesupport_c/my_robot_interfaces/msg/cmd_drive_vel__type_support.cpp.o[0m
[65.579s] [ 28%] [32mBuilding CXX object CMakeFiles/my_robot_interfaces__rosidl_typesupport_c.dir/rosidl_typesupport_c/my_robot_interfaces/action/move_to__type_support.cpp.o[0m
[66.698s] [ 29%] [32mBuilding CXX object CMakeFiles/my_robot_interfaces__rosidl_typesupport_c.dir/rosidl_typesupport_c/my_robot_interfaces/msg/motor_odom_info__type_support.cpp.o[0m
[66.935s] [ 31%] [32mBuilding CXX object CMakeFiles/my_robot_interfaces__rosidl_typesupport_c.dir/rosidl_typesupport_c/my_robot_interfaces/msg/motor_info__type_support.cpp.o[0m
[67.037s] [ 32%] [32m[1mLinking CXX shared library libmy_robot_interfaces__rosidl_typesupport_c.so[0m
[67.507s] [ 32%] Built target my_robot_interfaces__rosidl_typesupport_c
[67.525s] [ 34%] [34m[1mGenerating C introspection for ROS interfaces[0m
[68.656s] [ 35%] [32mBuilding C object CMakeFiles/my_robot_interfaces__rosidl_typesupport_introspection_c.dir/rosidl_typesupport_introspection_c/my_robot_interfaces/msg/detail/cmd_drive_vel__type_support.c.o[0m
[68.849s] [ 37%] [32mBuilding C object CMakeFiles/my_robot_interfaces__rosidl_typesupport_introspection_c.dir/rosidl_typesupport_introspection_c/my_robot_interfaces/action/detail/move_to__type_support.c.o[0m
[69.621s] [ 39%] [32mBuilding C object CMakeFiles/my_robot_interfaces__rosidl_typesupport_introspection_c.dir/rosidl_typesupport_introspection_c/my_robot_interfaces/msg/detail/motor_odom_info__type_support.c.o[0m
[69.700s] [ 40%] [32mBuilding C object CMakeFiles/my_robot_interfaces__rosidl_typesupport_introspection_c.dir/rosidl_typesupport_introspection_c/my_robot_interfaces/msg/detail/motor_info__type_support.c.o[0m
[69.787s] [ 42%] [32m[1mLinking C shared library libmy_robot_interfaces__rosidl_typesupport_introspection_c.so[0m
[70.028s] [ 42%] Built target my_robot_interfaces__rosidl_typesupport_introspection_c
[70.041s] [ 43%] [34m[1mGenerating C type support for eProsima Fast-RTPS[0m
[71.465s] [ 45%] [32mBuilding CXX object CMakeFiles/my_robot_interfaces__rosidl_typesupport_fastrtps_c.dir/rosidl_typesupport_fastrtps_c/my_robot_interfaces/msg/detail/cmd_drive_vel__type_support_c.cpp.o[0m
[73.198s] [ 46%] [32mBuilding CXX object CMakeFiles/my_robot_interfaces__rosidl_typesupport_fastrtps_c.dir/rosidl_typesupport_fastrtps_c/my_robot_interfaces/action/detail/move_to__type_support_c.cpp.o[0m
[74.153s] [ 48%] [32mBuilding CXX object CMakeFiles/my_robot_interfaces__rosidl_typesupport_fastrtps_c.dir/rosidl_typesupport_fastrtps_c/my_robot_interfaces/msg/detail/motor_odom_info__type_support_c.cpp.o[0m
[74.664s] [ 50%] [32mBuilding CXX object CMakeFiles/my_robot_interfaces__rosidl_typesupport_fastrtps_c.dir/rosidl_typesupport_fastrtps_c/my_robot_interfaces/msg/detail/motor_info__type_support_c.cpp.o[0m
[75.186s] [ 51%] [32m[1mLinking CXX shared library libmy_robot_interfaces__rosidl_typesupport_fastrtps_c.so[0m
[75.458s] [ 51%] Built target my_robot_interfaces__rosidl_typesupport_fastrtps_c
[75.483s] [ 53%] [34m[1mGenerating C++ code for ROS interfaces[0m
[77.139s] [ 53%] Built target my_robot_interfaces__cpp
[77.151s] [ 54%] [34m[1mGenerating C++ introspection for ROS interfaces[0m
[78.361s] [ 56%] [32mBuilding CXX object CMakeFiles/my_robot_interfaces__rosidl_typesupport_introspection_cpp.dir/rosidl_typesupport_introspection_cpp/my_robot_interfaces/msg/detail/cmd_drive_vel__type_support.cpp.o[0m
[78.966s] [ 57%] [32mBuilding CXX object CMakeFiles/my_robot_interfaces__rosidl_typesupport_introspection_cpp.dir/rosidl_typesupport_introspection_cpp/my_robot_interfaces/action/detail/move_to__type_support.cpp.o[0m
[81.678s] [ 59%] [32mBuilding CXX object CMakeFiles/my_robot_interfaces__rosidl_typesupport_introspection_cpp.dir/rosidl_typesupport_introspection_cpp/my_robot_interfaces/msg/detail/motor_odom_info__type_support.cpp.o[0m
[82.092s] [ 60%] [32mBuilding CXX object CMakeFiles/my_robot_interfaces__rosidl_typesupport_introspection_cpp.dir/rosidl_typesupport_introspection_cpp/my_robot_interfaces/msg/detail/motor_info__type_support.cpp.o[0m
[82.644s] [ 62%] [32m[1mLinking CXX shared library libmy_robot_interfaces__rosidl_typesupport_introspection_cpp.so[0m
[83.416s] [ 62%] Built target my_robot_interfaces__rosidl_typesupport_introspection_cpp
[83.473s] [ 64%] [34m[1mGenerating C++ type support for eProsima Fast-RTPS[0m
[85.020s] [ 65%] [32mBuilding CXX object CMakeFiles/my_robot_interfaces__rosidl_typesupport_fastrtps_cpp.dir/rosidl_typesupport_fastrtps_cpp/my_robot_interfaces/msg/detail/dds_fastrtps/cmd_drive_vel__type_support.cpp.o[0m
[85.726s] [ 67%] [32mBuilding CXX object CMakeFiles/my_robot_interfaces__rosidl_typesupport_fastrtps_cpp.dir/rosidl_typesupport_fastrtps_cpp/my_robot_interfaces/action/detail/dds_fastrtps/move_to__type_support.cpp.o[0m
[87.032s] [ 68%] [32mBuilding CXX object CMakeFiles/my_robot_interfaces__rosidl_typesupport_fastrtps_cpp.dir/rosidl_typesupport_fastrtps_cpp/my_robot_interfaces/msg/detail/dds_fastrtps/motor_odom_info__type_support.cpp.o[0m
[87.572s] [ 70%] [32mBuilding CXX object CMakeFiles/my_robot_interfaces__rosidl_typesupport_fastrtps_cpp.dir/rosidl_typesupport_fastrtps_cpp/my_robot_interfaces/msg/detail/dds_fastrtps/motor_info__type_support.cpp.o[0m
[88.074s] [ 71%] [32m[1mLinking CXX shared library libmy_robot_interfaces__rosidl_typesupport_fastrtps_cpp.so[0m
[88.326s] [ 71%] Built target my_robot_interfaces__rosidl_typesupport_fastrtps_cpp
[88.337s] [ 73%] [34m[1mGenerating C++ type support dispatch for ROS interfaces[0m
[89.100s] [ 75%] [32mBuilding CXX object CMakeFiles/my_robot_interfaces__rosidl_typesupport_cpp.dir/rosidl_typesupport_cpp/my_robot_interfaces/msg/cmd_drive_vel__type_support.cpp.o[0m
[89.563s] [ 76%] [32mBuilding CXX object CMakeFiles/my_robot_interfaces__rosidl_typesupport_cpp.dir/rosidl_typesupport_cpp/my_robot_interfaces/action/move_to__type_support.cpp.o[0m
[90.610s] [ 78%] [32mBuilding CXX object CMakeFiles/my_robot_interfaces__rosidl_typesupport_cpp.dir/rosidl_typesupport_cpp/my_robot_interfaces/msg/motor_odom_info__type_support.cpp.o[0m
[91.053s] [ 79%] [32mBuilding CXX object CMakeFiles/my_robot_interfaces__rosidl_typesupport_cpp.dir/rosidl_typesupport_cpp/my_robot_interfaces/msg/motor_info__type_support.cpp.o[0m
[91.425s] [ 81%] [32m[1mLinking CXX shared library libmy_robot_interfaces__rosidl_typesupport_cpp.so[0m
[91.611s] [ 81%] Built target my_robot_interfaces__rosidl_typesupport_cpp
[91.638s] [ 81%] Built target my_robot_interfaces
[91.665s] [ 82%] [34m[1mGenerating Python code for ROS interfaces[0m
[93.456s] [ 82%] Built target my_robot_interfaces__py
[93.503s] [ 84%] [32mBuilding C object CMakeFiles/my_robot_interfaces__rosidl_generator_py.dir/rosidl_generator_py/my_robot_interfaces/msg/_cmd_drive_vel_s.c.o[0m
[99.946s] [ 85%] [32mBuilding C object CMakeFiles/my_robot_interfaces__rosidl_generator_py.dir/rosidl_generator_py/my_robot_interfaces/action/_move_to_s.c.o[0m
[100.301s] [ 87%] [32mBuilding C object CMakeFiles/my_robot_interfaces__rosidl_generator_py.dir/rosidl_generator_py/my_robot_interfaces/msg/_motor_odom_info_s.c.o[0m
[100.482s] [ 89%] [32mBuilding C object CMakeFiles/my_robot_interfaces__rosidl_generator_py.dir/rosidl_generator_py/my_robot_interfaces/msg/_motor_info_s.c.o[0m
[100.717s] [ 90%] [32m[1mLinking C shared library libmy_robot_interfaces__rosidl_generator_py.so[0m
[101.015s] [ 90%] Built target my_robot_interfaces__rosidl_generator_py
[101.039s] [ 92%] [32mBuilding C object CMakeFiles/my_robot_interfaces_s__rosidl_typesupport_fastrtps_c.dir/rosidl_generator_py/my_robot_interfaces/_my_robot_interfaces_s.ep.rosidl_typesupport_fastrtps_c.c.o[0m
[101.246s] [ 93%] [32m[1mLinking C shared module rosidl_generator_py/my_robot_interfaces/my_robot_interfaces_s__rosidl_typesupport_fastrtps_c.so[0m
[101.517s] [ 93%] Built target my_robot_interfaces_s__rosidl_typesupport_fastrtps_c
[101.543s] [ 95%] [32mBuilding C object CMakeFiles/my_robot_interfaces_s__rosidl_typesupport_c.dir/rosidl_generator_py/my_robot_interfaces/_my_robot_interfaces_s.ep.rosidl_typesupport_c.c.o[0m
[101.737s] [ 96%] [32m[1mLinking C shared module rosidl_generator_py/my_robot_interfaces/my_robot_interfaces_s__rosidl_typesupport_c.so[0m
[101.792s] [ 96%] Built target my_robot_interfaces_s__rosidl_typesupport_c
[101.816s] [ 98%] [32mBuilding C object CMakeFiles/my_robot_interfaces_s__rosidl_typesupport_introspection_c.dir/rosidl_generator_py/my_robot_interfaces/_my_robot_interfaces_s.ep.rosidl_typesupport_introspection_c.c.o[0m
[102.004s] [100%] [32m[1mLinking C shared module rosidl_generator_py/my_robot_interfaces/my_robot_interfaces_s__rosidl_typesupport_introspection_c.so[0m
[102.071s] [100%] Built target my_robot_interfaces_s__rosidl_typesupport_introspection_c
[102.108s] Invoked command in '/home/dpma/projects/DiffDrive-ROS/ros_ws/build/my_robot_interfaces' returned '0': CMAKE_PREFIX_PATH=${CMAKE_PREFIX_PATH}:/home/dpma/projects/DiffDrive-ROS/ros_ws/install/my_py_pkg:/opt/ros/jazzy DEBUGINFOD_URLS=https://debuginfod.ubuntu.com /usr/bin/cmake --build /home/dpma/projects/DiffDrive-ROS/ros_ws/build/my_robot_interfaces -- -j8 -l8
[102.110s] Invoking command in '/home/dpma/projects/DiffDrive-ROS/ros_ws/build/my_robot_interfaces': CMAKE_PREFIX_PATH=${CMAKE_PREFIX_PATH}:/home/dpma/projects/DiffDrive-ROS/ros_ws/install/my_py_pkg:/opt/ros/jazzy DEBUGINFOD_URLS=https://debuginfod.ubuntu.com /usr/bin/cmake --install /home/dpma/projects/DiffDrive-ROS/ros_ws/build/my_robot_interfaces
[102.123s] -- Install configuration: ""
[102.123s] -- Installing: /home/dpma/projects/DiffDrive-ROS/ros_ws/install/my_robot_interfaces/share/ament_index/resource_index/rosidl_interfaces/my_robot_interfaces
[102.123s] -- Installing: /home/dpma/projects/DiffDrive-ROS/ros_ws/install/my_robot_interfaces/share/my_robot_interfaces/msg/CmdDriveVel.json
[102.123s] -- Installing: /home/dpma/projects/DiffDrive-ROS/ros_ws/install/my_robot_interfaces/share/my_robot_interfaces/msg/MotorInfo.json
[102.124s] -- Installing: /home/dpma/projects/DiffDrive-ROS/ros_ws/install/my_robot_interfaces/share/my_robot_interfaces/msg/MotorOdomInfo.json
[102.124s] -- Installing: /home/dpma/projects/DiffDrive-ROS/ros_ws/install/my_robot_interfaces/share/my_robot_interfaces/action/MoveTo.json
[102.124s] -- Installing: /home/dpma/projects/DiffDrive-ROS/ros_ws/install/my_robot_interfaces/include/my_robot_interfaces/my_robot_interfaces
[102.124s] -- Installing: /home/dpma/projects/DiffDrive-ROS/ros_ws/install/my_robot_interfaces/include/my_robot_interfaces/my_robot_interfaces/msg
[102.124s] -- Installing: /home/dpma/projects/DiffDrive-ROS/ros_ws/install/my_robot_interfaces/include/my_robot_interfaces/my_robot_interfaces/msg/motor_info.h
[102.124s] -- Installing: /home/dpma/projects/DiffDrive-ROS/ros_ws/install/my_robot_interfaces/include/my_robot_interfaces/my_robot_interfaces/msg/motor_odom_info.h
[102.124s] -- Installing: /home/dpma/projects/DiffDrive-ROS/ros_ws/install/my_robot_interfaces/include/my_robot_interfaces/my_robot_interfaces/msg/cmd_drive_vel.h
[102.124s] -- Installing: /home/dpma/projects/DiffDrive-ROS/ros_ws/install/my_robot_interfaces/include/my_robot_interfaces/my_robot_interfaces/msg/rosidl_generator_c__visibility_control.h
[102.125s] -- Installing: /home/dpma/projects/DiffDrive-ROS/ros_ws/install/my_robot_interfaces/include/my_robot_interfaces/my_robot_interfaces/msg/detail
[102.125s] -- Installing: /home/dpma/projects/DiffDrive-ROS/ros_ws/install/my_robot_interfaces/include/my_robot_interfaces/my_robot_interfaces/msg/detail/motor_odom_info__functions.h
[102.125s] -- Installing: /home/dpma/projects/DiffDrive-ROS/ros_ws/install/my_robot_interfaces/include/my_robot_interfaces/my_robot_interfaces/msg/detail/motor_info__struct.h
[102.125s] -- Installing: /home/dpma/projects/DiffDrive-ROS/ros_ws/install/my_robot_interfaces/include/my_robot_interfaces/my_robot_interfaces/msg/detail/motor_info__type_support.c
[102.125s] -- Installing: /home/dpma/projects/DiffDrive-ROS/ros_ws/install/my_robot_interfaces/include/my_robot_interfaces/my_robot_interfaces/msg/detail/motor_odom_info__type_support.h
[102.125s] -- Installing: /home/dpma/projects/DiffDrive-ROS/ros_ws/install/my_robot_interfaces/include/my_robot_interfaces/my_robot_interfaces/msg/detail/cmd_drive_vel__type_support.h
[102.125s] -- Installing: /home/dpma/projects/DiffDrive-ROS/ros_ws/install/my_robot_interfaces/include/my_robot_interfaces/my_robot_interfaces/msg/detail/motor_odom_info__type_support.c
[102.125s] -- Installing: /home/dpma/projects/DiffDrive-ROS/ros_ws/install/my_robot_interfaces/include/my_robot_interfaces/my_robot_interfaces/msg/detail/motor_info__description.c
[102.125s] -- Installing: /home/dpma/projects/DiffDrive-ROS/ros_ws/install/my_robot_interfaces/include/my_robot_interfaces/my_robot_interfaces/msg/detail/cmd_drive_vel__type_support.c
[102.126s] -- Installing: /home/dpma/projects/DiffDrive-ROS/ros_ws/install/my_robot_interfaces/include/my_robot_interfaces/my_robot_interfaces/msg/detail/cmd_drive_vel__functions.c
[102.126s] -- Installing: /home/dpma/projects/DiffDrive-ROS/ros_ws/install/my_robot_interfaces/include/my_robot_interfaces/my_robot_interfaces/msg/detail/motor_info__functions.c
[102.126s] -- Installing: /home/dpma/projects/DiffDrive-ROS/ros_ws/install/my_robot_interfaces/include/my_robot_interfaces/my_robot_interfaces/msg/detail/motor_odom_info__description.c
[102.126s] -- Installing: /home/dpma/projects/DiffDrive-ROS/ros_ws/install/my_robot_interfaces/include/my_robot_interfaces/my_robot_interfaces/msg/detail/motor_odom_info__functions.c
[102.126s] -- Installing: /home/dpma/projects/DiffDrive-ROS/ros_ws/install/my_robot_interfaces/include/my_robot_interfaces/my_robot_interfaces/msg/detail/motor_info__functions.h
[102.126s] -- Installing: /home/dpma/projects/DiffDrive-ROS/ros_ws/install/my_robot_interfaces/include/my_robot_interfaces/my_robot_interfaces/msg/detail/cmd_drive_vel__description.c
[102.126s] -- Installing: /home/dpma/projects/DiffDrive-ROS/ros_ws/install/my_robot_interfaces/include/my_robot_interfaces/my_robot_interfaces/msg/detail/cmd_drive_vel__functions.h
[102.127s] -- Installing: /home/dpma/projects/DiffDrive-ROS/ros_ws/install/my_robot_interfaces/include/my_robot_interfaces/my_robot_interfaces/msg/detail/motor_odom_info__struct.h
[102.127s] -- Installing: /home/dpma/projects/DiffDrive-ROS/ros_ws/install/my_robot_interfaces/include/my_robot_interfaces/my_robot_interfaces/msg/detail/cmd_drive_vel__struct.h
[102.127s] -- Installing: /home/dpma/projects/DiffDrive-ROS/ros_ws/install/my_robot_interfaces/include/my_robot_interfaces/my_robot_interfaces/msg/detail/motor_info__type_support.h
[102.127s] -- Installing: /home/dpma/projects/DiffDrive-ROS/ros_ws/install/my_robot_interfaces/include/my_robot_interfaces/my_robot_interfaces/action
[102.127s] -- Installing: /home/dpma/projects/DiffDrive-ROS/ros_ws/install/my_robot_interfaces/include/my_robot_interfaces/my_robot_interfaces/action/move_to.h
[102.127s] -- Installing: /home/dpma/projects/DiffDrive-ROS/ros_ws/install/my_robot_interfaces/include/my_robot_interfaces/my_robot_interfaces/action/detail
[102.128s] -- Installing: /home/dpma/projects/DiffDrive-ROS/ros_ws/install/my_robot_interfaces/include/my_robot_interfaces/my_robot_interfaces/action/detail/move_to__functions.h
[102.128s] -- Installing: /home/dpma/projects/DiffDrive-ROS/ros_ws/install/my_robot_interfaces/include/my_robot_interfaces/my_robot_interfaces/action/detail/move_to__struct.h
[102.128s] -- Installing: /home/dpma/projects/DiffDrive-ROS/ros_ws/install/my_robot_interfaces/include/my_robot_interfaces/my_robot_interfaces/action/detail/move_to__type_support.c
[102.128s] -- Installing: /home/dpma/projects/DiffDrive-ROS/ros_ws/install/my_robot_interfaces/include/my_robot_interfaces/my_robot_interfaces/action/detail/move_to__type_support.h
[102.128s] -- Installing: /home/dpma/projects/DiffDrive-ROS/ros_ws/install/my_robot_interfaces/include/my_robot_interfaces/my_robot_interfaces/action/detail/move_to__functions.c
[102.128s] -- Installing: /home/dpma/projects/DiffDrive-ROS/ros_ws/install/my_robot_interfaces/include/my_robot_interfaces/my_robot_interfaces/action/detail/move_to__description.c
[102.129s] -- Installing: /home/dpma/projects/DiffDrive-ROS/ros_ws/install/my_robot_interfaces/share/my_robot_interfaces/environment/library_path.sh
[102.129s] -- Installing: /home/dpma/projects/DiffDrive-ROS/ros_ws/install/my_robot_interfaces/share/my_robot_interfaces/environment/library_path.dsv
[102.129s] -- Installing: /home/dpma/projects/DiffDrive-ROS/ros_ws/install/my_robot_interfaces/lib/libmy_robot_interfaces__rosidl_generator_c.so
[102.129s] -- Set non-toolchain portion of runtime path of "/home/dpma/projects/DiffDrive-ROS/ros_ws/install/my_robot_interfaces/lib/libmy_robot_interfaces__rosidl_generator_c.so" to ""
[102.129s] -- Up-to-date: /home/dpma/projects/DiffDrive-ROS/ros_ws/install/my_robot_interfaces/include/my_robot_interfaces/my_robot_interfaces
[102.130s] -- Up-to-date: /home/dpma/projects/DiffDrive-ROS/ros_ws/install/my_robot_interfaces/include/my_robot_interfaces/my_robot_interfaces/msg
[102.130s] -- Installing: /home/dpma/projects/DiffDrive-ROS/ros_ws/install/my_robot_interfaces/include/my_robot_interfaces/my_robot_interfaces/msg/rosidl_typesupport_fastrtps_c__visibility_control.h
[102.130s] -- Up-to-date: /home/dpma/projects/DiffDrive-ROS/ros_ws/install/my_robot_interfaces/include/my_robot_interfaces/my_robot_interfaces/msg/detail
[102.130s] -- Installing: /home/dpma/projects/DiffDrive-ROS/ros_ws/install/my_robot_interfaces/include/my_robot_interfaces/my_robot_interfaces/msg/detail/motor_odom_info__rosidl_typesupport_fastrtps_c.h
[102.130s] -- Installing: /home/dpma/projects/DiffDrive-ROS/ros_ws/install/my_robot_interfaces/include/my_robot_interfaces/my_robot_interfaces/msg/detail/cmd_drive_vel__rosidl_typesupport_fastrtps_c.h
[102.130s] -- Installing: /home/dpma/projects/DiffDrive-ROS/ros_ws/install/my_robot_interfaces/include/my_robot_interfaces/my_robot_interfaces/msg/detail/motor_info__rosidl_typesupport_fastrtps_c.h
[102.130s] -- Up-to-date: /home/dpma/projects/DiffDrive-ROS/ros_ws/install/my_robot_interfaces/include/my_robot_interfaces/my_robot_interfaces/action
[102.131s] -- Up-to-date: /home/dpma/projects/DiffDrive-ROS/ros_ws/install/my_robot_interfaces/include/my_robot_interfaces/my_robot_interfaces/action/detail
[102.131s] -- Installing: /home/dpma/projects/DiffDrive-ROS/ros_ws/install/my_robot_interfaces/include/my_robot_interfaces/my_robot_interfaces/action/detail/move_to__rosidl_typesupport_fastrtps_c.h
[102.131s] -- Installing: /home/dpma/projects/DiffDrive-ROS/ros_ws/install/my_robot_interfaces/lib/libmy_robot_interfaces__rosidl_typesupport_fastrtps_c.so
[102.131s] -- Set non-toolchain portion of runtime path of "/home/dpma/projects/DiffDrive-ROS/ros_ws/install/my_robot_interfaces/lib/libmy_robot_interfaces__rosidl_typesupport_fastrtps_c.so" to ""
[102.131s] -- Up-to-date: /home/dpma/projects/DiffDrive-ROS/ros_ws/install/my_robot_interfaces/include/my_robot_interfaces/my_robot_interfaces
[102.131s] -- Up-to-date: /home/dpma/projects/DiffDrive-ROS/ros_ws/install/my_robot_interfaces/include/my_robot_interfaces/my_robot_interfaces/msg
[102.132s] -- Installing: /home/dpma/projects/DiffDrive-ROS/ros_ws/install/my_robot_interfaces/include/my_robot_interfaces/my_robot_interfaces/msg/rosidl_typesupport_introspection_c__visibility_control.h
[102.132s] -- Up-to-date: /home/dpma/projects/DiffDrive-ROS/ros_ws/install/my_robot_interfaces/include/my_robot_interfaces/my_robot_interfaces/msg/detail
[102.132s] -- Installing: /home/dpma/projects/DiffDrive-ROS/ros_ws/install/my_robot_interfaces/include/my_robot_interfaces/my_robot_interfaces/msg/detail/motor_info__type_support.c
[102.132s] -- Installing: /home/dpma/projects/DiffDrive-ROS/ros_ws/install/my_robot_interfaces/include/my_robot_interfaces/my_robot_interfaces/msg/detail/cmd_drive_vel__rosidl_typesupport_introspection_c.h
[102.132s] -- Installing: /home/dpma/projects/DiffDrive-ROS/ros_ws/install/my_robot_interfaces/include/my_robot_interfaces/my_robot_interfaces/msg/detail/motor_odom_info__type_support.c
[102.132s] -- Installing: /home/dpma/projects/DiffDrive-ROS/ros_ws/install/my_robot_interfaces/include/my_robot_interfaces/my_robot_interfaces/msg/detail/cmd_drive_vel__type_support.c
[102.132s] -- Installing: /home/dpma/projects/DiffDrive-ROS/ros_ws/install/my_robot_interfaces/include/my_robot_interfaces/my_robot_interfaces/msg/detail/motor_info__rosidl_typesupport_introspection_c.h
[102.133s] -- Installing: /home/dpma/projects/DiffDrive-ROS/ros_ws/install/my_robot_interfaces/include/my_robot_interfaces/my_robot_interfaces/msg/detail/motor_odom_info__rosidl_typesupport_introspection_c.h
[102.133s] -- Up-to-date: /home/dpma/projects/DiffDrive-ROS/ros_ws/install/my_robot_interfaces/include/my_robot_interfaces/my_robot_interfaces/action
[102.133s] -- Up-to-date: /home/dpma/projects/DiffDrive-ROS/ros_ws/install/my_robot_interfaces/include/my_robot_interfaces/my_robot_interfaces/action/detail
[102.133s] -- Installing: /home/dpma/projects/DiffDrive-ROS/ros_ws/install/my_robot_interfaces/include/my_robot_interfaces/my_robot_interfaces/action/detail/move_to__type_support.c
[102.133s] -- Installing: /home/dpma/projects/DiffDrive-ROS/ros_ws/install/my_robot_interfaces/include/my_robot_interfaces/my_robot_interfaces/action/detail/move_to__rosidl_typesupport_introspection_c.h
[102.133s] -- Installing: /home/dpma/projects/DiffDrive-ROS/ros_ws/install/my_robot_interfaces/lib/libmy_robot_interfaces__rosidl_typesupport_introspection_c.so
[102.133s] -- Set non-toolchain portion of runtime path of "/home/dpma/projects/DiffDrive-ROS/ros_ws/install/my_robot_interfaces/lib/libmy_robot_interfaces__rosidl_typesupport_introspection_c.so" to ""
[102.134s] -- Installing: /home/dpma/projects/DiffDrive-ROS/ros_ws/install/my_robot_interfaces/lib/libmy_robot_interfaces__rosidl_typesupport_c.so
[102.134s] -- Set non-toolchain portion of runtime path of "/home/dpma/projects/DiffDrive-ROS/ros_ws/install/my_robot_interfaces/lib/libmy_robot_interfaces__rosidl_typesupport_c.so" to ""
[102.134s] -- Up-to-date: /home/dpma/projects/DiffDrive-ROS/ros_ws/install/my_robot_interfaces/include/my_robot_interfaces/my_robot_interfaces
[102.134s] -- Up-to-date: /home/dpma/projects/DiffDrive-ROS/ros_ws/install/my_robot_interfaces/include/my_robot_interfaces/my_robot_interfaces/msg
[102.134s] -- Installing: /home/dpma/projects/DiffDrive-ROS/ros_ws/install/my_robot_interfaces/include/my_robot_interfaces/my_robot_interfaces/msg/motor_info.hpp
[102.134s] -- Installing: /home/dpma/projects/DiffDrive-ROS/ros_ws/install/my_robot_interfaces/include/my_robot_interfaces/my_robot_interfaces/msg/motor_odom_info.hpp
[102.134s] -- Installing: /home/dpma/projects/DiffDrive-ROS/ros_ws/install/my_robot_interfaces/include/my_robot_interfaces/my_robot_interfaces/msg/cmd_drive_vel.hpp
[102.135s] -- Up-to-date: /home/dpma/projects/DiffDrive-ROS/ros_ws/install/my_robot_interfaces/include/my_robot_interfaces/my_robot_interfaces/msg/detail
[102.135s] -- Installing: /home/dpma/projects/DiffDrive-ROS/ros_ws/install/my_robot_interfaces/include/my_robot_interfaces/my_robot_interfaces/msg/detail/motor_odom_info__struct.hpp
[102.135s] -- Installing: /home/dpma/projects/DiffDrive-ROS/ros_ws/install/my_robot_interfaces/include/my_robot_interfaces/my_robot_interfaces/msg/detail/motor_info__struct.hpp
[102.135s] -- Installing: /home/dpma/projects/DiffDrive-ROS/ros_ws/install/my_robot_interfaces/include/my_robot_interfaces/my_robot_interfaces/msg/detail/cmd_drive_vel__builder.hpp
[102.135s] -- Installing: /home/dpma/projects/DiffDrive-ROS/ros_ws/install/my_robot_interfaces/include/my_robot_interfaces/my_robot_interfaces/msg/detail/cmd_drive_vel__struct.hpp
[102.135s] -- Installing: /home/dpma/projects/DiffDrive-ROS/ros_ws/install/my_robot_interfaces/include/my_robot_interfaces/my_robot_interfaces/msg/detail/motor_odom_info__type_support.hpp
[102.135s] -- Installing: /home/dpma/projects/DiffDrive-ROS/ros_ws/install/my_robot_interfaces/include/my_robot_interfaces/my_robot_interfaces/msg/detail/motor_info__type_support.hpp
[102.136s] -- Installing: /home/dpma/projects/DiffDrive-ROS/ros_ws/install/my_robot_interfaces/include/my_robot_interfaces/my_robot_interfaces/msg/detail/motor_info__builder.hpp
[102.136s] -- Installing: /home/dpma/projects/DiffDrive-ROS/ros_ws/install/my_robot_interfaces/include/my_robot_interfaces/my_robot_interfaces/msg/detail/motor_odom_info__traits.hpp
[102.136s] -- Installing: /home/dpma/projects/DiffDrive-ROS/ros_ws/install/my_robot_interfaces/include/my_robot_interfaces/my_robot_interfaces/msg/detail/motor_odom_info__builder.hpp
[102.136s] -- Installing: /home/dpma/projects/DiffDrive-ROS/ros_ws/install/my_robot_interfaces/include/my_robot_interfaces/my_robot_interfaces/msg/detail/cmd_drive_vel__type_support.hpp
[102.136s] -- Installing: /home/dpma/projects/DiffDrive-ROS/ros_ws/install/my_robot_interfaces/include/my_robot_interfaces/my_robot_interfaces/msg/detail/motor_info__traits.hpp
[102.136s] -- Installing: /home/dpma/projects/DiffDrive-ROS/ros_ws/install/my_robot_interfaces/include/my_robot_interfaces/my_robot_interfaces/msg/detail/cmd_drive_vel__traits.hpp
[102.136s] -- Installing: /home/dpma/projects/DiffDrive-ROS/ros_ws/install/my_robot_interfaces/include/my_robot_interfaces/my_robot_interfaces/msg/rosidl_generator_cpp__visibility_control.hpp
[102.137s] -- Up-to-date: /home/dpma/projects/DiffDrive-ROS/ros_ws/install/my_robot_interfaces/include/my_robot_interfaces/my_robot_interfaces/action
[102.137s] -- Up-to-date: /home/dpma/projects/DiffDrive-ROS/ros_ws/install/my_robot_interfaces/include/my_robot_interfaces/my_robot_interfaces/action/detail
[102.137s] -- Installing: /home/dpma/projects/DiffDrive-ROS/ros_ws/install/my_robot_interfaces/include/my_robot_interfaces/my_robot_interfaces/action/detail/move_to__struct.hpp
[102.137s] -- Installing: /home/dpma/projects/DiffDrive-ROS/ros_ws/install/my_robot_interfaces/include/my_robot_interfaces/my_robot_interfaces/action/detail/move_to__type_support.hpp
[102.137s] -- Installing: /home/dpma/projects/DiffDrive-ROS/ros_ws/install/my_robot_interfaces/include/my_robot_interfaces/my_robot_interfaces/action/detail/move_to__builder.hpp
[102.137s] -- Installing: /home/dpma/projects/DiffDrive-ROS/ros_ws/install/my_robot_interfaces/include/my_robot_interfaces/my_robot_interfaces/action/detail/move_to__traits.hpp
[102.137s] -- Installing: /home/dpma/projects/DiffDrive-ROS/ros_ws/install/my_robot_interfaces/include/my_robot_interfaces/my_robot_interfaces/action/move_to.hpp
[102.137s] -- Up-to-date: /home/dpma/projects/DiffDrive-ROS/ros_ws/install/my_robot_interfaces/include/my_robot_interfaces/my_robot_interfaces
[102.138s] -- Up-to-date: /home/dpma/projects/DiffDrive-ROS/ros_ws/install/my_robot_interfaces/include/my_robot_interfaces/my_robot_interfaces/msg
[102.138s] -- Up-to-date: /home/dpma/projects/DiffDrive-ROS/ros_ws/install/my_robot_interfaces/include/my_robot_interfaces/my_robot_interfaces/msg/detail
[102.138s] -- Installing: /home/dpma/projects/DiffDrive-ROS/ros_ws/install/my_robot_interfaces/include/my_robot_interfaces/my_robot_interfaces/msg/detail/dds_fastrtps
[102.138s] -- Installing: /home/dpma/projects/DiffDrive-ROS/ros_ws/install/my_robot_interfaces/include/my_robot_interfaces/my_robot_interfaces/msg/detail/motor_info__rosidl_typesupport_fastrtps_cpp.hpp
[102.138s] -- Installing: /home/dpma/projects/DiffDrive-ROS/ros_ws/install/my_robot_interfaces/include/my_robot_interfaces/my_robot_interfaces/msg/detail/cmd_drive_vel__rosidl_typesupport_fastrtps_cpp.hpp
[102.138s] -- Installing: /home/dpma/projects/DiffDrive-ROS/ros_ws/install/my_robot_interfaces/include/my_robot_interfaces/my_robot_interfaces/msg/detail/motor_odom_info__rosidl_typesupport_fastrtps_cpp.hpp
[102.138s] -- Installing: /home/dpma/projects/DiffDrive-ROS/ros_ws/install/my_robot_interfaces/include/my_robot_interfaces/my_robot_interfaces/msg/rosidl_typesupport_fastrtps_cpp__visibility_control.h
[102.139s] -- Up-to-date: /home/dpma/projects/DiffDrive-ROS/ros_ws/install/my_robot_interfaces/include/my_robot_interfaces/my_robot_interfaces/action
[102.139s] -- Up-to-date: /home/dpma/projects/DiffDrive-ROS/ros_ws/install/my_robot_interfaces/include/my_robot_interfaces/my_robot_interfaces/action/detail
[102.139s] -- Installing: /home/dpma/projects/DiffDrive-ROS/ros_ws/install/my_robot_interfaces/include/my_robot_interfaces/my_robot_interfaces/action/detail/dds_fastrtps
[102.139s] -- Installing: /home/dpma/projects/DiffDrive-ROS/ros_ws/install/my_robot_interfaces/include/my_robot_interfaces/my_robot_interfaces/action/detail/move_to__rosidl_typesupport_fastrtps_cpp.hpp
[102.139s] -- Installing: /home/dpma/projects/DiffDrive-ROS/ros_ws/install/my_robot_interfaces/lib/libmy_robot_interfaces__rosidl_typesupport_fastrtps_cpp.so
[102.139s] -- Set non-toolchain portion of runtime path of "/home/dpma/projects/DiffDrive-ROS/ros_ws/install/my_robot_interfaces/lib/libmy_robot_interfaces__rosidl_typesupport_fastrtps_cpp.so" to ""
[102.139s] -- Up-to-date: /home/dpma/projects/DiffDrive-ROS/ros_ws/install/my_robot_interfaces/include/my_robot_interfaces/my_robot_interfaces
[102.140s] -- Up-to-date: /home/dpma/projects/DiffDrive-ROS/ros_ws/install/my_robot_interfaces/include/my_robot_interfaces/my_robot_interfaces/msg
[102.140s] -- Up-to-date: /home/dpma/projects/DiffDrive-ROS/ros_ws/install/my_robot_interfaces/include/my_robot_interfaces/my_robot_interfaces/msg/detail
[102.140s] -- Installing: /home/dpma/projects/DiffDrive-ROS/ros_ws/install/my_robot_interfaces/include/my_robot_interfaces/my_robot_interfaces/msg/detail/motor_odom_info__type_support.cpp
[102.140s] -- Installing: /home/dpma/projects/DiffDrive-ROS/ros_ws/install/my_robot_interfaces/include/my_robot_interfaces/my_robot_interfaces/msg/detail/motor_info__type_support.cpp
[102.140s] -- Installing: /home/dpma/projects/DiffDrive-ROS/ros_ws/install/my_robot_interfaces/include/my_robot_interfaces/my_robot_interfaces/msg/detail/cmd_drive_vel__type_support.cpp
[102.140s] -- Installing: /home/dpma/projects/DiffDrive-ROS/ros_ws/install/my_robot_interfaces/include/my_robot_interfaces/my_robot_interfaces/msg/detail/cmd_drive_vel__rosidl_typesupport_introspection_cpp.hpp
[102.141s] -- Installing: /home/dpma/projects/DiffDrive-ROS/ros_ws/install/my_robot_interfaces/include/my_robot_interfaces/my_robot_interfaces/msg/detail/motor_odom_info__rosidl_typesupport_introspection_cpp.hpp
[102.141s] -- Installing: /home/dpma/projects/DiffDrive-ROS/ros_ws/install/my_robot_interfaces/include/my_robot_interfaces/my_robot_interfaces/msg/detail/motor_info__rosidl_typesupport_introspection_cpp.hpp
[102.141s] -- Up-to-date: /home/dpma/projects/DiffDrive-ROS/ros_ws/install/my_robot_interfaces/include/my_robot_interfaces/my_robot_interfaces/action
[102.141s] -- Up-to-date: /home/dpma/projects/DiffDrive-ROS/ros_ws/install/my_robot_interfaces/include/my_robot_interfaces/my_robot_interfaces/action/detail
[102.141s] -- Installing: /home/dpma/projects/DiffDrive-ROS/ros_ws/install/my_robot_interfaces/include/my_robot_interfaces/my_robot_interfaces/action/detail/move_to__rosidl_typesupport_introspection_cpp.hpp
[102.141s] -- Installing: /home/dpma/projects/DiffDrive-ROS/ros_ws/install/my_robot_interfaces/include/my_robot_interfaces/my_robot_interfaces/action/detail/move_to__type_support.cpp
[102.141s] -- Installing: /home/dpma/projects/DiffDrive-ROS/ros_ws/install/my_robot_interfaces/lib/libmy_robot_interfaces__rosidl_typesupport_introspection_cpp.so
[102.141s] -- Set non-toolchain portion of runtime path of "/home/dpma/projects/DiffDrive-ROS/ros_ws/install/my_robot_interfaces/lib/libmy_robot_interfaces__rosidl_typesupport_introspection_cpp.so" to ""
[102.142s] -- Installing: /home/dpma/projects/DiffDrive-ROS/ros_ws/install/my_robot_interfaces/lib/libmy_robot_interfaces__rosidl_typesupport_cpp.so
[102.142s] -- Set non-toolchain portion of runtime path of "/home/dpma/projects/DiffDrive-ROS/ros_ws/install/my_robot_interfaces/lib/libmy_robot_interfaces__rosidl_typesupport_cpp.so" to ""
[102.142s] -- Installing: /home/dpma/projects/DiffDrive-ROS/ros_ws/install/my_robot_interfaces/share/my_robot_interfaces/environment/pythonpath.sh
[102.142s] -- Installing: /home/dpma/projects/DiffDrive-ROS/ros_ws/install/my_robot_interfaces/share/my_robot_interfaces/environment/pythonpath.dsv
[102.142s] -- Installing: /home/dpma/projects/DiffDrive-ROS/ros_ws/install/my_robot_interfaces/lib/python3.12/site-packages/my_robot_interfaces-0.0.0-py3.12.egg-info
[102.142s] -- Installing: /home/dpma/projects/DiffDrive-ROS/ros_ws/install/my_robot_interfaces/lib/python3.12/site-packages/my_robot_interfaces-0.0.0-py3.12.egg-info/top_level.txt
[102.142s] -- Installing: /home/dpma/projects/DiffDrive-ROS/ros_ws/install/my_robot_interfaces/lib/python3.12/site-packages/my_robot_interfaces-0.0.0-py3.12.egg-info/PKG-INFO
[102.142s] -- Installing: /home/dpma/projects/DiffDrive-ROS/ros_ws/install/my_robot_interfaces/lib/python3.12/site-packages/my_robot_interfaces-0.0.0-py3.12.egg-info/SOURCES.txt
[102.142s] -- Installing: /home/dpma/projects/DiffDrive-ROS/ros_ws/install/my_robot_interfaces/lib/python3.12/site-packages/my_robot_interfaces-0.0.0-py3.12.egg-info/dependency_links.txt
[102.143s] -- Installing: /home/dpma/projects/DiffDrive-ROS/ros_ws/install/my_robot_interfaces/lib/python3.12/site-packages/my_robot_interfaces
[102.143s] -- Installing: /home/dpma/projects/DiffDrive-ROS/ros_ws/install/my_robot_interfaces/lib/python3.12/site-packages/my_robot_interfaces/msg
[102.143s] -- Installing: /home/dpma/projects/DiffDrive-ROS/ros_ws/install/my_robot_interfaces/lib/python3.12/site-packages/my_robot_interfaces/msg/_motor_info.py
[102.143s] -- Installing: /home/dpma/projects/DiffDrive-ROS/ros_ws/install/my_robot_interfaces/lib/python3.12/site-packages/my_robot_interfaces/msg/_cmd_drive_vel_s.c
[102.143s] -- Installing: /home/dpma/projects/DiffDrive-ROS/ros_ws/install/my_robot_interfaces/lib/python3.12/site-packages/my_robot_interfaces/msg/_motor_odom_info_s.c
[102.143s] -- Installing: /home/dpma/projects/DiffDrive-ROS/ros_ws/install/my_robot_interfaces/lib/python3.12/site-packages/my_robot_interfaces/msg/_cmd_drive_vel.py
[102.143s] -- Installing: /home/dpma/projects/DiffDrive-ROS/ros_ws/install/my_robot_interfaces/lib/python3.12/site-packages/my_robot_interfaces/msg/_motor_odom_info.py
[102.144s] -- Installing: /home/dpma/projects/DiffDrive-ROS/ros_ws/install/my_robot_interfaces/lib/python3.12/site-packages/my_robot_interfaces/msg/__init__.py
[102.144s] -- Installing: /home/dpma/projects/DiffDrive-ROS/ros_ws/install/my_robot_interfaces/lib/python3.12/site-packages/my_robot_interfaces/msg/_motor_info_s.c
[102.144s] -- Installing: /home/dpma/projects/DiffDrive-ROS/ros_ws/install/my_robot_interfaces/lib/python3.12/site-packages/my_robot_interfaces/my_robot_interfaces_s__rosidl_typesupport_c.so
[102.144s] -- Installing: /home/dpma/projects/DiffDrive-ROS/ros_ws/install/my_robot_interfaces/lib/python3.12/site-packages/my_robot_interfaces/_my_robot_interfaces_s.ep.rosidl_typesupport_c.c
[102.144s] -- Installing: /home/dpma/projects/DiffDrive-ROS/ros_ws/install/my_robot_interfaces/lib/python3.12/site-packages/my_robot_interfaces/_my_robot_interfaces_s.ep.rosidl_typesupport_introspection_c.c
[102.144s] -- Installing: /home/dpma/projects/DiffDrive-ROS/ros_ws/install/my_robot_interfaces/lib/python3.12/site-packages/my_robot_interfaces/_my_robot_interfaces_s.ep.rosidl_typesupport_fastrtps_c.c
[102.145s] -- Installing: /home/dpma/projects/DiffDrive-ROS/ros_ws/install/my_robot_interfaces/lib/python3.12/site-packages/my_robot_interfaces/__init__.py
[102.145s] -- Installing: /home/dpma/projects/DiffDrive-ROS/ros_ws/install/my_robot_interfaces/lib/python3.12/site-packages/my_robot_interfaces/my_robot_interfaces_s__rosidl_typesupport_introspection_c.so
[102.145s] -- Installing: /home/dpma/projects/DiffDrive-ROS/ros_ws/install/my_robot_interfaces/lib/python3.12/site-packages/my_robot_interfaces/action
[102.145s] -- Installing: /home/dpma/projects/DiffDrive-ROS/ros_ws/install/my_robot_interfaces/lib/python3.12/site-packages/my_robot_interfaces/action/_move_to.py
[102.145s] -- Installing: /home/dpma/projects/DiffDrive-ROS/ros_ws/install/my_robot_interfaces/lib/python3.12/site-packages/my_robot_interfaces/action/_move_to_s.c
[102.145s] -- Installing: /home/dpma/projects/DiffDrive-ROS/ros_ws/install/my_robot_interfaces/lib/python3.12/site-packages/my_robot_interfaces/action/__init__.py
[102.145s] -- Installing: /home/dpma/projects/DiffDrive-ROS/ros_ws/install/my_robot_interfaces/lib/python3.12/site-packages/my_robot_interfaces/my_robot_interfaces_s__rosidl_typesupport_fastrtps_c.so
[102.201s] Listing '/home/dpma/projects/DiffDrive-ROS/ros_ws/install/my_robot_interfaces/lib/python3.12/site-packages/my_robot_interfaces'...
[102.201s] Compiling '/home/dpma/projects/DiffDrive-ROS/ros_ws/install/my_robot_interfaces/lib/python3.12/site-packages/my_robot_interfaces/__init__.py'...
[102.201s] Listing '/home/dpma/projects/DiffDrive-ROS/ros_ws/install/my_robot_interfaces/lib/python3.12/site-packages/my_robot_interfaces/action'...
[102.201s] Compiling '/home/dpma/projects/DiffDrive-ROS/ros_ws/install/my_robot_interfaces/lib/python3.12/site-packages/my_robot_interfaces/action/__init__.py'...
[102.201s] Compiling '/home/dpma/projects/DiffDrive-ROS/ros_ws/install/my_robot_interfaces/lib/python3.12/site-packages/my_robot_interfaces/action/_move_to.py'...
[102.201s] Listing '/home/dpma/projects/DiffDrive-ROS/ros_ws/install/my_robot_interfaces/lib/python3.12/site-packages/my_robot_interfaces/msg'...
[102.201s] Compiling '/home/dpma/projects/DiffDrive-ROS/ros_ws/install/my_robot_interfaces/lib/python3.12/site-packages/my_robot_interfaces/msg/__init__.py'...
[102.201s] Compiling '/home/dpma/projects/DiffDrive-ROS/ros_ws/install/my_robot_interfaces/lib/python3.12/site-packages/my_robot_interfaces/msg/_cmd_drive_vel.py'...
[102.201s] Compiling '/home/dpma/projects/DiffDrive-ROS/ros_ws/install/my_robot_interfaces/lib/python3.12/site-packages/my_robot_interfaces/msg/_motor_info.py'...
[102.201s] Compiling '/home/dpma/projects/DiffDrive-ROS/ros_ws/install/my_robot_interfaces/lib/python3.12/site-packages/my_robot_interfaces/msg/_motor_odom_info.py'...
[102.209s] -- Installing: /home/dpma/projects/DiffDrive-ROS/ros_ws/install/my_robot_interfaces/lib/python3.12/site-packages/my_robot_interfaces/my_robot_interfaces_s__rosidl_typesupport_fastrtps_c.so
[102.209s] -- Set non-toolchain portion of runtime path of "/home/dpma/projects/DiffDrive-ROS/ros_ws/install/my_robot_interfaces/lib/python3.12/site-packages/my_robot_interfaces/my_robot_interfaces_s__rosidl_typesupport_fastrtps_c.so" to ""
[102.210s] -- Installing: /home/dpma/projects/DiffDrive-ROS/ros_ws/install/my_robot_interfaces/lib/python3.12/site-packages/my_robot_interfaces/my_robot_interfaces_s__rosidl_typesupport_introspection_c.so
[102.210s] -- Set non-toolchain portion of runtime path of "/home/dpma/projects/DiffDrive-ROS/ros_ws/install/my_robot_interfaces/lib/python3.12/site-packages/my_robot_interfaces/my_robot_interfaces_s__rosidl_typesupport_introspection_c.so" to ""
[102.210s] -- Installing: /home/dpma/projects/DiffDrive-ROS/ros_ws/install/my_robot_interfaces/lib/python3.12/site-packages/my_robot_interfaces/my_robot_interfaces_s__rosidl_typesupport_c.so
[102.211s] -- Set non-toolchain portion of runtime path of "/home/dpma/projects/DiffDrive-ROS/ros_ws/install/my_robot_interfaces/lib/python3.12/site-packages/my_robot_interfaces/my_robot_interfaces_s__rosidl_typesupport_c.so" to ""
[102.211s] -- Installing: /home/dpma/projects/DiffDrive-ROS/ros_ws/install/my_robot_interfaces/lib/libmy_robot_interfaces__rosidl_generator_py.so
[102.211s] -- Set non-toolchain portion of runtime path of "/home/dpma/projects/DiffDrive-ROS/ros_ws/install/my_robot_interfaces/lib/libmy_robot_interfaces__rosidl_generator_py.so" to ""
[102.211s] -- Installing: /home/dpma/projects/DiffDrive-ROS/ros_ws/install/my_robot_interfaces/share/my_robot_interfaces/msg/CmdDriveVel.idl
[102.211s] -- Installing: /home/dpma/projects/DiffDrive-ROS/ros_ws/install/my_robot_interfaces/share/my_robot_interfaces/msg/MotorInfo.idl
[102.211s] -- Installing: /home/dpma/projects/DiffDrive-ROS/ros_ws/install/my_robot_interfaces/share/my_robot_interfaces/msg/MotorOdomInfo.idl
[102.212s] -- Installing: /home/dpma/projects/DiffDrive-ROS/ros_ws/install/my_robot_interfaces/share/my_robot_interfaces/action/MoveTo.idl
[102.212s] -- Installing: /home/dpma/projects/DiffDrive-ROS/ros_ws/install/my_robot_interfaces/share/my_robot_interfaces/msg/CmdDriveVel.msg
[102.212s] -- Installing: /home/dpma/projects/DiffDrive-ROS/ros_ws/install/my_robot_interfaces/share/my_robot_interfaces/msg/MotorInfo.msg
[102.212s] -- Installing: /home/dpma/projects/DiffDrive-ROS/ros_ws/install/my_robot_interfaces/share/my_robot_interfaces/msg/MotorOdomInfo.msg
[102.212s] -- Installing: /home/dpma/projects/DiffDrive-ROS/ros_ws/install/my_robot_interfaces/share/my_robot_interfaces/action/MoveTo.action
[102.212s] -- Installing: /home/dpma/projects/DiffDrive-ROS/ros_ws/install/my_robot_interfaces/share/ament_index/resource_index/package_run_dependencies/my_robot_interfaces
[102.212s] -- Installing: /home/dpma/projects/DiffDrive-ROS/ros_ws/install/my_robot_interfaces/share/ament_index/resource_index/parent_prefix_path/my_robot_interfaces
[102.212s] -- Installing: /home/dpma/projects/DiffDrive-ROS/ros_ws/install/my_robot_interfaces/share/my_robot_interfaces/environment/ament_prefix_path.sh
[102.213s] -- Installing: /home/dpma/projects/DiffDrive-ROS/ros_ws/install/my_robot_interfaces/share/my_robot_interfaces/environment/ament_prefix_path.dsv
[102.213s] -- Installing: /home/dpma/projects/DiffDrive-ROS/ros_ws/install/my_robot_interfaces/share/my_robot_interfaces/environment/path.sh
[102.213s] -- Installing: /home/dpma/projects/DiffDrive-ROS/ros_ws/install/my_robot_interfaces/share/my_robot_interfaces/environment/path.dsv
[102.213s] -- Installing: /home/dpma/projects/DiffDrive-ROS/ros_ws/install/my_robot_interfaces/share/my_robot_interfaces/local_setup.bash
[102.213s] -- Installing: /home/dpma/projects/DiffDrive-ROS/ros_ws/install/my_robot_interfaces/share/my_robot_interfaces/local_setup.sh
[102.213s] -- Installing: /home/dpma/projects/DiffDrive-ROS/ros_ws/install/my_robot_interfaces/share/my_robot_interfaces/local_setup.zsh
[102.213s] -- Installing: /home/dpma/projects/DiffDrive-ROS/ros_ws/install/my_robot_interfaces/share/my_robot_interfaces/local_setup.dsv
[102.213s] -- Installing: /home/dpma/projects/DiffDrive-ROS/ros_ws/install/my_robot_interfaces/share/my_robot_interfaces/package.dsv
[102.214s] -- Installing: /home/dpma/projects/DiffDrive-ROS/ros_ws/install/my_robot_interfaces/share/ament_index/resource_index/packages/my_robot_interfaces
[102.214s] -- Installing: /home/dpma/projects/DiffDrive-ROS/ros_ws/install/my_robot_interfaces/share/my_robot_interfaces/cmake/export_my_robot_interfaces__rosidl_generator_cExport.cmake
[102.214s] -- Installing: /home/dpma/projects/DiffDrive-ROS/ros_ws/install/my_robot_interfaces/share/my_robot_interfaces/cmake/export_my_robot_interfaces__rosidl_generator_cExport-noconfig.cmake
[102.214s] -- Installing: /home/dpma/projects/DiffDrive-ROS/ros_ws/install/my_robot_interfaces/share/my_robot_interfaces/cmake/export_my_robot_interfaces__rosidl_typesupport_fastrtps_cExport.cmake
[102.214s] -- Installing: /home/dpma/projects/DiffDrive-ROS/ros_ws/install/my_robot_interfaces/share/my_robot_interfaces/cmake/export_my_robot_interfaces__rosidl_typesupport_fastrtps_cExport-noconfig.cmake
[102.214s] -- Installing: /home/dpma/projects/DiffDrive-ROS/ros_ws/install/my_robot_interfaces/share/my_robot_interfaces/cmake/my_robot_interfaces__rosidl_typesupport_introspection_cExport.cmake
[102.214s] -- Installing: /home/dpma/projects/DiffDrive-ROS/ros_ws/install/my_robot_interfaces/share/my_robot_interfaces/cmake/my_robot_interfaces__rosidl_typesupport_introspection_cExport-noconfig.cmake
[102.215s] -- Installing: /home/dpma/projects/DiffDrive-ROS/ros_ws/install/my_robot_interfaces/share/my_robot_interfaces/cmake/my_robot_interfaces__rosidl_typesupport_cExport.cmake
[102.215s] -- Installing: /home/dpma/projects/DiffDrive-ROS/ros_ws/install/my_robot_interfaces/share/my_robot_interfaces/cmake/my_robot_interfaces__rosidl_typesupport_cExport-noconfig.cmake
[102.215s] -- Installing: /home/dpma/projects/DiffDrive-ROS/ros_ws/install/my_robot_interfaces/share/my_robot_interfaces/cmake/export_my_robot_interfaces__rosidl_generator_cppExport.cmake
[102.215s] -- Installing: /home/dpma/projects/DiffDrive-ROS/ros_ws/install/my_robot_interfaces/share/my_robot_interfaces/cmake/export_my_robot_interfaces__rosidl_typesupport_fastrtps_cppExport.cmake
[102.215s] -- Installing: /home/dpma/projects/DiffDrive-ROS/ros_ws/install/my_robot_interfaces/share/my_robot_interfaces/cmake/export_my_robot_interfaces__rosidl_typesupport_fastrtps_cppExport-noconfig.cmake
[102.215s] -- Installing: /home/dpma/projects/DiffDrive-ROS/ros_ws/install/my_robot_interfaces/share/my_robot_interfaces/cmake/my_robot_interfaces__rosidl_typesupport_introspection_cppExport.cmake
[102.216s] -- Installing: /home/dpma/projects/DiffDrive-ROS/ros_ws/install/my_robot_interfaces/share/my_robot_interfaces/cmake/my_robot_interfaces__rosidl_typesupport_introspection_cppExport-noconfig.cmake
[102.216s] -- Installing: /home/dpma/projects/DiffDrive-ROS/ros_ws/install/my_robot_interfaces/share/my_robot_interfaces/cmake/my_robot_interfaces__rosidl_typesupport_cppExport.cmake
[102.216s] -- Installing: /home/dpma/projects/DiffDrive-ROS/ros_ws/install/my_robot_interfaces/share/my_robot_interfaces/cmake/my_robot_interfaces__rosidl_typesupport_cppExport-noconfig.cmake
[102.216s] -- Installing: /home/dpma/projects/DiffDrive-ROS/ros_ws/install/my_robot_interfaces/share/my_robot_interfaces/cmake/export_my_robot_interfaces__rosidl_generator_pyExport.cmake
[102.216s] -- Installing: /home/dpma/projects/DiffDrive-ROS/ros_ws/install/my_robot_interfaces/share/my_robot_interfaces/cmake/export_my_robot_interfaces__rosidl_generator_pyExport-noconfig.cmake
[102.216s] -- Installing: /home/dpma/projects/DiffDrive-ROS/ros_ws/install/my_robot_interfaces/share/my_robot_interfaces/cmake/rosidl_cmake-extras.cmake
[102.216s] -- Installing: /home/dpma/projects/DiffDrive-ROS/ros_ws/install/my_robot_interfaces/share/my_robot_interfaces/cmake/ament_cmake_export_dependencies-extras.cmake
[102.216s] -- Installing: /home/dpma/projects/DiffDrive-ROS/ros_ws/install/my_robot_interfaces/share/my_robot_interfaces/cmake/ament_cmake_export_include_directories-extras.cmake
[102.217s] -- Installing: /home/dpma/projects/DiffDrive-ROS/ros_ws/install/my_robot_interfaces/share/my_robot_interfaces/cmake/ament_cmake_export_libraries-extras.cmake
[102.217s] -- Installing: /home/dpma/projects/DiffDrive-ROS/ros_ws/install/my_robot_interfaces/share/my_robot_interfaces/cmake/ament_cmake_export_targets-extras.cmake
[102.217s] -- Installing: /home/dpma/projects/DiffDrive-ROS/ros_ws/install/my_robot_interfaces/share/my_robot_interfaces/cmake/rosidl_cmake_export_typesupport_targets-extras.cmake
[102.217s] -- Installing: /home/dpma/projects/DiffDrive-ROS/ros_ws/install/my_robot_interfaces/share/my_robot_interfaces/cmake/rosidl_cmake_export_typesupport_libraries-extras.cmake
[102.217s] -- Installing: /home/dpma/projects/DiffDrive-ROS/ros_ws/install/my_robot_interfaces/share/my_robot_interfaces/cmake/my_robot_interfacesConfig.cmake
[102.217s] -- Installing: /home/dpma/projects/DiffDrive-ROS/ros_ws/install/my_robot_interfaces/share/my_robot_interfaces/cmake/my_robot_interfacesConfig-version.cmake
[102.217s] -- Installing: /home/dpma/projects/DiffDrive-ROS/ros_ws/install/my_robot_interfaces/share/my_robot_interfaces/package.xml
[102.220s] Invoked command in '/home/dpma/projects/DiffDrive-ROS/ros_ws/build/my_robot_interfaces' returned '0': CMAKE_PREFIX_PATH=${CMAKE_PREFIX_PATH}:/home/dpma/projects/DiffDrive-ROS/ros_ws/install/my_py_pkg:/opt/ros/jazzy DEBUGINFOD_URLS=https://debuginfod.ubuntu.com /usr/bin/cmake --install /home/dpma/projects/DiffDrive-ROS/ros_ws/build/my_robot_interfaces
