[0.039s] Invoking command in '/home/dpma/projects/DiffDrive-ROS/ros_ws/build/my_robot_interfaces': CMAKE_PREFIX_PATH=${CMAKE_PREFIX_PATH}:/home/dpma/projects/DiffDrive-ROS/ros_ws/install/my_py_pkg:/opt/ros/jazzy DEBUGINFOD_URLS=https://debuginfod.ubuntu.com /usr/bin/cmake /home/dpma/projects/DiffDrive-ROS/ros_ws/src/my_robot_interfaces -DCMAKE_INSTALL_PREFIX=/home/dpma/projects/DiffDrive-ROS/ros_ws/install/my_robot_interfaces
[0.123s] -- The C compiler identification is GNU 13.3.0
[0.208s] -- The CXX compiler identification is GNU 13.3.0
[0.232s] -- Detecting C compiler ABI info
[0.358s] -- Detecting C compiler ABI info - done
[0.373s] -- Check for working C compiler: /usr/bin/cc - skipped
[0.374s] -- Detecting C compile features
[0.375s] -- Detecting C compile features - done
[0.387s] -- Detecting CXX compiler ABI info
[0.570s] -- Detecting CXX compiler ABI info - done
[0.583s] -- Check for working CXX compiler: /usr/bin/c++ - skipped
[0.584s] -- Detecting CXX compile features
[0.584s] -- Detecting CXX compile features - done
[0.591s] -- Found ament_cmake: 2.5.4 (/opt/ros/jazzy/share/ament_cmake/cmake)
[0.827s] -- Found Python3: /usr/bin/python3 (found version "3.12.3") found components: Interpreter 
[1.025s] -- Found rosidl_default_generators: 1.6.0 (/opt/ros/jazzy/share/rosidl_default_generators/cmake)
[1.042s] -- Using all available rosidl_typesupport_c: rosidl_typesupport_fastrtps_c;rosidl_typesupport_introspection_c
[1.177s] -- Using all available rosidl_typesupport_cpp: rosidl_typesupport_fastrtps_cpp;rosidl_typesupport_introspection_cpp
[1.279s] -- Found rosidl_adapter: 4.6.5 (/opt/ros/jazzy/share/rosidl_adapter/cmake)
[1.947s] -- Found ament_cmake_ros: 0.12.0 (/opt/ros/jazzy/share/ament_cmake_ros/cmake)
[2.378s] -- Using all available rosidl_typesupport_c: rosidl_typesupport_fastrtps_c;rosidl_typesupport_introspection_c
[2.928s] -- Using all available rosidl_typesupport_cpp: rosidl_typesupport_fastrtps_cpp;rosidl_typesupport_introspection_cpp
[2.933s] -- Found python_cmake_module: 0.11.1 (/opt/ros/jazzy/share/python_cmake_module/cmake)
[3.064s] -- Found PythonExtra: /usr/bin/python3  
[3.478s] -- Found Python3: /usr/bin/python3 (found version "3.12.3") found components: Interpreter Development NumPy Development.Module Development.Embed 
[3.518s] -- Configuring done (3.5s)
[3.561s] -- Generating done (0.0s)
[3.575s] -- Build files have been written to: /home/dpma/projects/DiffDrive-ROS/ros_ws/build/my_robot_interfaces
[3.583s] Invoked command in '/home/dpma/projects/DiffDrive-ROS/ros_ws/build/my_robot_interfaces' returned '0': CMAKE_PREFIX_PATH=${CMAKE_PREFIX_PATH}:/home/dpma/projects/DiffDrive-ROS/ros_ws/install/my_py_pkg:/opt/ros/jazzy DEBUGINFOD_URLS=https://debuginfod.ubuntu.com /usr/bin/cmake /home/dpma/projects/DiffDrive-ROS/ros_ws/src/my_robot_interfaces -DCMAKE_INSTALL_PREFIX=/home/dpma/projects/DiffDrive-ROS/ros_ws/install/my_robot_interfaces
[3.584s] Invoking command in '/home/dpma/projects/DiffDrive-ROS/ros_ws/build/my_robot_interfaces': CMAKE_PREFIX_PATH=${CMAKE_PREFIX_PATH}:/home/dpma/projects/DiffDrive-ROS/ros_ws/install/my_py_pkg:/opt/ros/jazzy DEBUGINFOD_URLS=https://debuginfod.ubuntu.com /usr/bin/cmake --build /home/dpma/projects/DiffDrive-ROS/ros_ws/build/my_robot_interfaces -- -j8 -l8
[3.637s] [  1%] Built target my_robot_interfaces__rosidl_generator_type_description
[3.648s] [  1%] Built target ament_cmake_python_copy_my_robot_interfaces
[3.659s] [  3%] Built target my_robot_interfaces__cpp
[3.664s] [ 25%] Built target my_robot_interfaces__rosidl_generator_c
[3.699s] [ 34%] Built target my_robot_interfaces__rosidl_typesupport_fastrtps_cpp
[3.700s] [ 45%] Built target my_robot_interfaces__rosidl_typesupport_introspection_c
[3.701s] [ 53%] Built target my_robot_interfaces__rosidl_typesupport_c
[3.704s] [ 62%] Built target my_robot_interfaces__rosidl_typesupport_introspection_cpp
[3.708s] [ 71%] Built target my_robot_interfaces__rosidl_typesupport_fastrtps_c
[3.708s] [ 81%] Built target my_robot_interfaces__rosidl_typesupport_cpp
[3.731s] [ 81%] Built target my_robot_interfaces
[3.753s] [ 82%] Built target my_robot_interfaces__py
[3.781s] [ 90%] Built target my_robot_interfaces__rosidl_generator_py
[3.805s] [100%] Built target my_robot_interfaces_s__rosidl_typesupport_c
[3.805s] [100%] Built target my_robot_interfaces_s__rosidl_typesupport_fastrtps_c
[3.805s] [100%] Built target my_robot_interfaces_s__rosidl_typesupport_introspection_c
[3.893s] running egg_info
[3.917s] writing my_robot_interfaces.egg-info/PKG-INFO
[3.917s] writing dependency_links to my_robot_interfaces.egg-info/dependency_links.txt
[3.917s] writing top-level names to my_robot_interfaces.egg-info/top_level.txt
[3.984s] reading manifest file 'my_robot_interfaces.egg-info/SOURCES.txt'
[3.985s] writing manifest file 'my_robot_interfaces.egg-info/SOURCES.txt'
[4.008s] [100%] Built target ament_cmake_python_build_my_robot_interfaces_egg
[4.021s] Invoked command in '/home/dpma/projects/DiffDrive-ROS/ros_ws/build/my_robot_interfaces' returned '0': CMAKE_PREFIX_PATH=${CMAKE_PREFIX_PATH}:/home/dpma/projects/DiffDrive-ROS/ros_ws/install/my_py_pkg:/opt/ros/jazzy DEBUGINFOD_URLS=https://debuginfod.ubuntu.com /usr/bin/cmake --build /home/dpma/projects/DiffDrive-ROS/ros_ws/build/my_robot_interfaces -- -j8 -l8
[4.022s] Invoking command in '/home/dpma/projects/DiffDrive-ROS/ros_ws/build/my_robot_interfaces': CMAKE_PREFIX_PATH=${CMAKE_PREFIX_PATH}:/home/dpma/projects/DiffDrive-ROS/ros_ws/install/my_py_pkg:/opt/ros/jazzy DEBUGINFOD_URLS=https://debuginfod.ubuntu.com /usr/bin/cmake --install /home/dpma/projects/DiffDrive-ROS/ros_ws/build/my_robot_interfaces
[4.031s] -- Install configuration: ""
[4.031s] -- Up-to-date: /home/dpma/projects/DiffDrive-ROS/ros_ws/install/my_robot_interfaces/share/ament_index/resource_index/rosidl_interfaces/my_robot_interfaces
[4.032s] -- Up-to-date: /home/dpma/projects/DiffDrive-ROS/ros_ws/install/my_robot_interfaces/share/my_robot_interfaces/msg/CmdDriveVel.json
[4.032s] -- Up-to-date: /home/dpma/projects/DiffDrive-ROS/ros_ws/install/my_robot_interfaces/share/my_robot_interfaces/msg/MotorInfo.json
[4.032s] -- Up-to-date: /home/dpma/projects/DiffDrive-ROS/ros_ws/install/my_robot_interfaces/share/my_robot_interfaces/msg/MotorOdomInfo.json
[4.032s] -- Up-to-date: /home/dpma/projects/DiffDrive-ROS/ros_ws/install/my_robot_interfaces/share/my_robot_interfaces/action/MoveTo.json
[4.032s] -- Up-to-date: /home/dpma/projects/DiffDrive-ROS/ros_ws/install/my_robot_interfaces/include/my_robot_interfaces/my_robot_interfaces
[4.032s] -- Up-to-date: /home/dpma/projects/DiffDrive-ROS/ros_ws/install/my_robot_interfaces/include/my_robot_interfaces/my_robot_interfaces/msg
[4.032s] -- Up-to-date: /home/dpma/projects/DiffDrive-ROS/ros_ws/install/my_robot_interfaces/include/my_robot_interfaces/my_robot_interfaces/msg/motor_info.h
[4.033s] -- Up-to-date: /home/dpma/projects/DiffDrive-ROS/ros_ws/install/my_robot_interfaces/include/my_robot_interfaces/my_robot_interfaces/msg/motor_odom_info.h
[4.033s] -- Up-to-date: /home/dpma/projects/DiffDrive-ROS/ros_ws/install/my_robot_interfaces/include/my_robot_interfaces/my_robot_interfaces/msg/cmd_drive_vel.h
[4.033s] -- Up-to-date: /home/dpma/projects/DiffDrive-ROS/ros_ws/install/my_robot_interfaces/include/my_robot_interfaces/my_robot_interfaces/msg/rosidl_generator_c__visibility_control.h
[4.033s] -- Up-to-date: /home/dpma/projects/DiffDrive-ROS/ros_ws/install/my_robot_interfaces/include/my_robot_interfaces/my_robot_interfaces/msg/detail
[4.033s] -- Up-to-date: /home/dpma/projects/DiffDrive-ROS/ros_ws/install/my_robot_interfaces/include/my_robot_interfaces/my_robot_interfaces/msg/detail/motor_odom_info__functions.h
[4.033s] -- Up-to-date: /home/dpma/projects/DiffDrive-ROS/ros_ws/install/my_robot_interfaces/include/my_robot_interfaces/my_robot_interfaces/msg/detail/motor_info__struct.h
[4.033s] -- Installing: /home/dpma/projects/DiffDrive-ROS/ros_ws/install/my_robot_interfaces/include/my_robot_interfaces/my_robot_interfaces/msg/detail/motor_info__type_support.c
[4.034s] -- Up-to-date: /home/dpma/projects/DiffDrive-ROS/ros_ws/install/my_robot_interfaces/include/my_robot_interfaces/my_robot_interfaces/msg/detail/motor_odom_info__type_support.h
[4.034s] -- Up-to-date: /home/dpma/projects/DiffDrive-ROS/ros_ws/install/my_robot_interfaces/include/my_robot_interfaces/my_robot_interfaces/msg/detail/cmd_drive_vel__type_support.h
[4.034s] -- Installing: /home/dpma/projects/DiffDrive-ROS/ros_ws/install/my_robot_interfaces/include/my_robot_interfaces/my_robot_interfaces/msg/detail/motor_odom_info__type_support.c
[4.034s] -- Up-to-date: /home/dpma/projects/DiffDrive-ROS/ros_ws/install/my_robot_interfaces/include/my_robot_interfaces/my_robot_interfaces/msg/detail/motor_info__description.c
[4.034s] -- Installing: /home/dpma/projects/DiffDrive-ROS/ros_ws/install/my_robot_interfaces/include/my_robot_interfaces/my_robot_interfaces/msg/detail/cmd_drive_vel__type_support.c
[4.034s] -- Up-to-date: /home/dpma/projects/DiffDrive-ROS/ros_ws/install/my_robot_interfaces/include/my_robot_interfaces/my_robot_interfaces/msg/detail/cmd_drive_vel__functions.c
[4.034s] -- Up-to-date: /home/dpma/projects/DiffDrive-ROS/ros_ws/install/my_robot_interfaces/include/my_robot_interfaces/my_robot_interfaces/msg/detail/motor_info__functions.c
[4.035s] -- Up-to-date: /home/dpma/projects/DiffDrive-ROS/ros_ws/install/my_robot_interfaces/include/my_robot_interfaces/my_robot_interfaces/msg/detail/motor_odom_info__description.c
[4.035s] -- Up-to-date: /home/dpma/projects/DiffDrive-ROS/ros_ws/install/my_robot_interfaces/include/my_robot_interfaces/my_robot_interfaces/msg/detail/motor_odom_info__functions.c
[4.035s] -- Up-to-date: /home/dpma/projects/DiffDrive-ROS/ros_ws/install/my_robot_interfaces/include/my_robot_interfaces/my_robot_interfaces/msg/detail/motor_info__functions.h
[4.035s] -- Up-to-date: /home/dpma/projects/DiffDrive-ROS/ros_ws/install/my_robot_interfaces/include/my_robot_interfaces/my_robot_interfaces/msg/detail/cmd_drive_vel__description.c
[4.035s] -- Up-to-date: /home/dpma/projects/DiffDrive-ROS/ros_ws/install/my_robot_interfaces/include/my_robot_interfaces/my_robot_interfaces/msg/detail/cmd_drive_vel__functions.h
[4.035s] -- Up-to-date: /home/dpma/projects/DiffDrive-ROS/ros_ws/install/my_robot_interfaces/include/my_robot_interfaces/my_robot_interfaces/msg/detail/motor_odom_info__struct.h
[4.035s] -- Up-to-date: /home/dpma/projects/DiffDrive-ROS/ros_ws/install/my_robot_interfaces/include/my_robot_interfaces/my_robot_interfaces/msg/detail/cmd_drive_vel__struct.h
[4.035s] -- Up-to-date: /home/dpma/projects/DiffDrive-ROS/ros_ws/install/my_robot_interfaces/include/my_robot_interfaces/my_robot_interfaces/msg/detail/motor_info__type_support.h
[4.036s] -- Up-to-date: /home/dpma/projects/DiffDrive-ROS/ros_ws/install/my_robot_interfaces/include/my_robot_interfaces/my_robot_interfaces/action
[4.036s] -- Up-to-date: /home/dpma/projects/DiffDrive-ROS/ros_ws/install/my_robot_interfaces/include/my_robot_interfaces/my_robot_interfaces/action/move_to.h
[4.036s] -- Up-to-date: /home/dpma/projects/DiffDrive-ROS/ros_ws/install/my_robot_interfaces/include/my_robot_interfaces/my_robot_interfaces/action/detail
[4.036s] -- Up-to-date: /home/dpma/projects/DiffDrive-ROS/ros_ws/install/my_robot_interfaces/include/my_robot_interfaces/my_robot_interfaces/action/detail/move_to__functions.h
[4.036s] -- Up-to-date: /home/dpma/projects/DiffDrive-ROS/ros_ws/install/my_robot_interfaces/include/my_robot_interfaces/my_robot_interfaces/action/detail/move_to__struct.h
[4.036s] -- Installing: /home/dpma/projects/DiffDrive-ROS/ros_ws/install/my_robot_interfaces/include/my_robot_interfaces/my_robot_interfaces/action/detail/move_to__type_support.c
[4.037s] -- Up-to-date: /home/dpma/projects/DiffDrive-ROS/ros_ws/install/my_robot_interfaces/include/my_robot_interfaces/my_robot_interfaces/action/detail/move_to__type_support.h
[4.037s] -- Up-to-date: /home/dpma/projects/DiffDrive-ROS/ros_ws/install/my_robot_interfaces/include/my_robot_interfaces/my_robot_interfaces/action/detail/move_to__functions.c
[4.037s] -- Up-to-date: /home/dpma/projects/DiffDrive-ROS/ros_ws/install/my_robot_interfaces/include/my_robot_interfaces/my_robot_interfaces/action/detail/move_to__description.c
[4.037s] -- Up-to-date: /home/dpma/projects/DiffDrive-ROS/ros_ws/install/my_robot_interfaces/share/my_robot_interfaces/environment/library_path.sh
[4.037s] -- Up-to-date: /home/dpma/projects/DiffDrive-ROS/ros_ws/install/my_robot_interfaces/share/my_robot_interfaces/environment/library_path.dsv
[4.037s] -- Up-to-date: /home/dpma/projects/DiffDrive-ROS/ros_ws/install/my_robot_interfaces/lib/libmy_robot_interfaces__rosidl_generator_c.so
[4.037s] -- Up-to-date: /home/dpma/projects/DiffDrive-ROS/ros_ws/install/my_robot_interfaces/include/my_robot_interfaces/my_robot_interfaces
[4.038s] -- Up-to-date: /home/dpma/projects/DiffDrive-ROS/ros_ws/install/my_robot_interfaces/include/my_robot_interfaces/my_robot_interfaces/msg
[4.038s] -- Up-to-date: /home/dpma/projects/DiffDrive-ROS/ros_ws/install/my_robot_interfaces/include/my_robot_interfaces/my_robot_interfaces/msg/rosidl_typesupport_fastrtps_c__visibility_control.h
[4.038s] -- Up-to-date: /home/dpma/projects/DiffDrive-ROS/ros_ws/install/my_robot_interfaces/include/my_robot_interfaces/my_robot_interfaces/msg/detail
[4.038s] -- Up-to-date: /home/dpma/projects/DiffDrive-ROS/ros_ws/install/my_robot_interfaces/include/my_robot_interfaces/my_robot_interfaces/msg/detail/motor_odom_info__rosidl_typesupport_fastrtps_c.h
[4.038s] -- Up-to-date: /home/dpma/projects/DiffDrive-ROS/ros_ws/install/my_robot_interfaces/include/my_robot_interfaces/my_robot_interfaces/msg/detail/cmd_drive_vel__rosidl_typesupport_fastrtps_c.h
[4.038s] -- Up-to-date: /home/dpma/projects/DiffDrive-ROS/ros_ws/install/my_robot_interfaces/include/my_robot_interfaces/my_robot_interfaces/msg/detail/motor_info__rosidl_typesupport_fastrtps_c.h
[4.038s] -- Up-to-date: /home/dpma/projects/DiffDrive-ROS/ros_ws/install/my_robot_interfaces/include/my_robot_interfaces/my_robot_interfaces/action
[4.038s] -- Up-to-date: /home/dpma/projects/DiffDrive-ROS/ros_ws/install/my_robot_interfaces/include/my_robot_interfaces/my_robot_interfaces/action/detail
[4.039s] -- Up-to-date: /home/dpma/projects/DiffDrive-ROS/ros_ws/install/my_robot_interfaces/include/my_robot_interfaces/my_robot_interfaces/action/detail/move_to__rosidl_typesupport_fastrtps_c.h
[4.039s] -- Up-to-date: /home/dpma/projects/DiffDrive-ROS/ros_ws/install/my_robot_interfaces/lib/libmy_robot_interfaces__rosidl_typesupport_fastrtps_c.so
[4.039s] -- Up-to-date: /home/dpma/projects/DiffDrive-ROS/ros_ws/install/my_robot_interfaces/include/my_robot_interfaces/my_robot_interfaces
[4.039s] -- Up-to-date: /home/dpma/projects/DiffDrive-ROS/ros_ws/install/my_robot_interfaces/include/my_robot_interfaces/my_robot_interfaces/msg
[4.039s] -- Up-to-date: /home/dpma/projects/DiffDrive-ROS/ros_ws/install/my_robot_interfaces/include/my_robot_interfaces/my_robot_interfaces/msg/rosidl_typesupport_introspection_c__visibility_control.h
[4.039s] -- Up-to-date: /home/dpma/projects/DiffDrive-ROS/ros_ws/install/my_robot_interfaces/include/my_robot_interfaces/my_robot_interfaces/msg/detail
[4.039s] -- Installing: /home/dpma/projects/DiffDrive-ROS/ros_ws/install/my_robot_interfaces/include/my_robot_interfaces/my_robot_interfaces/msg/detail/motor_info__type_support.c
[4.039s] -- Up-to-date: /home/dpma/projects/DiffDrive-ROS/ros_ws/install/my_robot_interfaces/include/my_robot_interfaces/my_robot_interfaces/msg/detail/cmd_drive_vel__rosidl_typesupport_introspection_c.h
[4.040s] -- Installing: /home/dpma/projects/DiffDrive-ROS/ros_ws/install/my_robot_interfaces/include/my_robot_interfaces/my_robot_interfaces/msg/detail/motor_odom_info__type_support.c
[4.040s] -- Installing: /home/dpma/projects/DiffDrive-ROS/ros_ws/install/my_robot_interfaces/include/my_robot_interfaces/my_robot_interfaces/msg/detail/cmd_drive_vel__type_support.c
[4.040s] -- Up-to-date: /home/dpma/projects/DiffDrive-ROS/ros_ws/install/my_robot_interfaces/include/my_robot_interfaces/my_robot_interfaces/msg/detail/motor_info__rosidl_typesupport_introspection_c.h
[4.040s] -- Up-to-date: /home/dpma/projects/DiffDrive-ROS/ros_ws/install/my_robot_interfaces/include/my_robot_interfaces/my_robot_interfaces/msg/detail/motor_odom_info__rosidl_typesupport_introspection_c.h
[4.040s] -- Up-to-date: /home/dpma/projects/DiffDrive-ROS/ros_ws/install/my_robot_interfaces/include/my_robot_interfaces/my_robot_interfaces/action
[4.040s] -- Up-to-date: /home/dpma/projects/DiffDrive-ROS/ros_ws/install/my_robot_interfaces/include/my_robot_interfaces/my_robot_interfaces/action/detail
[4.040s] -- Installing: /home/dpma/projects/DiffDrive-ROS/ros_ws/install/my_robot_interfaces/include/my_robot_interfaces/my_robot_interfaces/action/detail/move_to__type_support.c
[4.040s] -- Up-to-date: /home/dpma/projects/DiffDrive-ROS/ros_ws/install/my_robot_interfaces/include/my_robot_interfaces/my_robot_interfaces/action/detail/move_to__rosidl_typesupport_introspection_c.h
[4.040s] -- Up-to-date: /home/dpma/projects/DiffDrive-ROS/ros_ws/install/my_robot_interfaces/lib/libmy_robot_interfaces__rosidl_typesupport_introspection_c.so
[4.041s] -- Up-to-date: /home/dpma/projects/DiffDrive-ROS/ros_ws/install/my_robot_interfaces/lib/libmy_robot_interfaces__rosidl_typesupport_c.so
[4.041s] -- Up-to-date: /home/dpma/projects/DiffDrive-ROS/ros_ws/install/my_robot_interfaces/include/my_robot_interfaces/my_robot_interfaces
[4.041s] -- Up-to-date: /home/dpma/projects/DiffDrive-ROS/ros_ws/install/my_robot_interfaces/include/my_robot_interfaces/my_robot_interfaces/msg
[4.041s] -- Up-to-date: /home/dpma/projects/DiffDrive-ROS/ros_ws/install/my_robot_interfaces/include/my_robot_interfaces/my_robot_interfaces/msg/motor_info.hpp
[4.041s] -- Up-to-date: /home/dpma/projects/DiffDrive-ROS/ros_ws/install/my_robot_interfaces/include/my_robot_interfaces/my_robot_interfaces/msg/motor_odom_info.hpp
[4.041s] -- Up-to-date: /home/dpma/projects/DiffDrive-ROS/ros_ws/install/my_robot_interfaces/include/my_robot_interfaces/my_robot_interfaces/msg/cmd_drive_vel.hpp
[4.041s] -- Up-to-date: /home/dpma/projects/DiffDrive-ROS/ros_ws/install/my_robot_interfaces/include/my_robot_interfaces/my_robot_interfaces/msg/detail
[4.041s] -- Up-to-date: /home/dpma/projects/DiffDrive-ROS/ros_ws/install/my_robot_interfaces/include/my_robot_interfaces/my_robot_interfaces/msg/detail/motor_odom_info__struct.hpp
[4.041s] -- Up-to-date: /home/dpma/projects/DiffDrive-ROS/ros_ws/install/my_robot_interfaces/include/my_robot_interfaces/my_robot_interfaces/msg/detail/motor_info__struct.hpp
[4.041s] -- Up-to-date: /home/dpma/projects/DiffDrive-ROS/ros_ws/install/my_robot_interfaces/include/my_robot_interfaces/my_robot_interfaces/msg/detail/cmd_drive_vel__builder.hpp
[4.041s] -- Up-to-date: /home/dpma/projects/DiffDrive-ROS/ros_ws/install/my_robot_interfaces/include/my_robot_interfaces/my_robot_interfaces/msg/detail/cmd_drive_vel__struct.hpp
[4.041s] -- Up-to-date: /home/dpma/projects/DiffDrive-ROS/ros_ws/install/my_robot_interfaces/include/my_robot_interfaces/my_robot_interfaces/msg/detail/motor_odom_info__type_support.hpp
[4.041s] -- Up-to-date: /home/dpma/projects/DiffDrive-ROS/ros_ws/install/my_robot_interfaces/include/my_robot_interfaces/my_robot_interfaces/msg/detail/motor_info__type_support.hpp
[4.041s] -- Up-to-date: /home/dpma/projects/DiffDrive-ROS/ros_ws/install/my_robot_interfaces/include/my_robot_interfaces/my_robot_interfaces/msg/detail/motor_info__builder.hpp
[4.041s] -- Up-to-date: /home/dpma/projects/DiffDrive-ROS/ros_ws/install/my_robot_interfaces/include/my_robot_interfaces/my_robot_interfaces/msg/detail/motor_odom_info__traits.hpp
[4.042s] -- Up-to-date: /home/dpma/projects/DiffDrive-ROS/ros_ws/install/my_robot_interfaces/include/my_robot_interfaces/my_robot_interfaces/msg/detail/motor_odom_info__builder.hpp
[4.042s] -- Up-to-date: /home/dpma/projects/DiffDrive-ROS/ros_ws/install/my_robot_interfaces/include/my_robot_interfaces/my_robot_interfaces/msg/detail/cmd_drive_vel__type_support.hpp
[4.042s] -- Up-to-date: /home/dpma/projects/DiffDrive-ROS/ros_ws/install/my_robot_interfaces/include/my_robot_interfaces/my_robot_interfaces/msg/detail/motor_info__traits.hpp
[4.042s] -- Up-to-date: /home/dpma/projects/DiffDrive-ROS/ros_ws/install/my_robot_interfaces/include/my_robot_interfaces/my_robot_interfaces/msg/detail/cmd_drive_vel__traits.hpp
[4.042s] -- Up-to-date: /home/dpma/projects/DiffDrive-ROS/ros_ws/install/my_robot_interfaces/include/my_robot_interfaces/my_robot_interfaces/msg/rosidl_generator_cpp__visibility_control.hpp
[4.042s] -- Up-to-date: /home/dpma/projects/DiffDrive-ROS/ros_ws/install/my_robot_interfaces/include/my_robot_interfaces/my_robot_interfaces/action
[4.042s] -- Up-to-date: /home/dpma/projects/DiffDrive-ROS/ros_ws/install/my_robot_interfaces/include/my_robot_interfaces/my_robot_interfaces/action/detail
[4.042s] -- Up-to-date: /home/dpma/projects/DiffDrive-ROS/ros_ws/install/my_robot_interfaces/include/my_robot_interfaces/my_robot_interfaces/action/detail/move_to__struct.hpp
[4.042s] -- Up-to-date: /home/dpma/projects/DiffDrive-ROS/ros_ws/install/my_robot_interfaces/include/my_robot_interfaces/my_robot_interfaces/action/detail/move_to__type_support.hpp
[4.042s] -- Up-to-date: /home/dpma/projects/DiffDrive-ROS/ros_ws/install/my_robot_interfaces/include/my_robot_interfaces/my_robot_interfaces/action/detail/move_to__builder.hpp
[4.042s] -- Up-to-date: /home/dpma/projects/DiffDrive-ROS/ros_ws/install/my_robot_interfaces/include/my_robot_interfaces/my_robot_interfaces/action/detail/move_to__traits.hpp
[4.042s] -- Up-to-date: /home/dpma/projects/DiffDrive-ROS/ros_ws/install/my_robot_interfaces/include/my_robot_interfaces/my_robot_interfaces/action/move_to.hpp
[4.042s] -- Up-to-date: /home/dpma/projects/DiffDrive-ROS/ros_ws/install/my_robot_interfaces/include/my_robot_interfaces/my_robot_interfaces
[4.042s] -- Up-to-date: /home/dpma/projects/DiffDrive-ROS/ros_ws/install/my_robot_interfaces/include/my_robot_interfaces/my_robot_interfaces/msg
[4.042s] -- Up-to-date: /home/dpma/projects/DiffDrive-ROS/ros_ws/install/my_robot_interfaces/include/my_robot_interfaces/my_robot_interfaces/msg/detail
[4.042s] -- Up-to-date: /home/dpma/projects/DiffDrive-ROS/ros_ws/install/my_robot_interfaces/include/my_robot_interfaces/my_robot_interfaces/msg/detail/dds_fastrtps
[4.042s] -- Up-to-date: /home/dpma/projects/DiffDrive-ROS/ros_ws/install/my_robot_interfaces/include/my_robot_interfaces/my_robot_interfaces/msg/detail/motor_info__rosidl_typesupport_fastrtps_cpp.hpp
[4.043s] -- Up-to-date: /home/dpma/projects/DiffDrive-ROS/ros_ws/install/my_robot_interfaces/include/my_robot_interfaces/my_robot_interfaces/msg/detail/cmd_drive_vel__rosidl_typesupport_fastrtps_cpp.hpp
[4.043s] -- Up-to-date: /home/dpma/projects/DiffDrive-ROS/ros_ws/install/my_robot_interfaces/include/my_robot_interfaces/my_robot_interfaces/msg/detail/motor_odom_info__rosidl_typesupport_fastrtps_cpp.hpp
[4.043s] -- Up-to-date: /home/dpma/projects/DiffDrive-ROS/ros_ws/install/my_robot_interfaces/include/my_robot_interfaces/my_robot_interfaces/msg/rosidl_typesupport_fastrtps_cpp__visibility_control.h
[4.043s] -- Up-to-date: /home/dpma/projects/DiffDrive-ROS/ros_ws/install/my_robot_interfaces/include/my_robot_interfaces/my_robot_interfaces/action
[4.043s] -- Up-to-date: /home/dpma/projects/DiffDrive-ROS/ros_ws/install/my_robot_interfaces/include/my_robot_interfaces/my_robot_interfaces/action/detail
[4.043s] -- Up-to-date: /home/dpma/projects/DiffDrive-ROS/ros_ws/install/my_robot_interfaces/include/my_robot_interfaces/my_robot_interfaces/action/detail/dds_fastrtps
[4.043s] -- Up-to-date: /home/dpma/projects/DiffDrive-ROS/ros_ws/install/my_robot_interfaces/include/my_robot_interfaces/my_robot_interfaces/action/detail/move_to__rosidl_typesupport_fastrtps_cpp.hpp
[4.043s] -- Up-to-date: /home/dpma/projects/DiffDrive-ROS/ros_ws/install/my_robot_interfaces/lib/libmy_robot_interfaces__rosidl_typesupport_fastrtps_cpp.so
[4.043s] -- Up-to-date: /home/dpma/projects/DiffDrive-ROS/ros_ws/install/my_robot_interfaces/include/my_robot_interfaces/my_robot_interfaces
[4.043s] -- Up-to-date: /home/dpma/projects/DiffDrive-ROS/ros_ws/install/my_robot_interfaces/include/my_robot_interfaces/my_robot_interfaces/msg
[4.043s] -- Up-to-date: /home/dpma/projects/DiffDrive-ROS/ros_ws/install/my_robot_interfaces/include/my_robot_interfaces/my_robot_interfaces/msg/detail
[4.043s] -- Up-to-date: /home/dpma/projects/DiffDrive-ROS/ros_ws/install/my_robot_interfaces/include/my_robot_interfaces/my_robot_interfaces/msg/detail/motor_odom_info__type_support.cpp
[4.043s] -- Up-to-date: /home/dpma/projects/DiffDrive-ROS/ros_ws/install/my_robot_interfaces/include/my_robot_interfaces/my_robot_interfaces/msg/detail/motor_info__type_support.cpp
[4.043s] -- Up-to-date: /home/dpma/projects/DiffDrive-ROS/ros_ws/install/my_robot_interfaces/include/my_robot_interfaces/my_robot_interfaces/msg/detail/cmd_drive_vel__type_support.cpp
[4.043s] -- Up-to-date: /home/dpma/projects/DiffDrive-ROS/ros_ws/install/my_robot_interfaces/include/my_robot_interfaces/my_robot_interfaces/msg/detail/cmd_drive_vel__rosidl_typesupport_introspection_cpp.hpp
[4.043s] -- Up-to-date: /home/dpma/projects/DiffDrive-ROS/ros_ws/install/my_robot_interfaces/include/my_robot_interfaces/my_robot_interfaces/msg/detail/motor_odom_info__rosidl_typesupport_introspection_cpp.hpp
[4.044s] -- Up-to-date: /home/dpma/projects/DiffDrive-ROS/ros_ws/install/my_robot_interfaces/include/my_robot_interfaces/my_robot_interfaces/msg/detail/motor_info__rosidl_typesupport_introspection_cpp.hpp
[4.044s] -- Up-to-date: /home/dpma/projects/DiffDrive-ROS/ros_ws/install/my_robot_interfaces/include/my_robot_interfaces/my_robot_interfaces/action
[4.044s] -- Up-to-date: /home/dpma/projects/DiffDrive-ROS/ros_ws/install/my_robot_interfaces/include/my_robot_interfaces/my_robot_interfaces/action/detail
[4.044s] -- Up-to-date: /home/dpma/projects/DiffDrive-ROS/ros_ws/install/my_robot_interfaces/include/my_robot_interfaces/my_robot_interfaces/action/detail/move_to__rosidl_typesupport_introspection_cpp.hpp
[4.044s] -- Up-to-date: /home/dpma/projects/DiffDrive-ROS/ros_ws/install/my_robot_interfaces/include/my_robot_interfaces/my_robot_interfaces/action/detail/move_to__type_support.cpp
[4.044s] -- Up-to-date: /home/dpma/projects/DiffDrive-ROS/ros_ws/install/my_robot_interfaces/lib/libmy_robot_interfaces__rosidl_typesupport_introspection_cpp.so
[4.044s] -- Up-to-date: /home/dpma/projects/DiffDrive-ROS/ros_ws/install/my_robot_interfaces/lib/libmy_robot_interfaces__rosidl_typesupport_cpp.so
[4.044s] -- Up-to-date: /home/dpma/projects/DiffDrive-ROS/ros_ws/install/my_robot_interfaces/share/my_robot_interfaces/environment/pythonpath.sh
[4.044s] -- Up-to-date: /home/dpma/projects/DiffDrive-ROS/ros_ws/install/my_robot_interfaces/share/my_robot_interfaces/environment/pythonpath.dsv
[4.044s] -- Up-to-date: /home/dpma/projects/DiffDrive-ROS/ros_ws/install/my_robot_interfaces/lib/python3.12/site-packages/my_robot_interfaces-0.0.0-py3.12.egg-info
[4.044s] -- Installing: /home/dpma/projects/DiffDrive-ROS/ros_ws/install/my_robot_interfaces/lib/python3.12/site-packages/my_robot_interfaces-0.0.0-py3.12.egg-info/top_level.txt
[4.044s] -- Installing: /home/dpma/projects/DiffDrive-ROS/ros_ws/install/my_robot_interfaces/lib/python3.12/site-packages/my_robot_interfaces-0.0.0-py3.12.egg-info/PKG-INFO
[4.044s] -- Installing: /home/dpma/projects/DiffDrive-ROS/ros_ws/install/my_robot_interfaces/lib/python3.12/site-packages/my_robot_interfaces-0.0.0-py3.12.egg-info/SOURCES.txt
[4.044s] -- Installing: /home/dpma/projects/DiffDrive-ROS/ros_ws/install/my_robot_interfaces/lib/python3.12/site-packages/my_robot_interfaces-0.0.0-py3.12.egg-info/dependency_links.txt
[4.044s] -- Up-to-date: /home/dpma/projects/DiffDrive-ROS/ros_ws/install/my_robot_interfaces/lib/python3.12/site-packages/my_robot_interfaces
[4.044s] -- Up-to-date: /home/dpma/projects/DiffDrive-ROS/ros_ws/install/my_robot_interfaces/lib/python3.12/site-packages/my_robot_interfaces/msg
[4.044s] -- Up-to-date: /home/dpma/projects/DiffDrive-ROS/ros_ws/install/my_robot_interfaces/lib/python3.12/site-packages/my_robot_interfaces/msg/_motor_info.py
[4.045s] -- Up-to-date: /home/dpma/projects/DiffDrive-ROS/ros_ws/install/my_robot_interfaces/lib/python3.12/site-packages/my_robot_interfaces/msg/_cmd_drive_vel_s.c
[4.045s] -- Up-to-date: /home/dpma/projects/DiffDrive-ROS/ros_ws/install/my_robot_interfaces/lib/python3.12/site-packages/my_robot_interfaces/msg/_motor_odom_info_s.c
[4.045s] -- Up-to-date: /home/dpma/projects/DiffDrive-ROS/ros_ws/install/my_robot_interfaces/lib/python3.12/site-packages/my_robot_interfaces/msg/_cmd_drive_vel.py
[4.045s] -- Up-to-date: /home/dpma/projects/DiffDrive-ROS/ros_ws/install/my_robot_interfaces/lib/python3.12/site-packages/my_robot_interfaces/msg/_motor_odom_info.py
[4.045s] -- Up-to-date: /home/dpma/projects/DiffDrive-ROS/ros_ws/install/my_robot_interfaces/lib/python3.12/site-packages/my_robot_interfaces/msg/__init__.py
[4.045s] -- Up-to-date: /home/dpma/projects/DiffDrive-ROS/ros_ws/install/my_robot_interfaces/lib/python3.12/site-packages/my_robot_interfaces/msg/_motor_info_s.c
[4.045s] -- Up-to-date: /home/dpma/projects/DiffDrive-ROS/ros_ws/install/my_robot_interfaces/lib/python3.12/site-packages/my_robot_interfaces/my_robot_interfaces_s__rosidl_typesupport_c.so
[4.045s] -- Up-to-date: /home/dpma/projects/DiffDrive-ROS/ros_ws/install/my_robot_interfaces/lib/python3.12/site-packages/my_robot_interfaces/_my_robot_interfaces_s.ep.rosidl_typesupport_c.c
[4.045s] -- Up-to-date: /home/dpma/projects/DiffDrive-ROS/ros_ws/install/my_robot_interfaces/lib/python3.12/site-packages/my_robot_interfaces/_my_robot_interfaces_s.ep.rosidl_typesupport_introspection_c.c
[4.045s] -- Up-to-date: /home/dpma/projects/DiffDrive-ROS/ros_ws/install/my_robot_interfaces/lib/python3.12/site-packages/my_robot_interfaces/_my_robot_interfaces_s.ep.rosidl_typesupport_fastrtps_c.c
[4.045s] -- Installing: /home/dpma/projects/DiffDrive-ROS/ros_ws/install/my_robot_interfaces/lib/python3.12/site-packages/my_robot_interfaces/__init__.py
[4.045s] -- Up-to-date: /home/dpma/projects/DiffDrive-ROS/ros_ws/install/my_robot_interfaces/lib/python3.12/site-packages/my_robot_interfaces/my_robot_interfaces_s__rosidl_typesupport_introspection_c.so
[4.045s] -- Up-to-date: /home/dpma/projects/DiffDrive-ROS/ros_ws/install/my_robot_interfaces/lib/python3.12/site-packages/my_robot_interfaces/action
[4.045s] -- Up-to-date: /home/dpma/projects/DiffDrive-ROS/ros_ws/install/my_robot_interfaces/lib/python3.12/site-packages/my_robot_interfaces/action/_move_to.py
[4.045s] -- Up-to-date: /home/dpma/projects/DiffDrive-ROS/ros_ws/install/my_robot_interfaces/lib/python3.12/site-packages/my_robot_interfaces/action/_move_to_s.c
[4.045s] -- Up-to-date: /home/dpma/projects/DiffDrive-ROS/ros_ws/install/my_robot_interfaces/lib/python3.12/site-packages/my_robot_interfaces/action/__init__.py
[4.045s] -- Up-to-date: /home/dpma/projects/DiffDrive-ROS/ros_ws/install/my_robot_interfaces/lib/python3.12/site-packages/my_robot_interfaces/my_robot_interfaces_s__rosidl_typesupport_fastrtps_c.so
[4.073s] Listing '/home/dpma/projects/DiffDrive-ROS/ros_ws/install/my_robot_interfaces/lib/python3.12/site-packages/my_robot_interfaces'...
[4.073s] Compiling '/home/dpma/projects/DiffDrive-ROS/ros_ws/install/my_robot_interfaces/lib/python3.12/site-packages/my_robot_interfaces/__init__.py'...
[4.073s] Listing '/home/dpma/projects/DiffDrive-ROS/ros_ws/install/my_robot_interfaces/lib/python3.12/site-packages/my_robot_interfaces/action'...
[4.073s] Listing '/home/dpma/projects/DiffDrive-ROS/ros_ws/install/my_robot_interfaces/lib/python3.12/site-packages/my_robot_interfaces/msg'...
[4.078s] -- Up-to-date: /home/dpma/projects/DiffDrive-ROS/ros_ws/install/my_robot_interfaces/lib/python3.12/site-packages/my_robot_interfaces/my_robot_interfaces_s__rosidl_typesupport_fastrtps_c.so
[4.078s] -- Up-to-date: /home/dpma/projects/DiffDrive-ROS/ros_ws/install/my_robot_interfaces/lib/python3.12/site-packages/my_robot_interfaces/my_robot_interfaces_s__rosidl_typesupport_introspection_c.so
[4.079s] -- Up-to-date: /home/dpma/projects/DiffDrive-ROS/ros_ws/install/my_robot_interfaces/lib/python3.12/site-packages/my_robot_interfaces/my_robot_interfaces_s__rosidl_typesupport_c.so
[4.079s] -- Up-to-date: /home/dpma/projects/DiffDrive-ROS/ros_ws/install/my_robot_interfaces/lib/libmy_robot_interfaces__rosidl_generator_py.so
[4.079s] -- Up-to-date: /home/dpma/projects/DiffDrive-ROS/ros_ws/install/my_robot_interfaces/share/my_robot_interfaces/msg/CmdDriveVel.idl
[4.079s] -- Up-to-date: /home/dpma/projects/DiffDrive-ROS/ros_ws/install/my_robot_interfaces/share/my_robot_interfaces/msg/MotorInfo.idl
[4.080s] -- Up-to-date: /home/dpma/projects/DiffDrive-ROS/ros_ws/install/my_robot_interfaces/share/my_robot_interfaces/msg/MotorOdomInfo.idl
[4.080s] -- Up-to-date: /home/dpma/projects/DiffDrive-ROS/ros_ws/install/my_robot_interfaces/share/my_robot_interfaces/action/MoveTo.idl
[4.080s] -- Up-to-date: /home/dpma/projects/DiffDrive-ROS/ros_ws/install/my_robot_interfaces/share/my_robot_interfaces/msg/CmdDriveVel.msg
[4.080s] -- Up-to-date: /home/dpma/projects/DiffDrive-ROS/ros_ws/install/my_robot_interfaces/share/my_robot_interfaces/msg/MotorInfo.msg
[4.080s] -- Up-to-date: /home/dpma/projects/DiffDrive-ROS/ros_ws/install/my_robot_interfaces/share/my_robot_interfaces/msg/MotorOdomInfo.msg
[4.080s] -- Up-to-date: /home/dpma/projects/DiffDrive-ROS/ros_ws/install/my_robot_interfaces/share/my_robot_interfaces/action/MoveTo.action
[4.080s] -- Up-to-date: /home/dpma/projects/DiffDrive-ROS/ros_ws/install/my_robot_interfaces/share/ament_index/resource_index/package_run_dependencies/my_robot_interfaces
[4.081s] -- Up-to-date: /home/dpma/projects/DiffDrive-ROS/ros_ws/install/my_robot_interfaces/share/ament_index/resource_index/parent_prefix_path/my_robot_interfaces
[4.081s] -- Up-to-date: /home/dpma/projects/DiffDrive-ROS/ros_ws/install/my_robot_interfaces/share/my_robot_interfaces/environment/ament_prefix_path.sh
[4.081s] -- Up-to-date: /home/dpma/projects/DiffDrive-ROS/ros_ws/install/my_robot_interfaces/share/my_robot_interfaces/environment/ament_prefix_path.dsv
[4.081s] -- Up-to-date: /home/dpma/projects/DiffDrive-ROS/ros_ws/install/my_robot_interfaces/share/my_robot_interfaces/environment/path.sh
[4.081s] -- Up-to-date: /home/dpma/projects/DiffDrive-ROS/ros_ws/install/my_robot_interfaces/share/my_robot_interfaces/environment/path.dsv
[4.081s] -- Up-to-date: /home/dpma/projects/DiffDrive-ROS/ros_ws/install/my_robot_interfaces/share/my_robot_interfaces/local_setup.bash
[4.081s] -- Up-to-date: /home/dpma/projects/DiffDrive-ROS/ros_ws/install/my_robot_interfaces/share/my_robot_interfaces/local_setup.sh
[4.081s] -- Up-to-date: /home/dpma/projects/DiffDrive-ROS/ros_ws/install/my_robot_interfaces/share/my_robot_interfaces/local_setup.zsh
[4.082s] -- Up-to-date: /home/dpma/projects/DiffDrive-ROS/ros_ws/install/my_robot_interfaces/share/my_robot_interfaces/local_setup.dsv
[4.082s] -- Installing: /home/dpma/projects/DiffDrive-ROS/ros_ws/install/my_robot_interfaces/share/my_robot_interfaces/package.dsv
[4.082s] -- Up-to-date: /home/dpma/projects/DiffDrive-ROS/ros_ws/install/my_robot_interfaces/share/ament_index/resource_index/packages/my_robot_interfaces
[4.082s] -- Up-to-date: /home/dpma/projects/DiffDrive-ROS/ros_ws/install/my_robot_interfaces/share/my_robot_interfaces/cmake/export_my_robot_interfaces__rosidl_generator_cExport.cmake
[4.082s] -- Up-to-date: /home/dpma/projects/DiffDrive-ROS/ros_ws/install/my_robot_interfaces/share/my_robot_interfaces/cmake/export_my_robot_interfaces__rosidl_generator_cExport-noconfig.cmake
[4.082s] -- Up-to-date: /home/dpma/projects/DiffDrive-ROS/ros_ws/install/my_robot_interfaces/share/my_robot_interfaces/cmake/export_my_robot_interfaces__rosidl_typesupport_fastrtps_cExport.cmake
[4.082s] -- Up-to-date: /home/dpma/projects/DiffDrive-ROS/ros_ws/install/my_robot_interfaces/share/my_robot_interfaces/cmake/export_my_robot_interfaces__rosidl_typesupport_fastrtps_cExport-noconfig.cmake
[4.082s] -- Up-to-date: /home/dpma/projects/DiffDrive-ROS/ros_ws/install/my_robot_interfaces/share/my_robot_interfaces/cmake/my_robot_interfaces__rosidl_typesupport_introspection_cExport.cmake
[4.082s] -- Up-to-date: /home/dpma/projects/DiffDrive-ROS/ros_ws/install/my_robot_interfaces/share/my_robot_interfaces/cmake/my_robot_interfaces__rosidl_typesupport_introspection_cExport-noconfig.cmake
[4.083s] -- Up-to-date: /home/dpma/projects/DiffDrive-ROS/ros_ws/install/my_robot_interfaces/share/my_robot_interfaces/cmake/my_robot_interfaces__rosidl_typesupport_cExport.cmake
[4.083s] -- Up-to-date: /home/dpma/projects/DiffDrive-ROS/ros_ws/install/my_robot_interfaces/share/my_robot_interfaces/cmake/my_robot_interfaces__rosidl_typesupport_cExport-noconfig.cmake
[4.083s] -- Up-to-date: /home/dpma/projects/DiffDrive-ROS/ros_ws/install/my_robot_interfaces/share/my_robot_interfaces/cmake/export_my_robot_interfaces__rosidl_generator_cppExport.cmake
[4.083s] -- Up-to-date: /home/dpma/projects/DiffDrive-ROS/ros_ws/install/my_robot_interfaces/share/my_robot_interfaces/cmake/export_my_robot_interfaces__rosidl_typesupport_fastrtps_cppExport.cmake
[4.083s] -- Up-to-date: /home/dpma/projects/DiffDrive-ROS/ros_ws/install/my_robot_interfaces/share/my_robot_interfaces/cmake/export_my_robot_interfaces__rosidl_typesupport_fastrtps_cppExport-noconfig.cmake
[4.083s] -- Up-to-date: /home/dpma/projects/DiffDrive-ROS/ros_ws/install/my_robot_interfaces/share/my_robot_interfaces/cmake/my_robot_interfaces__rosidl_typesupport_introspection_cppExport.cmake
[4.083s] -- Up-to-date: /home/dpma/projects/DiffDrive-ROS/ros_ws/install/my_robot_interfaces/share/my_robot_interfaces/cmake/my_robot_interfaces__rosidl_typesupport_introspection_cppExport-noconfig.cmake
[4.083s] -- Up-to-date: /home/dpma/projects/DiffDrive-ROS/ros_ws/install/my_robot_interfaces/share/my_robot_interfaces/cmake/my_robot_interfaces__rosidl_typesupport_cppExport.cmake
[4.084s] -- Up-to-date: /home/dpma/projects/DiffDrive-ROS/ros_ws/install/my_robot_interfaces/share/my_robot_interfaces/cmake/my_robot_interfaces__rosidl_typesupport_cppExport-noconfig.cmake
[4.084s] -- Up-to-date: /home/dpma/projects/DiffDrive-ROS/ros_ws/install/my_robot_interfaces/share/my_robot_interfaces/cmake/export_my_robot_interfaces__rosidl_generator_pyExport.cmake
[4.084s] -- Up-to-date: /home/dpma/projects/DiffDrive-ROS/ros_ws/install/my_robot_interfaces/share/my_robot_interfaces/cmake/export_my_robot_interfaces__rosidl_generator_pyExport-noconfig.cmake
[4.084s] -- Up-to-date: /home/dpma/projects/DiffDrive-ROS/ros_ws/install/my_robot_interfaces/share/my_robot_interfaces/cmake/rosidl_cmake-extras.cmake
[4.084s] -- Up-to-date: /home/dpma/projects/DiffDrive-ROS/ros_ws/install/my_robot_interfaces/share/my_robot_interfaces/cmake/ament_cmake_export_dependencies-extras.cmake
[4.084s] -- Up-to-date: /home/dpma/projects/DiffDrive-ROS/ros_ws/install/my_robot_interfaces/share/my_robot_interfaces/cmake/ament_cmake_export_include_directories-extras.cmake
[4.084s] -- Up-to-date: /home/dpma/projects/DiffDrive-ROS/ros_ws/install/my_robot_interfaces/share/my_robot_interfaces/cmake/ament_cmake_export_libraries-extras.cmake
[4.084s] -- Up-to-date: /home/dpma/projects/DiffDrive-ROS/ros_ws/install/my_robot_interfaces/share/my_robot_interfaces/cmake/ament_cmake_export_targets-extras.cmake
[4.084s] -- Up-to-date: /home/dpma/projects/DiffDrive-ROS/ros_ws/install/my_robot_interfaces/share/my_robot_interfaces/cmake/rosidl_cmake_export_typesupport_targets-extras.cmake
[4.084s] -- Up-to-date: /home/dpma/projects/DiffDrive-ROS/ros_ws/install/my_robot_interfaces/share/my_robot_interfaces/cmake/rosidl_cmake_export_typesupport_libraries-extras.cmake
[4.085s] -- Up-to-date: /home/dpma/projects/DiffDrive-ROS/ros_ws/install/my_robot_interfaces/share/my_robot_interfaces/cmake/my_robot_interfacesConfig.cmake
[4.085s] -- Up-to-date: /home/dpma/projects/DiffDrive-ROS/ros_ws/install/my_robot_interfaces/share/my_robot_interfaces/cmake/my_robot_interfacesConfig-version.cmake
[4.085s] -- Up-to-date: /home/dpma/projects/DiffDrive-ROS/ros_ws/install/my_robot_interfaces/share/my_robot_interfaces/package.xml
[4.086s] Invoked command in '/home/dpma/projects/DiffDrive-ROS/ros_ws/build/my_robot_interfaces' returned '0': CMAKE_PREFIX_PATH=${CMAKE_PREFIX_PATH}:/home/dpma/projects/DiffDrive-ROS/ros_ws/install/my_py_pkg:/opt/ros/jazzy DEBUGINFOD_URLS=https://debuginfod.ubuntu.com /usr/bin/cmake --install /home/dpma/projects/DiffDrive-ROS/ros_ws/build/my_robot_interfaces
